[0.387s] Invoking command in '/home/etri/pinky_bt/build/pinky_slam': PYTHONPATH=/home/etri/pinky_bt/build/pinky_slam/prefix_override:/usr/lib/python3/dist-packages/colcon_core/task/python/colcon_distutils_commands:/home/etri/pinky_bt/install/pinky_slam/lib/python3.10/site-packages:${PYTHONPATH} /usr/bin/python3 -W ignore:setup.py install is deprecated -W ignore:easy_install command is deprecated setup.py develop --editable --build-directory /home/etri/pinky_bt/build/pinky_slam/build --no-deps symlink_data --force
[0.546s] running develop
[0.637s] running egg_info
[0.638s] writing pinky_slam.egg-info/PKG-INFO
[0.638s] writing dependency_links to pinky_slam.egg-info/dependency_links.txt
[0.638s] writing entry points to pinky_slam.egg-info/entry_points.txt
[0.638s] writing requirements to pinky_slam.egg-info/requires.txt
[0.638s] writing top-level names to pinky_slam.egg-info/top_level.txt
[0.639s] reading manifest file 'pinky_slam.egg-info/SOURCES.txt'
[0.640s] writing manifest file 'pinky_slam.egg-info/SOURCES.txt'
[0.640s] running build_ext
[0.641s] Creating /home/etri/pinky_bt/install/pinky_slam/lib/python3.10/site-packages/pinky-slam.egg-link (link to .)
[0.641s] 
[0.641s] Installed /home/etri/pinky_bt/build/pinky_slam
[0.641s] running symlink_data
[0.641s] symbolically linking /home/etri/pinky_bt/build/pinky_slam/resource/pinky_slam -> /home/etri/pinky_bt/install/pinky_slam/share/ament_index/resource_index/packages
[0.641s] symbolically linking /home/etri/pinky_bt/build/pinky_slam/package.xml -> /home/etri/pinky_bt/install/pinky_slam/share/pinky_slam
[0.641s] symbolically linking /home/etri/pinky_bt/build/pinky_slam/launch/gmapping_launch.py -> /home/etri/pinky_bt/install/pinky_slam/share/pinky_slam/launch
[0.641s] symbolically linking /home/etri/pinky_bt/build/pinky_slam/config/slam_toolbox_params.yaml -> /home/etri/pinky_bt/install/pinky_slam/share/pinky_slam/config
[0.641s] symbolically linking /home/etri/pinky_bt/build/pinky_slam/rviz/gmapping.rviz -> /home/etri/pinky_bt/install/pinky_slam/share/pinky_slam/rviz
[0.663s] Invoked command in '/home/etri/pinky_bt/build/pinky_slam' returned '0': PYTHONPATH=/home/etri/pinky_bt/build/pinky_slam/prefix_override:/usr/lib/python3/dist-packages/colcon_core/task/python/colcon_distutils_commands:/home/etri/pinky_bt/install/pinky_slam/lib/python3.10/site-packages:${PYTHONPATH} /usr/bin/python3 -W ignore:setup.py install is deprecated -W ignore:easy_install command is deprecated setup.py develop --editable --build-directory /home/etri/pinky_bt/build/pinky_slam/build --no-deps symlink_data --force
