[0.007s] Invoking command in '/home/etri/pinky_bt/build/pinky_description': CMAKE_PREFIX_PATH=/opt/ros/humble /usr/bin/cmake /home/etri/pinky_bt/src/pinky_behaviortree/pinky_description -DAMENT_CMAKE_SYMLINK_INSTALL=1 -DCMAKE_INSTALL_PREFIX=/home/etri/pinky_bt/install/pinky_description
[0.039s] -- The C compiler identification is GNU 11.4.0
[0.072s] -- The CXX compiler identification is GNU 11.4.0
[0.076s] -- Detecting C compiler ABI info
[0.115s] -- Detecting C compiler ABI info - done
[0.121s] -- Check for working C compiler: /usr/bin/cc - skipped
[0.121s] -- Detecting C compile features
[0.121s] -- Detecting C compile features - done
[0.124s] -- Detecting CXX compiler ABI info
[0.168s] -- Detecting CXX compiler ABI info - done
[0.174s] -- Check for working CXX compiler: /usr/bin/c++ - skipped
[0.174s] -- Detecting CXX compile features
[0.174s] -- Detecting CXX compile features - done
[0.176s] -- Found ament_cmake: 1.3.11 (/opt/ros/humble/share/ament_cmake/cmake)
[0.269s] -- Found Python3: /usr/bin/python3 (found version "3.10.12") found components: Interpreter 
[0.308s] -- Override CMake install command with custom implementation using symlinks instead of copying resources
[0.325s] -- Found ament_lint_auto: 0.12.11 (/opt/ros/humble/share/ament_lint_auto/cmake)
[0.366s] -- Added test 'lint_cmake' to check CMake code style
[0.367s] -- Added test 'xmllint' to check XML markup files
[0.368s] -- Configuring done
[0.369s] -- Generating done
[0.370s] -- Build files have been written to: /home/etri/pinky_bt/build/pinky_description
[0.374s] Invoked command in '/home/etri/pinky_bt/build/pinky_description' returned '0': CMAKE_PREFIX_PATH=/opt/ros/humble /usr/bin/cmake /home/etri/pinky_bt/src/pinky_behaviortree/pinky_description -DAMENT_CMAKE_SYMLINK_INSTALL=1 -DCMAKE_INSTALL_PREFIX=/home/etri/pinky_bt/install/pinky_description
[0.375s] Invoking command in '/home/etri/pinky_bt/build/pinky_description': CMAKE_PREFIX_PATH=/opt/ros/humble /usr/bin/cmake --build /home/etri/pinky_bt/build/pinky_description -- -j12 -l12
[0.392s] Invoked command in '/home/etri/pinky_bt/build/pinky_description' returned '0': CMAKE_PREFIX_PATH=/opt/ros/humble /usr/bin/cmake --build /home/etri/pinky_bt/build/pinky_description -- -j12 -l12
[0.397s] Invoking command in '/home/etri/pinky_bt/build/pinky_description': CMAKE_PREFIX_PATH=/opt/ros/humble /usr/bin/cmake --install /home/etri/pinky_bt/build/pinky_description
[0.399s] -- Install configuration: ""
[0.399s] -- Execute custom install script
[0.400s] -- Symlinking: /home/etri/pinky_bt/install/pinky_description/share/pinky_description/rviz/urdf_config.rviz
[0.404s] -- Symlinking: /home/etri/pinky_bt/install/pinky_description/share/pinky_description/urdf/camera.xacro
[0.410s] -- Symlinking: /home/etri/pinky_bt/install/pinky_description/share/pinky_description/urdf/gazebo_control.xacro
[0.414s] -- Symlinking: /home/etri/pinky_bt/install/pinky_description/share/pinky_description/urdf/lidar.xacro
[0.417s] -- Symlinking: /home/etri/pinky_bt/install/pinky_description/share/pinky_description/urdf/robot.urdf.xacro
[0.421s] -- Symlinking: /home/etri/pinky_bt/install/pinky_description/share/pinky_description/urdf/robot_core.xacro
[0.425s] -- Symlinking: /home/etri/pinky_bt/install/pinky_description/share/pinky_description/urdf/robot_gazebo.xacro
[0.431s] -- Symlinking: /home/etri/pinky_bt/install/pinky_description/share/pinky_description/urdf/ros2_control.xacro
[0.436s] -- Symlinking: /home/etri/pinky_bt/install/pinky_description/share/pinky_description/launch/display.launch.xml
[0.441s] -- Symlinking: /home/etri/pinky_bt/install/pinky_description/share/pinky_description/launch/upload.launch.xml
[0.446s] -- Symlinking: /home/etri/pinky_bt/install/pinky_description/share/pinky_description/meshes/collision/base_link.stl
[0.451s] -- Symlinking: /home/etri/pinky_bt/install/pinky_description/share/pinky_description/meshes/collision/camera.stl
[0.455s] -- Symlinking: /home/etri/pinky_bt/install/pinky_description/share/pinky_description/meshes/collision/lidar.stl
[0.459s] -- Symlinking: /home/etri/pinky_bt/install/pinky_description/share/pinky_description/meshes/collision/ul_sensor.stl
[0.464s] -- Symlinking: /home/etri/pinky_bt/install/pinky_description/share/pinky_description/meshes/collision/wheel.stl
[0.469s] -- Symlinking: /home/etri/pinky_bt/install/pinky_description/share/pinky_description/meshes/visual/base_link.dae
[0.473s] -- Symlinking: /home/etri/pinky_bt/install/pinky_description/share/pinky_description/meshes/visual/camera.dae
[0.477s] -- Symlinking: /home/etri/pinky_bt/install/pinky_description/share/pinky_description/meshes/visual/lidar.dae
[0.481s] -- Symlinking: /home/etri/pinky_bt/install/pinky_description/share/pinky_description/meshes/visual/ul_sensor.dae
[0.486s] -- Symlinking: /home/etri/pinky_bt/install/pinky_description/share/pinky_description/meshes/visual/wheel.dae
[0.491s] -- Symlinking: /home/etri/pinky_bt/install/pinky_description/share/ament_index/resource_index/package_run_dependencies/pinky_description
[0.495s] -- Symlinking: /home/etri/pinky_bt/install/pinky_description/share/ament_index/resource_index/parent_prefix_path/pinky_description
[0.500s] -- Symlinking: /home/etri/pinky_bt/install/pinky_description/share/pinky_description/environment/ament_prefix_path.sh
[0.505s] -- Symlinking: /home/etri/pinky_bt/install/pinky_description/share/pinky_description/environment/ament_prefix_path.dsv
[0.509s] -- Symlinking: /home/etri/pinky_bt/install/pinky_description/share/pinky_description/environment/path.sh
[0.514s] -- Symlinking: /home/etri/pinky_bt/install/pinky_description/share/pinky_description/environment/path.dsv
[0.519s] -- Symlinking: /home/etri/pinky_bt/install/pinky_description/share/pinky_description/local_setup.bash
[0.525s] -- Symlinking: /home/etri/pinky_bt/install/pinky_description/share/pinky_description/local_setup.sh
[0.530s] -- Symlinking: /home/etri/pinky_bt/install/pinky_description/share/pinky_description/local_setup.zsh
[0.535s] -- Symlinking: /home/etri/pinky_bt/install/pinky_description/share/pinky_description/local_setup.dsv
[0.540s] -- Symlinking: /home/etri/pinky_bt/install/pinky_description/share/pinky_description/package.dsv
[0.545s] -- Symlinking: /home/etri/pinky_bt/install/pinky_description/share/ament_index/resource_index/packages/pinky_description
[0.550s] -- Symlinking: /home/etri/pinky_bt/install/pinky_description/share/pinky_description/cmake/pinky_descriptionConfig.cmake
[0.554s] -- Symlinking: /home/etri/pinky_bt/install/pinky_description/share/pinky_description/cmake/pinky_descriptionConfig-version.cmake
[0.559s] -- Symlinking: /home/etri/pinky_bt/install/pinky_description/share/pinky_description/package.xml
[0.565s] Invoked command in '/home/etri/pinky_bt/build/pinky_description' returned '0': CMAKE_PREFIX_PATH=/opt/ros/humble /usr/bin/cmake --install /home/etri/pinky_bt/build/pinky_description
