running egg_info
creating ../../build/pinky_slam/pinky_slam.egg-info
writing ../../build/pinky_slam/pinky_slam.egg-info/PKG-INFO
writing dependency_links to ../../build/pinky_slam/pinky_slam.egg-info/dependency_links.txt
writing entry points to ../../build/pinky_slam/pinky_slam.egg-info/entry_points.txt
writing requirements to ../../build/pinky_slam/pinky_slam.egg-info/requires.txt
writing top-level names to ../../build/pinky_slam/pinky_slam.egg-info/top_level.txt
writing manifest file '../../build/pinky_slam/pinky_slam.egg-info/SOURCES.txt'
reading manifest file '../../build/pinky_slam/pinky_slam.egg-info/SOURCES.txt'
writing manifest file '../../build/pinky_slam/pinky_slam.egg-info/SOURCES.txt'
running build
running build_py
creating /home/etri/pinky_bt/src/build/pinky_slam/build
creating /home/etri/pinky_bt/src/build/pinky_slam/build/lib
creating /home/etri/pinky_bt/src/build/pinky_slam/build/lib/pinky_slam
copying pinky_slam/__init__.py -> /home/etri/pinky_bt/src/build/pinky_slam/build/lib/pinky_slam
running install
running install_lib
creating /home/etri/pinky_bt/src/install/pinky_slam/lib/python3.10/site-packages/pinky_slam
copying /home/etri/pinky_bt/src/build/pinky_slam/build/lib/pinky_slam/__init__.py -> /home/etri/pinky_bt/src/install/pinky_slam/lib/python3.10/site-packages/pinky_slam
byte-compiling /home/etri/pinky_bt/src/install/pinky_slam/lib/python3.10/site-packages/pinky_slam/__init__.py to __init__.cpython-310.pyc
running install_data
creating /home/etri/pinky_bt/src/install/pinky_slam/share/ament_index
creating /home/etri/pinky_bt/src/install/pinky_slam/share/ament_index/resource_index
creating /home/etri/pinky_bt/src/install/pinky_slam/share/ament_index/resource_index/packages
copying resource/pinky_slam -> /home/etri/pinky_bt/src/install/pinky_slam/share/ament_index/resource_index/packages
copying package.xml -> /home/etri/pinky_bt/src/install/pinky_slam/share/pinky_slam
creating /home/etri/pinky_bt/src/install/pinky_slam/share/pinky_slam/launch
copying launch/gmapping_launch.py -> /home/etri/pinky_bt/src/install/pinky_slam/share/pinky_slam/launch
creating /home/etri/pinky_bt/src/install/pinky_slam/share/pinky_slam/config
copying config/slam_toolbox_params.yaml -> /home/etri/pinky_bt/src/install/pinky_slam/share/pinky_slam/config
creating /home/etri/pinky_bt/src/install/pinky_slam/share/pinky_slam/rviz
copying rviz/gmapping.rviz -> /home/etri/pinky_bt/src/install/pinky_slam/share/pinky_slam/rviz
running install_egg_info
Copying ../../build/pinky_slam/pinky_slam.egg-info to /home/etri/pinky_bt/src/install/pinky_slam/lib/python3.10/site-packages/pinky_slam-0.0.0-py3.10.egg-info
running install_scripts
writing list of installed files to '/home/etri/pinky_bt/src/build/pinky_slam/install.log'
