[0.719s] Invoking command in '/home/etri/pinky_bt/src/pinky_behaviortree/pinky_slam': PYTHONPATH=/home/etri/pinky_bt/src/build/pinky_slam/prefix_override:/usr/lib/python3/dist-packages/colcon_core/task/python/colcon_distutils_commands:/home/etri/pinky_bt/src/install/pinky_slam/lib/python3.10/site-packages:${PYTHONPATH} /usr/bin/python3 -W ignore:setup.py install is deprecated -W ignore:easy_install command is deprecated setup.py egg_info --egg-base ../../build/pinky_slam build --build-base /home/etri/pinky_bt/src/build/pinky_slam/build install --record /home/etri/pinky_bt/src/build/pinky_slam/install.log --single-version-externally-managed install_data
[1.036s] running egg_info
[1.037s] creating ../../build/pinky_slam/pinky_slam.egg-info
[1.038s] writing ../../build/pinky_slam/pinky_slam.egg-info/PKG-INFO
[1.039s] writing dependency_links to ../../build/pinky_slam/pinky_slam.egg-info/dependency_links.txt
[1.039s] writing entry points to ../../build/pinky_slam/pinky_slam.egg-info/entry_points.txt
[1.039s] writing requirements to ../../build/pinky_slam/pinky_slam.egg-info/requires.txt
[1.039s] writing top-level names to ../../build/pinky_slam/pinky_slam.egg-info/top_level.txt
[1.039s] writing manifest file '../../build/pinky_slam/pinky_slam.egg-info/SOURCES.txt'
[1.041s] reading manifest file '../../build/pinky_slam/pinky_slam.egg-info/SOURCES.txt'
[1.041s] writing manifest file '../../build/pinky_slam/pinky_slam.egg-info/SOURCES.txt'
[1.042s] running build
[1.042s] running build_py
[1.042s] creating /home/etri/pinky_bt/src/build/pinky_slam/build
[1.042s] creating /home/etri/pinky_bt/src/build/pinky_slam/build/lib
[1.042s] creating /home/etri/pinky_bt/src/build/pinky_slam/build/lib/pinky_slam
[1.042s] copying pinky_slam/__init__.py -> /home/etri/pinky_bt/src/build/pinky_slam/build/lib/pinky_slam
[1.042s] running install
[1.042s] running install_lib
[1.042s] creating /home/etri/pinky_bt/src/install/pinky_slam/lib/python3.10/site-packages/pinky_slam
[1.043s] copying /home/etri/pinky_bt/src/build/pinky_slam/build/lib/pinky_slam/__init__.py -> /home/etri/pinky_bt/src/install/pinky_slam/lib/python3.10/site-packages/pinky_slam
[1.043s] byte-compiling /home/etri/pinky_bt/src/install/pinky_slam/lib/python3.10/site-packages/pinky_slam/__init__.py to __init__.cpython-310.pyc
[1.043s] running install_data
[1.043s] creating /home/etri/pinky_bt/src/install/pinky_slam/share/ament_index
[1.044s] creating /home/etri/pinky_bt/src/install/pinky_slam/share/ament_index/resource_index
[1.044s] creating /home/etri/pinky_bt/src/install/pinky_slam/share/ament_index/resource_index/packages
[1.044s] copying resource/pinky_slam -> /home/etri/pinky_bt/src/install/pinky_slam/share/ament_index/resource_index/packages
[1.044s] copying package.xml -> /home/etri/pinky_bt/src/install/pinky_slam/share/pinky_slam
[1.044s] creating /home/etri/pinky_bt/src/install/pinky_slam/share/pinky_slam/launch
[1.044s] copying launch/gmapping_launch.py -> /home/etri/pinky_bt/src/install/pinky_slam/share/pinky_slam/launch
[1.044s] creating /home/etri/pinky_bt/src/install/pinky_slam/share/pinky_slam/config
[1.044s] copying config/slam_toolbox_params.yaml -> /home/etri/pinky_bt/src/install/pinky_slam/share/pinky_slam/config
[1.044s] creating /home/etri/pinky_bt/src/install/pinky_slam/share/pinky_slam/rviz
[1.044s] copying rviz/gmapping.rviz -> /home/etri/pinky_bt/src/install/pinky_slam/share/pinky_slam/rviz
[1.044s] running install_egg_info
[1.046s] Copying ../../build/pinky_slam/pinky_slam.egg-info to /home/etri/pinky_bt/src/install/pinky_slam/lib/python3.10/site-packages/pinky_slam-0.0.0-py3.10.egg-info
[1.049s] running install_scripts
[1.067s] writing list of installed files to '/home/etri/pinky_bt/src/build/pinky_slam/install.log'
[1.116s] Invoked command in '/home/etri/pinky_bt/src/pinky_behaviortree/pinky_slam' returned '0': PYTHONPATH=/home/etri/pinky_bt/src/build/pinky_slam/prefix_override:/usr/lib/python3/dist-packages/colcon_core/task/python/colcon_distutils_commands:/home/etri/pinky_bt/src/install/pinky_slam/lib/python3.10/site-packages:${PYTHONPATH} /usr/bin/python3 -W ignore:setup.py install is deprecated -W ignore:easy_install command is deprecated setup.py egg_info --egg-base ../../build/pinky_slam build --build-base /home/etri/pinky_bt/src/build/pinky_slam/build install --record /home/etri/pinky_bt/src/build/pinky_slam/install.log --single-version-externally-managed install_data
