[0.071s] DEBUG:colcon:Command line arguments: ['/usr/bin/colcon', 'build']
[0.071s] DEBUG:colcon:Parsed command line arguments: Namespace(log_base=None, log_level=None, verb_name='build', build_base='build', install_base='install', merge_install=False, symlink_install=False, test_result_base=None, continue_on_error=False, executor='parallel', parallel_workers=12, event_handlers=None, ignore_user_meta=False, metas=['./colcon.meta'], base_paths=['.'], packages_ignore=None, packages_ignore_regex=None, paths=None, packages_up_to=None, packages_up_to_regex=None, packages_above=None, packages_above_and_dependencies=None, packages_above_depth=None, packages_select_by_dep=None, packages_skip_by_dep=None, packages_skip_up_to=None, packages_select_build_failed=False, packages_skip_build_finished=False, packages_select_test_failures=False, packages_skip_test_passed=False, packages_select=None, packages_skip=None, packages_select_regex=None, packages_skip_regex=None, packages_start=None, packages_end=None, allow_overriding=[], cmake_args=None, cmake_target=None, cmake_target_skip_unavailable=False, cmake_clean_cache=False, cmake_clean_first=False, cmake_force_configure=False, ament_cmake_args=None, catkin_cmake_args=None, catkin_skip_building_tests=False, mixin_files=None, mixin=None, verb_parser=<colcon_mixin.mixin.mixin_argument.MixinArgumentDecorator object at 0x7f746fcbf4f0>, verb_extension=<colcon_core.verb.build.BuildVerb object at 0x7f746feeca90>, main=<bound method BuildVerb.main of <colcon_core.verb.build.BuildVerb object at 0x7f746feeca90>>, mixin_verb=('build',))
[0.177s] Level 1:colcon.colcon_core.package_discovery:discover_packages(colcon_meta) check parameters
[0.177s] Level 1:colcon.colcon_core.package_discovery:discover_packages(recursive) check parameters
[0.177s] Level 1:colcon.colcon_core.package_discovery:discover_packages(ignore) check parameters
[0.177s] Level 1:colcon.colcon_core.package_discovery:discover_packages(path) check parameters
[0.177s] Level 1:colcon.colcon_core.package_discovery:discover_packages(colcon_meta) discover
[0.177s] Level 1:colcon.colcon_core.package_discovery:discover_packages(recursive) discover
[0.177s] INFO:colcon.colcon_core.package_discovery:Crawling recursively for packages in '/home/etri/pinky_bt'
[0.177s] Level 1:colcon.colcon_core.package_identification:_identify(.) by extensions ['ignore', 'ignore_ament_install']
[0.177s] Level 1:colcon.colcon_core.package_identification:_identify(.) by extension 'ignore'
[0.177s] Level 1:colcon.colcon_core.package_identification:_identify(.) by extension 'ignore_ament_install'
[0.177s] Level 1:colcon.colcon_core.package_identification:_identify(.) by extensions ['colcon_pkg']
[0.177s] Level 1:colcon.colcon_core.package_identification:_identify(.) by extension 'colcon_pkg'
[0.177s] Level 1:colcon.colcon_core.package_identification:_identify(.) by extensions ['colcon_meta']
[0.177s] Level 1:colcon.colcon_core.package_identification:_identify(.) by extension 'colcon_meta'
[0.177s] Level 1:colcon.colcon_core.package_identification:_identify(.) by extensions ['ros']
[0.177s] Level 1:colcon.colcon_core.package_identification:_identify(.) by extension 'ros'
[0.185s] Level 1:colcon.colcon_core.package_identification:_identify(.) by extensions ['cmake', 'python']
[0.185s] Level 1:colcon.colcon_core.package_identification:_identify(.) by extension 'cmake'
[0.185s] Level 1:colcon.colcon_core.package_identification:_identify(.) by extension 'python'
[0.185s] Level 1:colcon.colcon_core.package_identification:_identify(.) by extensions ['python_setup_py']
[0.185s] Level 1:colcon.colcon_core.package_identification:_identify(.) by extension 'python_setup_py'
[0.185s] Level 1:colcon.colcon_core.package_identification:_identify(build) by extensions ['ignore', 'ignore_ament_install']
[0.185s] Level 1:colcon.colcon_core.package_identification:_identify(build) by extension 'ignore'
[0.185s] Level 1:colcon.colcon_core.package_identification:_identify(build) ignored
[0.185s] Level 1:colcon.colcon_core.package_identification:_identify(install) by extensions ['ignore', 'ignore_ament_install']
[0.185s] Level 1:colcon.colcon_core.package_identification:_identify(install) by extension 'ignore'
[0.185s] Level 1:colcon.colcon_core.package_identification:_identify(install) ignored
[0.185s] Level 1:colcon.colcon_core.package_identification:_identify(log) by extensions ['ignore', 'ignore_ament_install']
[0.185s] Level 1:colcon.colcon_core.package_identification:_identify(log) by extension 'ignore'
[0.185s] Level 1:colcon.colcon_core.package_identification:_identify(log) ignored
[0.185s] Level 1:colcon.colcon_core.package_identification:_identify(src) by extensions ['ignore', 'ignore_ament_install']
[0.185s] Level 1:colcon.colcon_core.package_identification:_identify(src) by extension 'ignore'
[0.185s] Level 1:colcon.colcon_core.package_identification:_identify(src) by extension 'ignore_ament_install'
[0.186s] Level 1:colcon.colcon_core.package_identification:_identify(src) by extensions ['colcon_pkg']
[0.186s] Level 1:colcon.colcon_core.package_identification:_identify(src) by extension 'colcon_pkg'
[0.186s] Level 1:colcon.colcon_core.package_identification:_identify(src) by extensions ['colcon_meta']
[0.186s] Level 1:colcon.colcon_core.package_identification:_identify(src) by extension 'colcon_meta'
[0.186s] Level 1:colcon.colcon_core.package_identification:_identify(src) by extensions ['ros']
[0.186s] Level 1:colcon.colcon_core.package_identification:_identify(src) by extension 'ros'
[0.186s] Level 1:colcon.colcon_core.package_identification:_identify(src) by extensions ['cmake', 'python']
[0.186s] Level 1:colcon.colcon_core.package_identification:_identify(src) by extension 'cmake'
[0.186s] Level 1:colcon.colcon_core.package_identification:_identify(src) by extension 'python'
[0.186s] Level 1:colcon.colcon_core.package_identification:_identify(src) by extensions ['python_setup_py']
[0.186s] Level 1:colcon.colcon_core.package_identification:_identify(src) by extension 'python_setup_py'
[0.186s] Level 1:colcon.colcon_core.package_identification:_identify(src/pinky_behaviortree) by extensions ['ignore', 'ignore_ament_install']
[0.186s] Level 1:colcon.colcon_core.package_identification:_identify(src/pinky_behaviortree) by extension 'ignore'
[0.186s] Level 1:colcon.colcon_core.package_identification:_identify(src/pinky_behaviortree) by extension 'ignore_ament_install'
[0.186s] Level 1:colcon.colcon_core.package_identification:_identify(src/pinky_behaviortree) by extensions ['colcon_pkg']
[0.186s] Level 1:colcon.colcon_core.package_identification:_identify(src/pinky_behaviortree) by extension 'colcon_pkg'
[0.186s] Level 1:colcon.colcon_core.package_identification:_identify(src/pinky_behaviortree) by extensions ['colcon_meta']
[0.186s] Level 1:colcon.colcon_core.package_identification:_identify(src/pinky_behaviortree) by extension 'colcon_meta'
[0.186s] Level 1:colcon.colcon_core.package_identification:_identify(src/pinky_behaviortree) by extensions ['ros']
[0.186s] Level 1:colcon.colcon_core.package_identification:_identify(src/pinky_behaviortree) by extension 'ros'
[0.186s] Level 1:colcon.colcon_core.package_identification:_identify(src/pinky_behaviortree) by extensions ['cmake', 'python']
[0.186s] Level 1:colcon.colcon_core.package_identification:_identify(src/pinky_behaviortree) by extension 'cmake'
[0.186s] Level 1:colcon.colcon_core.package_identification:_identify(src/pinky_behaviortree) by extension 'python'
[0.186s] Level 1:colcon.colcon_core.package_identification:_identify(src/pinky_behaviortree) by extensions ['python_setup_py']
[0.186s] Level 1:colcon.colcon_core.package_identification:_identify(src/pinky_behaviortree) by extension 'python_setup_py'
[0.186s] Level 1:colcon.colcon_core.package_identification:_identify(src/pinky_behaviortree/build) by extensions ['ignore', 'ignore_ament_install']
[0.186s] Level 1:colcon.colcon_core.package_identification:_identify(src/pinky_behaviortree/build) by extension 'ignore'
[0.186s] Level 1:colcon.colcon_core.package_identification:_identify(src/pinky_behaviortree/build) ignored
[0.186s] Level 1:colcon.colcon_core.package_identification:_identify(src/pinky_behaviortree/install) by extensions ['ignore', 'ignore_ament_install']
[0.187s] Level 1:colcon.colcon_core.package_identification:_identify(src/pinky_behaviortree/install) by extension 'ignore'
[0.187s] Level 1:colcon.colcon_core.package_identification:_identify(src/pinky_behaviortree/install) ignored
[0.187s] Level 1:colcon.colcon_core.package_identification:_identify(src/pinky_behaviortree/log) by extensions ['ignore', 'ignore_ament_install']
[0.187s] Level 1:colcon.colcon_core.package_identification:_identify(src/pinky_behaviortree/log) by extension 'ignore'
[0.187s] Level 1:colcon.colcon_core.package_identification:_identify(src/pinky_behaviortree/log) ignored
[0.187s] Level 1:colcon.colcon_core.package_identification:_identify(src/pinky_behaviortree/pinky_description) by extensions ['ignore', 'ignore_ament_install']
[0.187s] Level 1:colcon.colcon_core.package_identification:_identify(src/pinky_behaviortree/pinky_description) by extension 'ignore'
[0.187s] Level 1:colcon.colcon_core.package_identification:_identify(src/pinky_behaviortree/pinky_description) by extension 'ignore_ament_install'
[0.187s] Level 1:colcon.colcon_core.package_identification:_identify(src/pinky_behaviortree/pinky_description) by extensions ['colcon_pkg']
[0.187s] Level 1:colcon.colcon_core.package_identification:_identify(src/pinky_behaviortree/pinky_description) by extension 'colcon_pkg'
[0.187s] Level 1:colcon.colcon_core.package_identification:_identify(src/pinky_behaviortree/pinky_description) by extensions ['colcon_meta']
[0.187s] Level 1:colcon.colcon_core.package_identification:_identify(src/pinky_behaviortree/pinky_description) by extension 'colcon_meta'
[0.187s] Level 1:colcon.colcon_core.package_identification:_identify(src/pinky_behaviortree/pinky_description) by extensions ['ros']
[0.187s] Level 1:colcon.colcon_core.package_identification:_identify(src/pinky_behaviortree/pinky_description) by extension 'ros'
[0.190s] DEBUG:colcon.colcon_core.package_identification:Package 'src/pinky_behaviortree/pinky_description' with type 'ros.ament_cmake' and name 'pinky_description'
[0.190s] Level 1:colcon.colcon_core.package_identification:_identify(src/pinky_behaviortree/pinky_gazebo) by extensions ['ignore', 'ignore_ament_install']
[0.190s] Level 1:colcon.colcon_core.package_identification:_identify(src/pinky_behaviortree/pinky_gazebo) by extension 'ignore'
[0.190s] Level 1:colcon.colcon_core.package_identification:_identify(src/pinky_behaviortree/pinky_gazebo) by extension 'ignore_ament_install'
[0.191s] Level 1:colcon.colcon_core.package_identification:_identify(src/pinky_behaviortree/pinky_gazebo) by extensions ['colcon_pkg']
[0.191s] Level 1:colcon.colcon_core.package_identification:_identify(src/pinky_behaviortree/pinky_gazebo) by extension 'colcon_pkg'
[0.191s] Level 1:colcon.colcon_core.package_identification:_identify(src/pinky_behaviortree/pinky_gazebo) by extensions ['colcon_meta']
[0.191s] Level 1:colcon.colcon_core.package_identification:_identify(src/pinky_behaviortree/pinky_gazebo) by extension 'colcon_meta'
[0.191s] Level 1:colcon.colcon_core.package_identification:_identify(src/pinky_behaviortree/pinky_gazebo) by extensions ['ros']
[0.191s] Level 1:colcon.colcon_core.package_identification:_identify(src/pinky_behaviortree/pinky_gazebo) by extension 'ros'
[0.192s] DEBUG:colcon.colcon_core.package_identification:Package 'src/pinky_behaviortree/pinky_gazebo' with type 'ros.ament_cmake' and name 'pinky_gazebo'
[0.192s] Level 1:colcon.colcon_core.package_identification:_identify(src/pinky_behaviortree/pinky_slam) by extensions ['ignore', 'ignore_ament_install']
[0.192s] Level 1:colcon.colcon_core.package_identification:_identify(src/pinky_behaviortree/pinky_slam) by extension 'ignore'
[0.192s] Level 1:colcon.colcon_core.package_identification:_identify(src/pinky_behaviortree/pinky_slam) by extension 'ignore_ament_install'
[0.192s] Level 1:colcon.colcon_core.package_identification:_identify(src/pinky_behaviortree/pinky_slam) by extensions ['colcon_pkg']
[0.192s] Level 1:colcon.colcon_core.package_identification:_identify(src/pinky_behaviortree/pinky_slam) by extension 'colcon_pkg'
[0.192s] Level 1:colcon.colcon_core.package_identification:_identify(src/pinky_behaviortree/pinky_slam) by extensions ['colcon_meta']
[0.192s] Level 1:colcon.colcon_core.package_identification:_identify(src/pinky_behaviortree/pinky_slam) by extension 'colcon_meta'
[0.192s] Level 1:colcon.colcon_core.package_identification:_identify(src/pinky_behaviortree/pinky_slam) by extensions ['ros']
[0.192s] Level 1:colcon.colcon_core.package_identification:_identify(src/pinky_behaviortree/pinky_slam) by extension 'ros'
[0.193s] DEBUG:colcon.colcon_core.package_identification:Package 'src/pinky_behaviortree/pinky_slam' with type 'ros.ament_python' and name 'pinky_slam'
[0.193s] Level 1:colcon.colcon_core.package_discovery:discover_packages(recursive) using defaults
[0.193s] Level 1:colcon.colcon_core.package_discovery:discover_packages(ignore) discover
[0.193s] Level 1:colcon.colcon_core.package_discovery:discover_packages(ignore) using defaults
[0.193s] Level 1:colcon.colcon_core.package_discovery:discover_packages(path) discover
[0.193s] Level 1:colcon.colcon_core.package_discovery:discover_packages(path) using defaults
[0.222s] Level 1:colcon.colcon_core.package_discovery:discover_packages(prefix_path) check parameters
[0.222s] Level 1:colcon.colcon_core.package_discovery:discover_packages(prefix_path) discover
[0.223s] DEBUG:colcon.colcon_installed_package_information.package_discovery:Found 346 installed packages in /opt/ros/humble
[0.224s] Level 1:colcon.colcon_core.package_discovery:discover_packages(prefix_path) using defaults
[0.253s] Level 5:colcon.colcon_core.verb:set package 'pinky_description' build argument 'cmake_args' from command line to 'None'
[0.253s] Level 5:colcon.colcon_core.verb:set package 'pinky_description' build argument 'cmake_target' from command line to 'None'
[0.253s] Level 5:colcon.colcon_core.verb:set package 'pinky_description' build argument 'cmake_target_skip_unavailable' from command line to 'False'
[0.253s] Level 5:colcon.colcon_core.verb:set package 'pinky_description' build argument 'cmake_clean_cache' from command line to 'False'
[0.253s] Level 5:colcon.colcon_core.verb:set package 'pinky_description' build argument 'cmake_clean_first' from command line to 'False'
[0.253s] Level 5:colcon.colcon_core.verb:set package 'pinky_description' build argument 'cmake_force_configure' from command line to 'False'
[0.253s] Level 5:colcon.colcon_core.verb:set package 'pinky_description' build argument 'ament_cmake_args' from command line to 'None'
[0.253s] Level 5:colcon.colcon_core.verb:set package 'pinky_description' build argument 'catkin_cmake_args' from command line to 'None'
[0.253s] Level 5:colcon.colcon_core.verb:set package 'pinky_description' build argument 'catkin_skip_building_tests' from command line to 'False'
[0.253s] DEBUG:colcon.colcon_core.verb:Building package 'pinky_description' with the following arguments: {'ament_cmake_args': None, 'build_base': '/home/etri/pinky_bt/build/pinky_description', 'catkin_cmake_args': None, 'catkin_skip_building_tests': False, 'cmake_args': None, 'cmake_clean_cache': False, 'cmake_clean_first': False, 'cmake_force_configure': False, 'cmake_target': None, 'cmake_target_skip_unavailable': False, 'install_base': '/home/etri/pinky_bt/install/pinky_description', 'merge_install': False, 'path': '/home/etri/pinky_bt/src/pinky_behaviortree/pinky_description', 'symlink_install': False, 'test_result_base': None}
[0.254s] Level 5:colcon.colcon_core.verb:set package 'pinky_gazebo' build argument 'cmake_args' from command line to 'None'
[0.254s] Level 5:colcon.colcon_core.verb:set package 'pinky_gazebo' build argument 'cmake_target' from command line to 'None'
[0.254s] Level 5:colcon.colcon_core.verb:set package 'pinky_gazebo' build argument 'cmake_target_skip_unavailable' from command line to 'False'
[0.254s] Level 5:colcon.colcon_core.verb:set package 'pinky_gazebo' build argument 'cmake_clean_cache' from command line to 'False'
[0.254s] Level 5:colcon.colcon_core.verb:set package 'pinky_gazebo' build argument 'cmake_clean_first' from command line to 'False'
[0.254s] Level 5:colcon.colcon_core.verb:set package 'pinky_gazebo' build argument 'cmake_force_configure' from command line to 'False'
[0.254s] Level 5:colcon.colcon_core.verb:set package 'pinky_gazebo' build argument 'ament_cmake_args' from command line to 'None'
[0.254s] Level 5:colcon.colcon_core.verb:set package 'pinky_gazebo' build argument 'catkin_cmake_args' from command line to 'None'
[0.254s] Level 5:colcon.colcon_core.verb:set package 'pinky_gazebo' build argument 'catkin_skip_building_tests' from command line to 'False'
[0.254s] DEBUG:colcon.colcon_core.verb:Building package 'pinky_gazebo' with the following arguments: {'ament_cmake_args': None, 'build_base': '/home/etri/pinky_bt/build/pinky_gazebo', 'catkin_cmake_args': None, 'catkin_skip_building_tests': False, 'cmake_args': None, 'cmake_clean_cache': False, 'cmake_clean_first': False, 'cmake_force_configure': False, 'cmake_target': None, 'cmake_target_skip_unavailable': False, 'install_base': '/home/etri/pinky_bt/install/pinky_gazebo', 'merge_install': False, 'path': '/home/etri/pinky_bt/src/pinky_behaviortree/pinky_gazebo', 'symlink_install': False, 'test_result_base': None}
[0.254s] Level 5:colcon.colcon_core.verb:set package 'pinky_slam' build argument 'cmake_args' from command line to 'None'
[0.254s] Level 5:colcon.colcon_core.verb:set package 'pinky_slam' build argument 'cmake_target' from command line to 'None'
[0.254s] Level 5:colcon.colcon_core.verb:set package 'pinky_slam' build argument 'cmake_target_skip_unavailable' from command line to 'False'
[0.254s] Level 5:colcon.colcon_core.verb:set package 'pinky_slam' build argument 'cmake_clean_cache' from command line to 'False'
[0.254s] Level 5:colcon.colcon_core.verb:set package 'pinky_slam' build argument 'cmake_clean_first' from command line to 'False'
[0.255s] Level 5:colcon.colcon_core.verb:set package 'pinky_slam' build argument 'cmake_force_configure' from command line to 'False'
[0.255s] Level 5:colcon.colcon_core.verb:set package 'pinky_slam' build argument 'ament_cmake_args' from command line to 'None'
[0.255s] Level 5:colcon.colcon_core.verb:set package 'pinky_slam' build argument 'catkin_cmake_args' from command line to 'None'
[0.255s] Level 5:colcon.colcon_core.verb:set package 'pinky_slam' build argument 'catkin_skip_building_tests' from command line to 'False'
[0.255s] DEBUG:colcon.colcon_core.verb:Building package 'pinky_slam' with the following arguments: {'ament_cmake_args': None, 'build_base': '/home/etri/pinky_bt/build/pinky_slam', 'catkin_cmake_args': None, 'catkin_skip_building_tests': False, 'cmake_args': None, 'cmake_clean_cache': False, 'cmake_clean_first': False, 'cmake_force_configure': False, 'cmake_target': None, 'cmake_target_skip_unavailable': False, 'install_base': '/home/etri/pinky_bt/install/pinky_slam', 'merge_install': False, 'path': '/home/etri/pinky_bt/src/pinky_behaviortree/pinky_slam', 'symlink_install': False, 'test_result_base': None}
[0.255s] INFO:colcon.colcon_core.executor:Executing jobs using 'parallel' executor
[0.255s] DEBUG:colcon.colcon_parallel_executor.executor.parallel:run_until_complete
[0.256s] INFO:colcon.colcon_ros.task.ament_cmake.build:Building ROS package in '/home/etri/pinky_bt/src/pinky_behaviortree/pinky_description' with build type 'ament_cmake'
[0.256s] INFO:colcon.colcon_cmake.task.cmake.build:Building CMake package in '/home/etri/pinky_bt/src/pinky_behaviortree/pinky_description'
[0.257s] INFO:colcon.colcon_core.plugin_system:Skipping extension 'colcon_core.shell.bat': Not used on non-Windows systems
[0.257s] INFO:colcon.colcon_core.shell:Skip shell extension 'powershell' for command environment: Not usable outside of PowerShell
[0.257s] DEBUG:colcon.colcon_core.shell:Skip shell extension 'dsv' for command environment
[0.258s] INFO:colcon.colcon_ros.task.ament_cmake.build:Building ROS package in '/home/etri/pinky_bt/src/pinky_behaviortree/pinky_gazebo' with build type 'ament_cmake'
[0.258s] INFO:colcon.colcon_cmake.task.cmake.build:Building CMake package in '/home/etri/pinky_bt/src/pinky_behaviortree/pinky_gazebo'
[0.258s] INFO:colcon.colcon_core.shell:Skip shell extension 'powershell' for command environment: Not usable outside of PowerShell
[0.258s] DEBUG:colcon.colcon_core.shell:Skip shell extension 'dsv' for command environment
[0.260s] INFO:colcon.colcon_ros.task.ament_python.build:Building ROS package in '/home/etri/pinky_bt/src/pinky_behaviortree/pinky_slam' with build type 'ament_python'
[0.260s] Level 1:colcon.colcon_core.shell:create_environment_hook('pinky_slam', 'ament_prefix_path')
[0.260s] INFO:colcon.colcon_core.shell:Creating environment hook '/home/etri/pinky_bt/install/pinky_slam/share/pinky_slam/hook/ament_prefix_path.ps1'
[0.261s] INFO:colcon.colcon_core.shell:Creating environment descriptor '/home/etri/pinky_bt/install/pinky_slam/share/pinky_slam/hook/ament_prefix_path.dsv'
[0.261s] INFO:colcon.colcon_core.shell:Creating environment hook '/home/etri/pinky_bt/install/pinky_slam/share/pinky_slam/hook/ament_prefix_path.sh'
[0.261s] INFO:colcon.colcon_core.shell:Skip shell extension 'powershell' for command environment: Not usable outside of PowerShell
[0.262s] DEBUG:colcon.colcon_core.shell:Skip shell extension 'dsv' for command environment
[0.270s] DEBUG:colcon.colcon_core.event_handler.log_command:Invoking command in '/home/etri/pinky_bt/build/pinky_description': CMAKE_PREFIX_PATH=/opt/ros/humble /usr/bin/cmake --build /home/etri/pinky_bt/build/pinky_description -- -j12 -l12
[0.276s] DEBUG:colcon.colcon_core.event_handler.log_command:Invoking command in '/home/etri/pinky_bt/build/pinky_gazebo': CMAKE_PREFIX_PATH=/opt/ros/humble /usr/bin/cmake --build /home/etri/pinky_bt/build/pinky_gazebo -- -j12 -l12
[0.442s] INFO:colcon.colcon_core.task.python.build:Building Python package in '/home/etri/pinky_bt/src/pinky_behaviortree/pinky_slam'
[0.443s] INFO:colcon.colcon_core.shell:Skip shell extension 'powershell' for command environment: Not usable outside of PowerShell
[0.443s] DEBUG:colcon.colcon_core.shell:Skip shell extension 'dsv' for command environment
[0.449s] DEBUG:colcon.colcon_core.event_handler.log_command:Invoked command in '/home/etri/pinky_bt/build/pinky_description' returned '0': CMAKE_PREFIX_PATH=/opt/ros/humble /usr/bin/cmake --build /home/etri/pinky_bt/build/pinky_description -- -j12 -l12
[0.456s] DEBUG:colcon.colcon_core.event_handler.log_command:Invoking command in '/home/etri/pinky_bt/build/pinky_description': CMAKE_PREFIX_PATH=/opt/ros/humble /usr/bin/cmake --install /home/etri/pinky_bt/build/pinky_description
[0.457s] DEBUG:colcon.colcon_core.event_handler.log_command:Invoked command in '/home/etri/pinky_bt/build/pinky_gazebo' returned '0': CMAKE_PREFIX_PATH=/opt/ros/humble /usr/bin/cmake --build /home/etri/pinky_bt/build/pinky_gazebo -- -j12 -l12
[0.458s] DEBUG:colcon.colcon_core.event_handler.log_command:Invoking command in '/home/etri/pinky_bt/build/pinky_gazebo': CMAKE_PREFIX_PATH=/opt/ros/humble /usr/bin/cmake --install /home/etri/pinky_bt/build/pinky_gazebo
[0.479s] Level 1:colcon.colcon_core.environment:create_environment_scripts_only(pinky_description)
[0.482s] Level 1:colcon.colcon_core.environment:checking '/home/etri/pinky_bt/install/pinky_description' for CMake module files
[0.485s] Level 1:colcon.colcon_core.environment:checking '/home/etri/pinky_bt/install/pinky_description' for CMake config files
[0.488s] DEBUG:colcon.colcon_core.event_handler.log_command:Invoked command in '/home/etri/pinky_bt/build/pinky_description' returned '0': CMAKE_PREFIX_PATH=/opt/ros/humble /usr/bin/cmake --install /home/etri/pinky_bt/build/pinky_description
[0.494s] Level 1:colcon.colcon_core.shell:create_environment_hook('pinky_description', 'cmake_prefix_path')
[0.495s] INFO:colcon.colcon_core.shell:Creating environment hook '/home/etri/pinky_bt/install/pinky_description/share/pinky_description/hook/cmake_prefix_path.ps1'
[0.495s] INFO:colcon.colcon_core.shell:Creating environment descriptor '/home/etri/pinky_bt/install/pinky_description/share/pinky_description/hook/cmake_prefix_path.dsv'
[0.496s] INFO:colcon.colcon_core.shell:Creating environment hook '/home/etri/pinky_bt/install/pinky_description/share/pinky_description/hook/cmake_prefix_path.sh'
[0.496s] Level 1:colcon.colcon_core.environment:checking '/home/etri/pinky_bt/install/pinky_description/bin'
[0.496s] Level 1:colcon.colcon_core.environment:checking '/home/etri/pinky_bt/install/pinky_description/lib/pkgconfig/pinky_description.pc'
[0.496s] Level 1:colcon.colcon_core.environment:checking '/home/etri/pinky_bt/install/pinky_description/lib/python3.10/site-packages'
[0.497s] Level 1:colcon.colcon_core.environment:checking '/home/etri/pinky_bt/install/pinky_description/bin'
[0.497s] INFO:colcon.colcon_core.shell:Creating package script '/home/etri/pinky_bt/install/pinky_description/share/pinky_description/package.ps1'
[0.498s] INFO:colcon.colcon_core.shell:Creating package descriptor '/home/etri/pinky_bt/install/pinky_description/share/pinky_description/package.dsv'
[0.498s] INFO:colcon.colcon_core.shell:Creating package script '/home/etri/pinky_bt/install/pinky_description/share/pinky_description/package.sh'
[0.499s] INFO:colcon.colcon_core.shell:Creating package script '/home/etri/pinky_bt/install/pinky_description/share/pinky_description/package.bash'
[0.500s] INFO:colcon.colcon_core.shell:Creating package script '/home/etri/pinky_bt/install/pinky_description/share/pinky_description/package.zsh'
[0.501s] Level 1:colcon.colcon_core.environment:create_file_with_runtime_dependencies(/home/etri/pinky_bt/install/pinky_description/share/colcon-core/packages/pinky_description)
[0.502s] Level 1:colcon.colcon_core.environment:create_environment_scripts_only(pinky_description)
[0.502s] Level 1:colcon.colcon_core.environment:checking '/home/etri/pinky_bt/install/pinky_description' for CMake module files
[0.502s] Level 1:colcon.colcon_core.environment:checking '/home/etri/pinky_bt/install/pinky_description' for CMake config files
[0.503s] Level 1:colcon.colcon_core.shell:create_environment_hook('pinky_description', 'cmake_prefix_path')
[0.503s] INFO:colcon.colcon_core.shell:Creating environment hook '/home/etri/pinky_bt/install/pinky_description/share/pinky_description/hook/cmake_prefix_path.ps1'
[0.503s] INFO:colcon.colcon_core.shell:Creating environment descriptor '/home/etri/pinky_bt/install/pinky_description/share/pinky_description/hook/cmake_prefix_path.dsv'
[0.504s] INFO:colcon.colcon_core.shell:Creating environment hook '/home/etri/pinky_bt/install/pinky_description/share/pinky_description/hook/cmake_prefix_path.sh'
[0.504s] Level 1:colcon.colcon_core.environment:checking '/home/etri/pinky_bt/install/pinky_description/bin'
[0.504s] Level 1:colcon.colcon_core.environment:checking '/home/etri/pinky_bt/install/pinky_description/lib/pkgconfig/pinky_description.pc'
[0.504s] Level 1:colcon.colcon_core.environment:checking '/home/etri/pinky_bt/install/pinky_description/lib/python3.10/site-packages'
[0.505s] Level 1:colcon.colcon_core.environment:checking '/home/etri/pinky_bt/install/pinky_description/bin'
[0.505s] INFO:colcon.colcon_core.shell:Creating package script '/home/etri/pinky_bt/install/pinky_description/share/pinky_description/package.ps1'
[0.506s] INFO:colcon.colcon_core.shell:Creating package descriptor '/home/etri/pinky_bt/install/pinky_description/share/pinky_description/package.dsv'
[0.506s] INFO:colcon.colcon_core.shell:Creating package script '/home/etri/pinky_bt/install/pinky_description/share/pinky_description/package.sh'
[0.506s] INFO:colcon.colcon_core.shell:Creating package script '/home/etri/pinky_bt/install/pinky_description/share/pinky_description/package.bash'
[0.507s] INFO:colcon.colcon_core.shell:Creating package script '/home/etri/pinky_bt/install/pinky_description/share/pinky_description/package.zsh'
[0.507s] Level 1:colcon.colcon_core.environment:create_file_with_runtime_dependencies(/home/etri/pinky_bt/install/pinky_description/share/colcon-core/packages/pinky_description)
[0.508s] Level 1:colcon.colcon_core.environment:create_environment_scripts_only(pinky_gazebo)
[0.508s] Level 1:colcon.colcon_core.environment:checking '/home/etri/pinky_bt/install/pinky_gazebo' for CMake module files
[0.509s] DEBUG:colcon.colcon_core.event_handler.log_command:Invoked command in '/home/etri/pinky_bt/build/pinky_gazebo' returned '0': CMAKE_PREFIX_PATH=/opt/ros/humble /usr/bin/cmake --install /home/etri/pinky_bt/build/pinky_gazebo
[0.509s] Level 1:colcon.colcon_core.environment:checking '/home/etri/pinky_bt/install/pinky_gazebo' for CMake config files
[0.509s] Level 1:colcon.colcon_core.shell:create_environment_hook('pinky_gazebo', 'cmake_prefix_path')
[0.509s] INFO:colcon.colcon_core.shell:Creating environment hook '/home/etri/pinky_bt/install/pinky_gazebo/share/pinky_gazebo/hook/cmake_prefix_path.ps1'
[0.510s] INFO:colcon.colcon_core.shell:Creating environment descriptor '/home/etri/pinky_bt/install/pinky_gazebo/share/pinky_gazebo/hook/cmake_prefix_path.dsv'
[0.510s] INFO:colcon.colcon_core.shell:Creating environment hook '/home/etri/pinky_bt/install/pinky_gazebo/share/pinky_gazebo/hook/cmake_prefix_path.sh'
[0.511s] Level 1:colcon.colcon_core.environment:checking '/home/etri/pinky_bt/install/pinky_gazebo/bin'
[0.511s] Level 1:colcon.colcon_core.environment:checking '/home/etri/pinky_bt/install/pinky_gazebo/lib/pkgconfig/pinky_gazebo.pc'
[0.511s] Level 1:colcon.colcon_core.environment:checking '/home/etri/pinky_bt/install/pinky_gazebo/lib/python3.10/site-packages'
[0.511s] Level 1:colcon.colcon_core.environment:checking '/home/etri/pinky_bt/install/pinky_gazebo/bin'
[0.511s] INFO:colcon.colcon_core.shell:Creating package script '/home/etri/pinky_bt/install/pinky_gazebo/share/pinky_gazebo/package.ps1'
[0.512s] INFO:colcon.colcon_core.shell:Creating package descriptor '/home/etri/pinky_bt/install/pinky_gazebo/share/pinky_gazebo/package.dsv'
[0.512s] INFO:colcon.colcon_core.shell:Creating package script '/home/etri/pinky_bt/install/pinky_gazebo/share/pinky_gazebo/package.sh'
[0.513s] INFO:colcon.colcon_core.shell:Creating package script '/home/etri/pinky_bt/install/pinky_gazebo/share/pinky_gazebo/package.bash'
[0.513s] INFO:colcon.colcon_core.shell:Creating package script '/home/etri/pinky_bt/install/pinky_gazebo/share/pinky_gazebo/package.zsh'
[0.513s] Level 1:colcon.colcon_core.environment:create_file_with_runtime_dependencies(/home/etri/pinky_bt/install/pinky_gazebo/share/colcon-core/packages/pinky_gazebo)
[0.514s] Level 1:colcon.colcon_core.environment:create_environment_scripts_only(pinky_gazebo)
[0.514s] Level 1:colcon.colcon_core.environment:checking '/home/etri/pinky_bt/install/pinky_gazebo' for CMake module files
[0.514s] Level 1:colcon.colcon_core.environment:checking '/home/etri/pinky_bt/install/pinky_gazebo' for CMake config files
[0.515s] Level 1:colcon.colcon_core.shell:create_environment_hook('pinky_gazebo', 'cmake_prefix_path')
[0.515s] INFO:colcon.colcon_core.shell:Creating environment hook '/home/etri/pinky_bt/install/pinky_gazebo/share/pinky_gazebo/hook/cmake_prefix_path.ps1'
[0.515s] INFO:colcon.colcon_core.shell:Creating environment descriptor '/home/etri/pinky_bt/install/pinky_gazebo/share/pinky_gazebo/hook/cmake_prefix_path.dsv'
[0.516s] INFO:colcon.colcon_core.shell:Creating environment hook '/home/etri/pinky_bt/install/pinky_gazebo/share/pinky_gazebo/hook/cmake_prefix_path.sh'
[0.516s] Level 1:colcon.colcon_core.environment:checking '/home/etri/pinky_bt/install/pinky_gazebo/bin'
[0.516s] Level 1:colcon.colcon_core.environment:checking '/home/etri/pinky_bt/install/pinky_gazebo/lib/pkgconfig/pinky_gazebo.pc'
[0.517s] Level 1:colcon.colcon_core.environment:checking '/home/etri/pinky_bt/install/pinky_gazebo/lib/python3.10/site-packages'
[0.517s] Level 1:colcon.colcon_core.environment:checking '/home/etri/pinky_bt/install/pinky_gazebo/bin'
[0.517s] INFO:colcon.colcon_core.shell:Creating package script '/home/etri/pinky_bt/install/pinky_gazebo/share/pinky_gazebo/package.ps1'
[0.518s] INFO:colcon.colcon_core.shell:Creating package descriptor '/home/etri/pinky_bt/install/pinky_gazebo/share/pinky_gazebo/package.dsv'
[0.518s] INFO:colcon.colcon_core.shell:Creating package script '/home/etri/pinky_bt/install/pinky_gazebo/share/pinky_gazebo/package.sh'
[0.518s] INFO:colcon.colcon_core.shell:Creating package script '/home/etri/pinky_bt/install/pinky_gazebo/share/pinky_gazebo/package.bash'
[0.519s] INFO:colcon.colcon_core.shell:Creating package script '/home/etri/pinky_bt/install/pinky_gazebo/share/pinky_gazebo/package.zsh'
[0.519s] Level 1:colcon.colcon_core.environment:create_file_with_runtime_dependencies(/home/etri/pinky_bt/install/pinky_gazebo/share/colcon-core/packages/pinky_gazebo)
[0.786s] DEBUG:colcon.colcon_core.event_handler.log_command:Invoking command in '/home/etri/pinky_bt/src/pinky_behaviortree/pinky_slam': PYTHONPATH=/home/etri/pinky_bt/build/pinky_slam/prefix_override:/usr/lib/python3/dist-packages/colcon_core/task/python/colcon_distutils_commands:/home/etri/pinky_bt/install/pinky_slam/lib/python3.10/site-packages:${PYTHONPATH} /usr/bin/python3 -W ignore:setup.py install is deprecated -W ignore:easy_install command is deprecated setup.py egg_info --egg-base ../../../build/pinky_slam build --build-base /home/etri/pinky_bt/build/pinky_slam/build install --record /home/etri/pinky_bt/build/pinky_slam/install.log --single-version-externally-managed install_data
[0.992s] Level 1:colcon.colcon_core.environment:checking '/home/etri/pinky_bt/install/pinky_slam' for CMake module files
[0.993s] DEBUG:colcon.colcon_core.event_handler.log_command:Invoked command in '/home/etri/pinky_bt/src/pinky_behaviortree/pinky_slam' returned '0': PYTHONPATH=/home/etri/pinky_bt/build/pinky_slam/prefix_override:/usr/lib/python3/dist-packages/colcon_core/task/python/colcon_distutils_commands:/home/etri/pinky_bt/install/pinky_slam/lib/python3.10/site-packages:${PYTHONPATH} /usr/bin/python3 -W ignore:setup.py install is deprecated -W ignore:easy_install command is deprecated setup.py egg_info --egg-base ../../../build/pinky_slam build --build-base /home/etri/pinky_bt/build/pinky_slam/build install --record /home/etri/pinky_bt/build/pinky_slam/install.log --single-version-externally-managed install_data
[0.993s] Level 1:colcon.colcon_core.environment:checking '/home/etri/pinky_bt/install/pinky_slam' for CMake config files
[0.993s] Level 1:colcon.colcon_core.environment:checking '/home/etri/pinky_bt/install/pinky_slam/lib'
[0.993s] Level 1:colcon.colcon_core.environment:checking '/home/etri/pinky_bt/install/pinky_slam/bin'
[0.993s] Level 1:colcon.colcon_core.environment:checking '/home/etri/pinky_bt/install/pinky_slam/lib/pkgconfig/pinky_slam.pc'
[0.994s] Level 1:colcon.colcon_core.environment:checking '/home/etri/pinky_bt/install/pinky_slam/lib/python3.10/site-packages'
[0.994s] Level 1:colcon.colcon_core.shell:create_environment_hook('pinky_slam', 'pythonpath')
[0.994s] INFO:colcon.colcon_core.shell:Creating environment hook '/home/etri/pinky_bt/install/pinky_slam/share/pinky_slam/hook/pythonpath.ps1'
[0.994s] INFO:colcon.colcon_core.shell:Creating environment descriptor '/home/etri/pinky_bt/install/pinky_slam/share/pinky_slam/hook/pythonpath.dsv'
[0.994s] INFO:colcon.colcon_core.shell:Creating environment hook '/home/etri/pinky_bt/install/pinky_slam/share/pinky_slam/hook/pythonpath.sh'
[0.994s] Level 1:colcon.colcon_core.environment:checking '/home/etri/pinky_bt/install/pinky_slam/bin'
[0.994s] Level 1:colcon.colcon_core.environment:create_environment_scripts_only(pinky_slam)
[0.995s] INFO:colcon.colcon_core.shell:Creating package script '/home/etri/pinky_bt/install/pinky_slam/share/pinky_slam/package.ps1'
[0.995s] INFO:colcon.colcon_core.shell:Creating package descriptor '/home/etri/pinky_bt/install/pinky_slam/share/pinky_slam/package.dsv'
[0.995s] INFO:colcon.colcon_core.shell:Creating package script '/home/etri/pinky_bt/install/pinky_slam/share/pinky_slam/package.sh'
[0.995s] INFO:colcon.colcon_core.shell:Creating package script '/home/etri/pinky_bt/install/pinky_slam/share/pinky_slam/package.bash'
[0.996s] INFO:colcon.colcon_core.shell:Creating package script '/home/etri/pinky_bt/install/pinky_slam/share/pinky_slam/package.zsh'
[0.996s] Level 1:colcon.colcon_core.environment:create_file_with_runtime_dependencies(/home/etri/pinky_bt/install/pinky_slam/share/colcon-core/packages/pinky_slam)
[0.996s] DEBUG:colcon.colcon_parallel_executor.executor.parallel:closing loop
[0.996s] DEBUG:colcon.colcon_parallel_executor.executor.parallel:loop closed
[0.996s] DEBUG:colcon.colcon_parallel_executor.executor.parallel:run_until_complete finished with '0'
[0.996s] DEBUG:colcon.colcon_core.event_reactor:joining thread
[1.000s] INFO:colcon.colcon_core.plugin_system:Skipping extension 'colcon_notification.desktop_notification.terminal_notifier': Not used on non-Darwin systems
[1.000s] INFO:colcon.colcon_core.plugin_system:Skipping extension 'colcon_notification.desktop_notification.win32': Not used on non-Windows systems
[1.000s] INFO:colcon.colcon_notification.desktop_notification:Sending desktop notification using 'notify2'
[1.010s] DEBUG:colcon.colcon_core.event_reactor:joined thread
[1.011s] INFO:colcon.colcon_core.shell:Creating prefix script '/home/etri/pinky_bt/install/local_setup.ps1'
[1.012s] INFO:colcon.colcon_core.shell:Creating prefix util module '/home/etri/pinky_bt/install/_local_setup_util_ps1.py'
[1.013s] INFO:colcon.colcon_core.shell:Creating prefix chain script '/home/etri/pinky_bt/install/setup.ps1'
[1.014s] INFO:colcon.colcon_core.shell:Creating prefix script '/home/etri/pinky_bt/install/local_setup.sh'
[1.015s] INFO:colcon.colcon_core.shell:Creating prefix util module '/home/etri/pinky_bt/install/_local_setup_util_sh.py'
[1.015s] INFO:colcon.colcon_core.shell:Creating prefix chain script '/home/etri/pinky_bt/install/setup.sh'
[1.016s] INFO:colcon.colcon_core.shell:Creating prefix script '/home/etri/pinky_bt/install/local_setup.bash'
[1.016s] INFO:colcon.colcon_core.shell:Creating prefix chain script '/home/etri/pinky_bt/install/setup.bash'
[1.017s] INFO:colcon.colcon_core.shell:Creating prefix script '/home/etri/pinky_bt/install/local_setup.zsh'
[1.017s] INFO:colcon.colcon_core.shell:Creating prefix chain script '/home/etri/pinky_bt/install/setup.zsh'
