[0.006s] Invoking command in '/home/etri/pinky_bt/build/pinky_gazebo': CMAKE_PREFIX_PATH=/opt/ros/humble /usr/bin/cmake /home/etri/pinky_bt/src/pinky_behaviortree/pinky_gazebo -DAMENT_CMAKE_SYMLINK_INSTALL=1 -DCMAKE_INSTALL_PREFIX=/home/etri/pinky_bt/install/pinky_gazebo
[0.035s] -- The C compiler identification is GNU 11.4.0
[0.067s] -- The CXX compiler identification is GNU 11.4.0
[0.071s] -- Detecting C compiler ABI info
[0.106s] -- Detecting C compiler ABI info - done
[0.112s] -- Check for working C compiler: /usr/bin/cc - skipped
[0.112s] -- Detecting C compile features
[0.112s] -- Detecting C compile features - done
[0.114s] -- Detecting CXX compiler ABI info
[0.161s] -- Detecting CXX compiler ABI info - done
[0.165s] -- Check for working CXX compiler: /usr/bin/c++ - skipped
[0.165s] -- Detecting CXX compile features
[0.166s] -- Detecting CXX compile features - done
[0.167s] -- Found ament_cmake: 1.3.11 (/opt/ros/humble/share/ament_cmake/cmake)
[0.249s] -- Found Python3: /usr/bin/python3 (found version "3.10.12") found components: Interpreter 
[0.277s] -- Override CMake install command with custom implementation using symlinks instead of copying resources
[0.288s] -- Found rclcpp: 16.0.11 (/opt/ros/humble/share/rclcpp/cmake)
[0.306s] -- Found rosidl_generator_c: 3.1.6 (/opt/ros/humble/share/rosidl_generator_c/cmake)
[0.308s] -- Found rosidl_adapter: 3.1.6 (/opt/ros/humble/share/rosidl_adapter/cmake)
[0.312s] -- Found rosidl_generator_cpp: 3.1.6 (/opt/ros/humble/share/rosidl_generator_cpp/cmake)
[0.318s] -- Using all available rosidl_typesupport_c: rosidl_typesupport_fastrtps_c;rosidl_typesupport_introspection_c
[0.325s] -- Using all available rosidl_typesupport_cpp: rosidl_typesupport_fastrtps_cpp;rosidl_typesupport_introspection_cpp
[0.346s] -- Found rmw_implementation_cmake: 6.1.2 (/opt/ros/humble/share/rmw_implementation_cmake/cmake)
[0.347s] -- Found rmw_fastrtps_cpp: 6.2.7 (/opt/ros/humble/share/rmw_fastrtps_cpp/cmake)
[0.382s] -- Found OpenSSL: /usr/lib/x86_64-linux-gnu/libcrypto.so (found version "3.0.2")  
[0.395s] -- Found FastRTPS: /opt/ros/humble/include  
[0.415s] -- Using RMW implementation 'rmw_fastrtps_cpp' as default
[0.418s] -- Looking for pthread.h
[0.460s] -- Looking for pthread.h - found
[0.460s] -- Performing Test CMAKE_HAVE_LIBC_PTHREAD
[0.501s] -- Performing Test CMAKE_HAVE_LIBC_PTHREAD - Success
[0.502s] -- Found Threads: TRUE  
[0.528s] -- Found gazebo_ros: 3.7.0 (/opt/ros/humble/share/gazebo_ros/cmake)
[0.533s] -- Found PkgConfig: /usr/bin/pkg-config (found version "0.29.2") 
[0.533s] -- Checking for module 'bullet>=2.82'
[0.539s] --   Found bullet, version 3.05
[0.582s] -- Found fcl: /usr/include (found suitable version "0.7.0", minimum required is "0.5.0") 
[0.601s] -- Found assimp: /usr/include (found version "5.2.0") 
[0.610s] -- Found DART: /usr/include (Required is at least version "6.6") found components: dart 
[0.629s] -- Found Boost: /usr/lib/x86_64-linux-gnu/cmake/Boost-1.74.0/BoostConfig.cmake (found suitable version "1.74.0", minimum required is "1.40.0") found components: thread system filesystem program_options regex iostreams date_time 
[0.639s] -- Found Protobuf: /usr/lib/x86_64-linux-gnu/libprotobuf.so (found version "3.12.4") 
[0.641s] -- Looking for ignition-math6 -- found version 6.15.1
[0.645s] -- Searching for dependencies of ignition-math6
[0.646s] -- Looking for OGRE...
[0.646s] -- OGRE_PREFIX_WATCH changed.
[0.649s] -- Checking for module 'OGRE'
[0.655s] --   Found OGRE, version 1.9.0
[0.668s] -- Found Ogre Ghadamon (1.9.0)
[0.673s] -- Found OGRE: optimized;/usr/lib/x86_64-linux-gnu/libOgreMain.so;debug;/usr/lib/x86_64-linux-gnu/libOgreMain.so
[0.678s] -- Looking for OGRE_Paging...
[0.681s] -- Found OGRE_Paging: optimized;/usr/lib/x86_64-linux-gnu/libOgrePaging.so;debug;/usr/lib/x86_64-linux-gnu/libOgrePaging.so
[0.681s] -- Looking for OGRE_Terrain...
[0.683s] -- Found OGRE_Terrain: optimized;/usr/lib/x86_64-linux-gnu/libOgreTerrain.so;debug;/usr/lib/x86_64-linux-gnu/libOgreTerrain.so
[0.683s] -- Looking for OGRE_Property...
[0.685s] -- Found OGRE_Property: optimized;/usr/lib/x86_64-linux-gnu/libOgreProperty.so;debug;/usr/lib/x86_64-linux-gnu/libOgreProperty.so
[0.686s] -- Looking for OGRE_RTShaderSystem...
[0.688s] -- Found OGRE_RTShaderSystem: optimized;/usr/lib/x86_64-linux-gnu/libOgreRTShaderSystem.so;debug;/usr/lib/x86_64-linux-gnu/libOgreRTShaderSystem.so
[0.688s] -- Looking for OGRE_Volume...
[0.690s] -- Found OGRE_Volume: optimized;/usr/lib/x86_64-linux-gnu/libOgreVolume.so;debug;/usr/lib/x86_64-linux-gnu/libOgreVolume.so
[0.690s] -- Looking for OGRE_Overlay...
[0.693s] -- Found OGRE_Overlay: optimized;/usr/lib/x86_64-linux-gnu/libOgreOverlay.so;debug;/usr/lib/x86_64-linux-gnu/libOgreOverlay.so
[0.746s] -- Looking for ignition-math6 -- found version 6.15.1
[0.747s] -- Looking for ignition-transport8 -- found version 8.2.1
[0.747s] -- Searching for dependencies of ignition-transport8
[0.756s] -- Found Protobuf: /usr/lib/x86_64-linux-gnu/libprotobuf.so (found suitable version "3.12.4", minimum required is "3") 
[0.761s] -- Config-file not installed for ZeroMQ -- checking for pkg-config
[0.764s] -- Checking for module 'libzmq >= 4'
[0.769s] --   Found libzmq , version 4.3.4
[0.784s] -- Found ZeroMQ: TRUE (Required is at least version "4") 
[0.787s] -- Checking for module 'uuid'
[0.792s] --   Found uuid, version 2.37.2
[0.805s] -- Found UUID: TRUE  
[0.805s] -- Looking for ignition-msgs5 -- found version 5.8.1
[0.806s] -- Searching for dependencies of ignition-msgs5
[0.815s] -- Looking for ignition-math6 -- found version 6.15.1
[0.818s] -- Checking for module 'tinyxml2'
[0.823s] --   Found tinyxml2, version 9.0.0
[0.836s] -- Looking for ignition-msgs5 -- found version 5.8.1
[0.837s] -- Looking for ignition-common3 -- found version 3.14.0
[0.837s] -- Searching for dependencies of ignition-common3
[0.837s] -- Looking for dlfcn.h - found
[0.838s] -- Looking for libdl - found
[0.838s] -- Found DL: TRUE  
[0.844s] -- Found tinyobjloader: /usr/lib/x86_64-linux-gnu/cmake/tinyobjloader/tinyobjloader-config.cmake (found version "2.0.0") 
[0.845s] -- Searching for <ignition-common3> component [graphics]
[0.845s] -- Looking for ignition-common3-graphics -- found version 3.14.0
[0.846s] -- Searching for dependencies of ignition-common3-graphics
[0.846s] -- Looking for ignition-math6 -- found version 6.15.1
[0.847s] -- Looking for ignition-fuel_tools4 -- found version 4.4.0
[0.847s] -- Searching for dependencies of ignition-fuel_tools4
[0.883s] -- Found CURL: /usr/lib/x86_64-linux-gnu/libcurl.so (found version "7.81.0")  
[0.888s] -- Checking for module 'jsoncpp'
[0.893s] --   Found jsoncpp, version 1.9.5
[0.908s] -- Found JSONCPP: TRUE  
[0.911s] -- Checking for module 'libzip'
[0.915s] --   Found libzip, version 1.7.3
[0.928s] -- Found ZIP: TRUE  
[0.928s] -- Looking for ignition-common3 -- found version 3.14.0
[0.928s] -- Looking for ignition-math6 -- found version 6.15.1
[0.928s] -- Looking for ignition-msgs5 -- found version 5.8.1
[0.930s] -- Gazebo version: 11.10
[0.930s] -- Checking for module 'tbb'
[0.936s] --   Found tbb, version 2021.5.0
[0.950s] -- Found ament_lint_auto: 0.12.11 (/opt/ros/humble/share/ament_lint_auto/cmake)
[0.989s] -- Added test 'flake8' to check Python code syntax and style conventions
[0.990s] -- Added test 'lint_cmake' to check CMake code style
[0.990s] -- Added test 'pep257' to check Python code against some of the docstring style conventions in PEP 257
[0.993s] -- Added test 'xmllint' to check XML markup files
[0.993s] -- Configuring done
[0.996s] -- Generating done
[0.997s] -- Build files have been written to: /home/etri/pinky_bt/build/pinky_gazebo
[1.005s] Invoked command in '/home/etri/pinky_bt/build/pinky_gazebo' returned '0': CMAKE_PREFIX_PATH=/opt/ros/humble /usr/bin/cmake /home/etri/pinky_bt/src/pinky_behaviortree/pinky_gazebo -DAMENT_CMAKE_SYMLINK_INSTALL=1 -DCMAKE_INSTALL_PREFIX=/home/etri/pinky_bt/install/pinky_gazebo
[1.007s] Invoking command in '/home/etri/pinky_bt/build/pinky_gazebo': CMAKE_PREFIX_PATH=/opt/ros/humble /usr/bin/cmake --build /home/etri/pinky_bt/build/pinky_gazebo -- -j12 -l12
[1.033s] Invoked command in '/home/etri/pinky_bt/build/pinky_gazebo' returned '0': CMAKE_PREFIX_PATH=/opt/ros/humble /usr/bin/cmake --build /home/etri/pinky_bt/build/pinky_gazebo -- -j12 -l12
[1.034s] Invoking command in '/home/etri/pinky_bt/build/pinky_gazebo': CMAKE_PREFIX_PATH=/opt/ros/humble /usr/bin/cmake --install /home/etri/pinky_bt/build/pinky_gazebo
[1.038s] -- Install configuration: ""
[1.039s] -- Execute custom install script
[1.039s] -- Symlinking: /home/etri/pinky_bt/install/pinky_gazebo/share/pinky_gazebo/world/office_world.world
[1.043s] -- Symlinking: /home/etri/pinky_bt/install/pinky_gazebo/share/pinky_gazebo/world/original_office_world.world
[1.049s] -- Symlinking: /home/etri/pinky_bt/install/pinky_gazebo/share/pinky_gazebo/model/Casual female/materials/textures/brown_eye.png
[1.053s] -- Symlinking: /home/etri/pinky_bt/install/pinky_gazebo/share/pinky_gazebo/model/Casual female/materials/textures/casual_female.png
[1.057s] -- Symlinking: /home/etri/pinky_bt/install/pinky_gazebo/share/pinky_gazebo/model/Casual female/materials/textures/eyebrow002.png
[1.062s] -- Symlinking: /home/etri/pinky_bt/install/pinky_gazebo/share/pinky_gazebo/model/Casual female/materials/textures/eyelashes01.png
[1.067s] -- Symlinking: /home/etri/pinky_bt/install/pinky_gazebo/share/pinky_gazebo/model/Casual female/materials/textures/female_casualsuit01_diffuse.png
[1.071s] -- Symlinking: /home/etri/pinky_bt/install/pinky_gazebo/share/pinky_gazebo/model/Casual female/materials/textures/female_casualsuit01_normal.png
[1.076s] -- Symlinking: /home/etri/pinky_bt/install/pinky_gazebo/share/pinky_gazebo/model/Casual female/materials/textures/female_casualsuit02_diffuse.png
[1.080s] -- Symlinking: /home/etri/pinky_bt/install/pinky_gazebo/share/pinky_gazebo/model/Casual female/materials/textures/female_casualsuit02_normal.png
[1.084s] -- Symlinking: /home/etri/pinky_bt/install/pinky_gazebo/share/pinky_gazebo/model/Casual female/materials/textures/ponytail01_diffuse.png
[1.088s] -- Symlinking: /home/etri/pinky_bt/install/pinky_gazebo/share/pinky_gazebo/model/Casual female/materials/textures/shoes05_diffuse.png
[1.093s] -- Symlinking: /home/etri/pinky_bt/install/pinky_gazebo/share/pinky_gazebo/model/Casual female/materials/textures/tongue01_diffuse.png
[1.098s] -- Symlinking: /home/etri/pinky_bt/install/pinky_gazebo/share/pinky_gazebo/model/Casual female/materials/textures/young_lightskinned_female_diffuse.png
[1.102s] -- Symlinking: /home/etri/pinky_bt/install/pinky_gazebo/share/pinky_gazebo/model/Casual female/meshes/casual_female.dae
[1.107s] -- Symlinking: /home/etri/pinky_bt/install/pinky_gazebo/share/pinky_gazebo/model/Casual female/model.config
[1.111s] -- Symlinking: /home/etri/pinky_bt/install/pinky_gazebo/share/pinky_gazebo/model/Casual female/model.sdf
[1.116s] -- Symlinking: /home/etri/pinky_bt/install/pinky_gazebo/share/pinky_gazebo/model/Casual female/original_model.sdf
[1.120s] -- Symlinking: /home/etri/pinky_bt/install/pinky_gazebo/share/pinky_gazebo/model/Casual female/thumbnails/1.png
[1.125s] -- Symlinking: /home/etri/pinky_bt/install/pinky_gazebo/share/pinky_gazebo/model/Casual female/thumbnails/2.png
[1.129s] -- Symlinking: /home/etri/pinky_bt/install/pinky_gazebo/share/pinky_gazebo/model/Casual female/thumbnails/3.png
[1.133s] -- Symlinking: /home/etri/pinky_bt/install/pinky_gazebo/share/pinky_gazebo/model/Casual female/thumbnails/4.png
[1.137s] -- Symlinking: /home/etri/pinky_bt/install/pinky_gazebo/share/pinky_gazebo/model/Casual female/thumbnails/5.png
[1.141s] -- Symlinking: /home/etri/pinky_bt/install/pinky_gazebo/share/pinky_gazebo/model/Marker0/materials/textures/Marker0.png
[1.145s] -- Symlinking: /home/etri/pinky_bt/install/pinky_gazebo/share/pinky_gazebo/model/Marker0/meshes/Marker0.dae
[1.149s] -- Symlinking: /home/etri/pinky_bt/install/pinky_gazebo/share/pinky_gazebo/model/Marker0/model-1_4.sdf
[1.153s] -- Symlinking: /home/etri/pinky_bt/install/pinky_gazebo/share/pinky_gazebo/model/Marker0/model-1_5.sdf
[1.158s] -- Symlinking: /home/etri/pinky_bt/install/pinky_gazebo/share/pinky_gazebo/model/Marker0/model.config
[1.161s] -- Symlinking: /home/etri/pinky_bt/install/pinky_gazebo/share/pinky_gazebo/model/Marker0/model.sdf
[1.165s] -- Symlinking: /home/etri/pinky_bt/install/pinky_gazebo/share/pinky_gazebo/model/Marker1/materials/textures/Marker1.png
[1.169s] -- Symlinking: /home/etri/pinky_bt/install/pinky_gazebo/share/pinky_gazebo/model/Marker1/meshes/Marker1.dae
[1.173s] -- Symlinking: /home/etri/pinky_bt/install/pinky_gazebo/share/pinky_gazebo/model/Marker1/model-1_4.sdf
[1.176s] -- Symlinking: /home/etri/pinky_bt/install/pinky_gazebo/share/pinky_gazebo/model/Marker1/model-1_5.sdf
[1.180s] -- Symlinking: /home/etri/pinky_bt/install/pinky_gazebo/share/pinky_gazebo/model/Marker1/model.config
[1.184s] -- Symlinking: /home/etri/pinky_bt/install/pinky_gazebo/share/pinky_gazebo/model/Marker1/model.sdf
[1.188s] -- Symlinking: /home/etri/pinky_bt/install/pinky_gazebo/share/pinky_gazebo/model/Marker2/materials/textures/Marker2.png
[1.192s] -- Symlinking: /home/etri/pinky_bt/install/pinky_gazebo/share/pinky_gazebo/model/Marker2/meshes/Marker2.dae
[1.196s] -- Symlinking: /home/etri/pinky_bt/install/pinky_gazebo/share/pinky_gazebo/model/Marker2/model-1_4.sdf
[1.201s] -- Symlinking: /home/etri/pinky_bt/install/pinky_gazebo/share/pinky_gazebo/model/Marker2/model-1_5.sdf
[1.206s] -- Symlinking: /home/etri/pinky_bt/install/pinky_gazebo/share/pinky_gazebo/model/Marker2/model.config
[1.210s] -- Symlinking: /home/etri/pinky_bt/install/pinky_gazebo/share/pinky_gazebo/model/Marker2/model.sdf
[1.215s] -- Symlinking: /home/etri/pinky_bt/install/pinky_gazebo/share/pinky_gazebo/model/Marker3/materials/textures/Marker3.png
[1.219s] -- Symlinking: /home/etri/pinky_bt/install/pinky_gazebo/share/pinky_gazebo/model/Marker3/meshes/Marker3.dae
[1.224s] -- Symlinking: /home/etri/pinky_bt/install/pinky_gazebo/share/pinky_gazebo/model/Marker3/model-1_4.sdf
[1.228s] -- Symlinking: /home/etri/pinky_bt/install/pinky_gazebo/share/pinky_gazebo/model/Marker3/model-1_5.sdf
[1.234s] -- Symlinking: /home/etri/pinky_bt/install/pinky_gazebo/share/pinky_gazebo/model/Marker3/model.config
[1.241s] -- Symlinking: /home/etri/pinky_bt/install/pinky_gazebo/share/pinky_gazebo/model/Marker3/model.sdf
[1.246s] -- Symlinking: /home/etri/pinky_bt/install/pinky_gazebo/share/pinky_gazebo/model/Marker4/materials/textures/Marker4.png
[1.249s] -- Symlinking: /home/etri/pinky_bt/install/pinky_gazebo/share/pinky_gazebo/model/Marker4/meshes/Marker4.dae
[1.252s] -- Symlinking: /home/etri/pinky_bt/install/pinky_gazebo/share/pinky_gazebo/model/Marker4/model-1_4.sdf
[1.256s] -- Symlinking: /home/etri/pinky_bt/install/pinky_gazebo/share/pinky_gazebo/model/Marker4/model-1_5.sdf
[1.259s] -- Symlinking: /home/etri/pinky_bt/install/pinky_gazebo/share/pinky_gazebo/model/Marker4/model.config
[1.262s] -- Symlinking: /home/etri/pinky_bt/install/pinky_gazebo/share/pinky_gazebo/model/Marker4/model.sdf
[1.265s] -- Symlinking: /home/etri/pinky_bt/install/pinky_gazebo/share/pinky_gazebo/model/Table/Table_Diffuse.jpg
[1.270s] -- Symlinking: /home/etri/pinky_bt/install/pinky_gazebo/share/pinky_gazebo/model/Table/model-1_2.sdf
[1.274s] -- Symlinking: /home/etri/pinky_bt/install/pinky_gazebo/share/pinky_gazebo/model/Table/model-1_3.sdf
[1.279s] -- Symlinking: /home/etri/pinky_bt/install/pinky_gazebo/share/pinky_gazebo/model/Table/model-1_4.sdf
[1.283s] -- Symlinking: /home/etri/pinky_bt/install/pinky_gazebo/share/pinky_gazebo/model/Table/model.config
[1.287s] -- Symlinking: /home/etri/pinky_bt/install/pinky_gazebo/share/pinky_gazebo/model/Table/model.sdf
[1.291s] -- Symlinking: /home/etri/pinky_bt/install/pinky_gazebo/share/pinky_gazebo/model/Table/original_model.sdf
[1.296s] -- Symlinking: /home/etri/pinky_bt/install/pinky_gazebo/share/pinky_gazebo/model/Table/thumbnails/1.png
[1.300s] -- Symlinking: /home/etri/pinky_bt/install/pinky_gazebo/share/pinky_gazebo/model/Table/thumbnails/2.png
[1.303s] -- Symlinking: /home/etri/pinky_bt/install/pinky_gazebo/share/pinky_gazebo/model/Table/thumbnails/3.png
[1.307s] -- Symlinking: /home/etri/pinky_bt/install/pinky_gazebo/share/pinky_gazebo/model/Table/thumbnails/4.png
[1.310s] -- Symlinking: /home/etri/pinky_bt/install/pinky_gazebo/share/pinky_gazebo/model/Table/thumbnails/5.png
[1.313s] -- Symlinking: /home/etri/pinky_bt/install/pinky_gazebo/share/pinky_gazebo/model/foldable_chair/mesh/foldable_chair.dae
[1.317s] -- Symlinking: /home/etri/pinky_bt/install/pinky_gazebo/share/pinky_gazebo/model/foldable_chair/mesh/foldable_chair.png
[1.320s] -- Symlinking: /home/etri/pinky_bt/install/pinky_gazebo/share/pinky_gazebo/model/foldable_chair/model.config
[1.325s] -- Symlinking: /home/etri/pinky_bt/install/pinky_gazebo/share/pinky_gazebo/model/foldable_chair/model.sdf
[1.329s] -- Symlinking: /home/etri/pinky_bt/install/pinky_gazebo/share/pinky_gazebo/model/foldable_chair/original_model.sdf
[1.335s] -- Symlinking: /home/etri/pinky_bt/install/pinky_gazebo/share/pinky_gazebo/model/foldable_chair/thumbnails/1.png
[1.341s] -- Symlinking: /home/etri/pinky_bt/install/pinky_gazebo/share/pinky_gazebo/model/foldable_chair/thumbnails/2.png
[1.345s] -- Symlinking: /home/etri/pinky_bt/install/pinky_gazebo/share/pinky_gazebo/model/foldable_chair/thumbnails/3.png
[1.349s] -- Symlinking: /home/etri/pinky_bt/install/pinky_gazebo/share/pinky_gazebo/model/foldable_chair/thumbnails/4.png
[1.352s] -- Symlinking: /home/etri/pinky_bt/install/pinky_gazebo/share/pinky_gazebo/model/foldable_chair/thumbnails/5.png
[1.355s] -- Symlinking: /home/etri/pinky_bt/install/pinky_gazebo/share/pinky_gazebo/model/shelf/meshes/Box_paper_04_1_Base_Color.png
[1.358s] -- Symlinking: /home/etri/pinky_bt/install/pinky_gazebo/share/pinky_gazebo/model/shelf/meshes/shelf_big_movai.dae
[1.362s] -- Symlinking: /home/etri/pinky_bt/install/pinky_gazebo/share/pinky_gazebo/model/shelf/model.config
[1.365s] -- Symlinking: /home/etri/pinky_bt/install/pinky_gazebo/share/pinky_gazebo/model/shelf/model.sdf
[1.368s] -- Symlinking: /home/etri/pinky_bt/install/pinky_gazebo/share/pinky_gazebo/model/shelf/original_modl.sdf
[1.371s] -- Symlinking: /home/etri/pinky_bt/install/pinky_gazebo/share/pinky_gazebo/model/shelf/thumbnails/1.png
[1.375s] -- Symlinking: /home/etri/pinky_bt/install/pinky_gazebo/share/pinky_gazebo/model/wall/model.config
[1.379s] -- Symlinking: /home/etri/pinky_bt/install/pinky_gazebo/share/pinky_gazebo/model/wall/model.sdf
[1.383s] -- Symlinking: /home/etri/pinky_bt/install/pinky_gazebo/share/pinky_gazebo/model/wall/original_model.sdf
[1.387s] -- Symlinking: /home/etri/pinky_bt/install/pinky_gazebo/share/pinky_gazebo/launch/office_world.launch.py
[1.391s] -- Symlinking: /home/etri/pinky_bt/install/pinky_gazebo/share/pinky_gazebo/launch/pinky_upload.launch.py
[1.395s] -- Symlinking: /home/etri/pinky_bt/install/pinky_gazebo/share/pinky_gazebo/param/diff_controller.yaml
[1.400s] -- Symlinking: /home/etri/pinky_bt/install/pinky_gazebo/share/ament_index/resource_index/package_run_dependencies/pinky_gazebo
[1.404s] -- Symlinking: /home/etri/pinky_bt/install/pinky_gazebo/share/ament_index/resource_index/parent_prefix_path/pinky_gazebo
[1.409s] -- Symlinking: /home/etri/pinky_bt/install/pinky_gazebo/share/pinky_gazebo/environment/ament_prefix_path.sh
[1.413s] -- Symlinking: /home/etri/pinky_bt/install/pinky_gazebo/share/pinky_gazebo/environment/ament_prefix_path.dsv
[1.418s] -- Symlinking: /home/etri/pinky_bt/install/pinky_gazebo/share/pinky_gazebo/environment/path.sh
[1.422s] -- Symlinking: /home/etri/pinky_bt/install/pinky_gazebo/share/pinky_gazebo/environment/path.dsv
[1.427s] -- Symlinking: /home/etri/pinky_bt/install/pinky_gazebo/share/pinky_gazebo/local_setup.bash
[1.431s] -- Symlinking: /home/etri/pinky_bt/install/pinky_gazebo/share/pinky_gazebo/local_setup.sh
[1.435s] -- Symlinking: /home/etri/pinky_bt/install/pinky_gazebo/share/pinky_gazebo/local_setup.zsh
[1.440s] -- Symlinking: /home/etri/pinky_bt/install/pinky_gazebo/share/pinky_gazebo/local_setup.dsv
[1.445s] -- Symlinking: /home/etri/pinky_bt/install/pinky_gazebo/share/pinky_gazebo/package.dsv
[1.449s] -- Symlinking: /home/etri/pinky_bt/install/pinky_gazebo/share/ament_index/resource_index/packages/pinky_gazebo
[1.454s] -- Symlinking: /home/etri/pinky_bt/install/pinky_gazebo/share/pinky_gazebo/cmake/pinky_gazeboConfig.cmake
[1.458s] -- Symlinking: /home/etri/pinky_bt/install/pinky_gazebo/share/pinky_gazebo/cmake/pinky_gazeboConfig-version.cmake
[1.463s] -- Symlinking: /home/etri/pinky_bt/install/pinky_gazebo/share/pinky_gazebo/package.xml
[1.471s] Invoked command in '/home/etri/pinky_bt/build/pinky_gazebo' returned '0': CMAKE_PREFIX_PATH=/opt/ros/humble /usr/bin/cmake --install /home/etri/pinky_bt/build/pinky_gazebo
