-- Found ament_cmake: 1.3.11 (/opt/ros/humble/share/ament_cmake/cmake)
-- Override CMake install command with custom implementation using symlinks instead of copying resources
-- Found rclcpp: 16.0.11 (/opt/ros/humble/share/rclcpp/cmake)
-- Found rosidl_generator_c: 3.1.6 (/opt/ros/humble/share/rosidl_generator_c/cmake)
-- Found rosidl_adapter: 3.1.6 (/opt/ros/humble/share/rosidl_adapter/cmake)
-- Found rosidl_generator_cpp: 3.1.6 (/opt/ros/humble/share/rosidl_generator_cpp/cmake)
-- Using all available rosidl_typesupport_c: rosidl_typesupport_fastrtps_c;rosidl_typesupport_introspection_c
-- Using all available rosidl_typesupport_cpp: rosidl_typesupport_fastrtps_cpp;rosidl_typesupport_introspection_cpp
-- Found rmw_implementation_cmake: 6.1.2 (/opt/ros/humble/share/rmw_implementation_cmake/cmake)
-- Found rmw_fastrtps_cpp: 6.2.7 (/opt/ros/humble/share/rmw_fastrtps_cpp/cmake)
-- Using RMW implementation 'rmw_fastrtps_cpp' as default
-- Found gazebo_ros: 3.7.0 (/opt/ros/humble/share/gazebo_ros/cmake)
-- Found DART: /usr/include (Required is at least version "6.6") found components: dart 
-- Found Protobuf: /usr/lib/x86_64-linux-gnu/libprotobuf.so (found version "3.12.4") 
-- Looking for ignition-math6 -- found version 6.15.1
-- Searching for dependencies of ignition-math6
-- Looking for OGRE...
-- Found Ogre Ghadamon (1.9.0)
-- Found OGRE: optimized;/usr/lib/x86_64-linux-gnu/libOgreMain.so;debug;/usr/lib/x86_64-linux-gnu/libOgreMain.so
-- Looking for OGRE_Paging...
-- Found OGRE_Paging: optimized;/usr/lib/x86_64-linux-gnu/libOgrePaging.so;debug;/usr/lib/x86_64-linux-gnu/libOgrePaging.so
-- Looking for OGRE_Terrain...
-- Found OGRE_Terrain: optimized;/usr/lib/x86_64-linux-gnu/libOgreTerrain.so;debug;/usr/lib/x86_64-linux-gnu/libOgreTerrain.so
-- Looking for OGRE_Property...
-- Found OGRE_Property: optimized;/usr/lib/x86_64-linux-gnu/libOgreProperty.so;debug;/usr/lib/x86_64-linux-gnu/libOgreProperty.so
-- Looking for OGRE_RTShaderSystem...
-- Found OGRE_RTShaderSystem: optimized;/usr/lib/x86_64-linux-gnu/libOgreRTShaderSystem.so;debug;/usr/lib/x86_64-linux-gnu/libOgreRTShaderSystem.so
-- Looking for OGRE_Volume...
-- Found OGRE_Volume: optimized;/usr/lib/x86_64-linux-gnu/libOgreVolume.so;debug;/usr/lib/x86_64-linux-gnu/libOgreVolume.so
-- Looking for OGRE_Overlay...
-- Found OGRE_Overlay: optimized;/usr/lib/x86_64-linux-gnu/libOgreOverlay.so;debug;/usr/lib/x86_64-linux-gnu/libOgreOverlay.so
-- Looking for ignition-math6 -- found version 6.15.1
-- Looking for ignition-transport8 -- found version 8.2.1
-- Searching for dependencies of ignition-transport8
-- Found Protobuf: /usr/lib/x86_64-linux-gnu/libprotobuf.so (found suitable version "3.12.4", minimum required is "3") 
-- Config-file not installed for ZeroMQ -- checking for pkg-config
-- Checking for module 'libzmq >= 4'
--   Found libzmq , version 4.3.4
-- Checking for module 'uuid'
--   Found uuid, version 2.37.2
-- Looking for ignition-msgs5 -- found version 5.8.1
-- Searching for dependencies of ignition-msgs5
-- Looking for ignition-math6 -- found version 6.15.1
-- Checking for module 'tinyxml2'
--   Found tinyxml2, version 9.0.0
-- Looking for ignition-msgs5 -- found version 5.8.1
-- Looking for ignition-common3 -- found version 3.14.0
-- Searching for dependencies of ignition-common3
-- Looking for dlfcn.h - found
-- Looking for libdl - found
-- Searching for <ignition-common3> component [graphics]
-- Looking for ignition-common3-graphics -- found version 3.14.0
-- Searching for dependencies of ignition-common3-graphics
-- Looking for ignition-math6 -- found version 6.15.1
-- Looking for ignition-fuel_tools4 -- found version 4.4.0
-- Searching for dependencies of ignition-fuel_tools4
-- Checking for module 'jsoncpp'
--   Found jsoncpp, version 1.9.5
-- Checking for module 'libzip'
--   Found libzip, version 1.7.3
-- Looking for ignition-common3 -- found version 3.14.0
-- Looking for ignition-math6 -- found version 6.15.1
-- Looking for ignition-msgs5 -- found version 5.8.1
-- Gazebo version: 11.10
-- Found ament_lint_auto: 0.12.11 (/opt/ros/humble/share/ament_lint_auto/cmake)
-- Added test 'flake8' to check Python code syntax and style conventions
-- Added test 'lint_cmake' to check CMake code style
-- Added test 'pep257' to check Python code against some of the docstring style conventions in PEP 257
-- Added test 'xmllint' to check XML markup files
-- Configuring done
-- Generating done
-- Build files have been written to: /home/etri/pinky_bt/build/pinky_gazebo
-- Install configuration: ""
-- Execute custom install script
-- Up-to-date symlink: /home/etri/pinky_bt/install/pinky_gazebo/share/pinky_gazebo/world/office_world.world
-- Up-to-date symlink: /home/etri/pinky_bt/install/pinky_gazebo/share/pinky_gazebo/world/original_office_world.world
-- Up-to-date symlink: /home/etri/pinky_bt/install/pinky_gazebo/share/pinky_gazebo/model/Casual female/materials/textures/brown_eye.png
-- Up-to-date symlink: /home/etri/pinky_bt/install/pinky_gazebo/share/pinky_gazebo/model/Casual female/materials/textures/casual_female.png
-- Up-to-date symlink: /home/etri/pinky_bt/install/pinky_gazebo/share/pinky_gazebo/model/Casual female/materials/textures/eyebrow002.png
-- Up-to-date symlink: /home/etri/pinky_bt/install/pinky_gazebo/share/pinky_gazebo/model/Casual female/materials/textures/eyelashes01.png
-- Up-to-date symlink: /home/etri/pinky_bt/install/pinky_gazebo/share/pinky_gazebo/model/Casual female/materials/textures/female_casualsuit01_diffuse.png
-- Up-to-date symlink: /home/etri/pinky_bt/install/pinky_gazebo/share/pinky_gazebo/model/Casual female/materials/textures/female_casualsuit01_normal.png
-- Up-to-date symlink: /home/etri/pinky_bt/install/pinky_gazebo/share/pinky_gazebo/model/Casual female/materials/textures/female_casualsuit02_diffuse.png
-- Up-to-date symlink: /home/etri/pinky_bt/install/pinky_gazebo/share/pinky_gazebo/model/Casual female/materials/textures/female_casualsuit02_normal.png
-- Up-to-date symlink: /home/etri/pinky_bt/install/pinky_gazebo/share/pinky_gazebo/model/Casual female/materials/textures/ponytail01_diffuse.png
-- Up-to-date symlink: /home/etri/pinky_bt/install/pinky_gazebo/share/pinky_gazebo/model/Casual female/materials/textures/shoes05_diffuse.png
-- Up-to-date symlink: /home/etri/pinky_bt/install/pinky_gazebo/share/pinky_gazebo/model/Casual female/materials/textures/tongue01_diffuse.png
-- Up-to-date symlink: /home/etri/pinky_bt/install/pinky_gazebo/share/pinky_gazebo/model/Casual female/materials/textures/young_lightskinned_female_diffuse.png
-- Up-to-date symlink: /home/etri/pinky_bt/install/pinky_gazebo/share/pinky_gazebo/model/Casual female/meshes/casual_female.dae
-- Up-to-date symlink: /home/etri/pinky_bt/install/pinky_gazebo/share/pinky_gazebo/model/Casual female/model.config
-- Up-to-date symlink: /home/etri/pinky_bt/install/pinky_gazebo/share/pinky_gazebo/model/Casual female/model.sdf
-- Up-to-date symlink: /home/etri/pinky_bt/install/pinky_gazebo/share/pinky_gazebo/model/Casual female/original_model.sdf
-- Up-to-date symlink: /home/etri/pinky_bt/install/pinky_gazebo/share/pinky_gazebo/model/Casual female/thumbnails/1.png
-- Up-to-date symlink: /home/etri/pinky_bt/install/pinky_gazebo/share/pinky_gazebo/model/Casual female/thumbnails/2.png
-- Up-to-date symlink: /home/etri/pinky_bt/install/pinky_gazebo/share/pinky_gazebo/model/Casual female/thumbnails/3.png
-- Up-to-date symlink: /home/etri/pinky_bt/install/pinky_gazebo/share/pinky_gazebo/model/Casual female/thumbnails/4.png
-- Up-to-date symlink: /home/etri/pinky_bt/install/pinky_gazebo/share/pinky_gazebo/model/Casual female/thumbnails/5.png
-- Up-to-date symlink: /home/etri/pinky_bt/install/pinky_gazebo/share/pinky_gazebo/model/Marker0/materials/textures/Marker0.png
-- Up-to-date symlink: /home/etri/pinky_bt/install/pinky_gazebo/share/pinky_gazebo/model/Marker0/meshes/Marker0.dae
-- Up-to-date symlink: /home/etri/pinky_bt/install/pinky_gazebo/share/pinky_gazebo/model/Marker0/model-1_4.sdf
-- Up-to-date symlink: /home/etri/pinky_bt/install/pinky_gazebo/share/pinky_gazebo/model/Marker0/model-1_5.sdf
-- Up-to-date symlink: /home/etri/pinky_bt/install/pinky_gazebo/share/pinky_gazebo/model/Marker0/model.config
-- Up-to-date symlink: /home/etri/pinky_bt/install/pinky_gazebo/share/pinky_gazebo/model/Marker0/model.sdf
-- Up-to-date symlink: /home/etri/pinky_bt/install/pinky_gazebo/share/pinky_gazebo/model/Marker1/materials/textures/Marker1.png
-- Up-to-date symlink: /home/etri/pinky_bt/install/pinky_gazebo/share/pinky_gazebo/model/Marker1/meshes/Marker1.dae
-- Up-to-date symlink: /home/etri/pinky_bt/install/pinky_gazebo/share/pinky_gazebo/model/Marker1/model-1_4.sdf
-- Up-to-date symlink: /home/etri/pinky_bt/install/pinky_gazebo/share/pinky_gazebo/model/Marker1/model-1_5.sdf
-- Up-to-date symlink: /home/etri/pinky_bt/install/pinky_gazebo/share/pinky_gazebo/model/Marker1/model.config
-- Up-to-date symlink: /home/etri/pinky_bt/install/pinky_gazebo/share/pinky_gazebo/model/Marker1/model.sdf
-- Up-to-date symlink: /home/etri/pinky_bt/install/pinky_gazebo/share/pinky_gazebo/model/Marker2/materials/textures/Marker2.png
-- Up-to-date symlink: /home/etri/pinky_bt/install/pinky_gazebo/share/pinky_gazebo/model/Marker2/meshes/Marker2.dae
-- Up-to-date symlink: /home/etri/pinky_bt/install/pinky_gazebo/share/pinky_gazebo/model/Marker2/model-1_4.sdf
-- Up-to-date symlink: /home/etri/pinky_bt/install/pinky_gazebo/share/pinky_gazebo/model/Marker2/model-1_5.sdf
-- Up-to-date symlink: /home/etri/pinky_bt/install/pinky_gazebo/share/pinky_gazebo/model/Marker2/model.config
-- Up-to-date symlink: /home/etri/pinky_bt/install/pinky_gazebo/share/pinky_gazebo/model/Marker2/model.sdf
-- Up-to-date symlink: /home/etri/pinky_bt/install/pinky_gazebo/share/pinky_gazebo/model/Marker3/materials/textures/Marker3.png
-- Up-to-date symlink: /home/etri/pinky_bt/install/pinky_gazebo/share/pinky_gazebo/model/Marker3/meshes/Marker3.dae
-- Up-to-date symlink: /home/etri/pinky_bt/install/pinky_gazebo/share/pinky_gazebo/model/Marker3/model-1_4.sdf
-- Up-to-date symlink: /home/etri/pinky_bt/install/pinky_gazebo/share/pinky_gazebo/model/Marker3/model-1_5.sdf
-- Up-to-date symlink: /home/etri/pinky_bt/install/pinky_gazebo/share/pinky_gazebo/model/Marker3/model.config
-- Up-to-date symlink: /home/etri/pinky_bt/install/pinky_gazebo/share/pinky_gazebo/model/Marker3/model.sdf
-- Up-to-date symlink: /home/etri/pinky_bt/install/pinky_gazebo/share/pinky_gazebo/model/Marker4/materials/textures/Marker4.png
-- Up-to-date symlink: /home/etri/pinky_bt/install/pinky_gazebo/share/pinky_gazebo/model/Marker4/meshes/Marker4.dae
-- Up-to-date symlink: /home/etri/pinky_bt/install/pinky_gazebo/share/pinky_gazebo/model/Marker4/model-1_4.sdf
-- Up-to-date symlink: /home/etri/pinky_bt/install/pinky_gazebo/share/pinky_gazebo/model/Marker4/model-1_5.sdf
-- Up-to-date symlink: /home/etri/pinky_bt/install/pinky_gazebo/share/pinky_gazebo/model/Marker4/model.config
-- Up-to-date symlink: /home/etri/pinky_bt/install/pinky_gazebo/share/pinky_gazebo/model/Marker4/model.sdf
-- Up-to-date symlink: /home/etri/pinky_bt/install/pinky_gazebo/share/pinky_gazebo/model/Table/Table_Diffuse.jpg
-- Up-to-date symlink: /home/etri/pinky_bt/install/pinky_gazebo/share/pinky_gazebo/model/Table/model-1_2.sdf
-- Up-to-date symlink: /home/etri/pinky_bt/install/pinky_gazebo/share/pinky_gazebo/model/Table/model-1_3.sdf
-- Up-to-date symlink: /home/etri/pinky_bt/install/pinky_gazebo/share/pinky_gazebo/model/Table/model-1_4.sdf
-- Up-to-date symlink: /home/etri/pinky_bt/install/pinky_gazebo/share/pinky_gazebo/model/Table/model.config
-- Up-to-date symlink: /home/etri/pinky_bt/install/pinky_gazebo/share/pinky_gazebo/model/Table/model.sdf
-- Up-to-date symlink: /home/etri/pinky_bt/install/pinky_gazebo/share/pinky_gazebo/model/Table/original_model.sdf
-- Up-to-date symlink: /home/etri/pinky_bt/install/pinky_gazebo/share/pinky_gazebo/model/Table/thumbnails/1.png
-- Up-to-date symlink: /home/etri/pinky_bt/install/pinky_gazebo/share/pinky_gazebo/model/Table/thumbnails/2.png
-- Up-to-date symlink: /home/etri/pinky_bt/install/pinky_gazebo/share/pinky_gazebo/model/Table/thumbnails/3.png
-- Up-to-date symlink: /home/etri/pinky_bt/install/pinky_gazebo/share/pinky_gazebo/model/Table/thumbnails/4.png
-- Up-to-date symlink: /home/etri/pinky_bt/install/pinky_gazebo/share/pinky_gazebo/model/Table/thumbnails/5.png
-- Up-to-date symlink: /home/etri/pinky_bt/install/pinky_gazebo/share/pinky_gazebo/model/foldable_chair/mesh/foldable_chair.dae
-- Up-to-date symlink: /home/etri/pinky_bt/install/pinky_gazebo/share/pinky_gazebo/model/foldable_chair/mesh/foldable_chair.png
-- Up-to-date symlink: /home/etri/pinky_bt/install/pinky_gazebo/share/pinky_gazebo/model/foldable_chair/model.config
-- Up-to-date symlink: /home/etri/pinky_bt/install/pinky_gazebo/share/pinky_gazebo/model/foldable_chair/model.sdf
-- Up-to-date symlink: /home/etri/pinky_bt/install/pinky_gazebo/share/pinky_gazebo/model/foldable_chair/original_model.sdf
-- Up-to-date symlink: /home/etri/pinky_bt/install/pinky_gazebo/share/pinky_gazebo/model/foldable_chair/thumbnails/1.png
-- Up-to-date symlink: /home/etri/pinky_bt/install/pinky_gazebo/share/pinky_gazebo/model/foldable_chair/thumbnails/2.png
-- Up-to-date symlink: /home/etri/pinky_bt/install/pinky_gazebo/share/pinky_gazebo/model/foldable_chair/thumbnails/3.png
-- Up-to-date symlink: /home/etri/pinky_bt/install/pinky_gazebo/share/pinky_gazebo/model/foldable_chair/thumbnails/4.png
-- Up-to-date symlink: /home/etri/pinky_bt/install/pinky_gazebo/share/pinky_gazebo/model/foldable_chair/thumbnails/5.png
-- Up-to-date symlink: /home/etri/pinky_bt/install/pinky_gazebo/share/pinky_gazebo/model/shelf/meshes/Box_paper_04_1_Base_Color.png
-- Up-to-date symlink: /home/etri/pinky_bt/install/pinky_gazebo/share/pinky_gazebo/model/shelf/meshes/shelf_big_movai.dae
-- Up-to-date symlink: /home/etri/pinky_bt/install/pinky_gazebo/share/pinky_gazebo/model/shelf/model.config
-- Up-to-date symlink: /home/etri/pinky_bt/install/pinky_gazebo/share/pinky_gazebo/model/shelf/model.sdf
-- Up-to-date symlink: /home/etri/pinky_bt/install/pinky_gazebo/share/pinky_gazebo/model/shelf/original_modl.sdf
-- Up-to-date symlink: /home/etri/pinky_bt/install/pinky_gazebo/share/pinky_gazebo/model/shelf/thumbnails/1.png
-- Up-to-date symlink: /home/etri/pinky_bt/install/pinky_gazebo/share/pinky_gazebo/model/wall/model.config
-- Up-to-date symlink: /home/etri/pinky_bt/install/pinky_gazebo/share/pinky_gazebo/model/wall/model.sdf
-- Up-to-date symlink: /home/etri/pinky_bt/install/pinky_gazebo/share/pinky_gazebo/model/wall/original_model.sdf
-- Up-to-date symlink: /home/etri/pinky_bt/install/pinky_gazebo/share/pinky_gazebo/launch/office_world.launch.py
-- Up-to-date symlink: /home/etri/pinky_bt/install/pinky_gazebo/share/pinky_gazebo/launch/pinky_upload.launch.py
-- Up-to-date symlink: /home/etri/pinky_bt/install/pinky_gazebo/share/pinky_gazebo/param/diff_controller.yaml
-- Up-to-date symlink: /home/etri/pinky_bt/install/pinky_gazebo/share/ament_index/resource_index/package_run_dependencies/pinky_gazebo
-- Up-to-date symlink: /home/etri/pinky_bt/install/pinky_gazebo/share/ament_index/resource_index/parent_prefix_path/pinky_gazebo
-- Up-to-date symlink: /home/etri/pinky_bt/install/pinky_gazebo/share/pinky_gazebo/environment/ament_prefix_path.sh
-- Up-to-date symlink: /home/etri/pinky_bt/install/pinky_gazebo/share/pinky_gazebo/environment/ament_prefix_path.dsv
-- Up-to-date symlink: /home/etri/pinky_bt/install/pinky_gazebo/share/pinky_gazebo/environment/path.sh
-- Up-to-date symlink: /home/etri/pinky_bt/install/pinky_gazebo/share/pinky_gazebo/environment/path.dsv
-- Up-to-date symlink: /home/etri/pinky_bt/install/pinky_gazebo/share/pinky_gazebo/local_setup.bash
-- Up-to-date symlink: /home/etri/pinky_bt/install/pinky_gazebo/share/pinky_gazebo/local_setup.sh
-- Up-to-date symlink: /home/etri/pinky_bt/install/pinky_gazebo/share/pinky_gazebo/local_setup.zsh
-- Up-to-date symlink: /home/etri/pinky_bt/install/pinky_gazebo/share/pinky_gazebo/local_setup.dsv
-- Symlinking: /home/etri/pinky_bt/install/pinky_gazebo/share/pinky_gazebo/package.dsv
-- Up-to-date symlink: /home/etri/pinky_bt/install/pinky_gazebo/share/ament_index/resource_index/packages/pinky_gazebo
-- Up-to-date symlink: /home/etri/pinky_bt/install/pinky_gazebo/share/pinky_gazebo/cmake/pinky_gazeboConfig.cmake
-- Up-to-date symlink: /home/etri/pinky_bt/install/pinky_gazebo/share/pinky_gazebo/cmake/pinky_gazeboConfig-version.cmake
-- Up-to-date symlink: /home/etri/pinky_bt/install/pinky_gazebo/share/pinky_gazebo/package.xml
