[0.030s] Invoking command in '/home/etri/pinky_bt/build/pinky_gazebo': CMAKE_PREFIX_PATH=${CMAKE_PREFIX_PATH}:/home/etri/pinky_bt/install/pinky_slam:/opt/ros/humble /usr/bin/cmake /home/etri/pinky_bt/src/pinky_behaviortree/pinky_gazebo -DAMENT_CMAKE_SYMLINK_INSTALL=1 -DCMAKE_INSTALL_PREFIX=/home/etri/pinky_bt/install/pinky_gazebo
[0.239s] -- Found ament_cmake: 1.3.11 (/opt/ros/humble/share/ament_cmake/cmake)
[0.239s] -- Override CMake install command with custom implementation using symlinks instead of copying resources
[0.239s] -- Found rclcpp: 16.0.11 (/opt/ros/humble/share/rclcpp/cmake)
[0.239s] -- Found rosidl_generator_c: 3.1.6 (/opt/ros/humble/share/rosidl_generator_c/cmake)
[0.239s] -- Found rosidl_adapter: 3.1.6 (/opt/ros/humble/share/rosidl_adapter/cmake)
[0.239s] -- Found rosidl_generator_cpp: 3.1.6 (/opt/ros/humble/share/rosidl_generator_cpp/cmake)
[0.239s] -- Using all available rosidl_typesupport_c: rosidl_typesupport_fastrtps_c;rosidl_typesupport_introspection_c
[0.239s] -- Using all available rosidl_typesupport_cpp: rosidl_typesupport_fastrtps_cpp;rosidl_typesupport_introspection_cpp
[0.239s] -- Found rmw_implementation_cmake: 6.1.2 (/opt/ros/humble/share/rmw_implementation_cmake/cmake)
[0.239s] -- Found rmw_fastrtps_cpp: 6.2.7 (/opt/ros/humble/share/rmw_fastrtps_cpp/cmake)
[0.275s] -- Using RMW implementation 'rmw_fastrtps_cpp' as default
[0.314s] -- Found gazebo_ros: 3.7.0 (/opt/ros/humble/share/gazebo_ros/cmake)
[0.342s] -- Found DART: /usr/include (Required is at least version "6.6") found components: dart 
[0.364s] -- Found Protobuf: /usr/lib/x86_64-linux-gnu/libprotobuf.so (found version "3.12.4") 
[0.370s] -- Looking for ignition-math6 -- found version 6.15.1
[0.370s] -- Searching for dependencies of ignition-math6
[0.371s] -- Looking for OGRE...
[0.378s] -- Found Ogre Ghadamon (1.9.0)
[0.378s] -- Found OGRE: optimized;/usr/lib/x86_64-linux-gnu/libOgreMain.so;debug;/usr/lib/x86_64-linux-gnu/libOgreMain.so
[0.386s] -- Looking for OGRE_Paging...
[0.387s] -- Found OGRE_Paging: optimized;/usr/lib/x86_64-linux-gnu/libOgrePaging.so;debug;/usr/lib/x86_64-linux-gnu/libOgrePaging.so
[0.387s] -- Looking for OGRE_Terrain...
[0.387s] -- Found OGRE_Terrain: optimized;/usr/lib/x86_64-linux-gnu/libOgreTerrain.so;debug;/usr/lib/x86_64-linux-gnu/libOgreTerrain.so
[0.387s] -- Looking for OGRE_Property...
[0.387s] -- Found OGRE_Property: optimized;/usr/lib/x86_64-linux-gnu/libOgreProperty.so;debug;/usr/lib/x86_64-linux-gnu/libOgreProperty.so
[0.387s] -- Looking for OGRE_RTShaderSystem...
[0.387s] -- Found OGRE_RTShaderSystem: optimized;/usr/lib/x86_64-linux-gnu/libOgreRTShaderSystem.so;debug;/usr/lib/x86_64-linux-gnu/libOgreRTShaderSystem.so
[0.387s] -- Looking for OGRE_Volume...
[0.387s] -- Found OGRE_Volume: optimized;/usr/lib/x86_64-linux-gnu/libOgreVolume.so;debug;/usr/lib/x86_64-linux-gnu/libOgreVolume.so
[0.387s] -- Looking for OGRE_Overlay...
[0.387s] -- Found OGRE_Overlay: optimized;/usr/lib/x86_64-linux-gnu/libOgreOverlay.so;debug;/usr/lib/x86_64-linux-gnu/libOgreOverlay.so
[0.496s] -- Looking for ignition-math6 -- found version 6.15.1
[0.496s] -- Looking for ignition-transport8 -- found version 8.2.1
[0.496s] -- Searching for dependencies of ignition-transport8
[0.510s] -- Found Protobuf: /usr/lib/x86_64-linux-gnu/libprotobuf.so (found suitable version "3.12.4", minimum required is "3") 
[0.518s] -- Config-file not installed for ZeroMQ -- checking for pkg-config
[0.524s] -- Checking for module 'libzmq >= 4'
[0.542s] --   Found libzmq , version 4.3.4
[0.586s] -- Checking for module 'uuid'
[0.599s] --   Found uuid, version 2.37.2
[0.625s] -- Looking for ignition-msgs5 -- found version 5.8.1
[0.625s] -- Searching for dependencies of ignition-msgs5
[0.639s] -- Looking for ignition-math6 -- found version 6.15.1
[0.644s] -- Checking for module 'tinyxml2'
[0.654s] --   Found tinyxml2, version 9.0.0
[0.677s] -- Looking for ignition-msgs5 -- found version 5.8.1
[0.677s] -- Looking for ignition-common3 -- found version 3.14.0
[0.678s] -- Searching for dependencies of ignition-common3
[0.678s] -- Looking for dlfcn.h - found
[0.678s] -- Looking for libdl - found
[0.686s] -- Searching for <ignition-common3> component [graphics]
[0.686s] -- Looking for ignition-common3-graphics -- found version 3.14.0
[0.687s] -- Searching for dependencies of ignition-common3-graphics
[0.687s] -- Looking for ignition-math6 -- found version 6.15.1
[0.688s] -- Looking for ignition-fuel_tools4 -- found version 4.4.0
[0.688s] -- Searching for dependencies of ignition-fuel_tools4
[0.715s] -- Checking for module 'jsoncpp'
[0.726s] --   Found jsoncpp, version 1.9.5
[0.778s] -- Checking for module 'libzip'
[0.787s] --   Found libzip, version 1.7.3
[0.808s] -- Looking for ignition-common3 -- found version 3.14.0
[0.808s] -- Looking for ignition-math6 -- found version 6.15.1
[0.809s] -- Looking for ignition-msgs5 -- found version 5.8.1
[0.810s] -- Gazebo version: 11.10
[0.813s] -- Found ament_lint_auto: 0.12.11 (/opt/ros/humble/share/ament_lint_auto/cmake)
[0.867s] -- Added test 'flake8' to check Python code syntax and style conventions
[0.868s] -- Added test 'lint_cmake' to check CMake code style
[0.868s] -- Added test 'pep257' to check Python code against some of the docstring style conventions in PEP 257
[0.873s] -- Added test 'xmllint' to check XML markup files
[0.873s] -- Configuring done
[0.878s] -- Generating done
[0.880s] -- Build files have been written to: /home/etri/pinky_bt/build/pinky_gazebo
[0.891s] Invoked command in '/home/etri/pinky_bt/build/pinky_gazebo' returned '0': CMAKE_PREFIX_PATH=${CMAKE_PREFIX_PATH}:/home/etri/pinky_bt/install/pinky_slam:/opt/ros/humble /usr/bin/cmake /home/etri/pinky_bt/src/pinky_behaviortree/pinky_gazebo -DAMENT_CMAKE_SYMLINK_INSTALL=1 -DCMAKE_INSTALL_PREFIX=/home/etri/pinky_bt/install/pinky_gazebo
[0.892s] Invoking command in '/home/etri/pinky_bt/build/pinky_gazebo': CMAKE_PREFIX_PATH=${CMAKE_PREFIX_PATH}:/home/etri/pinky_bt/install/pinky_slam:/opt/ros/humble /usr/bin/cmake --build /home/etri/pinky_bt/build/pinky_gazebo -- -j12 -l12
[0.922s] Invoked command in '/home/etri/pinky_bt/build/pinky_gazebo' returned '0': CMAKE_PREFIX_PATH=${CMAKE_PREFIX_PATH}:/home/etri/pinky_bt/install/pinky_slam:/opt/ros/humble /usr/bin/cmake --build /home/etri/pinky_bt/build/pinky_gazebo -- -j12 -l12
[0.923s] Invoking command in '/home/etri/pinky_bt/build/pinky_gazebo': CMAKE_PREFIX_PATH=${CMAKE_PREFIX_PATH}:/home/etri/pinky_bt/install/pinky_slam:/opt/ros/humble /usr/bin/cmake --install /home/etri/pinky_bt/build/pinky_gazebo
[0.931s] -- Install configuration: ""
[0.931s] -- Execute custom install script
[0.931s] -- Up-to-date symlink: /home/etri/pinky_bt/install/pinky_gazebo/share/pinky_gazebo/world/office_world.world
[0.931s] -- Up-to-date symlink: /home/etri/pinky_bt/install/pinky_gazebo/share/pinky_gazebo/world/original_office_world.world
[0.933s] -- Up-to-date symlink: /home/etri/pinky_bt/install/pinky_gazebo/share/pinky_gazebo/model/Casual female/materials/textures/brown_eye.png
[0.933s] -- Up-to-date symlink: /home/etri/pinky_bt/install/pinky_gazebo/share/pinky_gazebo/model/Casual female/materials/textures/casual_female.png
[0.933s] -- Up-to-date symlink: /home/etri/pinky_bt/install/pinky_gazebo/share/pinky_gazebo/model/Casual female/materials/textures/eyebrow002.png
[0.933s] -- Up-to-date symlink: /home/etri/pinky_bt/install/pinky_gazebo/share/pinky_gazebo/model/Casual female/materials/textures/eyelashes01.png
[0.933s] -- Up-to-date symlink: /home/etri/pinky_bt/install/pinky_gazebo/share/pinky_gazebo/model/Casual female/materials/textures/female_casualsuit01_diffuse.png
[0.933s] -- Up-to-date symlink: /home/etri/pinky_bt/install/pinky_gazebo/share/pinky_gazebo/model/Casual female/materials/textures/female_casualsuit01_normal.png
[0.933s] -- Up-to-date symlink: /home/etri/pinky_bt/install/pinky_gazebo/share/pinky_gazebo/model/Casual female/materials/textures/female_casualsuit02_diffuse.png
[0.933s] -- Up-to-date symlink: /home/etri/pinky_bt/install/pinky_gazebo/share/pinky_gazebo/model/Casual female/materials/textures/female_casualsuit02_normal.png
[0.933s] -- Up-to-date symlink: /home/etri/pinky_bt/install/pinky_gazebo/share/pinky_gazebo/model/Casual female/materials/textures/ponytail01_diffuse.png
[0.933s] -- Up-to-date symlink: /home/etri/pinky_bt/install/pinky_gazebo/share/pinky_gazebo/model/Casual female/materials/textures/shoes05_diffuse.png
[0.933s] -- Up-to-date symlink: /home/etri/pinky_bt/install/pinky_gazebo/share/pinky_gazebo/model/Casual female/materials/textures/tongue01_diffuse.png
[0.933s] -- Up-to-date symlink: /home/etri/pinky_bt/install/pinky_gazebo/share/pinky_gazebo/model/Casual female/materials/textures/young_lightskinned_female_diffuse.png
[0.933s] -- Up-to-date symlink: /home/etri/pinky_bt/install/pinky_gazebo/share/pinky_gazebo/model/Casual female/meshes/casual_female.dae
[0.933s] -- Up-to-date symlink: /home/etri/pinky_bt/install/pinky_gazebo/share/pinky_gazebo/model/Casual female/model.config
[0.933s] -- Up-to-date symlink: /home/etri/pinky_bt/install/pinky_gazebo/share/pinky_gazebo/model/Casual female/model.sdf
[0.933s] -- Up-to-date symlink: /home/etri/pinky_bt/install/pinky_gazebo/share/pinky_gazebo/model/Casual female/original_model.sdf
[0.933s] -- Up-to-date symlink: /home/etri/pinky_bt/install/pinky_gazebo/share/pinky_gazebo/model/Casual female/thumbnails/1.png
[0.933s] -- Up-to-date symlink: /home/etri/pinky_bt/install/pinky_gazebo/share/pinky_gazebo/model/Casual female/thumbnails/2.png
[0.933s] -- Up-to-date symlink: /home/etri/pinky_bt/install/pinky_gazebo/share/pinky_gazebo/model/Casual female/thumbnails/3.png
[0.934s] -- Up-to-date symlink: /home/etri/pinky_bt/install/pinky_gazebo/share/pinky_gazebo/model/Casual female/thumbnails/4.png
[0.934s] -- Up-to-date symlink: /home/etri/pinky_bt/install/pinky_gazebo/share/pinky_gazebo/model/Casual female/thumbnails/5.png
[0.934s] -- Up-to-date symlink: /home/etri/pinky_bt/install/pinky_gazebo/share/pinky_gazebo/model/Marker0/materials/textures/Marker0.png
[0.934s] -- Up-to-date symlink: /home/etri/pinky_bt/install/pinky_gazebo/share/pinky_gazebo/model/Marker0/meshes/Marker0.dae
[0.934s] -- Up-to-date symlink: /home/etri/pinky_bt/install/pinky_gazebo/share/pinky_gazebo/model/Marker0/model-1_4.sdf
[0.934s] -- Up-to-date symlink: /home/etri/pinky_bt/install/pinky_gazebo/share/pinky_gazebo/model/Marker0/model-1_5.sdf
[0.934s] -- Up-to-date symlink: /home/etri/pinky_bt/install/pinky_gazebo/share/pinky_gazebo/model/Marker0/model.config
[0.934s] -- Up-to-date symlink: /home/etri/pinky_bt/install/pinky_gazebo/share/pinky_gazebo/model/Marker0/model.sdf
[0.934s] -- Up-to-date symlink: /home/etri/pinky_bt/install/pinky_gazebo/share/pinky_gazebo/model/Marker1/materials/textures/Marker1.png
[0.934s] -- Up-to-date symlink: /home/etri/pinky_bt/install/pinky_gazebo/share/pinky_gazebo/model/Marker1/meshes/Marker1.dae
[0.934s] -- Up-to-date symlink: /home/etri/pinky_bt/install/pinky_gazebo/share/pinky_gazebo/model/Marker1/model-1_4.sdf
[0.934s] -- Up-to-date symlink: /home/etri/pinky_bt/install/pinky_gazebo/share/pinky_gazebo/model/Marker1/model-1_5.sdf
[0.934s] -- Up-to-date symlink: /home/etri/pinky_bt/install/pinky_gazebo/share/pinky_gazebo/model/Marker1/model.config
[0.934s] -- Up-to-date symlink: /home/etri/pinky_bt/install/pinky_gazebo/share/pinky_gazebo/model/Marker1/model.sdf
[0.935s] -- Up-to-date symlink: /home/etri/pinky_bt/install/pinky_gazebo/share/pinky_gazebo/model/Marker2/materials/textures/Marker2.png
[0.935s] -- Up-to-date symlink: /home/etri/pinky_bt/install/pinky_gazebo/share/pinky_gazebo/model/Marker2/meshes/Marker2.dae
[0.935s] -- Up-to-date symlink: /home/etri/pinky_bt/install/pinky_gazebo/share/pinky_gazebo/model/Marker2/model-1_4.sdf
[0.935s] -- Up-to-date symlink: /home/etri/pinky_bt/install/pinky_gazebo/share/pinky_gazebo/model/Marker2/model-1_5.sdf
[0.935s] -- Up-to-date symlink: /home/etri/pinky_bt/install/pinky_gazebo/share/pinky_gazebo/model/Marker2/model.config
[0.935s] -- Up-to-date symlink: /home/etri/pinky_bt/install/pinky_gazebo/share/pinky_gazebo/model/Marker2/model.sdf
[0.935s] -- Up-to-date symlink: /home/etri/pinky_bt/install/pinky_gazebo/share/pinky_gazebo/model/Marker3/materials/textures/Marker3.png
[0.935s] -- Up-to-date symlink: /home/etri/pinky_bt/install/pinky_gazebo/share/pinky_gazebo/model/Marker3/meshes/Marker3.dae
[0.935s] -- Up-to-date symlink: /home/etri/pinky_bt/install/pinky_gazebo/share/pinky_gazebo/model/Marker3/model-1_4.sdf
[0.935s] -- Up-to-date symlink: /home/etri/pinky_bt/install/pinky_gazebo/share/pinky_gazebo/model/Marker3/model-1_5.sdf
[0.935s] -- Up-to-date symlink: /home/etri/pinky_bt/install/pinky_gazebo/share/pinky_gazebo/model/Marker3/model.config
[0.935s] -- Up-to-date symlink: /home/etri/pinky_bt/install/pinky_gazebo/share/pinky_gazebo/model/Marker3/model.sdf
[0.935s] -- Up-to-date symlink: /home/etri/pinky_bt/install/pinky_gazebo/share/pinky_gazebo/model/Marker4/materials/textures/Marker4.png
[0.935s] -- Up-to-date symlink: /home/etri/pinky_bt/install/pinky_gazebo/share/pinky_gazebo/model/Marker4/meshes/Marker4.dae
[0.935s] -- Up-to-date symlink: /home/etri/pinky_bt/install/pinky_gazebo/share/pinky_gazebo/model/Marker4/model-1_4.sdf
[0.935s] -- Up-to-date symlink: /home/etri/pinky_bt/install/pinky_gazebo/share/pinky_gazebo/model/Marker4/model-1_5.sdf
[0.935s] -- Up-to-date symlink: /home/etri/pinky_bt/install/pinky_gazebo/share/pinky_gazebo/model/Marker4/model.config
[0.935s] -- Up-to-date symlink: /home/etri/pinky_bt/install/pinky_gazebo/share/pinky_gazebo/model/Marker4/model.sdf
[0.936s] -- Up-to-date symlink: /home/etri/pinky_bt/install/pinky_gazebo/share/pinky_gazebo/model/Table/Table_Diffuse.jpg
[0.936s] -- Up-to-date symlink: /home/etri/pinky_bt/install/pinky_gazebo/share/pinky_gazebo/model/Table/model-1_2.sdf
[0.936s] -- Up-to-date symlink: /home/etri/pinky_bt/install/pinky_gazebo/share/pinky_gazebo/model/Table/model-1_3.sdf
[0.936s] -- Up-to-date symlink: /home/etri/pinky_bt/install/pinky_gazebo/share/pinky_gazebo/model/Table/model-1_4.sdf
[0.936s] -- Up-to-date symlink: /home/etri/pinky_bt/install/pinky_gazebo/share/pinky_gazebo/model/Table/model.config
[0.936s] -- Up-to-date symlink: /home/etri/pinky_bt/install/pinky_gazebo/share/pinky_gazebo/model/Table/model.sdf
[0.936s] -- Up-to-date symlink: /home/etri/pinky_bt/install/pinky_gazebo/share/pinky_gazebo/model/Table/original_model.sdf
[0.936s] -- Up-to-date symlink: /home/etri/pinky_bt/install/pinky_gazebo/share/pinky_gazebo/model/Table/thumbnails/1.png
[0.936s] -- Up-to-date symlink: /home/etri/pinky_bt/install/pinky_gazebo/share/pinky_gazebo/model/Table/thumbnails/2.png
[0.936s] -- Up-to-date symlink: /home/etri/pinky_bt/install/pinky_gazebo/share/pinky_gazebo/model/Table/thumbnails/3.png
[0.936s] -- Up-to-date symlink: /home/etri/pinky_bt/install/pinky_gazebo/share/pinky_gazebo/model/Table/thumbnails/4.png
[0.936s] -- Up-to-date symlink: /home/etri/pinky_bt/install/pinky_gazebo/share/pinky_gazebo/model/Table/thumbnails/5.png
[0.936s] -- Up-to-date symlink: /home/etri/pinky_bt/install/pinky_gazebo/share/pinky_gazebo/model/foldable_chair/mesh/foldable_chair.dae
[0.936s] -- Up-to-date symlink: /home/etri/pinky_bt/install/pinky_gazebo/share/pinky_gazebo/model/foldable_chair/mesh/foldable_chair.png
[0.937s] -- Up-to-date symlink: /home/etri/pinky_bt/install/pinky_gazebo/share/pinky_gazebo/model/foldable_chair/model.config
[0.937s] -- Up-to-date symlink: /home/etri/pinky_bt/install/pinky_gazebo/share/pinky_gazebo/model/foldable_chair/model.sdf
[0.937s] -- Up-to-date symlink: /home/etri/pinky_bt/install/pinky_gazebo/share/pinky_gazebo/model/foldable_chair/original_model.sdf
[0.937s] -- Up-to-date symlink: /home/etri/pinky_bt/install/pinky_gazebo/share/pinky_gazebo/model/foldable_chair/thumbnails/1.png
[0.937s] -- Up-to-date symlink: /home/etri/pinky_bt/install/pinky_gazebo/share/pinky_gazebo/model/foldable_chair/thumbnails/2.png
[0.937s] -- Up-to-date symlink: /home/etri/pinky_bt/install/pinky_gazebo/share/pinky_gazebo/model/foldable_chair/thumbnails/3.png
[0.937s] -- Up-to-date symlink: /home/etri/pinky_bt/install/pinky_gazebo/share/pinky_gazebo/model/foldable_chair/thumbnails/4.png
[0.937s] -- Up-to-date symlink: /home/etri/pinky_bt/install/pinky_gazebo/share/pinky_gazebo/model/foldable_chair/thumbnails/5.png
[0.937s] -- Up-to-date symlink: /home/etri/pinky_bt/install/pinky_gazebo/share/pinky_gazebo/model/shelf/meshes/Box_paper_04_1_Base_Color.png
[0.937s] -- Up-to-date symlink: /home/etri/pinky_bt/install/pinky_gazebo/share/pinky_gazebo/model/shelf/meshes/shelf_big_movai.dae
[0.937s] -- Up-to-date symlink: /home/etri/pinky_bt/install/pinky_gazebo/share/pinky_gazebo/model/shelf/model.config
[0.937s] -- Up-to-date symlink: /home/etri/pinky_bt/install/pinky_gazebo/share/pinky_gazebo/model/shelf/model.sdf
[0.937s] -- Up-to-date symlink: /home/etri/pinky_bt/install/pinky_gazebo/share/pinky_gazebo/model/shelf/original_modl.sdf
[0.937s] -- Up-to-date symlink: /home/etri/pinky_bt/install/pinky_gazebo/share/pinky_gazebo/model/shelf/thumbnails/1.png
[0.938s] -- Up-to-date symlink: /home/etri/pinky_bt/install/pinky_gazebo/share/pinky_gazebo/model/wall/model.config
[0.938s] -- Up-to-date symlink: /home/etri/pinky_bt/install/pinky_gazebo/share/pinky_gazebo/model/wall/model.sdf
[0.938s] -- Up-to-date symlink: /home/etri/pinky_bt/install/pinky_gazebo/share/pinky_gazebo/model/wall/original_model.sdf
[0.938s] -- Up-to-date symlink: /home/etri/pinky_bt/install/pinky_gazebo/share/pinky_gazebo/launch/office_world.launch.py
[0.938s] -- Up-to-date symlink: /home/etri/pinky_bt/install/pinky_gazebo/share/pinky_gazebo/launch/pinky_upload.launch.py
[0.938s] -- Up-to-date symlink: /home/etri/pinky_bt/install/pinky_gazebo/share/pinky_gazebo/param/diff_controller.yaml
[0.938s] -- Up-to-date symlink: /home/etri/pinky_bt/install/pinky_gazebo/share/ament_index/resource_index/package_run_dependencies/pinky_gazebo
[0.938s] -- Up-to-date symlink: /home/etri/pinky_bt/install/pinky_gazebo/share/ament_index/resource_index/parent_prefix_path/pinky_gazebo
[0.938s] -- Up-to-date symlink: /home/etri/pinky_bt/install/pinky_gazebo/share/pinky_gazebo/environment/ament_prefix_path.sh
[0.938s] -- Up-to-date symlink: /home/etri/pinky_bt/install/pinky_gazebo/share/pinky_gazebo/environment/ament_prefix_path.dsv
[0.938s] -- Up-to-date symlink: /home/etri/pinky_bt/install/pinky_gazebo/share/pinky_gazebo/environment/path.sh
[0.939s] -- Up-to-date symlink: /home/etri/pinky_bt/install/pinky_gazebo/share/pinky_gazebo/environment/path.dsv
[0.939s] -- Up-to-date symlink: /home/etri/pinky_bt/install/pinky_gazebo/share/pinky_gazebo/local_setup.bash
[0.939s] -- Up-to-date symlink: /home/etri/pinky_bt/install/pinky_gazebo/share/pinky_gazebo/local_setup.sh
[0.939s] -- Up-to-date symlink: /home/etri/pinky_bt/install/pinky_gazebo/share/pinky_gazebo/local_setup.zsh
[0.939s] -- Up-to-date symlink: /home/etri/pinky_bt/install/pinky_gazebo/share/pinky_gazebo/local_setup.dsv
[0.939s] -- Symlinking: /home/etri/pinky_bt/install/pinky_gazebo/share/pinky_gazebo/package.dsv
[0.947s] -- Up-to-date symlink: /home/etri/pinky_bt/install/pinky_gazebo/share/ament_index/resource_index/packages/pinky_gazebo
[0.947s] -- Up-to-date symlink: /home/etri/pinky_bt/install/pinky_gazebo/share/pinky_gazebo/cmake/pinky_gazeboConfig.cmake
[0.947s] -- Up-to-date symlink: /home/etri/pinky_bt/install/pinky_gazebo/share/pinky_gazebo/cmake/pinky_gazeboConfig-version.cmake
[0.947s] -- Up-to-date symlink: /home/etri/pinky_bt/install/pinky_gazebo/share/pinky_gazebo/package.xml
[0.954s] Invoked command in '/home/etri/pinky_bt/build/pinky_gazebo' returned '0': CMAKE_PREFIX_PATH=${CMAKE_PREFIX_PATH}:/home/etri/pinky_bt/install/pinky_slam:/opt/ros/humble /usr/bin/cmake --install /home/etri/pinky_bt/build/pinky_gazebo
