[0.577s] Invoking command in '/home/etri/pinky_bt/build/pinky_slam': PYTHONPATH=/home/etri/pinky_bt/build/pinky_slam/prefix_override:/usr/lib/python3/dist-packages/colcon_core/task/python/colcon_distutils_commands:/home/etri/pinky_bt/install/pinky_slam/lib/python3.10/site-packages:${PYTHONPATH} /usr/bin/python3 -W ignore:setup.py install is deprecated -W ignore:easy_install command is deprecated setup.py develop --uninstall --editable --build-directory /home/etri/pinky_bt/build/pinky_slam/build
[0.805s] running develop
[0.929s] Removing /home/etri/pinky_bt/install/pinky_slam/lib/python3.10/site-packages/pinky-slam.egg-link (link to .)
[0.971s] Invoked command in '/home/etri/pinky_bt/build/pinky_slam' returned '0': PYTHONPATH=/home/etri/pinky_bt/build/pinky_slam/prefix_override:/usr/lib/python3/dist-packages/colcon_core/task/python/colcon_distutils_commands:/home/etri/pinky_bt/install/pinky_slam/lib/python3.10/site-packages:${PYTHONPATH} /usr/bin/python3 -W ignore:setup.py install is deprecated -W ignore:easy_install command is deprecated setup.py develop --uninstall --editable --build-directory /home/etri/pinky_bt/build/pinky_slam/build
[0.971s] Invoking command in '/home/etri/pinky_bt/src/pinky_behaviortree/pinky_slam': PYTHONPATH=/home/etri/pinky_bt/build/pinky_slam/prefix_override:/usr/lib/python3/dist-packages/colcon_core/task/python/colcon_distutils_commands:/home/etri/pinky_bt/install/pinky_slam/lib/python3.10/site-packages:${PYTHONPATH} /usr/bin/python3 -W ignore:setup.py install is deprecated -W ignore:easy_install command is deprecated setup.py egg_info --egg-base ../../../build/pinky_slam build --build-base /home/etri/pinky_bt/build/pinky_slam/build install --record /home/etri/pinky_bt/build/pinky_slam/install.log --single-version-externally-managed install_data --force
[1.157s] running egg_info
[1.158s] writing ../../../build/pinky_slam/pinky_slam.egg-info/PKG-INFO
[1.158s] writing dependency_links to ../../../build/pinky_slam/pinky_slam.egg-info/dependency_links.txt
[1.158s] writing entry points to ../../../build/pinky_slam/pinky_slam.egg-info/entry_points.txt
[1.158s] writing requirements to ../../../build/pinky_slam/pinky_slam.egg-info/requires.txt
[1.158s] writing top-level names to ../../../build/pinky_slam/pinky_slam.egg-info/top_level.txt
[1.160s] reading manifest file '../../../build/pinky_slam/pinky_slam.egg-info/SOURCES.txt'
[1.160s] writing manifest file '../../../build/pinky_slam/pinky_slam.egg-info/SOURCES.txt'
[1.160s] running build
[1.160s] running build_py
[1.161s] running install
[1.161s] running install_lib
[1.161s] creating /home/etri/pinky_bt/install/pinky_slam/lib/python3.10/site-packages/pinky_slam
[1.161s] copying /home/etri/pinky_bt/build/pinky_slam/build/lib/pinky_slam/__init__.py -> /home/etri/pinky_bt/install/pinky_slam/lib/python3.10/site-packages/pinky_slam
[1.162s] byte-compiling /home/etri/pinky_bt/install/pinky_slam/lib/python3.10/site-packages/pinky_slam/__init__.py to __init__.cpython-310.pyc
[1.162s] running install_data
[1.162s] copying resource/pinky_slam -> /home/etri/pinky_bt/install/pinky_slam/share/ament_index/resource_index/packages
[1.162s] copying package.xml -> /home/etri/pinky_bt/install/pinky_slam/share/pinky_slam
[1.162s] copying launch/gmapping_launch.py -> /home/etri/pinky_bt/install/pinky_slam/share/pinky_slam/launch
[1.162s] copying config/slam_toolbox_params.yaml -> /home/etri/pinky_bt/install/pinky_slam/share/pinky_slam/config
[1.162s] copying rviz/gmapping.rviz -> /home/etri/pinky_bt/install/pinky_slam/share/pinky_slam/rviz
[1.162s] running install_egg_info
[1.164s] Copying ../../../build/pinky_slam/pinky_slam.egg-info to /home/etri/pinky_bt/install/pinky_slam/lib/python3.10/site-packages/pinky_slam-0.0.0-py3.10.egg-info
[1.164s] running install_scripts
[1.185s] writing list of installed files to '/home/etri/pinky_bt/build/pinky_slam/install.log'
[1.213s] Invoked command in '/home/etri/pinky_bt/src/pinky_behaviortree/pinky_slam' returned '0': PYTHONPATH=/home/etri/pinky_bt/build/pinky_slam/prefix_override:/usr/lib/python3/dist-packages/colcon_core/task/python/colcon_distutils_commands:/home/etri/pinky_bt/install/pinky_slam/lib/python3.10/site-packages:${PYTHONPATH} /usr/bin/python3 -W ignore:setup.py install is deprecated -W ignore:easy_install command is deprecated setup.py egg_info --egg-base ../../../build/pinky_slam build --build-base /home/etri/pinky_bt/build/pinky_slam/build install --record /home/etri/pinky_bt/build/pinky_slam/install.log --single-version-externally-managed install_data --force
