[0.064s] DEBUG:colcon:Command line arguments: ['/usr/bin/colcon', 'build', '--symlink-install']
[0.064s] DEBUG:colcon:Parsed command line arguments: Namespace(log_base=None, log_level=None, verb_name='build', build_base='build', install_base='install', merge_install=False, symlink_install=True, test_result_base=None, continue_on_error=False, executor='parallel', parallel_workers=12, event_handlers=None, ignore_user_meta=False, metas=['./colcon.meta'], base_paths=['.'], packages_ignore=None, packages_ignore_regex=None, paths=None, packages_up_to=None, packages_up_to_regex=None, packages_above=None, packages_above_and_dependencies=None, packages_above_depth=None, packages_select_by_dep=None, packages_skip_by_dep=None, packages_skip_up_to=None, packages_select_build_failed=False, packages_skip_build_finished=False, packages_select_test_failures=False, packages_skip_test_passed=False, packages_select=None, packages_skip=None, packages_select_regex=None, packages_skip_regex=None, packages_start=None, packages_end=None, allow_overriding=[], cmake_args=None, cmake_target=None, cmake_target_skip_unavailable=False, cmake_clean_cache=False, cmake_clean_first=False, cmake_force_configure=False, ament_cmake_args=None, catkin_cmake_args=None, catkin_skip_building_tests=False, mixin_files=None, mixin=None, verb_parser=<colcon_mixin.mixin.mixin_argument.MixinArgumentDecorator object at 0x7f3a104b74c0>, verb_extension=<colcon_core.verb.build.BuildVerb object at 0x7f3a106e4a60>, main=<bound method BuildVerb.main of <colcon_core.verb.build.BuildVerb object at 0x7f3a106e4a60>>, mixin_verb=('build',))
[0.161s] Level 1:colcon.colcon_core.package_discovery:discover_packages(colcon_meta) check parameters
[0.161s] Level 1:colcon.colcon_core.package_discovery:discover_packages(recursive) check parameters
[0.161s] Level 1:colcon.colcon_core.package_discovery:discover_packages(ignore) check parameters
[0.161s] Level 1:colcon.colcon_core.package_discovery:discover_packages(path) check parameters
[0.161s] Level 1:colcon.colcon_core.package_discovery:discover_packages(colcon_meta) discover
[0.161s] Level 1:colcon.colcon_core.package_discovery:discover_packages(recursive) discover
[0.161s] INFO:colcon.colcon_core.package_discovery:Crawling recursively for packages in '/home/etri/pinky_bt'
[0.161s] Level 1:colcon.colcon_core.package_identification:_identify(.) by extensions ['ignore', 'ignore_ament_install']
[0.161s] Level 1:colcon.colcon_core.package_identification:_identify(.) by extension 'ignore'
[0.161s] Level 1:colcon.colcon_core.package_identification:_identify(.) by extension 'ignore_ament_install'
[0.161s] Level 1:colcon.colcon_core.package_identification:_identify(.) by extensions ['colcon_pkg']
[0.161s] Level 1:colcon.colcon_core.package_identification:_identify(.) by extension 'colcon_pkg'
[0.161s] Level 1:colcon.colcon_core.package_identification:_identify(.) by extensions ['colcon_meta']
[0.161s] Level 1:colcon.colcon_core.package_identification:_identify(.) by extension 'colcon_meta'
[0.161s] Level 1:colcon.colcon_core.package_identification:_identify(.) by extensions ['ros']
[0.161s] Level 1:colcon.colcon_core.package_identification:_identify(.) by extension 'ros'
[0.168s] Level 1:colcon.colcon_core.package_identification:_identify(.) by extensions ['cmake', 'python']
[0.168s] Level 1:colcon.colcon_core.package_identification:_identify(.) by extension 'cmake'
[0.168s] Level 1:colcon.colcon_core.package_identification:_identify(.) by extension 'python'
[0.168s] Level 1:colcon.colcon_core.package_identification:_identify(.) by extensions ['python_setup_py']
[0.168s] Level 1:colcon.colcon_core.package_identification:_identify(.) by extension 'python_setup_py'
[0.168s] Level 1:colcon.colcon_core.package_identification:_identify(build) by extensions ['ignore', 'ignore_ament_install']
[0.168s] Level 1:colcon.colcon_core.package_identification:_identify(build) by extension 'ignore'
[0.168s] Level 1:colcon.colcon_core.package_identification:_identify(build) ignored
[0.168s] Level 1:colcon.colcon_core.package_identification:_identify(install) by extensions ['ignore', 'ignore_ament_install']
[0.168s] Level 1:colcon.colcon_core.package_identification:_identify(install) by extension 'ignore'
[0.168s] Level 1:colcon.colcon_core.package_identification:_identify(install) ignored
[0.168s] Level 1:colcon.colcon_core.package_identification:_identify(log) by extensions ['ignore', 'ignore_ament_install']
[0.168s] Level 1:colcon.colcon_core.package_identification:_identify(log) by extension 'ignore'
[0.168s] Level 1:colcon.colcon_core.package_identification:_identify(log) ignored
[0.168s] Level 1:colcon.colcon_core.package_identification:_identify(src) by extensions ['ignore', 'ignore_ament_install']
[0.168s] Level 1:colcon.colcon_core.package_identification:_identify(src) by extension 'ignore'
[0.168s] Level 1:colcon.colcon_core.package_identification:_identify(src) by extension 'ignore_ament_install'
[0.168s] Level 1:colcon.colcon_core.package_identification:_identify(src) by extensions ['colcon_pkg']
[0.168s] Level 1:colcon.colcon_core.package_identification:_identify(src) by extension 'colcon_pkg'
[0.168s] Level 1:colcon.colcon_core.package_identification:_identify(src) by extensions ['colcon_meta']
[0.168s] Level 1:colcon.colcon_core.package_identification:_identify(src) by extension 'colcon_meta'
[0.168s] Level 1:colcon.colcon_core.package_identification:_identify(src) by extensions ['ros']
[0.168s] Level 1:colcon.colcon_core.package_identification:_identify(src) by extension 'ros'
[0.168s] Level 1:colcon.colcon_core.package_identification:_identify(src) by extensions ['cmake', 'python']
[0.168s] Level 1:colcon.colcon_core.package_identification:_identify(src) by extension 'cmake'
[0.168s] Level 1:colcon.colcon_core.package_identification:_identify(src) by extension 'python'
[0.168s] Level 1:colcon.colcon_core.package_identification:_identify(src) by extensions ['python_setup_py']
[0.169s] Level 1:colcon.colcon_core.package_identification:_identify(src) by extension 'python_setup_py'
[0.169s] Level 1:colcon.colcon_core.package_identification:_identify(src/pinky_behaviortree) by extensions ['ignore', 'ignore_ament_install']
[0.169s] Level 1:colcon.colcon_core.package_identification:_identify(src/pinky_behaviortree) by extension 'ignore'
[0.169s] Level 1:colcon.colcon_core.package_identification:_identify(src/pinky_behaviortree) by extension 'ignore_ament_install'
[0.169s] Level 1:colcon.colcon_core.package_identification:_identify(src/pinky_behaviortree) by extensions ['colcon_pkg']
[0.169s] Level 1:colcon.colcon_core.package_identification:_identify(src/pinky_behaviortree) by extension 'colcon_pkg'
[0.169s] Level 1:colcon.colcon_core.package_identification:_identify(src/pinky_behaviortree) by extensions ['colcon_meta']
[0.169s] Level 1:colcon.colcon_core.package_identification:_identify(src/pinky_behaviortree) by extension 'colcon_meta'
[0.169s] Level 1:colcon.colcon_core.package_identification:_identify(src/pinky_behaviortree) by extensions ['ros']
[0.169s] Level 1:colcon.colcon_core.package_identification:_identify(src/pinky_behaviortree) by extension 'ros'
[0.169s] Level 1:colcon.colcon_core.package_identification:_identify(src/pinky_behaviortree) by extensions ['cmake', 'python']
[0.169s] Level 1:colcon.colcon_core.package_identification:_identify(src/pinky_behaviortree) by extension 'cmake'
[0.169s] Level 1:colcon.colcon_core.package_identification:_identify(src/pinky_behaviortree) by extension 'python'
[0.169s] Level 1:colcon.colcon_core.package_identification:_identify(src/pinky_behaviortree) by extensions ['python_setup_py']
[0.169s] Level 1:colcon.colcon_core.package_identification:_identify(src/pinky_behaviortree) by extension 'python_setup_py'
[0.169s] Level 1:colcon.colcon_core.package_identification:_identify(src/pinky_behaviortree/pinky_description) by extensions ['ignore', 'ignore_ament_install']
[0.169s] Level 1:colcon.colcon_core.package_identification:_identify(src/pinky_behaviortree/pinky_description) by extension 'ignore'
[0.169s] Level 1:colcon.colcon_core.package_identification:_identify(src/pinky_behaviortree/pinky_description) by extension 'ignore_ament_install'
[0.169s] Level 1:colcon.colcon_core.package_identification:_identify(src/pinky_behaviortree/pinky_description) by extensions ['colcon_pkg']
[0.169s] Level 1:colcon.colcon_core.package_identification:_identify(src/pinky_behaviortree/pinky_description) by extension 'colcon_pkg'
[0.169s] Level 1:colcon.colcon_core.package_identification:_identify(src/pinky_behaviortree/pinky_description) by extensions ['colcon_meta']
[0.169s] Level 1:colcon.colcon_core.package_identification:_identify(src/pinky_behaviortree/pinky_description) by extension 'colcon_meta'
[0.169s] Level 1:colcon.colcon_core.package_identification:_identify(src/pinky_behaviortree/pinky_description) by extensions ['ros']
[0.169s] Level 1:colcon.colcon_core.package_identification:_identify(src/pinky_behaviortree/pinky_description) by extension 'ros'
[0.171s] DEBUG:colcon.colcon_core.package_identification:Package 'src/pinky_behaviortree/pinky_description' with type 'ros.ament_cmake' and name 'pinky_description'
[0.171s] Level 1:colcon.colcon_core.package_identification:_identify(src/pinky_behaviortree/pinky_gazebo) by extensions ['ignore', 'ignore_ament_install']
[0.171s] Level 1:colcon.colcon_core.package_identification:_identify(src/pinky_behaviortree/pinky_gazebo) by extension 'ignore'
[0.171s] Level 1:colcon.colcon_core.package_identification:_identify(src/pinky_behaviortree/pinky_gazebo) by extension 'ignore_ament_install'
[0.171s] Level 1:colcon.colcon_core.package_identification:_identify(src/pinky_behaviortree/pinky_gazebo) by extensions ['colcon_pkg']
[0.171s] Level 1:colcon.colcon_core.package_identification:_identify(src/pinky_behaviortree/pinky_gazebo) by extension 'colcon_pkg'
[0.171s] Level 1:colcon.colcon_core.package_identification:_identify(src/pinky_behaviortree/pinky_gazebo) by extensions ['colcon_meta']
[0.171s] Level 1:colcon.colcon_core.package_identification:_identify(src/pinky_behaviortree/pinky_gazebo) by extension 'colcon_meta'
[0.171s] Level 1:colcon.colcon_core.package_identification:_identify(src/pinky_behaviortree/pinky_gazebo) by extensions ['ros']
[0.171s] Level 1:colcon.colcon_core.package_identification:_identify(src/pinky_behaviortree/pinky_gazebo) by extension 'ros'
[0.172s] DEBUG:colcon.colcon_core.package_identification:Package 'src/pinky_behaviortree/pinky_gazebo' with type 'ros.ament_cmake' and name 'pinky_gazebo'
[0.172s] Level 1:colcon.colcon_core.package_discovery:discover_packages(recursive) using defaults
[0.172s] Level 1:colcon.colcon_core.package_discovery:discover_packages(ignore) discover
[0.172s] Level 1:colcon.colcon_core.package_discovery:discover_packages(ignore) using defaults
[0.172s] Level 1:colcon.colcon_core.package_discovery:discover_packages(path) discover
[0.172s] Level 1:colcon.colcon_core.package_discovery:discover_packages(path) using defaults
[0.191s] Level 1:colcon.colcon_core.package_discovery:discover_packages(prefix_path) check parameters
[0.191s] Level 1:colcon.colcon_core.package_discovery:discover_packages(prefix_path) discover
[0.193s] DEBUG:colcon.colcon_installed_package_information.package_discovery:Found 346 installed packages in /opt/ros/humble
[0.194s] Level 1:colcon.colcon_core.package_discovery:discover_packages(prefix_path) using defaults
[0.220s] Level 5:colcon.colcon_core.verb:set package 'pinky_description' build argument 'cmake_args' from command line to 'None'
[0.220s] Level 5:colcon.colcon_core.verb:set package 'pinky_description' build argument 'cmake_target' from command line to 'None'
[0.220s] Level 5:colcon.colcon_core.verb:set package 'pinky_description' build argument 'cmake_target_skip_unavailable' from command line to 'False'
[0.220s] Level 5:colcon.colcon_core.verb:set package 'pinky_description' build argument 'cmake_clean_cache' from command line to 'False'
[0.220s] Level 5:colcon.colcon_core.verb:set package 'pinky_description' build argument 'cmake_clean_first' from command line to 'False'
[0.220s] Level 5:colcon.colcon_core.verb:set package 'pinky_description' build argument 'cmake_force_configure' from command line to 'False'
[0.220s] Level 5:colcon.colcon_core.verb:set package 'pinky_description' build argument 'ament_cmake_args' from command line to 'None'
[0.220s] Level 5:colcon.colcon_core.verb:set package 'pinky_description' build argument 'catkin_cmake_args' from command line to 'None'
[0.220s] Level 5:colcon.colcon_core.verb:set package 'pinky_description' build argument 'catkin_skip_building_tests' from command line to 'False'
[0.221s] DEBUG:colcon.colcon_core.verb:Building package 'pinky_description' with the following arguments: {'ament_cmake_args': None, 'build_base': '/home/etri/pinky_bt/build/pinky_description', 'catkin_cmake_args': None, 'catkin_skip_building_tests': False, 'cmake_args': None, 'cmake_clean_cache': False, 'cmake_clean_first': False, 'cmake_force_configure': False, 'cmake_target': None, 'cmake_target_skip_unavailable': False, 'install_base': '/home/etri/pinky_bt/install/pinky_description', 'merge_install': False, 'path': '/home/etri/pinky_bt/src/pinky_behaviortree/pinky_description', 'symlink_install': True, 'test_result_base': None}
[0.221s] Level 5:colcon.colcon_core.verb:set package 'pinky_gazebo' build argument 'cmake_args' from command line to 'None'
[0.221s] Level 5:colcon.colcon_core.verb:set package 'pinky_gazebo' build argument 'cmake_target' from command line to 'None'
[0.221s] Level 5:colcon.colcon_core.verb:set package 'pinky_gazebo' build argument 'cmake_target_skip_unavailable' from command line to 'False'
[0.221s] Level 5:colcon.colcon_core.verb:set package 'pinky_gazebo' build argument 'cmake_clean_cache' from command line to 'False'
[0.221s] Level 5:colcon.colcon_core.verb:set package 'pinky_gazebo' build argument 'cmake_clean_first' from command line to 'False'
[0.221s] Level 5:colcon.colcon_core.verb:set package 'pinky_gazebo' build argument 'cmake_force_configure' from command line to 'False'
[0.221s] Level 5:colcon.colcon_core.verb:set package 'pinky_gazebo' build argument 'ament_cmake_args' from command line to 'None'
[0.221s] Level 5:colcon.colcon_core.verb:set package 'pinky_gazebo' build argument 'catkin_cmake_args' from command line to 'None'
[0.221s] Level 5:colcon.colcon_core.verb:set package 'pinky_gazebo' build argument 'catkin_skip_building_tests' from command line to 'False'
[0.221s] DEBUG:colcon.colcon_core.verb:Building package 'pinky_gazebo' with the following arguments: {'ament_cmake_args': None, 'build_base': '/home/etri/pinky_bt/build/pinky_gazebo', 'catkin_cmake_args': None, 'catkin_skip_building_tests': False, 'cmake_args': None, 'cmake_clean_cache': False, 'cmake_clean_first': False, 'cmake_force_configure': False, 'cmake_target': None, 'cmake_target_skip_unavailable': False, 'install_base': '/home/etri/pinky_bt/install/pinky_gazebo', 'merge_install': False, 'path': '/home/etri/pinky_bt/src/pinky_behaviortree/pinky_gazebo', 'symlink_install': True, 'test_result_base': None}
[0.221s] INFO:colcon.colcon_core.executor:Executing jobs using 'parallel' executor
[0.222s] DEBUG:colcon.colcon_parallel_executor.executor.parallel:run_until_complete
[0.222s] INFO:colcon.colcon_ros.task.ament_cmake.build:Building ROS package in '/home/etri/pinky_bt/src/pinky_behaviortree/pinky_description' with build type 'ament_cmake'
[0.222s] INFO:colcon.colcon_cmake.task.cmake.build:Building CMake package in '/home/etri/pinky_bt/src/pinky_behaviortree/pinky_description'
[0.223s] INFO:colcon.colcon_core.plugin_system:Skipping extension 'colcon_core.shell.bat': Not used on non-Windows systems
[0.224s] INFO:colcon.colcon_core.shell:Skip shell extension 'powershell' for command environment: Not usable outside of PowerShell
[0.224s] DEBUG:colcon.colcon_core.shell:Skip shell extension 'dsv' for command environment
[0.226s] INFO:colcon.colcon_ros.task.ament_cmake.build:Building ROS package in '/home/etri/pinky_bt/src/pinky_behaviortree/pinky_gazebo' with build type 'ament_cmake'
[0.226s] INFO:colcon.colcon_cmake.task.cmake.build:Building CMake package in '/home/etri/pinky_bt/src/pinky_behaviortree/pinky_gazebo'
[0.226s] INFO:colcon.colcon_core.shell:Skip shell extension 'powershell' for command environment: Not usable outside of PowerShell
[0.226s] DEBUG:colcon.colcon_core.shell:Skip shell extension 'dsv' for command environment
[0.230s] DEBUG:colcon.colcon_core.event_handler.log_command:Invoking command in '/home/etri/pinky_bt/build/pinky_description': CMAKE_PREFIX_PATH=/opt/ros/humble /usr/bin/cmake /home/etri/pinky_bt/src/pinky_behaviortree/pinky_description -DAMENT_CMAKE_SYMLINK_INSTALL=1 -DCMAKE_INSTALL_PREFIX=/home/etri/pinky_bt/install/pinky_description
[0.231s] DEBUG:colcon.colcon_core.event_handler.log_command:Invoking command in '/home/etri/pinky_bt/build/pinky_gazebo': CMAKE_PREFIX_PATH=/opt/ros/humble /usr/bin/cmake /home/etri/pinky_bt/src/pinky_behaviortree/pinky_gazebo -DAMENT_CMAKE_SYMLINK_INSTALL=1 -DCMAKE_INSTALL_PREFIX=/home/etri/pinky_bt/install/pinky_gazebo
[0.597s] DEBUG:colcon.colcon_core.event_handler.log_command:Invoked command in '/home/etri/pinky_bt/build/pinky_description' returned '0': CMAKE_PREFIX_PATH=/opt/ros/humble /usr/bin/cmake /home/etri/pinky_bt/src/pinky_behaviortree/pinky_description -DAMENT_CMAKE_SYMLINK_INSTALL=1 -DCMAKE_INSTALL_PREFIX=/home/etri/pinky_bt/install/pinky_description
[0.598s] DEBUG:colcon.colcon_core.event_handler.log_command:Invoking command in '/home/etri/pinky_bt/build/pinky_description': CMAKE_PREFIX_PATH=/opt/ros/humble /usr/bin/cmake --build /home/etri/pinky_bt/build/pinky_description -- -j12 -l12
[0.614s] DEBUG:colcon.colcon_core.event_handler.log_command:Invoked command in '/home/etri/pinky_bt/build/pinky_description' returned '0': CMAKE_PREFIX_PATH=/opt/ros/humble /usr/bin/cmake --build /home/etri/pinky_bt/build/pinky_description -- -j12 -l12
[0.619s] DEBUG:colcon.colcon_core.event_handler.log_command:Invoking command in '/home/etri/pinky_bt/build/pinky_description': CMAKE_PREFIX_PATH=/opt/ros/humble /usr/bin/cmake --install /home/etri/pinky_bt/build/pinky_description
[0.787s] Level 1:colcon.colcon_core.environment:create_environment_scripts_only(pinky_description)
[0.788s] DEBUG:colcon.colcon_core.event_handler.log_command:Invoked command in '/home/etri/pinky_bt/build/pinky_description' returned '0': CMAKE_PREFIX_PATH=/opt/ros/humble /usr/bin/cmake --install /home/etri/pinky_bt/build/pinky_description
[0.789s] Level 1:colcon.colcon_core.environment:checking '/home/etri/pinky_bt/install/pinky_description' for CMake module files
[0.789s] Level 1:colcon.colcon_core.environment:checking '/home/etri/pinky_bt/install/pinky_description' for CMake config files
[0.789s] Level 1:colcon.colcon_core.shell:create_environment_hook('pinky_description', 'cmake_prefix_path')
[0.790s] INFO:colcon.colcon_core.shell:Creating environment hook '/home/etri/pinky_bt/install/pinky_description/share/pinky_description/hook/cmake_prefix_path.ps1'
[0.790s] INFO:colcon.colcon_core.shell:Creating environment descriptor '/home/etri/pinky_bt/install/pinky_description/share/pinky_description/hook/cmake_prefix_path.dsv'
[0.790s] INFO:colcon.colcon_core.shell:Creating environment hook '/home/etri/pinky_bt/install/pinky_description/share/pinky_description/hook/cmake_prefix_path.sh'
[0.791s] Level 1:colcon.colcon_core.environment:checking '/home/etri/pinky_bt/install/pinky_description/bin'
[0.791s] Level 1:colcon.colcon_core.environment:checking '/home/etri/pinky_bt/install/pinky_description/lib/pkgconfig/pinky_description.pc'
[0.791s] Level 1:colcon.colcon_core.environment:checking '/home/etri/pinky_bt/install/pinky_description/lib/python3.10/site-packages'
[0.791s] Level 1:colcon.colcon_core.environment:checking '/home/etri/pinky_bt/install/pinky_description/bin'
[0.792s] INFO:colcon.colcon_core.shell:Creating package script '/home/etri/pinky_bt/install/pinky_description/share/pinky_description/package.ps1'
[0.792s] INFO:colcon.colcon_core.shell:Creating package descriptor '/home/etri/pinky_bt/install/pinky_description/share/pinky_description/package.dsv'
[0.792s] INFO:colcon.colcon_core.shell:Creating package script '/home/etri/pinky_bt/install/pinky_description/share/pinky_description/package.sh'
[0.793s] INFO:colcon.colcon_core.shell:Creating package script '/home/etri/pinky_bt/install/pinky_description/share/pinky_description/package.bash'
[0.793s] INFO:colcon.colcon_core.shell:Creating package script '/home/etri/pinky_bt/install/pinky_description/share/pinky_description/package.zsh'
[0.794s] Level 1:colcon.colcon_core.environment:create_file_with_runtime_dependencies(/home/etri/pinky_bt/install/pinky_description/share/colcon-core/packages/pinky_description)
[0.794s] Level 1:colcon.colcon_core.environment:create_environment_scripts_only(pinky_description)
[0.794s] Level 1:colcon.colcon_core.environment:checking '/home/etri/pinky_bt/install/pinky_description' for CMake module files
[0.795s] Level 1:colcon.colcon_core.environment:checking '/home/etri/pinky_bt/install/pinky_description' for CMake config files
[0.795s] Level 1:colcon.colcon_core.shell:create_environment_hook('pinky_description', 'cmake_prefix_path')
[0.795s] INFO:colcon.colcon_core.shell:Creating environment hook '/home/etri/pinky_bt/install/pinky_description/share/pinky_description/hook/cmake_prefix_path.ps1'
[0.795s] INFO:colcon.colcon_core.shell:Creating environment descriptor '/home/etri/pinky_bt/install/pinky_description/share/pinky_description/hook/cmake_prefix_path.dsv'
[0.795s] INFO:colcon.colcon_core.shell:Creating environment hook '/home/etri/pinky_bt/install/pinky_description/share/pinky_description/hook/cmake_prefix_path.sh'
[0.796s] Level 1:colcon.colcon_core.environment:checking '/home/etri/pinky_bt/install/pinky_description/bin'
[0.796s] Level 1:colcon.colcon_core.environment:checking '/home/etri/pinky_bt/install/pinky_description/lib/pkgconfig/pinky_description.pc'
[0.796s] Level 1:colcon.colcon_core.environment:checking '/home/etri/pinky_bt/install/pinky_description/lib/python3.10/site-packages'
[0.796s] Level 1:colcon.colcon_core.environment:checking '/home/etri/pinky_bt/install/pinky_description/bin'
[0.796s] INFO:colcon.colcon_core.shell:Creating package script '/home/etri/pinky_bt/install/pinky_description/share/pinky_description/package.ps1'
[0.797s] INFO:colcon.colcon_core.shell:Creating package descriptor '/home/etri/pinky_bt/install/pinky_description/share/pinky_description/package.dsv'
[0.797s] INFO:colcon.colcon_core.shell:Creating package script '/home/etri/pinky_bt/install/pinky_description/share/pinky_description/package.sh'
[0.797s] INFO:colcon.colcon_core.shell:Creating package script '/home/etri/pinky_bt/install/pinky_description/share/pinky_description/package.bash'
[0.797s] INFO:colcon.colcon_core.shell:Creating package script '/home/etri/pinky_bt/install/pinky_description/share/pinky_description/package.zsh'
[0.798s] Level 1:colcon.colcon_core.environment:create_file_with_runtime_dependencies(/home/etri/pinky_bt/install/pinky_description/share/colcon-core/packages/pinky_description)
[1.231s] DEBUG:colcon.colcon_core.event_handler.log_command:Invoked command in '/home/etri/pinky_bt/build/pinky_gazebo' returned '0': CMAKE_PREFIX_PATH=/opt/ros/humble /usr/bin/cmake /home/etri/pinky_bt/src/pinky_behaviortree/pinky_gazebo -DAMENT_CMAKE_SYMLINK_INSTALL=1 -DCMAKE_INSTALL_PREFIX=/home/etri/pinky_bt/install/pinky_gazebo
[1.232s] DEBUG:colcon.colcon_core.event_handler.log_command:Invoking command in '/home/etri/pinky_bt/build/pinky_gazebo': CMAKE_PREFIX_PATH=/opt/ros/humble /usr/bin/cmake --build /home/etri/pinky_bt/build/pinky_gazebo -- -j12 -l12
[1.259s] DEBUG:colcon.colcon_core.event_handler.log_command:Invoked command in '/home/etri/pinky_bt/build/pinky_gazebo' returned '0': CMAKE_PREFIX_PATH=/opt/ros/humble /usr/bin/cmake --build /home/etri/pinky_bt/build/pinky_gazebo -- -j12 -l12
[1.260s] DEBUG:colcon.colcon_core.event_handler.log_command:Invoking command in '/home/etri/pinky_bt/build/pinky_gazebo': CMAKE_PREFIX_PATH=/opt/ros/humble /usr/bin/cmake --install /home/etri/pinky_bt/build/pinky_gazebo
[1.696s] Level 1:colcon.colcon_core.environment:create_environment_scripts_only(pinky_gazebo)
[1.696s] Level 1:colcon.colcon_core.environment:checking '/home/etri/pinky_bt/install/pinky_gazebo' for CMake module files
[1.697s] DEBUG:colcon.colcon_core.event_handler.log_command:Invoked command in '/home/etri/pinky_bt/build/pinky_gazebo' returned '0': CMAKE_PREFIX_PATH=/opt/ros/humble /usr/bin/cmake --install /home/etri/pinky_bt/build/pinky_gazebo
[1.697s] Level 1:colcon.colcon_core.environment:checking '/home/etri/pinky_bt/install/pinky_gazebo' for CMake config files
[1.697s] Level 1:colcon.colcon_core.shell:create_environment_hook('pinky_gazebo', 'cmake_prefix_path')
[1.697s] INFO:colcon.colcon_core.shell:Creating environment hook '/home/etri/pinky_bt/install/pinky_gazebo/share/pinky_gazebo/hook/cmake_prefix_path.ps1'
[1.697s] INFO:colcon.colcon_core.shell:Creating environment descriptor '/home/etri/pinky_bt/install/pinky_gazebo/share/pinky_gazebo/hook/cmake_prefix_path.dsv'
[1.697s] INFO:colcon.colcon_core.shell:Creating environment hook '/home/etri/pinky_bt/install/pinky_gazebo/share/pinky_gazebo/hook/cmake_prefix_path.sh'
[1.698s] Level 1:colcon.colcon_core.environment:checking '/home/etri/pinky_bt/install/pinky_gazebo/bin'
[1.698s] Level 1:colcon.colcon_core.environment:checking '/home/etri/pinky_bt/install/pinky_gazebo/lib/pkgconfig/pinky_gazebo.pc'
[1.698s] Level 1:colcon.colcon_core.environment:checking '/home/etri/pinky_bt/install/pinky_gazebo/lib/python3.10/site-packages'
[1.698s] Level 1:colcon.colcon_core.environment:checking '/home/etri/pinky_bt/install/pinky_gazebo/bin'
[1.698s] INFO:colcon.colcon_core.shell:Creating package script '/home/etri/pinky_bt/install/pinky_gazebo/share/pinky_gazebo/package.ps1'
[1.698s] INFO:colcon.colcon_core.shell:Creating package descriptor '/home/etri/pinky_bt/install/pinky_gazebo/share/pinky_gazebo/package.dsv'
[1.698s] INFO:colcon.colcon_core.shell:Creating package script '/home/etri/pinky_bt/install/pinky_gazebo/share/pinky_gazebo/package.sh'
[1.698s] INFO:colcon.colcon_core.shell:Creating package script '/home/etri/pinky_bt/install/pinky_gazebo/share/pinky_gazebo/package.bash'
[1.699s] INFO:colcon.colcon_core.shell:Creating package script '/home/etri/pinky_bt/install/pinky_gazebo/share/pinky_gazebo/package.zsh'
[1.699s] Level 1:colcon.colcon_core.environment:create_file_with_runtime_dependencies(/home/etri/pinky_bt/install/pinky_gazebo/share/colcon-core/packages/pinky_gazebo)
[1.699s] Level 1:colcon.colcon_core.environment:create_environment_scripts_only(pinky_gazebo)
[1.699s] Level 1:colcon.colcon_core.environment:checking '/home/etri/pinky_bt/install/pinky_gazebo' for CMake module files
[1.699s] Level 1:colcon.colcon_core.environment:checking '/home/etri/pinky_bt/install/pinky_gazebo' for CMake config files
[1.699s] Level 1:colcon.colcon_core.shell:create_environment_hook('pinky_gazebo', 'cmake_prefix_path')
[1.699s] INFO:colcon.colcon_core.shell:Creating environment hook '/home/etri/pinky_bt/install/pinky_gazebo/share/pinky_gazebo/hook/cmake_prefix_path.ps1'
[1.700s] INFO:colcon.colcon_core.shell:Creating environment descriptor '/home/etri/pinky_bt/install/pinky_gazebo/share/pinky_gazebo/hook/cmake_prefix_path.dsv'
[1.700s] INFO:colcon.colcon_core.shell:Creating environment hook '/home/etri/pinky_bt/install/pinky_gazebo/share/pinky_gazebo/hook/cmake_prefix_path.sh'
[1.700s] Level 1:colcon.colcon_core.environment:checking '/home/etri/pinky_bt/install/pinky_gazebo/bin'
[1.700s] Level 1:colcon.colcon_core.environment:checking '/home/etri/pinky_bt/install/pinky_gazebo/lib/pkgconfig/pinky_gazebo.pc'
[1.700s] Level 1:colcon.colcon_core.environment:checking '/home/etri/pinky_bt/install/pinky_gazebo/lib/python3.10/site-packages'
[1.700s] Level 1:colcon.colcon_core.environment:checking '/home/etri/pinky_bt/install/pinky_gazebo/bin'
[1.700s] INFO:colcon.colcon_core.shell:Creating package script '/home/etri/pinky_bt/install/pinky_gazebo/share/pinky_gazebo/package.ps1'
[1.701s] INFO:colcon.colcon_core.shell:Creating package descriptor '/home/etri/pinky_bt/install/pinky_gazebo/share/pinky_gazebo/package.dsv'
[1.701s] INFO:colcon.colcon_core.shell:Creating package script '/home/etri/pinky_bt/install/pinky_gazebo/share/pinky_gazebo/package.sh'
[1.701s] INFO:colcon.colcon_core.shell:Creating package script '/home/etri/pinky_bt/install/pinky_gazebo/share/pinky_gazebo/package.bash'
[1.701s] INFO:colcon.colcon_core.shell:Creating package script '/home/etri/pinky_bt/install/pinky_gazebo/share/pinky_gazebo/package.zsh'
[1.701s] Level 1:colcon.colcon_core.environment:create_file_with_runtime_dependencies(/home/etri/pinky_bt/install/pinky_gazebo/share/colcon-core/packages/pinky_gazebo)
[1.701s] DEBUG:colcon.colcon_parallel_executor.executor.parallel:closing loop
[1.701s] DEBUG:colcon.colcon_parallel_executor.executor.parallel:loop closed
[1.701s] DEBUG:colcon.colcon_parallel_executor.executor.parallel:run_until_complete finished with '0'
[1.701s] DEBUG:colcon.colcon_core.event_reactor:joining thread
[1.705s] INFO:colcon.colcon_core.plugin_system:Skipping extension 'colcon_notification.desktop_notification.terminal_notifier': Not used on non-Darwin systems
[1.705s] INFO:colcon.colcon_core.plugin_system:Skipping extension 'colcon_notification.desktop_notification.win32': Not used on non-Windows systems
[1.705s] INFO:colcon.colcon_notification.desktop_notification:Sending desktop notification using 'notify2'
[1.720s] DEBUG:colcon.colcon_core.event_reactor:joined thread
[1.720s] INFO:colcon.colcon_core.shell:Creating prefix script '/home/etri/pinky_bt/install/local_setup.ps1'
[1.721s] INFO:colcon.colcon_core.shell:Creating prefix util module '/home/etri/pinky_bt/install/_local_setup_util_ps1.py'
[1.722s] INFO:colcon.colcon_core.shell:Creating prefix chain script '/home/etri/pinky_bt/install/setup.ps1'
[1.722s] INFO:colcon.colcon_core.shell:Creating prefix script '/home/etri/pinky_bt/install/local_setup.sh'
[1.723s] INFO:colcon.colcon_core.shell:Creating prefix util module '/home/etri/pinky_bt/install/_local_setup_util_sh.py'
[1.723s] INFO:colcon.colcon_core.shell:Creating prefix chain script '/home/etri/pinky_bt/install/setup.sh'
[1.724s] INFO:colcon.colcon_core.shell:Creating prefix script '/home/etri/pinky_bt/install/local_setup.bash'
[1.724s] INFO:colcon.colcon_core.shell:Creating prefix chain script '/home/etri/pinky_bt/install/setup.bash'
[1.724s] INFO:colcon.colcon_core.shell:Creating prefix script '/home/etri/pinky_bt/install/local_setup.zsh'
[1.725s] INFO:colcon.colcon_core.shell:Creating prefix chain script '/home/etri/pinky_bt/install/setup.zsh'
