-- Found ament_cmake: 1.3.11 (/opt/ros/humble/share/ament_cmake/cmake)
-- Override CMake install command with custom implementation using symlinks instead of copying resources
-- Found rclcpp: 16.0.11 (/opt/ros/humble/share/rclcpp/cmake)
-- Found rosidl_generator_c: 3.1.6 (/opt/ros/humble/share/rosidl_generator_c/cmake)
-- Found rosidl_adapter: 3.1.6 (/opt/ros/humble/share/rosidl_adapter/cmake)
-- Found rosidl_generator_cpp: 3.1.6 (/opt/ros/humble/share/rosidl_generator_cpp/cmake)
-- Using all available rosidl_typesupport_c: rosidl_typesupport_fastrtps_c;rosidl_typesupport_introspection_c
-- Using all available rosidl_typesupport_cpp: rosidl_typesupport_fastrtps_cpp;rosidl_typesupport_introspection_cpp
-- Found rmw_implementation_cmake: 6.1.2 (/opt/ros/humble/share/rmw_implementation_cmake/cmake)
-- Found rmw_fastrtps_cpp: 6.2.7 (/opt/ros/humble/share/rmw_fastrtps_cpp/cmake)
-- Using RMW implementation 'rmw_fastrtps_cpp' as default
-- Found nav2_bringup: 1.1.17 (/opt/ros/humble/share/nav2_bringup/cmake)
-- Found nav2_costmap_2d: 1.1.17 (/opt/ros/humble/share/nav2_costmap_2d/cmake)
-- Ensuring Eigen3 include directory is part of orocos-kdl CMake target
-- Found nav2_controller: 1.1.17 (/opt/ros/humble/share/nav2_controller/cmake)
-- Found nav2_planner: 1.1.17 (/opt/ros/humble/share/nav2_planner/cmake)
-- Found nav2_bt_navigator: 1.1.17 (/opt/ros/humble/share/nav2_bt_navigator/cmake)
-- Found nav2_lifecycle_manager: 1.1.17 (/opt/ros/humble/share/nav2_lifecycle_manager/cmake)
-- Found nav2_amcl: 1.1.17 (/opt/ros/humble/share/nav2_amcl/cmake)
-- Found nav2_map_server: 1.1.17 (/opt/ros/humble/share/nav2_map_server/cmake)
-- Found nav2_regulated_pure_pursuit_controller: 1.1.17 (/opt/ros/humble/share/nav2_regulated_pure_pursuit_controller/cmake)
-- Found ament_lint_auto: 0.12.11 (/opt/ros/humble/share/ament_lint_auto/cmake)
-- Added test 'flake8' to check Python code syntax and style conventions
-- Added test 'lint_cmake' to check CMake code style
-- Added test 'pep257' to check Python code against some of the docstring style conventions in PEP 257
-- Added test 'xmllint' to check XML markup files
-- Configuring done
-- Generating done
-- Build files have been written to: /home/etri/pinky_bt/build/pinky_navigation
-- Install configuration: ""
-- Execute custom install script
-- Up-to-date symlink: /home/etri/pinky_bt/install/pinky_navigation/share/pinky_navigation//launch/navigation2.launch.py
-- Up-to-date symlink: /home/etri/pinky_bt/install/pinky_navigation/share/pinky_navigation//param/nav2_param.yaml
-- Up-to-date symlink: /home/etri/pinky_bt/install/pinky_navigation/share/ament_index/resource_index/package_run_dependencies/pinky_navigation
-- Up-to-date symlink: /home/etri/pinky_bt/install/pinky_navigation/share/ament_index/resource_index/parent_prefix_path/pinky_navigation
-- Up-to-date symlink: /home/etri/pinky_bt/install/pinky_navigation/share/pinky_navigation/environment/ament_prefix_path.sh
-- Up-to-date symlink: /home/etri/pinky_bt/install/pinky_navigation/share/pinky_navigation/environment/ament_prefix_path.dsv
-- Up-to-date symlink: /home/etri/pinky_bt/install/pinky_navigation/share/pinky_navigation/environment/path.sh
-- Up-to-date symlink: /home/etri/pinky_bt/install/pinky_navigation/share/pinky_navigation/environment/path.dsv
-- Up-to-date symlink: /home/etri/pinky_bt/install/pinky_navigation/share/pinky_navigation/local_setup.bash
-- Up-to-date symlink: /home/etri/pinky_bt/install/pinky_navigation/share/pinky_navigation/local_setup.sh
-- Up-to-date symlink: /home/etri/pinky_bt/install/pinky_navigation/share/pinky_navigation/local_setup.zsh
-- Up-to-date symlink: /home/etri/pinky_bt/install/pinky_navigation/share/pinky_navigation/local_setup.dsv
-- Symlinking: /home/etri/pinky_bt/install/pinky_navigation/share/pinky_navigation/package.dsv
-- Up-to-date symlink: /home/etri/pinky_bt/install/pinky_navigation/share/ament_index/resource_index/packages/pinky_navigation
-- Up-to-date symlink: /home/etri/pinky_bt/install/pinky_navigation/share/pinky_navigation/cmake/pinky_navigationConfig.cmake
-- Up-to-date symlink: /home/etri/pinky_bt/install/pinky_navigation/share/pinky_navigation/cmake/pinky_navigationConfig-version.cmake
-- Up-to-date symlink: /home/etri/pinky_bt/install/pinky_navigation/share/pinky_navigation/package.xml
