[0.024s] Invoking command in '/home/etri/pinky_bt/src/build/pinky_gazebo': /usr/bin/cmake /home/etri/pinky_bt/src/pinky_behaviortree/pinky_gazebo -DCMAKE_INSTALL_PREFIX=/home/etri/pinky_bt/src/install/pinky_gazebo
[0.065s] -- The C compiler identification is GNU 11.4.0
[0.120s] -- The CXX compiler identification is GNU 11.4.0
[0.129s] -- Detecting C compiler ABI info
[0.210s] -- Detecting C compiler ABI info - done
[0.216s] -- Check for working C compiler: /usr/bin/cc - skipped
[0.216s] -- Detecting C compile features
[0.216s] -- Detecting C compile features - done
[0.232s] -- Detecting CXX compiler ABI info
[0.311s] -- Detecting CXX compiler ABI info - done
[0.317s] -- Check for working CXX compiler: /usr/bin/c++ - skipped
[0.317s] -- Detecting CXX compile features
[0.317s] -- Detecting CXX compile features - done
[0.325s] [31mCMake Error at CMakeLists.txt:9 (find_package):
[0.325s]   By not providing "Findament_cmake.cmake" in CMAKE_MODULE_PATH this project
[0.325s]   has asked CMake to find a package configuration file provided by
[0.325s]   "ament_cmake", but CMake did not find one.
[0.326s] 
[0.326s]   Could not find a package configuration file provided by "ament_cmake" with
[0.326s]   any of the following names:
[0.326s] 
[0.326s]     ament_cmakeConfig.cmake
[0.326s]     ament_cmake-config.cmake
[0.326s] 
[0.326s]   Add the installation prefix of "ament_cmake" to CMAKE_PREFIX_PATH or set
[0.326s]   "ament_cmake_DIR" to a directory containing one of the above files.  If
[0.326s]   "ament_cmake" provides a separate development package or SDK, be sure it
[0.326s]   has been installed.
[0.326s] 
[0.326s] [0m
[0.326s] -- Configuring incomplete, errors occurred!
[0.326s] See also "/home/etri/pinky_bt/src/build/pinky_gazebo/CMakeFiles/CMakeOutput.log".
[0.329s] Invoked command in '/home/etri/pinky_bt/src/build/pinky_gazebo' returned '1': /usr/bin/cmake /home/etri/pinky_bt/src/pinky_behaviortree/pinky_gazebo -DCMAKE_INSTALL_PREFIX=/home/etri/pinky_bt/src/install/pinky_gazebo
