[0.014s] Invoking command in '/home/etri/pinky_bt/src/build/pinky_description': /usr/bin/cmake /home/etri/pinky_bt/src/pinky_behaviortree/pinky_description -DCMAKE_INSTALL_PREFIX=/home/etri/pinky_bt/src/install/pinky_description
[0.103s] -- The C compiler identification is GNU 11.4.0
[0.152s] -- The CXX compiler identification is GNU 11.4.0
[0.161s] -- Detecting C compiler ABI info
[0.214s] -- Detecting C compiler ABI info - done
[0.222s] -- Check for working C compiler: /usr/bin/cc - skipped
[0.223s] -- Detecting C compile features
[0.224s] -- Detecting C compile features - done
[0.226s] -- Detecting CXX compiler ABI info
[0.327s] -- Detecting CXX compiler ABI info - done
[0.335s] -- Check for working CXX compiler: /usr/bin/c++ - skipped
[0.335s] -- Detecting CXX compile features
[0.335s] -- Detecting CXX compile features - done
[0.347s] -- Configuring incomplete, errors occurred!
[0.347s] See also "/home/etri/pinky_bt/src/build/pinky_description/CMakeFiles/CMakeOutput.log".
[0.350s] [31mCMake Error at CMakeLists.txt:9 (find_package):
[0.350s]   By not providing "Findament_cmake.cmake" in CMAKE_MODULE_PATH this project
[0.350s]   has asked CMake to find a package configuration file provided by
[0.350s]   "ament_cmake", but CMake did not find one.
[0.350s] 
[0.350s]   Could not find a package configuration file provided by "ament_cmake" with
[0.350s]   any of the following names:
[0.350s] 
[0.350s]     ament_cmakeConfig.cmake
[0.350s]     ament_cmake-config.cmake
[0.350s] 
[0.350s]   Add the installation prefix of "ament_cmake" to CMAKE_PREFIX_PATH or set
[0.350s]   "ament_cmake_DIR" to a directory containing one of the above files.  If
[0.350s]   "ament_cmake" provides a separate development package or SDK, be sure it
[0.350s]   has been installed.
[0.350s] 
[0.350s] [0m
