[0.021s] Invoking command in '/home/etri/pinky_bt/src/build/pinky_navigation': /usr/bin/cmake /home/etri/pinky_bt/src/pinky_behaviortree/pinky_navigation -DCMAKE_INSTALL_PREFIX=/home/etri/pinky_bt/src/install/pinky_navigation
[0.074s] -- The C compiler identification is GNU 11.4.0
[0.150s] -- The CXX compiler identification is GNU 11.4.0
[0.160s] -- Detecting C compiler ABI info
[0.227s] -- Detecting C compiler ABI info - done
[0.232s] -- Check for working C compiler: /usr/bin/cc - skipped
[0.233s] -- Detecting C compile features
[0.233s] -- Detecting C compile features - done
[0.238s] -- Detecting CXX compiler ABI info
[0.338s] -- Detecting CXX compiler ABI info - done
[0.345s] -- Check for working CXX compiler: /usr/bin/c++ - skipped
[0.345s] -- Detecting CXX compile features
[0.346s] -- Detecting CXX compile features - done
[0.352s] [31mCMake Error at CMakeLists.txt:9 (find_package):
[0.352s]   By not providing "Findament_cmake.cmake" in CMAKE_MODULE_PATH this project
[0.352s]   has asked CMake to find a package configuration file provided by
[0.352s]   "ament_cmake", but CMake did not find one.
[0.352s] 
[0.352s]   Could not find a package configuration file provided by "ament_cmake" with
[0.352s]   any of the following names:
[0.352s] 
[0.352s]     ament_cmakeConfig.cmake
[0.352s]     ament_cmake-config.cmake
[0.352s] 
[0.352s]   Add the installation prefix of "ament_cmake" to CMAKE_PREFIX_PATH or set
[0.353s]   "ament_cmake_DIR" to a directory containing one of the above files.  If
[0.353s]   "ament_cmake" provides a separate development package or SDK, be sure it
[0.353s]   has been installed.
[0.353s] 
[0.353s] [0m
[0.353s] -- Configuring incomplete, errors occurred!
[0.353s] See also "/home/etri/pinky_bt/src/build/pinky_navigation/CMakeFiles/CMakeOutput.log".
