[0.028s] Invoking command in '/home/etri/pinky_bt/src/build/pinky_navigation': CMAKE_PREFIX_PATH=/opt/ros/humble /usr/bin/cmake /home/etri/pinky_bt/src/pinky_behaviortree/pinky_navigation -DCMAKE_INSTALL_PREFIX=/home/etri/pinky_bt/src/install/pinky_navigation
[0.333s] -- Found ament_cmake: 1.3.11 (/opt/ros/humble/share/ament_cmake/cmake)
[0.333s] -- Found Python3: /usr/bin/python3 (found version "3.10.12") found components: Interpreter 
[0.334s] -- Found rclcpp: 16.0.11 (/opt/ros/humble/share/rclcpp/cmake)
[0.334s] -- Found rosidl_generator_c: 3.1.6 (/opt/ros/humble/share/rosidl_generator_c/cmake)
[0.334s] -- Found rosidl_adapter: 3.1.6 (/opt/ros/humble/share/rosidl_adapter/cmake)
[0.334s] -- Found rosidl_generator_cpp: 3.1.6 (/opt/ros/humble/share/rosidl_generator_cpp/cmake)
[0.334s] -- Using all available rosidl_typesupport_c: rosidl_typesupport_fastrtps_c;rosidl_typesupport_introspection_c
[0.334s] -- Using all available rosidl_typesupport_cpp: rosidl_typesupport_fastrtps_cpp;rosidl_typesupport_introspection_cpp
[0.373s] -- Found rmw_implementation_cmake: 6.1.2 (/opt/ros/humble/share/rmw_implementation_cmake/cmake)
[0.373s] -- Found rmw_fastrtps_cpp: 6.2.7 (/opt/ros/humble/share/rmw_fastrtps_cpp/cmake)
[0.473s] -- Found OpenSSL: /usr/lib/x86_64-linux-gnu/libcrypto.so (found version "3.0.2")  
[0.503s] -- Found FastRTPS: /opt/ros/humble/include  
[0.544s] -- Using RMW implementation 'rmw_fastrtps_cpp' as default
[0.551s] -- Looking for pthread.h
[0.611s] -- Looking for pthread.h - found
[0.611s] -- Performing Test CMAKE_HAVE_LIBC_PTHREAD
[0.732s] -- Performing Test CMAKE_HAVE_LIBC_PTHREAD - Success
[0.732s] -- Found Threads: TRUE  
[0.777s] -- Found nav2_bringup: 1.1.17 (/opt/ros/humble/share/nav2_bringup/cmake)
[0.777s] -- Found nav2_costmap_2d: 1.1.17 (/opt/ros/humble/share/nav2_costmap_2d/cmake)
[0.946s] -- Found Eigen3: TRUE (found version "3.4.0") 
[0.946s] -- Ensuring Eigen3 include directory is part of orocos-kdl CMake target
[1.039s] -- Found nav2_controller: 1.1.17 (/opt/ros/humble/share/nav2_controller/cmake)
[1.117s] -- Found nav2_planner: 1.1.17 (/opt/ros/humble/share/nav2_planner/cmake)
[1.130s] -- Found nav2_bt_navigator: 1.1.17 (/opt/ros/humble/share/nav2_bt_navigator/cmake)
[1.169s] -- Found nav2_lifecycle_manager: 1.1.17 (/opt/ros/humble/share/nav2_lifecycle_manager/cmake)
[1.197s] -- Found nav2_amcl: 1.1.17 (/opt/ros/humble/share/nav2_amcl/cmake)
[1.208s] -- Found nav2_map_server: 1.1.17 (/opt/ros/humble/share/nav2_map_server/cmake)
[1.226s] -- Found nav2_regulated_pure_pursuit_controller: 1.1.17 (/opt/ros/humble/share/nav2_regulated_pure_pursuit_controller/cmake)
[1.243s] -- Found ament_lint_auto: 0.12.11 (/opt/ros/humble/share/ament_lint_auto/cmake)
[1.299s] -- Added test 'flake8' to check Python code syntax and style conventions
[1.299s] -- Added test 'lint_cmake' to check CMake code style
[1.299s] -- Added test 'pep257' to check Python code against some of the docstring style conventions in PEP 257
[1.300s] -- Added test 'xmllint' to check XML markup files
[1.301s] -- Configuring done
[1.307s] -- Generating done
[1.310s] -- Build files have been written to: /home/etri/pinky_bt/src/build/pinky_navigation
[1.326s] Invoked command in '/home/etri/pinky_bt/src/build/pinky_navigation' returned '0': CMAKE_PREFIX_PATH=/opt/ros/humble /usr/bin/cmake /home/etri/pinky_bt/src/pinky_behaviortree/pinky_navigation -DCMAKE_INSTALL_PREFIX=/home/etri/pinky_bt/src/install/pinky_navigation
[1.329s] Invoking command in '/home/etri/pinky_bt/src/build/pinky_navigation': CMAKE_PREFIX_PATH=/opt/ros/humble /usr/bin/cmake --build /home/etri/pinky_bt/src/build/pinky_navigation -- -j12 -l12
[1.369s] Invoked command in '/home/etri/pinky_bt/src/build/pinky_navigation' returned '0': CMAKE_PREFIX_PATH=/opt/ros/humble /usr/bin/cmake --build /home/etri/pinky_bt/src/build/pinky_navigation -- -j12 -l12
[1.370s] Invoking command in '/home/etri/pinky_bt/src/build/pinky_navigation': CMAKE_PREFIX_PATH=/opt/ros/humble /usr/bin/cmake --install /home/etri/pinky_bt/src/build/pinky_navigation
[1.378s] -- Install configuration: ""
[1.378s] -- Installing: /home/etri/pinky_bt/src/install/pinky_navigation/share/pinky_navigation//launch
[1.378s] -- Installing: /home/etri/pinky_bt/src/install/pinky_navigation/share/pinky_navigation//launch/navigation2.launch.py
[1.378s] -- Installing: /home/etri/pinky_bt/src/install/pinky_navigation/share/pinky_navigation//param
[1.378s] -- Installing: /home/etri/pinky_bt/src/install/pinky_navigation/share/pinky_navigation//param/nav2_param.yaml
[1.378s] -- Installing: /home/etri/pinky_bt/src/install/pinky_navigation/share/ament_index/resource_index/package_run_dependencies/pinky_navigation
[1.378s] -- Installing: /home/etri/pinky_bt/src/install/pinky_navigation/share/ament_index/resource_index/parent_prefix_path/pinky_navigation
[1.378s] -- Installing: /home/etri/pinky_bt/src/install/pinky_navigation/share/pinky_navigation/environment/ament_prefix_path.sh
[1.378s] -- Installing: /home/etri/pinky_bt/src/install/pinky_navigation/share/pinky_navigation/environment/ament_prefix_path.dsv
[1.379s] -- Installing: /home/etri/pinky_bt/src/install/pinky_navigation/share/pinky_navigation/environment/path.sh
[1.379s] -- Installing: /home/etri/pinky_bt/src/install/pinky_navigation/share/pinky_navigation/environment/path.dsv
[1.379s] -- Installing: /home/etri/pinky_bt/src/install/pinky_navigation/share/pinky_navigation/local_setup.bash
[1.379s] -- Installing: /home/etri/pinky_bt/src/install/pinky_navigation/share/pinky_navigation/local_setup.sh
[1.379s] -- Installing: /home/etri/pinky_bt/src/install/pinky_navigation/share/pinky_navigation/local_setup.zsh
[1.379s] -- Installing: /home/etri/pinky_bt/src/install/pinky_navigation/share/pinky_navigation/local_setup.dsv
[1.379s] -- Installing: /home/etri/pinky_bt/src/install/pinky_navigation/share/pinky_navigation/package.dsv
[1.379s] -- Installing: /home/etri/pinky_bt/src/install/pinky_navigation/share/ament_index/resource_index/packages/pinky_navigation
[1.379s] -- Installing: /home/etri/pinky_bt/src/install/pinky_navigation/share/pinky_navigation/cmake/pinky_navigationConfig.cmake
[1.379s] -- Installing: /home/etri/pinky_bt/src/install/pinky_navigation/share/pinky_navigation/cmake/pinky_navigationConfig-version.cmake
[1.379s] -- Installing: /home/etri/pinky_bt/src/install/pinky_navigation/share/pinky_navigation/package.xml
[1.380s] Invoked command in '/home/etri/pinky_bt/src/build/pinky_navigation' returned '0': CMAKE_PREFIX_PATH=/opt/ros/humble /usr/bin/cmake --install /home/etri/pinky_bt/src/build/pinky_navigation
