[0.017s] Invoking command in '/home/etri/pinky_bt/src/build/pinky_description': /usr/bin/cmake /home/etri/pinky_bt/src/pinky_behaviortree/pinky_description -DCMAKE_INSTALL_PREFIX=/home/etri/pinky_bt/src/install/pinky_description
[0.219s] [31mCMake Error at CMakeLists.txt:9 (find_package):
[0.219s]   By not providing "Findament_cmake.cmake" in CMAKE_MODULE_PATH this project
[0.219s]   has asked CMake to find a package configuration file provided by
[0.219s]   "ament_cmake", but CMake did not find one.
[0.219s] 
[0.219s]   Could not find a package configuration file provided by "ament_cmake" with
[0.219s]   any of the following names:
[0.219s] 
[0.219s]     ament_cmakeConfig.cmake
[0.219s]     ament_cmake-config.cmake
[0.219s] 
[0.219s]   Add the installation prefix of "ament_cmake" to CMAKE_PREFIX_PATH or set
[0.219s]   "ament_cmake_DIR" to a directory containing one of the above files.  If
[0.219s]   "ament_cmake" provides a separate development package or SDK, be sure it
[0.219s]   has been installed.
[0.219s] 
[0.219s] [0m
[0.221s] -- Configuring incomplete, errors occurred!
[0.222s] See also "/home/etri/pinky_bt/src/build/pinky_description/CMakeFiles/CMakeOutput.log".
[0.223s] Invoked command in '/home/etri/pinky_bt/src/build/pinky_description' returned '1': /usr/bin/cmake /home/etri/pinky_bt/src/pinky_behaviortree/pinky_description -DCMAKE_INSTALL_PREFIX=/home/etri/pinky_bt/src/install/pinky_description
