[0.032s] Invoking command in '/home/etri/pinky_bt/build/pinky_navigation': CMAKE_PREFIX_PATH=${CMAKE_PREFIX_PATH}:/home/etri/pinky_bt/install/pinky_slam:/opt/ros/humble /usr/bin/cmake /home/etri/pinky_bt/src/pinky_behaviortree/pinky_navigation -DAMENT_CMAKE_SYMLINK_INSTALL=1 -DCMAKE_INSTALL_PREFIX=/home/etri/pinky_bt/install/pinky_navigation
[0.235s] -- Found ament_cmake: 1.3.11 (/opt/ros/humble/share/ament_cmake/cmake)
[0.235s] -- Override CMake install command with custom implementation using symlinks instead of copying resources
[0.235s] -- Found rclcpp: 16.0.11 (/opt/ros/humble/share/rclcpp/cmake)
[0.235s] -- Found rosidl_generator_c: 3.1.6 (/opt/ros/humble/share/rosidl_generator_c/cmake)
[0.237s] -- Found rosidl_adapter: 3.1.6 (/opt/ros/humble/share/rosidl_adapter/cmake)
[0.237s] -- Found rosidl_generator_cpp: 3.1.6 (/opt/ros/humble/share/rosidl_generator_cpp/cmake)
[0.237s] -- Using all available rosidl_typesupport_c: rosidl_typesupport_fastrtps_c;rosidl_typesupport_introspection_c
[0.237s] -- Using all available rosidl_typesupport_cpp: rosidl_typesupport_fastrtps_cpp;rosidl_typesupport_introspection_cpp
[0.237s] -- Found rmw_implementation_cmake: 6.1.2 (/opt/ros/humble/share/rmw_implementation_cmake/cmake)
[0.237s] -- Found rmw_fastrtps_cpp: 6.2.7 (/opt/ros/humble/share/rmw_fastrtps_cpp/cmake)
[0.300s] -- Using RMW implementation 'rmw_fastrtps_cpp' as default
[0.340s] -- Found nav2_bringup: 1.1.17 (/opt/ros/humble/share/nav2_bringup/cmake)
[0.340s] -- Found nav2_costmap_2d: 1.1.17 (/opt/ros/humble/share/nav2_costmap_2d/cmake)
[0.479s] -- Ensuring Eigen3 include directory is part of orocos-kdl CMake target
[0.547s] -- Found nav2_controller: 1.1.17 (/opt/ros/humble/share/nav2_controller/cmake)
[0.590s] -- Found nav2_planner: 1.1.17 (/opt/ros/humble/share/nav2_planner/cmake)
[0.608s] -- Found nav2_bt_navigator: 1.1.17 (/opt/ros/humble/share/nav2_bt_navigator/cmake)
[0.641s] -- Found nav2_lifecycle_manager: 1.1.17 (/opt/ros/humble/share/nav2_lifecycle_manager/cmake)
[0.667s] -- Found nav2_amcl: 1.1.17 (/opt/ros/humble/share/nav2_amcl/cmake)
[0.677s] -- Found nav2_map_server: 1.1.17 (/opt/ros/humble/share/nav2_map_server/cmake)
[0.688s] -- Found nav2_regulated_pure_pursuit_controller: 1.1.17 (/opt/ros/humble/share/nav2_regulated_pure_pursuit_controller/cmake)
[0.705s] -- Found ament_lint_auto: 0.12.11 (/opt/ros/humble/share/ament_lint_auto/cmake)
[0.766s] -- Added test 'flake8' to check Python code syntax and style conventions
[0.766s] -- Added test 'lint_cmake' to check CMake code style
[0.766s] -- Added test 'pep257' to check Python code against some of the docstring style conventions in PEP 257
[0.767s] -- Added test 'xmllint' to check XML markup files
[0.768s] -- Configuring done
[0.772s] -- Generating done
[0.774s] -- Build files have been written to: /home/etri/pinky_bt/build/pinky_navigation
[0.786s] Invoked command in '/home/etri/pinky_bt/build/pinky_navigation' returned '0': CMAKE_PREFIX_PATH=${CMAKE_PREFIX_PATH}:/home/etri/pinky_bt/install/pinky_slam:/opt/ros/humble /usr/bin/cmake /home/etri/pinky_bt/src/pinky_behaviortree/pinky_navigation -DAMENT_CMAKE_SYMLINK_INSTALL=1 -DCMAKE_INSTALL_PREFIX=/home/etri/pinky_bt/install/pinky_navigation
[0.787s] Invoking command in '/home/etri/pinky_bt/build/pinky_navigation': CMAKE_PREFIX_PATH=${CMAKE_PREFIX_PATH}:/home/etri/pinky_bt/install/pinky_slam:/opt/ros/humble /usr/bin/cmake --build /home/etri/pinky_bt/build/pinky_navigation -- -j12 -l12
[0.820s] Invoked command in '/home/etri/pinky_bt/build/pinky_navigation' returned '0': CMAKE_PREFIX_PATH=${CMAKE_PREFIX_PATH}:/home/etri/pinky_bt/install/pinky_slam:/opt/ros/humble /usr/bin/cmake --build /home/etri/pinky_bt/build/pinky_navigation -- -j12 -l12
[0.822s] Invoking command in '/home/etri/pinky_bt/build/pinky_navigation': CMAKE_PREFIX_PATH=${CMAKE_PREFIX_PATH}:/home/etri/pinky_bt/install/pinky_slam:/opt/ros/humble /usr/bin/cmake --install /home/etri/pinky_bt/build/pinky_navigation
[0.827s] -- Install configuration: ""
[0.827s] -- Execute custom install script
[0.827s] -- Up-to-date symlink: /home/etri/pinky_bt/install/pinky_navigation/share/pinky_navigation//launch/navigation2.launch.py
[0.827s] -- Up-to-date symlink: /home/etri/pinky_bt/install/pinky_navigation/share/pinky_navigation//param/nav2_param.yaml
[0.827s] -- Up-to-date symlink: /home/etri/pinky_bt/install/pinky_navigation/share/ament_index/resource_index/package_run_dependencies/pinky_navigation
[0.827s] -- Up-to-date symlink: /home/etri/pinky_bt/install/pinky_navigation/share/ament_index/resource_index/parent_prefix_path/pinky_navigation
[0.828s] -- Up-to-date symlink: /home/etri/pinky_bt/install/pinky_navigation/share/pinky_navigation/environment/ament_prefix_path.sh
[0.828s] -- Up-to-date symlink: /home/etri/pinky_bt/install/pinky_navigation/share/pinky_navigation/environment/ament_prefix_path.dsv
[0.828s] -- Up-to-date symlink: /home/etri/pinky_bt/install/pinky_navigation/share/pinky_navigation/environment/path.sh
[0.828s] -- Up-to-date symlink: /home/etri/pinky_bt/install/pinky_navigation/share/pinky_navigation/environment/path.dsv
[0.828s] -- Up-to-date symlink: /home/etri/pinky_bt/install/pinky_navigation/share/pinky_navigation/local_setup.bash
[0.828s] -- Up-to-date symlink: /home/etri/pinky_bt/install/pinky_navigation/share/pinky_navigation/local_setup.sh
[0.828s] -- Up-to-date symlink: /home/etri/pinky_bt/install/pinky_navigation/share/pinky_navigation/local_setup.zsh
[0.828s] -- Up-to-date symlink: /home/etri/pinky_bt/install/pinky_navigation/share/pinky_navigation/local_setup.dsv
[0.828s] -- Symlinking: /home/etri/pinky_bt/install/pinky_navigation/share/pinky_navigation/package.dsv
[0.835s] -- Up-to-date symlink: /home/etri/pinky_bt/install/pinky_navigation/share/ament_index/resource_index/packages/pinky_navigation
[0.835s] -- Up-to-date symlink: /home/etri/pinky_bt/install/pinky_navigation/share/pinky_navigation/cmake/pinky_navigationConfig.cmake
[0.835s] -- Up-to-date symlink: /home/etri/pinky_bt/install/pinky_navigation/share/pinky_navigation/cmake/pinky_navigationConfig-version.cmake
[0.835s] -- Up-to-date symlink: /home/etri/pinky_bt/install/pinky_navigation/share/pinky_navigation/package.xml
[0.837s] Invoked command in '/home/etri/pinky_bt/build/pinky_navigation' returned '0': CMAKE_PREFIX_PATH=${CMAKE_PREFIX_PATH}:/home/etri/pinky_bt/install/pinky_slam:/opt/ros/humble /usr/bin/cmake --install /home/etri/pinky_bt/build/pinky_navigation
