[0.018s] Invoking command in '/home/etri/pinky_bt/src/build/pinky_gazebo': CMAKE_PREFIX_PATH=/opt/ros/humble /usr/bin/cmake /home/etri/pinky_bt/src/pinky_behaviortree/pinky_gazebo -DCMAKE_INSTALL_PREFIX=/home/etri/pinky_bt/src/install/pinky_gazebo
[0.328s] -- Found ament_cmake: 1.3.11 (/opt/ros/humble/share/ament_cmake/cmake)
[0.328s] -- Found Python3: /usr/bin/python3 (found version "3.10.12") found components: Interpreter 
[0.332s] -- Found rclcpp: 16.0.11 (/opt/ros/humble/share/rclcpp/cmake)
[0.389s] -- Found rosidl_generator_c: 3.1.6 (/opt/ros/humble/share/rosidl_generator_c/cmake)
[0.403s] -- Found rosidl_adapter: 3.1.6 (/opt/ros/humble/share/rosidl_adapter/cmake)
[0.408s] -- Found rosidl_generator_cpp: 3.1.6 (/opt/ros/humble/share/rosidl_generator_cpp/cmake)
[0.423s] -- Using all available rosidl_typesupport_c: rosidl_typesupport_fastrtps_c;rosidl_typesupport_introspection_c
[0.431s] -- Using all available rosidl_typesupport_cpp: rosidl_typesupport_fastrtps_cpp;rosidl_typesupport_introspection_cpp
[0.466s] -- Found rmw_implementation_cmake: 6.1.2 (/opt/ros/humble/share/rmw_implementation_cmake/cmake)
[0.466s] -- Found rmw_fastrtps_cpp: 6.2.7 (/opt/ros/humble/share/rmw_fastrtps_cpp/cmake)
[0.561s] -- Found OpenSSL: /usr/lib/x86_64-linux-gnu/libcrypto.so (found version "3.0.2")  
[0.588s] -- Found FastRTPS: /opt/ros/humble/include  
[0.631s] -- Using RMW implementation 'rmw_fastrtps_cpp' as default
[0.635s] -- Looking for pthread.h
[0.711s] -- Looking for pthread.h - found
[0.712s] -- Performing Test CMAKE_HAVE_LIBC_PTHREAD
[0.794s] -- Performing Test CMAKE_HAVE_LIBC_PTHREAD - Success
[0.795s] -- Found Threads: TRUE  
[0.839s] -- Found gazebo_ros: 3.7.0 (/opt/ros/humble/share/gazebo_ros/cmake)
[0.861s] -- Found PkgConfig: /usr/bin/pkg-config (found version "0.29.2") 
[0.863s] -- Checking for module 'bullet>=2.82'
[0.873s] --   Found bullet, version 3.05
[1.047s] -- Found fcl: /usr/include (found suitable version "0.7.0", minimum required is "0.5.0") 
[1.096s] -- Found assimp: /usr/include (found version "5.2.0") 
[1.119s] -- Found DART: /usr/include (Required is at least version "6.6") found components: dart 
[1.136s] -- Found Boost: /usr/lib/x86_64-linux-gnu/cmake/Boost-1.74.0/BoostConfig.cmake (found suitable version "1.74.0", minimum required is "1.40.0") found components: thread system filesystem program_options regex iostreams date_time 
[1.147s] -- Found Protobuf: /usr/lib/x86_64-linux-gnu/libprotobuf.so (found version "3.12.4") 
[1.150s] -- Looking for ignition-math6 -- found version 6.15.1
[1.154s] -- Searching for dependencies of ignition-math6
[1.155s] -- Looking for OGRE...
[1.156s] -- OGRE_PREFIX_WATCH changed.
[1.159s] -- Checking for module 'OGRE'
[1.171s] --   Found OGRE, version 1.9.0
[1.200s] -- Found Ogre Ghadamon (1.9.0)
[1.210s] -- Found OGRE: optimized;/usr/lib/x86_64-linux-gnu/libOgreMain.so;debug;/usr/lib/x86_64-linux-gnu/libOgreMain.so
[1.219s] -- Looking for OGRE_Paging...
[1.227s] -- Found OGRE_Paging: optimized;/usr/lib/x86_64-linux-gnu/libOgrePaging.so;debug;/usr/lib/x86_64-linux-gnu/libOgrePaging.so
[1.227s] -- Looking for OGRE_Terrain...
[1.232s] -- Found OGRE_Terrain: optimized;/usr/lib/x86_64-linux-gnu/libOgreTerrain.so;debug;/usr/lib/x86_64-linux-gnu/libOgreTerrain.so
[1.232s] -- Looking for OGRE_Property...
[1.237s] -- Found OGRE_Property: optimized;/usr/lib/x86_64-linux-gnu/libOgreProperty.so;debug;/usr/lib/x86_64-linux-gnu/libOgreProperty.so
[1.237s] -- Looking for OGRE_RTShaderSystem...
[1.242s] -- Found OGRE_RTShaderSystem: optimized;/usr/lib/x86_64-linux-gnu/libOgreRTShaderSystem.so;debug;/usr/lib/x86_64-linux-gnu/libOgreRTShaderSystem.so
[1.243s] -- Looking for OGRE_Volume...
[1.246s] -- Found OGRE_Volume: optimized;/usr/lib/x86_64-linux-gnu/libOgreVolume.so;debug;/usr/lib/x86_64-linux-gnu/libOgreVolume.so
[1.246s] -- Looking for OGRE_Overlay...
[1.252s] -- Found OGRE_Overlay: optimized;/usr/lib/x86_64-linux-gnu/libOgreOverlay.so;debug;/usr/lib/x86_64-linux-gnu/libOgreOverlay.so
[1.406s] -- Looking for ignition-math6 -- found version 6.15.1
[1.407s] -- Looking for ignition-transport8 -- found version 8.2.1
[1.407s] -- Searching for dependencies of ignition-transport8
[1.423s] -- Found Protobuf: /usr/lib/x86_64-linux-gnu/libprotobuf.so (found suitable version "3.12.4", minimum required is "3") 
[1.431s] -- Config-file not installed for ZeroMQ -- checking for pkg-config
[1.435s] -- Checking for module 'libzmq >= 4'
[1.446s] --   Found libzmq , version 4.3.4
[1.470s] -- Found ZeroMQ: TRUE (Required is at least version "4") 
[1.476s] -- Checking for module 'uuid'
[1.488s] --   Found uuid, version 2.37.2
[1.513s] -- Found UUID: TRUE  
[1.513s] -- Looking for ignition-msgs5 -- found version 5.8.1
[1.514s] -- Searching for dependencies of ignition-msgs5
[1.529s] -- Looking for ignition-math6 -- found version 6.15.1
[1.533s] -- Checking for module 'tinyxml2'
[1.543s] --   Found tinyxml2, version 9.0.0
[1.570s] -- Looking for ignition-msgs5 -- found version 5.8.1
[1.572s] -- Looking for ignition-common3 -- found version 3.14.0
[1.572s] -- Searching for dependencies of ignition-common3
[1.572s] -- Looking for dlfcn.h - found
[1.576s] -- Looking for libdl - found
[1.576s] -- Found DL: TRUE  
[1.584s] -- Found tinyobjloader: /usr/lib/x86_64-linux-gnu/cmake/tinyobjloader/tinyobjloader-config.cmake (found version "2.0.0") 
[1.584s] -- Searching for <ignition-common3> component [graphics]
[1.585s] -- Looking for ignition-common3-graphics -- found version 3.14.0
[1.585s] -- Searching for dependencies of ignition-common3-graphics
[1.585s] -- Looking for ignition-math6 -- found version 6.15.1
[1.586s] -- Looking for ignition-fuel_tools4 -- found version 4.4.0
[1.586s] -- Searching for dependencies of ignition-fuel_tools4
[1.635s] -- Found CURL: /usr/lib/x86_64-linux-gnu/libcurl.so (found version "7.81.0")  
[1.642s] -- Checking for module 'jsoncpp'
[1.653s] --   Found jsoncpp, version 1.9.5
[1.681s] -- Found JSONCPP: TRUE  
[1.686s] -- Checking for module 'libzip'
[1.694s] --   Found libzip, version 1.7.3
[1.718s] -- Found ZIP: TRUE  
[1.718s] -- Looking for ignition-common3 -- found version 3.14.0
[1.718s] -- Looking for ignition-math6 -- found version 6.15.1
[1.719s] -- Looking for ignition-msgs5 -- found version 5.8.1
[1.721s] -- Gazebo version: 11.10
[1.721s] -- Checking for module 'tbb'
[1.731s] --   Found tbb, version 2021.5.0
[1.751s] -- Found ament_lint_auto: 0.12.11 (/opt/ros/humble/share/ament_lint_auto/cmake)
[1.823s] -- Added test 'flake8' to check Python code syntax and style conventions
[1.824s] -- Added test 'lint_cmake' to check CMake code style
[1.824s] -- Added test 'pep257' to check Python code against some of the docstring style conventions in PEP 257
[1.827s] -- Added test 'xmllint' to check XML markup files
[1.828s] -- Configuring done
[1.833s] -- Generating done
[1.839s] -- Build files have been written to: /home/etri/pinky_bt/src/build/pinky_gazebo
[1.851s] Invoked command in '/home/etri/pinky_bt/src/build/pinky_gazebo' returned '0': CMAKE_PREFIX_PATH=/opt/ros/humble /usr/bin/cmake /home/etri/pinky_bt/src/pinky_behaviortree/pinky_gazebo -DCMAKE_INSTALL_PREFIX=/home/etri/pinky_bt/src/install/pinky_gazebo
[1.852s] Invoking command in '/home/etri/pinky_bt/src/build/pinky_gazebo': CMAKE_PREFIX_PATH=/opt/ros/humble /usr/bin/cmake --build /home/etri/pinky_bt/src/build/pinky_gazebo -- -j12 -l12
[1.888s] Invoked command in '/home/etri/pinky_bt/src/build/pinky_gazebo' returned '0': CMAKE_PREFIX_PATH=/opt/ros/humble /usr/bin/cmake --build /home/etri/pinky_bt/src/build/pinky_gazebo -- -j12 -l12
[1.890s] Invoking command in '/home/etri/pinky_bt/src/build/pinky_gazebo': CMAKE_PREFIX_PATH=/opt/ros/humble /usr/bin/cmake --install /home/etri/pinky_bt/src/build/pinky_gazebo
[1.897s] -- Install configuration: ""
[1.897s] -- Installing: /home/etri/pinky_bt/src/install/pinky_gazebo/share/pinky_gazebo/world
[1.898s] -- Installing: /home/etri/pinky_bt/src/install/pinky_gazebo/share/pinky_gazebo/world/original_office_world.world
[1.898s] -- Installing: /home/etri/pinky_bt/src/install/pinky_gazebo/share/pinky_gazebo/world/office_world.world
[1.898s] -- Installing: /home/etri/pinky_bt/src/install/pinky_gazebo/share/pinky_gazebo/model
[1.898s] -- Installing: /home/etri/pinky_bt/src/install/pinky_gazebo/share/pinky_gazebo/model/foldable_chair
[1.898s] -- Installing: /home/etri/pinky_bt/src/install/pinky_gazebo/share/pinky_gazebo/model/foldable_chair/original_model.sdf
[1.898s] -- Installing: /home/etri/pinky_bt/src/install/pinky_gazebo/share/pinky_gazebo/model/foldable_chair/mesh
[1.899s] -- Installing: /home/etri/pinky_bt/src/install/pinky_gazebo/share/pinky_gazebo/model/foldable_chair/mesh/foldable_chair.dae
[1.901s] -- Installing: /home/etri/pinky_bt/src/install/pinky_gazebo/share/pinky_gazebo/model/foldable_chair/mesh/foldable_chair.png
[1.903s] -- Installing: /home/etri/pinky_bt/src/install/pinky_gazebo/share/pinky_gazebo/model/foldable_chair/thumbnails
[1.903s] -- Installing: /home/etri/pinky_bt/src/install/pinky_gazebo/share/pinky_gazebo/model/foldable_chair/thumbnails/2.png
[1.903s] -- Installing: /home/etri/pinky_bt/src/install/pinky_gazebo/share/pinky_gazebo/model/foldable_chair/thumbnails/5.png
[1.903s] -- Installing: /home/etri/pinky_bt/src/install/pinky_gazebo/share/pinky_gazebo/model/foldable_chair/thumbnails/3.png
[1.904s] -- Installing: /home/etri/pinky_bt/src/install/pinky_gazebo/share/pinky_gazebo/model/foldable_chair/thumbnails/4.png
[1.904s] -- Installing: /home/etri/pinky_bt/src/install/pinky_gazebo/share/pinky_gazebo/model/foldable_chair/thumbnails/1.png
[1.906s] -- Installing: /home/etri/pinky_bt/src/install/pinky_gazebo/share/pinky_gazebo/model/foldable_chair/model.sdf
[1.907s] -- Installing: /home/etri/pinky_bt/src/install/pinky_gazebo/share/pinky_gazebo/model/foldable_chair/model.config
[1.907s] -- Installing: /home/etri/pinky_bt/src/install/pinky_gazebo/share/pinky_gazebo/model/Marker1
[1.907s] -- Installing: /home/etri/pinky_bt/src/install/pinky_gazebo/share/pinky_gazebo/model/Marker1/materials
[1.907s] -- Installing: /home/etri/pinky_bt/src/install/pinky_gazebo/share/pinky_gazebo/model/Marker1/materials/textures
[1.907s] -- Installing: /home/etri/pinky_bt/src/install/pinky_gazebo/share/pinky_gazebo/model/Marker1/materials/textures/Marker1.png
[1.907s] -- Installing: /home/etri/pinky_bt/src/install/pinky_gazebo/share/pinky_gazebo/model/Marker1/model.sdf
[1.907s] -- Installing: /home/etri/pinky_bt/src/install/pinky_gazebo/share/pinky_gazebo/model/Marker1/model-1_5.sdf
[1.907s] -- Installing: /home/etri/pinky_bt/src/install/pinky_gazebo/share/pinky_gazebo/model/Marker1/model.config
[1.907s] -- Installing: /home/etri/pinky_bt/src/install/pinky_gazebo/share/pinky_gazebo/model/Marker1/meshes
[1.907s] -- Installing: /home/etri/pinky_bt/src/install/pinky_gazebo/share/pinky_gazebo/model/Marker1/meshes/Marker1.dae
[1.907s] -- Installing: /home/etri/pinky_bt/src/install/pinky_gazebo/share/pinky_gazebo/model/Marker1/model-1_4.sdf
[1.907s] -- Installing: /home/etri/pinky_bt/src/install/pinky_gazebo/share/pinky_gazebo/model/shelf
[1.907s] -- Installing: /home/etri/pinky_bt/src/install/pinky_gazebo/share/pinky_gazebo/model/shelf/thumbnails
[1.907s] -- Installing: /home/etri/pinky_bt/src/install/pinky_gazebo/share/pinky_gazebo/model/shelf/thumbnails/1.png
[1.907s] -- Installing: /home/etri/pinky_bt/src/install/pinky_gazebo/share/pinky_gazebo/model/shelf/original_modl.sdf
[1.907s] -- Installing: /home/etri/pinky_bt/src/install/pinky_gazebo/share/pinky_gazebo/model/shelf/model.sdf
[1.907s] -- Installing: /home/etri/pinky_bt/src/install/pinky_gazebo/share/pinky_gazebo/model/shelf/model.config
[1.908s] -- Installing: /home/etri/pinky_bt/src/install/pinky_gazebo/share/pinky_gazebo/model/shelf/meshes
[1.908s] -- Installing: /home/etri/pinky_bt/src/install/pinky_gazebo/share/pinky_gazebo/model/shelf/meshes/shelf_big_movai.dae
[1.908s] -- Installing: /home/etri/pinky_bt/src/install/pinky_gazebo/share/pinky_gazebo/model/shelf/meshes/Box_paper_04_1_Base_Color.png
[1.908s] -- Installing: /home/etri/pinky_bt/src/install/pinky_gazebo/share/pinky_gazebo/model/Table
[1.908s] -- Installing: /home/etri/pinky_bt/src/install/pinky_gazebo/share/pinky_gazebo/model/Table/original_model.sdf
[1.908s] -- Installing: /home/etri/pinky_bt/src/install/pinky_gazebo/share/pinky_gazebo/model/Table/thumbnails
[1.908s] -- Installing: /home/etri/pinky_bt/src/install/pinky_gazebo/share/pinky_gazebo/model/Table/thumbnails/2.png
[1.908s] -- Installing: /home/etri/pinky_bt/src/install/pinky_gazebo/share/pinky_gazebo/model/Table/thumbnails/5.png
[1.908s] -- Installing: /home/etri/pinky_bt/src/install/pinky_gazebo/share/pinky_gazebo/model/Table/thumbnails/3.png
[1.908s] -- Installing: /home/etri/pinky_bt/src/install/pinky_gazebo/share/pinky_gazebo/model/Table/thumbnails/4.png
[1.908s] -- Installing: /home/etri/pinky_bt/src/install/pinky_gazebo/share/pinky_gazebo/model/Table/thumbnails/1.png
[1.908s] -- Installing: /home/etri/pinky_bt/src/install/pinky_gazebo/share/pinky_gazebo/model/Table/model-1_2.sdf
[1.908s] -- Installing: /home/etri/pinky_bt/src/install/pinky_gazebo/share/pinky_gazebo/model/Table/model.sdf
[1.908s] -- Installing: /home/etri/pinky_bt/src/install/pinky_gazebo/share/pinky_gazebo/model/Table/Table_Diffuse.jpg
[1.908s] -- Installing: /home/etri/pinky_bt/src/install/pinky_gazebo/share/pinky_gazebo/model/Table/model.config
[1.908s] -- Installing: /home/etri/pinky_bt/src/install/pinky_gazebo/share/pinky_gazebo/model/Table/model-1_4.sdf
[1.908s] -- Installing: /home/etri/pinky_bt/src/install/pinky_gazebo/share/pinky_gazebo/model/Table/model-1_3.sdf
[1.908s] -- Installing: /home/etri/pinky_bt/src/install/pinky_gazebo/share/pinky_gazebo/model/Marker2
[1.908s] -- Installing: /home/etri/pinky_bt/src/install/pinky_gazebo/share/pinky_gazebo/model/Marker2/materials
[1.908s] -- Installing: /home/etri/pinky_bt/src/install/pinky_gazebo/share/pinky_gazebo/model/Marker2/materials/textures
[1.908s] -- Installing: /home/etri/pinky_bt/src/install/pinky_gazebo/share/pinky_gazebo/model/Marker2/materials/textures/Marker2.png
[1.908s] -- Installing: /home/etri/pinky_bt/src/install/pinky_gazebo/share/pinky_gazebo/model/Marker2/model.sdf
[1.909s] -- Installing: /home/etri/pinky_bt/src/install/pinky_gazebo/share/pinky_gazebo/model/Marker2/model-1_5.sdf
[1.909s] -- Installing: /home/etri/pinky_bt/src/install/pinky_gazebo/share/pinky_gazebo/model/Marker2/model.config
[1.909s] -- Installing: /home/etri/pinky_bt/src/install/pinky_gazebo/share/pinky_gazebo/model/Marker2/meshes
[1.909s] -- Installing: /home/etri/pinky_bt/src/install/pinky_gazebo/share/pinky_gazebo/model/Marker2/meshes/Marker2.dae
[1.909s] -- Installing: /home/etri/pinky_bt/src/install/pinky_gazebo/share/pinky_gazebo/model/Marker2/model-1_4.sdf
[1.909s] -- Installing: /home/etri/pinky_bt/src/install/pinky_gazebo/share/pinky_gazebo/model/Marker3
[1.909s] -- Installing: /home/etri/pinky_bt/src/install/pinky_gazebo/share/pinky_gazebo/model/Marker3/materials
[1.909s] -- Installing: /home/etri/pinky_bt/src/install/pinky_gazebo/share/pinky_gazebo/model/Marker3/materials/textures
[1.909s] -- Installing: /home/etri/pinky_bt/src/install/pinky_gazebo/share/pinky_gazebo/model/Marker3/materials/textures/Marker3.png
[1.909s] -- Installing: /home/etri/pinky_bt/src/install/pinky_gazebo/share/pinky_gazebo/model/Marker3/model.sdf
[1.909s] -- Installing: /home/etri/pinky_bt/src/install/pinky_gazebo/share/pinky_gazebo/model/Marker3/model-1_5.sdf
[1.909s] -- Installing: /home/etri/pinky_bt/src/install/pinky_gazebo/share/pinky_gazebo/model/Marker3/model.config
[1.909s] -- Installing: /home/etri/pinky_bt/src/install/pinky_gazebo/share/pinky_gazebo/model/Marker3/meshes
[1.909s] -- Installing: /home/etri/pinky_bt/src/install/pinky_gazebo/share/pinky_gazebo/model/Marker3/meshes/Marker3.dae
[1.909s] -- Installing: /home/etri/pinky_bt/src/install/pinky_gazebo/share/pinky_gazebo/model/Marker3/model-1_4.sdf
[1.909s] -- Installing: /home/etri/pinky_bt/src/install/pinky_gazebo/share/pinky_gazebo/model/Marker4
[1.909s] -- Installing: /home/etri/pinky_bt/src/install/pinky_gazebo/share/pinky_gazebo/model/Marker4/materials
[1.909s] -- Installing: /home/etri/pinky_bt/src/install/pinky_gazebo/share/pinky_gazebo/model/Marker4/materials/textures
[1.909s] -- Installing: /home/etri/pinky_bt/src/install/pinky_gazebo/share/pinky_gazebo/model/Marker4/materials/textures/Marker4.png
[1.909s] -- Installing: /home/etri/pinky_bt/src/install/pinky_gazebo/share/pinky_gazebo/model/Marker4/model.sdf
[1.909s] -- Installing: /home/etri/pinky_bt/src/install/pinky_gazebo/share/pinky_gazebo/model/Marker4/model-1_5.sdf
[1.909s] -- Installing: /home/etri/pinky_bt/src/install/pinky_gazebo/share/pinky_gazebo/model/Marker4/model.config
[1.909s] -- Installing: /home/etri/pinky_bt/src/install/pinky_gazebo/share/pinky_gazebo/model/Marker4/meshes
[1.909s] -- Installing: /home/etri/pinky_bt/src/install/pinky_gazebo/share/pinky_gazebo/model/Marker4/meshes/Marker4.dae
[1.909s] -- Installing: /home/etri/pinky_bt/src/install/pinky_gazebo/share/pinky_gazebo/model/Marker4/model-1_4.sdf
[1.910s] -- Installing: /home/etri/pinky_bt/src/install/pinky_gazebo/share/pinky_gazebo/model/Casual female
[1.910s] -- Installing: /home/etri/pinky_bt/src/install/pinky_gazebo/share/pinky_gazebo/model/Casual female/materials
[1.910s] -- Installing: /home/etri/pinky_bt/src/install/pinky_gazebo/share/pinky_gazebo/model/Casual female/materials/textures
[1.910s] -- Installing: /home/etri/pinky_bt/src/install/pinky_gazebo/share/pinky_gazebo/model/Casual female/materials/textures/female_casualsuit02_diffuse.png
[1.911s] -- Installing: /home/etri/pinky_bt/src/install/pinky_gazebo/share/pinky_gazebo/model/Casual female/materials/textures/ponytail01_diffuse.png
[1.914s] -- Installing: /home/etri/pinky_bt/src/install/pinky_gazebo/share/pinky_gazebo/model/Casual female/materials/textures/brown_eye.png
[1.915s] -- Installing: /home/etri/pinky_bt/src/install/pinky_gazebo/share/pinky_gazebo/model/Casual female/materials/textures/eyelashes01.png
[1.915s] -- Installing: /home/etri/pinky_bt/src/install/pinky_gazebo/share/pinky_gazebo/model/Casual female/materials/textures/eyebrow002.png
[1.915s] -- Installing: /home/etri/pinky_bt/src/install/pinky_gazebo/share/pinky_gazebo/model/Casual female/materials/textures/female_casualsuit01_normal.png
[1.920s] -- Installing: /home/etri/pinky_bt/src/install/pinky_gazebo/share/pinky_gazebo/model/Casual female/materials/textures/female_casualsuit01_diffuse.png
[1.922s] -- Installing: /home/etri/pinky_bt/src/install/pinky_gazebo/share/pinky_gazebo/model/Casual female/materials/textures/casual_female.png
[1.922s] -- Installing: /home/etri/pinky_bt/src/install/pinky_gazebo/share/pinky_gazebo/model/Casual female/materials/textures/shoes05_diffuse.png
[1.923s] -- Installing: /home/etri/pinky_bt/src/install/pinky_gazebo/share/pinky_gazebo/model/Casual female/materials/textures/tongue01_diffuse.png
[1.924s] -- Installing: /home/etri/pinky_bt/src/install/pinky_gazebo/share/pinky_gazebo/model/Casual female/materials/textures/young_lightskinned_female_diffuse.png
[1.927s] -- Installing: /home/etri/pinky_bt/src/install/pinky_gazebo/share/pinky_gazebo/model/Casual female/materials/textures/female_casualsuit02_normal.png
[1.932s] -- Installing: /home/etri/pinky_bt/src/install/pinky_gazebo/share/pinky_gazebo/model/Casual female/original_model.sdf
[1.932s] -- Installing: /home/etri/pinky_bt/src/install/pinky_gazebo/share/pinky_gazebo/model/Casual female/thumbnails
[1.932s] -- Installing: /home/etri/pinky_bt/src/install/pinky_gazebo/share/pinky_gazebo/model/Casual female/thumbnails/2.png
[1.932s] -- Installing: /home/etri/pinky_bt/src/install/pinky_gazebo/share/pinky_gazebo/model/Casual female/thumbnails/5.png
[1.932s] -- Installing: /home/etri/pinky_bt/src/install/pinky_gazebo/share/pinky_gazebo/model/Casual female/thumbnails/3.png
[1.933s] -- Installing: /home/etri/pinky_bt/src/install/pinky_gazebo/share/pinky_gazebo/model/Casual female/thumbnails/4.png
[1.933s] -- Installing: /home/etri/pinky_bt/src/install/pinky_gazebo/share/pinky_gazebo/model/Casual female/thumbnails/1.png
[1.933s] -- Installing: /home/etri/pinky_bt/src/install/pinky_gazebo/share/pinky_gazebo/model/Casual female/model.sdf
[1.933s] -- Installing: /home/etri/pinky_bt/src/install/pinky_gazebo/share/pinky_gazebo/model/Casual female/model.config
[1.933s] -- Installing: /home/etri/pinky_bt/src/install/pinky_gazebo/share/pinky_gazebo/model/Casual female/meshes
[1.933s] -- Installing: /home/etri/pinky_bt/src/install/pinky_gazebo/share/pinky_gazebo/model/Casual female/meshes/casual_female.dae
[1.933s] -- Installing: /home/etri/pinky_bt/src/install/pinky_gazebo/share/pinky_gazebo/model/wall
[1.933s] -- Installing: /home/etri/pinky_bt/src/install/pinky_gazebo/share/pinky_gazebo/model/wall/original_model.sdf
[1.933s] -- Installing: /home/etri/pinky_bt/src/install/pinky_gazebo/share/pinky_gazebo/model/wall/model.sdf
[1.933s] -- Installing: /home/etri/pinky_bt/src/install/pinky_gazebo/share/pinky_gazebo/model/wall/model.config
[1.933s] -- Installing: /home/etri/pinky_bt/src/install/pinky_gazebo/share/pinky_gazebo/model/Marker0
[1.933s] -- Installing: /home/etri/pinky_bt/src/install/pinky_gazebo/share/pinky_gazebo/model/Marker0/materials
[1.933s] -- Installing: /home/etri/pinky_bt/src/install/pinky_gazebo/share/pinky_gazebo/model/Marker0/materials/textures
[1.933s] -- Installing: /home/etri/pinky_bt/src/install/pinky_gazebo/share/pinky_gazebo/model/Marker0/materials/textures/Marker0.png
[1.933s] -- Installing: /home/etri/pinky_bt/src/install/pinky_gazebo/share/pinky_gazebo/model/Marker0/model.sdf
[1.934s] -- Installing: /home/etri/pinky_bt/src/install/pinky_gazebo/share/pinky_gazebo/model/Marker0/model-1_5.sdf
[1.934s] -- Installing: /home/etri/pinky_bt/src/install/pinky_gazebo/share/pinky_gazebo/model/Marker0/model.config
[1.934s] -- Installing: /home/etri/pinky_bt/src/install/pinky_gazebo/share/pinky_gazebo/model/Marker0/meshes
[1.934s] -- Installing: /home/etri/pinky_bt/src/install/pinky_gazebo/share/pinky_gazebo/model/Marker0/meshes/Marker0.dae
[1.934s] -- Installing: /home/etri/pinky_bt/src/install/pinky_gazebo/share/pinky_gazebo/model/Marker0/model-1_4.sdf
[1.934s] -- Installing: /home/etri/pinky_bt/src/install/pinky_gazebo/share/pinky_gazebo/launch
[1.934s] -- Installing: /home/etri/pinky_bt/src/install/pinky_gazebo/share/pinky_gazebo/launch/office_world.launch.py
[1.934s] -- Installing: /home/etri/pinky_bt/src/install/pinky_gazebo/share/pinky_gazebo/launch/pinky_upload.launch.py
[1.934s] -- Installing: /home/etri/pinky_bt/src/install/pinky_gazebo/share/pinky_gazebo/param
[1.934s] -- Installing: /home/etri/pinky_bt/src/install/pinky_gazebo/share/pinky_gazebo/param/diff_controller.yaml
[1.934s] -- Installing: /home/etri/pinky_bt/src/install/pinky_gazebo/share/ament_index/resource_index/package_run_dependencies/pinky_gazebo
[1.934s] -- Installing: /home/etri/pinky_bt/src/install/pinky_gazebo/share/ament_index/resource_index/parent_prefix_path/pinky_gazebo
[1.935s] -- Installing: /home/etri/pinky_bt/src/install/pinky_gazebo/share/pinky_gazebo/environment/ament_prefix_path.sh
[1.935s] -- Installing: /home/etri/pinky_bt/src/install/pinky_gazebo/share/pinky_gazebo/environment/ament_prefix_path.dsv
[1.935s] -- Installing: /home/etri/pinky_bt/src/install/pinky_gazebo/share/pinky_gazebo/environment/path.sh
[1.935s] -- Installing: /home/etri/pinky_bt/src/install/pinky_gazebo/share/pinky_gazebo/environment/path.dsv
[1.935s] -- Installing: /home/etri/pinky_bt/src/install/pinky_gazebo/share/pinky_gazebo/local_setup.bash
[1.935s] -- Installing: /home/etri/pinky_bt/src/install/pinky_gazebo/share/pinky_gazebo/local_setup.sh
[1.935s] -- Installing: /home/etri/pinky_bt/src/install/pinky_gazebo/share/pinky_gazebo/local_setup.zsh
[1.935s] -- Installing: /home/etri/pinky_bt/src/install/pinky_gazebo/share/pinky_gazebo/local_setup.dsv
[1.936s] -- Installing: /home/etri/pinky_bt/src/install/pinky_gazebo/share/pinky_gazebo/package.dsv
[1.936s] -- Installing: /home/etri/pinky_bt/src/install/pinky_gazebo/share/ament_index/resource_index/packages/pinky_gazebo
[1.936s] -- Installing: /home/etri/pinky_bt/src/install/pinky_gazebo/share/pinky_gazebo/cmake/pinky_gazeboConfig.cmake
[1.936s] -- Installing: /home/etri/pinky_bt/src/install/pinky_gazebo/share/pinky_gazebo/cmake/pinky_gazeboConfig-version.cmake
[1.936s] -- Installing: /home/etri/pinky_bt/src/install/pinky_gazebo/share/pinky_gazebo/package.xml
[1.937s] Invoked command in '/home/etri/pinky_bt/src/build/pinky_gazebo' returned '0': CMAKE_PREFIX_PATH=/opt/ros/humble /usr/bin/cmake --install /home/etri/pinky_bt/src/build/pinky_gazebo
