[0.019s] Invoking command in '/home/etri/pinky_bt/src/build/pinky_description': CMAKE_PREFIX_PATH=/opt/ros/humble /usr/bin/cmake /home/etri/pinky_bt/src/pinky_behaviortree/pinky_description -DCMAKE_INSTALL_PREFIX=/home/etri/pinky_bt/src/install/pinky_description
[0.331s] -- Found ament_cmake: 1.3.11 (/opt/ros/humble/share/ament_cmake/cmake)
[0.331s] -- Found Python3: /usr/bin/python3 (found version "3.10.12") found components: Interpreter 
[0.331s] -- Found ament_lint_auto: 0.12.11 (/opt/ros/humble/share/ament_lint_auto/cmake)
[0.349s] -- Added test 'lint_cmake' to check CMake code style
[0.350s] -- Added test 'xmllint' to check XML markup files
[0.351s] -- Configuring done
[0.353s] -- Generating done
[0.378s] -- Build files have been written to: /home/etri/pinky_bt/src/build/pinky_description
[0.378s] Invoked command in '/home/etri/pinky_bt/src/build/pinky_description' returned '0': CMAKE_PREFIX_PATH=/opt/ros/humble /usr/bin/cmake /home/etri/pinky_bt/src/pinky_behaviortree/pinky_description -DCMAKE_INSTALL_PREFIX=/home/etri/pinky_bt/src/install/pinky_description
[0.378s] Invoking command in '/home/etri/pinky_bt/src/build/pinky_description': CMAKE_PREFIX_PATH=/opt/ros/humble /usr/bin/cmake --build /home/etri/pinky_bt/src/build/pinky_description -- -j12 -l12
[0.426s] Invoked command in '/home/etri/pinky_bt/src/build/pinky_description' returned '0': CMAKE_PREFIX_PATH=/opt/ros/humble /usr/bin/cmake --build /home/etri/pinky_bt/src/build/pinky_description -- -j12 -l12
[0.441s] Invoking command in '/home/etri/pinky_bt/src/build/pinky_description': CMAKE_PREFIX_PATH=/opt/ros/humble /usr/bin/cmake --install /home/etri/pinky_bt/src/build/pinky_description
[0.447s] -- Install configuration: ""
[0.447s] -- Installing: /home/etri/pinky_bt/src/install/pinky_description/share/pinky_description/rviz
[0.447s] -- Installing: /home/etri/pinky_bt/src/install/pinky_description/share/pinky_description/rviz/urdf_config.rviz
[0.448s] -- Installing: /home/etri/pinky_bt/src/install/pinky_description/share/pinky_description/urdf
[0.448s] -- Installing: /home/etri/pinky_bt/src/install/pinky_description/share/pinky_description/urdf/robot_gazebo.xacro
[0.448s] -- Installing: /home/etri/pinky_bt/src/install/pinky_description/share/pinky_description/urdf/ros2_control.xacro
[0.448s] -- Installing: /home/etri/pinky_bt/src/install/pinky_description/share/pinky_description/urdf/gazebo_control.xacro
[0.448s] -- Installing: /home/etri/pinky_bt/src/install/pinky_description/share/pinky_description/urdf/robot.urdf.xacro
[0.448s] -- Installing: /home/etri/pinky_bt/src/install/pinky_description/share/pinky_description/urdf/camera.xacro
[0.448s] -- Installing: /home/etri/pinky_bt/src/install/pinky_description/share/pinky_description/urdf/lidar.xacro
[0.448s] -- Installing: /home/etri/pinky_bt/src/install/pinky_description/share/pinky_description/urdf/robot_core.xacro
[0.448s] -- Installing: /home/etri/pinky_bt/src/install/pinky_description/share/pinky_description/launch
[0.448s] -- Installing: /home/etri/pinky_bt/src/install/pinky_description/share/pinky_description/launch/display.launch.xml
[0.449s] -- Installing: /home/etri/pinky_bt/src/install/pinky_description/share/pinky_description/launch/upload.launch.xml
[0.449s] -- Installing: /home/etri/pinky_bt/src/install/pinky_description/share/pinky_description/meshes
[0.449s] -- Installing: /home/etri/pinky_bt/src/install/pinky_description/share/pinky_description/meshes/visual
[0.449s] -- Installing: /home/etri/pinky_bt/src/install/pinky_description/share/pinky_description/meshes/visual/base_link.dae
[0.452s] -- Installing: /home/etri/pinky_bt/src/install/pinky_description/share/pinky_description/meshes/visual/camera.dae
[0.453s] -- Installing: /home/etri/pinky_bt/src/install/pinky_description/share/pinky_description/meshes/visual/wheel.dae
[0.454s] -- Installing: /home/etri/pinky_bt/src/install/pinky_description/share/pinky_description/meshes/visual/ul_sensor.dae
[0.454s] -- Installing: /home/etri/pinky_bt/src/install/pinky_description/share/pinky_description/meshes/visual/lidar.dae
[0.456s] -- Installing: /home/etri/pinky_bt/src/install/pinky_description/share/pinky_description/meshes/collision
[0.456s] -- Installing: /home/etri/pinky_bt/src/install/pinky_description/share/pinky_description/meshes/collision/ul_sensor.stl
[0.456s] -- Installing: /home/etri/pinky_bt/src/install/pinky_description/share/pinky_description/meshes/collision/base_link.stl
[0.462s] -- Installing: /home/etri/pinky_bt/src/install/pinky_description/share/pinky_description/meshes/collision/lidar.stl
[0.462s] -- Installing: /home/etri/pinky_bt/src/install/pinky_description/share/pinky_description/meshes/collision/camera.stl
[0.462s] -- Installing: /home/etri/pinky_bt/src/install/pinky_description/share/pinky_description/meshes/collision/wheel.stl
[0.462s] -- Installing: /home/etri/pinky_bt/src/install/pinky_description/share/ament_index/resource_index/package_run_dependencies/pinky_description
[0.462s] -- Installing: /home/etri/pinky_bt/src/install/pinky_description/share/ament_index/resource_index/parent_prefix_path/pinky_description
[0.462s] -- Installing: /home/etri/pinky_bt/src/install/pinky_description/share/pinky_description/environment/ament_prefix_path.sh
[0.462s] -- Installing: /home/etri/pinky_bt/src/install/pinky_description/share/pinky_description/environment/ament_prefix_path.dsv
[0.462s] -- Installing: /home/etri/pinky_bt/src/install/pinky_description/share/pinky_description/environment/path.sh
[0.462s] -- Installing: /home/etri/pinky_bt/src/install/pinky_description/share/pinky_description/environment/path.dsv
[0.462s] -- Installing: /home/etri/pinky_bt/src/install/pinky_description/share/pinky_description/local_setup.bash
[0.463s] -- Installing: /home/etri/pinky_bt/src/install/pinky_description/share/pinky_description/local_setup.sh
[0.463s] -- Installing: /home/etri/pinky_bt/src/install/pinky_description/share/pinky_description/local_setup.zsh
[0.463s] -- Installing: /home/etri/pinky_bt/src/install/pinky_description/share/pinky_description/local_setup.dsv
[0.463s] -- Installing: /home/etri/pinky_bt/src/install/pinky_description/share/pinky_description/package.dsv
[0.463s] -- Installing: /home/etri/pinky_bt/src/install/pinky_description/share/ament_index/resource_index/packages/pinky_description
[0.463s] -- Installing: /home/etri/pinky_bt/src/install/pinky_description/share/pinky_description/cmake/pinky_descriptionConfig.cmake
[0.463s] -- Installing: /home/etri/pinky_bt/src/install/pinky_description/share/pinky_description/cmake/pinky_descriptionConfig-version.cmake
[0.463s] -- Installing: /home/etri/pinky_bt/src/install/pinky_description/share/pinky_description/package.xml
[0.469s] Invoked command in '/home/etri/pinky_bt/src/build/pinky_description' returned '0': CMAKE_PREFIX_PATH=/opt/ros/humble /usr/bin/cmake --install /home/etri/pinky_bt/src/build/pinky_description
