[0.095s] DEBUG:colcon:Command line arguments: ['/usr/bin/colcon', 'build']
[0.095s] DEBUG:colcon:Parsed command line arguments: Namespace(log_base=None, log_level=None, verb_name='build', build_base='build', install_base='install', merge_install=False, symlink_install=False, test_result_base=None, continue_on_error=False, executor='parallel', parallel_workers=12, event_handlers=None, ignore_user_meta=False, metas=['./colcon.meta'], base_paths=['.'], packages_ignore=None, packages_ignore_regex=None, paths=None, packages_up_to=None, packages_up_to_regex=None, packages_above=None, packages_above_and_dependencies=None, packages_above_depth=None, packages_select_by_dep=None, packages_skip_by_dep=None, packages_skip_up_to=None, packages_select_build_failed=False, packages_skip_build_finished=False, packages_select_test_failures=False, packages_skip_test_passed=False, packages_select=None, packages_skip=None, packages_select_regex=None, packages_skip_regex=None, packages_start=None, packages_end=None, allow_overriding=[], cmake_args=None, cmake_target=None, cmake_target_skip_unavailable=False, cmake_clean_cache=False, cmake_clean_first=False, cmake_force_configure=False, ament_cmake_args=None, catkin_cmake_args=None, catkin_skip_building_tests=False, mixin_files=None, mixin=None, verb_parser=<colcon_mixin.mixin.mixin_argument.MixinArgumentDecorator object at 0x7f1bb1188ca0>, verb_extension=<colcon_core.verb.build.BuildVerb object at 0x7f1bb1386200>, main=<bound method BuildVerb.main of <colcon_core.verb.build.BuildVerb object at 0x7f1bb1386200>>, mixin_verb=('build',))
[0.254s] Level 1:colcon.colcon_core.package_discovery:discover_packages(colcon_meta) check parameters
[0.254s] Level 1:colcon.colcon_core.package_discovery:discover_packages(recursive) check parameters
[0.254s] Level 1:colcon.colcon_core.package_discovery:discover_packages(ignore) check parameters
[0.254s] Level 1:colcon.colcon_core.package_discovery:discover_packages(path) check parameters
[0.254s] Level 1:colcon.colcon_core.package_discovery:discover_packages(colcon_meta) discover
[0.254s] Level 1:colcon.colcon_core.package_discovery:discover_packages(recursive) discover
[0.254s] INFO:colcon.colcon_core.package_discovery:Crawling recursively for packages in '/home/etri/pinky_bt/src'
[0.254s] Level 1:colcon.colcon_core.package_identification:_identify(.) by extensions ['ignore', 'ignore_ament_install']
[0.254s] Level 1:colcon.colcon_core.package_identification:_identify(.) by extension 'ignore'
[0.254s] Level 1:colcon.colcon_core.package_identification:_identify(.) by extension 'ignore_ament_install'
[0.254s] Level 1:colcon.colcon_core.package_identification:_identify(.) by extensions ['colcon_pkg']
[0.254s] Level 1:colcon.colcon_core.package_identification:_identify(.) by extension 'colcon_pkg'
[0.254s] Level 1:colcon.colcon_core.package_identification:_identify(.) by extensions ['colcon_meta']
[0.254s] Level 1:colcon.colcon_core.package_identification:_identify(.) by extension 'colcon_meta'
[0.254s] Level 1:colcon.colcon_core.package_identification:_identify(.) by extensions ['ros']
[0.254s] Level 1:colcon.colcon_core.package_identification:_identify(.) by extension 'ros'
[0.279s] Level 1:colcon.colcon_core.package_identification:_identify(.) by extensions ['cmake', 'python']
[0.279s] Level 1:colcon.colcon_core.package_identification:_identify(.) by extension 'cmake'
[0.279s] Level 1:colcon.colcon_core.package_identification:_identify(.) by extension 'python'
[0.279s] Level 1:colcon.colcon_core.package_identification:_identify(.) by extensions ['python_setup_py']
[0.279s] Level 1:colcon.colcon_core.package_identification:_identify(.) by extension 'python_setup_py'
[0.279s] Level 1:colcon.colcon_core.package_identification:_identify(build) by extensions ['ignore', 'ignore_ament_install']
[0.279s] Level 1:colcon.colcon_core.package_identification:_identify(build) by extension 'ignore'
[0.279s] Level 1:colcon.colcon_core.package_identification:_identify(build) ignored
[0.279s] Level 1:colcon.colcon_core.package_identification:_identify(install) by extensions ['ignore', 'ignore_ament_install']
[0.279s] Level 1:colcon.colcon_core.package_identification:_identify(install) by extension 'ignore'
[0.280s] Level 1:colcon.colcon_core.package_identification:_identify(install) ignored
[0.280s] Level 1:colcon.colcon_core.package_identification:_identify(log) by extensions ['ignore', 'ignore_ament_install']
[0.280s] Level 1:colcon.colcon_core.package_identification:_identify(log) by extension 'ignore'
[0.280s] Level 1:colcon.colcon_core.package_identification:_identify(log) ignored
[0.280s] Level 1:colcon.colcon_core.package_identification:_identify(pinky_behaviortree) by extensions ['ignore', 'ignore_ament_install']
[0.280s] Level 1:colcon.colcon_core.package_identification:_identify(pinky_behaviortree) by extension 'ignore'
[0.280s] Level 1:colcon.colcon_core.package_identification:_identify(pinky_behaviortree) by extension 'ignore_ament_install'
[0.280s] Level 1:colcon.colcon_core.package_identification:_identify(pinky_behaviortree) by extensions ['colcon_pkg']
[0.280s] Level 1:colcon.colcon_core.package_identification:_identify(pinky_behaviortree) by extension 'colcon_pkg'
[0.280s] Level 1:colcon.colcon_core.package_identification:_identify(pinky_behaviortree) by extensions ['colcon_meta']
[0.280s] Level 1:colcon.colcon_core.package_identification:_identify(pinky_behaviortree) by extension 'colcon_meta'
[0.280s] Level 1:colcon.colcon_core.package_identification:_identify(pinky_behaviortree) by extensions ['ros']
[0.280s] Level 1:colcon.colcon_core.package_identification:_identify(pinky_behaviortree) by extension 'ros'
[0.280s] Level 1:colcon.colcon_core.package_identification:_identify(pinky_behaviortree) by extensions ['cmake', 'python']
[0.280s] Level 1:colcon.colcon_core.package_identification:_identify(pinky_behaviortree) by extension 'cmake'
[0.280s] Level 1:colcon.colcon_core.package_identification:_identify(pinky_behaviortree) by extension 'python'
[0.280s] Level 1:colcon.colcon_core.package_identification:_identify(pinky_behaviortree) by extensions ['python_setup_py']
[0.280s] Level 1:colcon.colcon_core.package_identification:_identify(pinky_behaviortree) by extension 'python_setup_py'
[0.280s] Level 1:colcon.colcon_core.package_identification:_identify(pinky_behaviortree/build) by extensions ['ignore', 'ignore_ament_install']
[0.280s] Level 1:colcon.colcon_core.package_identification:_identify(pinky_behaviortree/build) by extension 'ignore'
[0.280s] Level 1:colcon.colcon_core.package_identification:_identify(pinky_behaviortree/build) ignored
[0.280s] Level 1:colcon.colcon_core.package_identification:_identify(pinky_behaviortree/install) by extensions ['ignore', 'ignore_ament_install']
[0.281s] Level 1:colcon.colcon_core.package_identification:_identify(pinky_behaviortree/install) by extension 'ignore'
[0.281s] Level 1:colcon.colcon_core.package_identification:_identify(pinky_behaviortree/install) ignored
[0.281s] Level 1:colcon.colcon_core.package_identification:_identify(pinky_behaviortree/log) by extensions ['ignore', 'ignore_ament_install']
[0.281s] Level 1:colcon.colcon_core.package_identification:_identify(pinky_behaviortree/log) by extension 'ignore'
[0.281s] Level 1:colcon.colcon_core.package_identification:_identify(pinky_behaviortree/log) ignored
[0.281s] Level 1:colcon.colcon_core.package_identification:_identify(pinky_behaviortree/pinky_description) by extensions ['ignore', 'ignore_ament_install']
[0.281s] Level 1:colcon.colcon_core.package_identification:_identify(pinky_behaviortree/pinky_description) by extension 'ignore'
[0.281s] Level 1:colcon.colcon_core.package_identification:_identify(pinky_behaviortree/pinky_description) by extension 'ignore_ament_install'
[0.281s] Level 1:colcon.colcon_core.package_identification:_identify(pinky_behaviortree/pinky_description) by extensions ['colcon_pkg']
[0.281s] Level 1:colcon.colcon_core.package_identification:_identify(pinky_behaviortree/pinky_description) by extension 'colcon_pkg'
[0.281s] Level 1:colcon.colcon_core.package_identification:_identify(pinky_behaviortree/pinky_description) by extensions ['colcon_meta']
[0.281s] Level 1:colcon.colcon_core.package_identification:_identify(pinky_behaviortree/pinky_description) by extension 'colcon_meta'
[0.281s] Level 1:colcon.colcon_core.package_identification:_identify(pinky_behaviortree/pinky_description) by extensions ['ros']
[0.281s] Level 1:colcon.colcon_core.package_identification:_identify(pinky_behaviortree/pinky_description) by extension 'ros'
[0.284s] DEBUG:colcon.colcon_core.package_identification:Package 'pinky_behaviortree/pinky_description' with type 'ros.ament_cmake' and name 'pinky_description'
[0.284s] Level 1:colcon.colcon_core.package_identification:_identify(pinky_behaviortree/pinky_gazebo) by extensions ['ignore', 'ignore_ament_install']
[0.284s] Level 1:colcon.colcon_core.package_identification:_identify(pinky_behaviortree/pinky_gazebo) by extension 'ignore'
[0.284s] Level 1:colcon.colcon_core.package_identification:_identify(pinky_behaviortree/pinky_gazebo) by extension 'ignore_ament_install'
[0.284s] Level 1:colcon.colcon_core.package_identification:_identify(pinky_behaviortree/pinky_gazebo) by extensions ['colcon_pkg']
[0.284s] Level 1:colcon.colcon_core.package_identification:_identify(pinky_behaviortree/pinky_gazebo) by extension 'colcon_pkg'
[0.284s] Level 1:colcon.colcon_core.package_identification:_identify(pinky_behaviortree/pinky_gazebo) by extensions ['colcon_meta']
[0.284s] Level 1:colcon.colcon_core.package_identification:_identify(pinky_behaviortree/pinky_gazebo) by extension 'colcon_meta'
[0.284s] Level 1:colcon.colcon_core.package_identification:_identify(pinky_behaviortree/pinky_gazebo) by extensions ['ros']
[0.284s] Level 1:colcon.colcon_core.package_identification:_identify(pinky_behaviortree/pinky_gazebo) by extension 'ros'
[0.285s] DEBUG:colcon.colcon_core.package_identification:Package 'pinky_behaviortree/pinky_gazebo' with type 'ros.ament_cmake' and name 'pinky_gazebo'
[0.285s] Level 1:colcon.colcon_core.package_identification:_identify(pinky_behaviortree/pinky_navigation) by extensions ['ignore', 'ignore_ament_install']
[0.285s] Level 1:colcon.colcon_core.package_identification:_identify(pinky_behaviortree/pinky_navigation) by extension 'ignore'
[0.285s] Level 1:colcon.colcon_core.package_identification:_identify(pinky_behaviortree/pinky_navigation) by extension 'ignore_ament_install'
[0.285s] Level 1:colcon.colcon_core.package_identification:_identify(pinky_behaviortree/pinky_navigation) by extensions ['colcon_pkg']
[0.285s] Level 1:colcon.colcon_core.package_identification:_identify(pinky_behaviortree/pinky_navigation) by extension 'colcon_pkg'
[0.285s] Level 1:colcon.colcon_core.package_identification:_identify(pinky_behaviortree/pinky_navigation) by extensions ['colcon_meta']
[0.285s] Level 1:colcon.colcon_core.package_identification:_identify(pinky_behaviortree/pinky_navigation) by extension 'colcon_meta'
[0.285s] Level 1:colcon.colcon_core.package_identification:_identify(pinky_behaviortree/pinky_navigation) by extensions ['ros']
[0.285s] Level 1:colcon.colcon_core.package_identification:_identify(pinky_behaviortree/pinky_navigation) by extension 'ros'
[0.287s] DEBUG:colcon.colcon_core.package_identification:Package 'pinky_behaviortree/pinky_navigation' with type 'ros.ament_cmake' and name 'pinky_navigation'
[0.287s] Level 1:colcon.colcon_core.package_identification:_identify(pinky_behaviortree/pinky_slam) by extensions ['ignore', 'ignore_ament_install']
[0.287s] Level 1:colcon.colcon_core.package_identification:_identify(pinky_behaviortree/pinky_slam) by extension 'ignore'
[0.287s] Level 1:colcon.colcon_core.package_identification:_identify(pinky_behaviortree/pinky_slam) by extension 'ignore_ament_install'
[0.287s] Level 1:colcon.colcon_core.package_identification:_identify(pinky_behaviortree/pinky_slam) by extensions ['colcon_pkg']
[0.287s] Level 1:colcon.colcon_core.package_identification:_identify(pinky_behaviortree/pinky_slam) by extension 'colcon_pkg'
[0.287s] Level 1:colcon.colcon_core.package_identification:_identify(pinky_behaviortree/pinky_slam) by extensions ['colcon_meta']
[0.287s] Level 1:colcon.colcon_core.package_identification:_identify(pinky_behaviortree/pinky_slam) by extension 'colcon_meta'
[0.287s] Level 1:colcon.colcon_core.package_identification:_identify(pinky_behaviortree/pinky_slam) by extensions ['ros']
[0.287s] Level 1:colcon.colcon_core.package_identification:_identify(pinky_behaviortree/pinky_slam) by extension 'ros'
[0.288s] DEBUG:colcon.colcon_core.package_identification:Package 'pinky_behaviortree/pinky_slam' with type 'ros.ament_python' and name 'pinky_slam'
[0.288s] Level 1:colcon.colcon_core.package_discovery:discover_packages(recursive) using defaults
[0.288s] Level 1:colcon.colcon_core.package_discovery:discover_packages(ignore) discover
[0.288s] Level 1:colcon.colcon_core.package_discovery:discover_packages(ignore) using defaults
[0.288s] Level 1:colcon.colcon_core.package_discovery:discover_packages(path) discover
[0.288s] Level 1:colcon.colcon_core.package_discovery:discover_packages(path) using defaults
[0.306s] Level 1:colcon.colcon_core.package_discovery:discover_packages(prefix_path) check parameters
[0.306s] Level 1:colcon.colcon_core.package_discovery:discover_packages(prefix_path) discover
[0.308s] DEBUG:colcon.colcon_installed_package_information.package_discovery:Found 347 installed packages in /opt/ros/humble
[0.310s] Level 1:colcon.colcon_core.package_discovery:discover_packages(prefix_path) using defaults
[0.349s] Level 5:colcon.colcon_core.verb:set package 'pinky_description' build argument 'cmake_args' from command line to 'None'
[0.349s] Level 5:colcon.colcon_core.verb:set package 'pinky_description' build argument 'cmake_target' from command line to 'None'
[0.349s] Level 5:colcon.colcon_core.verb:set package 'pinky_description' build argument 'cmake_target_skip_unavailable' from command line to 'False'
[0.349s] Level 5:colcon.colcon_core.verb:set package 'pinky_description' build argument 'cmake_clean_cache' from command line to 'False'
[0.349s] Level 5:colcon.colcon_core.verb:set package 'pinky_description' build argument 'cmake_clean_first' from command line to 'False'
[0.349s] Level 5:colcon.colcon_core.verb:set package 'pinky_description' build argument 'cmake_force_configure' from command line to 'False'
[0.349s] Level 5:colcon.colcon_core.verb:set package 'pinky_description' build argument 'ament_cmake_args' from command line to 'None'
[0.349s] Level 5:colcon.colcon_core.verb:set package 'pinky_description' build argument 'catkin_cmake_args' from command line to 'None'
[0.349s] Level 5:colcon.colcon_core.verb:set package 'pinky_description' build argument 'catkin_skip_building_tests' from command line to 'False'
[0.349s] DEBUG:colcon.colcon_core.verb:Building package 'pinky_description' with the following arguments: {'ament_cmake_args': None, 'build_base': '/home/etri/pinky_bt/src/build/pinky_description', 'catkin_cmake_args': None, 'catkin_skip_building_tests': False, 'cmake_args': None, 'cmake_clean_cache': False, 'cmake_clean_first': False, 'cmake_force_configure': False, 'cmake_target': None, 'cmake_target_skip_unavailable': False, 'install_base': '/home/etri/pinky_bt/src/install/pinky_description', 'merge_install': False, 'path': '/home/etri/pinky_bt/src/pinky_behaviortree/pinky_description', 'symlink_install': False, 'test_result_base': None}
[0.350s] Level 5:colcon.colcon_core.verb:set package 'pinky_gazebo' build argument 'cmake_args' from command line to 'None'
[0.350s] Level 5:colcon.colcon_core.verb:set package 'pinky_gazebo' build argument 'cmake_target' from command line to 'None'
[0.350s] Level 5:colcon.colcon_core.verb:set package 'pinky_gazebo' build argument 'cmake_target_skip_unavailable' from command line to 'False'
[0.350s] Level 5:colcon.colcon_core.verb:set package 'pinky_gazebo' build argument 'cmake_clean_cache' from command line to 'False'
[0.350s] Level 5:colcon.colcon_core.verb:set package 'pinky_gazebo' build argument 'cmake_clean_first' from command line to 'False'
[0.350s] Level 5:colcon.colcon_core.verb:set package 'pinky_gazebo' build argument 'cmake_force_configure' from command line to 'False'
[0.350s] Level 5:colcon.colcon_core.verb:set package 'pinky_gazebo' build argument 'ament_cmake_args' from command line to 'None'
[0.350s] Level 5:colcon.colcon_core.verb:set package 'pinky_gazebo' build argument 'catkin_cmake_args' from command line to 'None'
[0.350s] Level 5:colcon.colcon_core.verb:set package 'pinky_gazebo' build argument 'catkin_skip_building_tests' from command line to 'False'
[0.350s] DEBUG:colcon.colcon_core.verb:Building package 'pinky_gazebo' with the following arguments: {'ament_cmake_args': None, 'build_base': '/home/etri/pinky_bt/src/build/pinky_gazebo', 'catkin_cmake_args': None, 'catkin_skip_building_tests': False, 'cmake_args': None, 'cmake_clean_cache': False, 'cmake_clean_first': False, 'cmake_force_configure': False, 'cmake_target': None, 'cmake_target_skip_unavailable': False, 'install_base': '/home/etri/pinky_bt/src/install/pinky_gazebo', 'merge_install': False, 'path': '/home/etri/pinky_bt/src/pinky_behaviortree/pinky_gazebo', 'symlink_install': False, 'test_result_base': None}
[0.350s] Level 5:colcon.colcon_core.verb:set package 'pinky_navigation' build argument 'cmake_args' from command line to 'None'
[0.350s] Level 5:colcon.colcon_core.verb:set package 'pinky_navigation' build argument 'cmake_target' from command line to 'None'
[0.350s] Level 5:colcon.colcon_core.verb:set package 'pinky_navigation' build argument 'cmake_target_skip_unavailable' from command line to 'False'
[0.350s] Level 5:colcon.colcon_core.verb:set package 'pinky_navigation' build argument 'cmake_clean_cache' from command line to 'False'
[0.350s] Level 5:colcon.colcon_core.verb:set package 'pinky_navigation' build argument 'cmake_clean_first' from command line to 'False'
[0.350s] Level 5:colcon.colcon_core.verb:set package 'pinky_navigation' build argument 'cmake_force_configure' from command line to 'False'
[0.350s] Level 5:colcon.colcon_core.verb:set package 'pinky_navigation' build argument 'ament_cmake_args' from command line to 'None'
[0.350s] Level 5:colcon.colcon_core.verb:set package 'pinky_navigation' build argument 'catkin_cmake_args' from command line to 'None'
[0.350s] Level 5:colcon.colcon_core.verb:set package 'pinky_navigation' build argument 'catkin_skip_building_tests' from command line to 'False'
[0.350s] DEBUG:colcon.colcon_core.verb:Building package 'pinky_navigation' with the following arguments: {'ament_cmake_args': None, 'build_base': '/home/etri/pinky_bt/src/build/pinky_navigation', 'catkin_cmake_args': None, 'catkin_skip_building_tests': False, 'cmake_args': None, 'cmake_clean_cache': False, 'cmake_clean_first': False, 'cmake_force_configure': False, 'cmake_target': None, 'cmake_target_skip_unavailable': False, 'install_base': '/home/etri/pinky_bt/src/install/pinky_navigation', 'merge_install': False, 'path': '/home/etri/pinky_bt/src/pinky_behaviortree/pinky_navigation', 'symlink_install': False, 'test_result_base': None}
[0.351s] Level 5:colcon.colcon_core.verb:set package 'pinky_slam' build argument 'cmake_args' from command line to 'None'
[0.351s] Level 5:colcon.colcon_core.verb:set package 'pinky_slam' build argument 'cmake_target' from command line to 'None'
[0.351s] Level 5:colcon.colcon_core.verb:set package 'pinky_slam' build argument 'cmake_target_skip_unavailable' from command line to 'False'
[0.351s] Level 5:colcon.colcon_core.verb:set package 'pinky_slam' build argument 'cmake_clean_cache' from command line to 'False'
[0.351s] Level 5:colcon.colcon_core.verb:set package 'pinky_slam' build argument 'cmake_clean_first' from command line to 'False'
[0.351s] Level 5:colcon.colcon_core.verb:set package 'pinky_slam' build argument 'cmake_force_configure' from command line to 'False'
[0.351s] Level 5:colcon.colcon_core.verb:set package 'pinky_slam' build argument 'ament_cmake_args' from command line to 'None'
[0.351s] Level 5:colcon.colcon_core.verb:set package 'pinky_slam' build argument 'catkin_cmake_args' from command line to 'None'
[0.351s] Level 5:colcon.colcon_core.verb:set package 'pinky_slam' build argument 'catkin_skip_building_tests' from command line to 'False'
[0.351s] DEBUG:colcon.colcon_core.verb:Building package 'pinky_slam' with the following arguments: {'ament_cmake_args': None, 'build_base': '/home/etri/pinky_bt/src/build/pinky_slam', 'catkin_cmake_args': None, 'catkin_skip_building_tests': False, 'cmake_args': None, 'cmake_clean_cache': False, 'cmake_clean_first': False, 'cmake_force_configure': False, 'cmake_target': None, 'cmake_target_skip_unavailable': False, 'install_base': '/home/etri/pinky_bt/src/install/pinky_slam', 'merge_install': False, 'path': '/home/etri/pinky_bt/src/pinky_behaviortree/pinky_slam', 'symlink_install': False, 'test_result_base': None}
[0.351s] INFO:colcon.colcon_core.executor:Executing jobs using 'parallel' executor
[0.352s] DEBUG:colcon.colcon_parallel_executor.executor.parallel:run_until_complete
[0.353s] INFO:colcon.colcon_ros.task.ament_cmake.build:Building ROS package in '/home/etri/pinky_bt/src/pinky_behaviortree/pinky_description' with build type 'ament_cmake'
[0.353s] INFO:colcon.colcon_cmake.task.cmake.build:Building CMake package in '/home/etri/pinky_bt/src/pinky_behaviortree/pinky_description'
[0.354s] INFO:colcon.colcon_core.plugin_system:Skipping extension 'colcon_core.shell.bat': Not used on non-Windows systems
[0.354s] INFO:colcon.colcon_core.shell:Skip shell extension 'powershell' for command environment: Not usable outside of PowerShell
[0.354s] DEBUG:colcon.colcon_core.shell:Skip shell extension 'dsv' for command environment
[0.357s] INFO:colcon.colcon_ros.task.ament_cmake.build:Building ROS package in '/home/etri/pinky_bt/src/pinky_behaviortree/pinky_gazebo' with build type 'ament_cmake'
[0.357s] INFO:colcon.colcon_cmake.task.cmake.build:Building CMake package in '/home/etri/pinky_bt/src/pinky_behaviortree/pinky_gazebo'
[0.357s] INFO:colcon.colcon_core.shell:Skip shell extension 'powershell' for command environment: Not usable outside of PowerShell
[0.357s] DEBUG:colcon.colcon_core.shell:Skip shell extension 'dsv' for command environment
[0.359s] INFO:colcon.colcon_ros.task.ament_cmake.build:Building ROS package in '/home/etri/pinky_bt/src/pinky_behaviortree/pinky_navigation' with build type 'ament_cmake'
[0.359s] INFO:colcon.colcon_cmake.task.cmake.build:Building CMake package in '/home/etri/pinky_bt/src/pinky_behaviortree/pinky_navigation'
[0.359s] INFO:colcon.colcon_core.shell:Skip shell extension 'powershell' for command environment: Not usable outside of PowerShell
[0.359s] DEBUG:colcon.colcon_core.shell:Skip shell extension 'dsv' for command environment
[0.361s] INFO:colcon.colcon_ros.task.ament_python.build:Building ROS package in '/home/etri/pinky_bt/src/pinky_behaviortree/pinky_slam' with build type 'ament_python'
[0.361s] Level 1:colcon.colcon_core.shell:create_environment_hook('pinky_slam', 'ament_prefix_path')
[0.362s] INFO:colcon.colcon_core.shell:Creating environment hook '/home/etri/pinky_bt/src/install/pinky_slam/share/pinky_slam/hook/ament_prefix_path.ps1'
[0.362s] INFO:colcon.colcon_core.shell:Creating environment descriptor '/home/etri/pinky_bt/src/install/pinky_slam/share/pinky_slam/hook/ament_prefix_path.dsv'
[0.362s] INFO:colcon.colcon_core.shell:Creating environment hook '/home/etri/pinky_bt/src/install/pinky_slam/share/pinky_slam/hook/ament_prefix_path.sh'
[0.363s] INFO:colcon.colcon_core.shell:Skip shell extension 'powershell' for command environment: Not usable outside of PowerShell
[0.363s] DEBUG:colcon.colcon_core.shell:Skip shell extension 'dsv' for command environment
[0.373s] DEBUG:colcon.colcon_core.event_handler.log_command:Invoking command in '/home/etri/pinky_bt/src/build/pinky_description': CMAKE_PREFIX_PATH=/opt/ros/humble /usr/bin/cmake /home/etri/pinky_bt/src/pinky_behaviortree/pinky_description -DCMAKE_INSTALL_PREFIX=/home/etri/pinky_bt/src/install/pinky_description
[0.375s] DEBUG:colcon.colcon_core.event_handler.log_command:Invoking command in '/home/etri/pinky_bt/src/build/pinky_gazebo': CMAKE_PREFIX_PATH=/opt/ros/humble /usr/bin/cmake /home/etri/pinky_bt/src/pinky_behaviortree/pinky_gazebo -DCMAKE_INSTALL_PREFIX=/home/etri/pinky_bt/src/install/pinky_gazebo
[0.387s] DEBUG:colcon.colcon_core.event_handler.log_command:Invoking command in '/home/etri/pinky_bt/src/build/pinky_navigation': CMAKE_PREFIX_PATH=/opt/ros/humble /usr/bin/cmake /home/etri/pinky_bt/src/pinky_behaviortree/pinky_navigation -DCMAKE_INSTALL_PREFIX=/home/etri/pinky_bt/src/install/pinky_navigation
[0.676s] INFO:colcon.colcon_core.task.python.build:Building Python package in '/home/etri/pinky_bt/src/pinky_behaviortree/pinky_slam'
[0.676s] INFO:colcon.colcon_core.shell:Skip shell extension 'powershell' for command environment: Not usable outside of PowerShell
[0.676s] DEBUG:colcon.colcon_core.shell:Skip shell extension 'dsv' for command environment
[0.731s] DEBUG:colcon.colcon_core.event_handler.log_command:Invoked command in '/home/etri/pinky_bt/src/build/pinky_description' returned '0': CMAKE_PREFIX_PATH=/opt/ros/humble /usr/bin/cmake /home/etri/pinky_bt/src/pinky_behaviortree/pinky_description -DCMAKE_INSTALL_PREFIX=/home/etri/pinky_bt/src/install/pinky_description
[0.732s] DEBUG:colcon.colcon_core.event_handler.log_command:Invoking command in '/home/etri/pinky_bt/src/build/pinky_description': CMAKE_PREFIX_PATH=/opt/ros/humble /usr/bin/cmake --build /home/etri/pinky_bt/src/build/pinky_description -- -j12 -l12
[0.780s] DEBUG:colcon.colcon_core.event_handler.log_command:Invoked command in '/home/etri/pinky_bt/src/build/pinky_description' returned '0': CMAKE_PREFIX_PATH=/opt/ros/humble /usr/bin/cmake --build /home/etri/pinky_bt/src/build/pinky_description -- -j12 -l12
[0.794s] DEBUG:colcon.colcon_core.event_handler.log_command:Invoking command in '/home/etri/pinky_bt/src/build/pinky_description': CMAKE_PREFIX_PATH=/opt/ros/humble /usr/bin/cmake --install /home/etri/pinky_bt/src/build/pinky_description
[0.819s] Level 1:colcon.colcon_core.environment:create_environment_scripts_only(pinky_description)
[0.821s] Level 1:colcon.colcon_core.environment:checking '/home/etri/pinky_bt/src/install/pinky_description' for CMake module files
[0.822s] Level 1:colcon.colcon_core.environment:checking '/home/etri/pinky_bt/src/install/pinky_description' for CMake config files
[0.822s] DEBUG:colcon.colcon_core.event_handler.log_command:Invoked command in '/home/etri/pinky_bt/src/build/pinky_description' returned '0': CMAKE_PREFIX_PATH=/opt/ros/humble /usr/bin/cmake --install /home/etri/pinky_bt/src/build/pinky_description
[0.822s] Level 1:colcon.colcon_core.shell:create_environment_hook('pinky_description', 'cmake_prefix_path')
[0.823s] INFO:colcon.colcon_core.shell:Creating environment hook '/home/etri/pinky_bt/src/install/pinky_description/share/pinky_description/hook/cmake_prefix_path.ps1'
[0.823s] INFO:colcon.colcon_core.shell:Creating environment descriptor '/home/etri/pinky_bt/src/install/pinky_description/share/pinky_description/hook/cmake_prefix_path.dsv'
[0.823s] INFO:colcon.colcon_core.shell:Creating environment hook '/home/etri/pinky_bt/src/install/pinky_description/share/pinky_description/hook/cmake_prefix_path.sh'
[0.824s] Level 1:colcon.colcon_core.environment:checking '/home/etri/pinky_bt/src/install/pinky_description/bin'
[0.824s] Level 1:colcon.colcon_core.environment:checking '/home/etri/pinky_bt/src/install/pinky_description/lib/pkgconfig/pinky_description.pc'
[0.824s] Level 1:colcon.colcon_core.environment:checking '/home/etri/pinky_bt/src/install/pinky_description/lib/python3.10/site-packages'
[0.824s] Level 1:colcon.colcon_core.environment:checking '/home/etri/pinky_bt/src/install/pinky_description/bin'
[0.825s] INFO:colcon.colcon_core.shell:Creating package script '/home/etri/pinky_bt/src/install/pinky_description/share/pinky_description/package.ps1'
[0.825s] INFO:colcon.colcon_core.shell:Creating package descriptor '/home/etri/pinky_bt/src/install/pinky_description/share/pinky_description/package.dsv'
[0.825s] INFO:colcon.colcon_core.shell:Creating package script '/home/etri/pinky_bt/src/install/pinky_description/share/pinky_description/package.sh'
[0.826s] INFO:colcon.colcon_core.shell:Creating package script '/home/etri/pinky_bt/src/install/pinky_description/share/pinky_description/package.bash'
[0.826s] INFO:colcon.colcon_core.shell:Creating package script '/home/etri/pinky_bt/src/install/pinky_description/share/pinky_description/package.zsh'
[0.827s] Level 1:colcon.colcon_core.environment:create_file_with_runtime_dependencies(/home/etri/pinky_bt/src/install/pinky_description/share/colcon-core/packages/pinky_description)
[0.827s] Level 1:colcon.colcon_core.environment:create_environment_scripts_only(pinky_description)
[0.827s] Level 1:colcon.colcon_core.environment:checking '/home/etri/pinky_bt/src/install/pinky_description' for CMake module files
[0.828s] Level 1:colcon.colcon_core.environment:checking '/home/etri/pinky_bt/src/install/pinky_description' for CMake config files
[0.828s] Level 1:colcon.colcon_core.shell:create_environment_hook('pinky_description', 'cmake_prefix_path')
[0.828s] INFO:colcon.colcon_core.shell:Creating environment hook '/home/etri/pinky_bt/src/install/pinky_description/share/pinky_description/hook/cmake_prefix_path.ps1'
[0.828s] INFO:colcon.colcon_core.shell:Creating environment descriptor '/home/etri/pinky_bt/src/install/pinky_description/share/pinky_description/hook/cmake_prefix_path.dsv'
[0.828s] INFO:colcon.colcon_core.shell:Creating environment hook '/home/etri/pinky_bt/src/install/pinky_description/share/pinky_description/hook/cmake_prefix_path.sh'
[0.829s] Level 1:colcon.colcon_core.environment:checking '/home/etri/pinky_bt/src/install/pinky_description/bin'
[0.829s] Level 1:colcon.colcon_core.environment:checking '/home/etri/pinky_bt/src/install/pinky_description/lib/pkgconfig/pinky_description.pc'
[0.829s] Level 1:colcon.colcon_core.environment:checking '/home/etri/pinky_bt/src/install/pinky_description/lib/python3.10/site-packages'
[0.829s] Level 1:colcon.colcon_core.environment:checking '/home/etri/pinky_bt/src/install/pinky_description/bin'
[0.829s] INFO:colcon.colcon_core.shell:Creating package script '/home/etri/pinky_bt/src/install/pinky_description/share/pinky_description/package.ps1'
[0.834s] INFO:colcon.colcon_core.shell:Creating package descriptor '/home/etri/pinky_bt/src/install/pinky_description/share/pinky_description/package.dsv'
[0.834s] INFO:colcon.colcon_core.shell:Creating package script '/home/etri/pinky_bt/src/install/pinky_description/share/pinky_description/package.sh'
[0.835s] INFO:colcon.colcon_core.shell:Creating package script '/home/etri/pinky_bt/src/install/pinky_description/share/pinky_description/package.bash'
[0.835s] INFO:colcon.colcon_core.shell:Creating package script '/home/etri/pinky_bt/src/install/pinky_description/share/pinky_description/package.zsh'
[0.836s] Level 1:colcon.colcon_core.environment:create_file_with_runtime_dependencies(/home/etri/pinky_bt/src/install/pinky_description/share/colcon-core/packages/pinky_description)
[1.081s] DEBUG:colcon.colcon_core.event_handler.log_command:Invoking command in '/home/etri/pinky_bt/src/pinky_behaviortree/pinky_slam': PYTHONPATH=/home/etri/pinky_bt/src/build/pinky_slam/prefix_override:/usr/lib/python3/dist-packages/colcon_core/task/python/colcon_distutils_commands:/home/etri/pinky_bt/src/install/pinky_slam/lib/python3.10/site-packages:${PYTHONPATH} /usr/bin/python3 -W ignore:setup.py install is deprecated -W ignore:easy_install command is deprecated setup.py egg_info --egg-base ../../build/pinky_slam build --build-base /home/etri/pinky_bt/src/build/pinky_slam/build install --record /home/etri/pinky_bt/src/build/pinky_slam/install.log --single-version-externally-managed install_data
[1.476s] Level 1:colcon.colcon_core.environment:checking '/home/etri/pinky_bt/src/install/pinky_slam' for CMake module files
[1.477s] DEBUG:colcon.colcon_core.event_handler.log_command:Invoked command in '/home/etri/pinky_bt/src/pinky_behaviortree/pinky_slam' returned '0': PYTHONPATH=/home/etri/pinky_bt/src/build/pinky_slam/prefix_override:/usr/lib/python3/dist-packages/colcon_core/task/python/colcon_distutils_commands:/home/etri/pinky_bt/src/install/pinky_slam/lib/python3.10/site-packages:${PYTHONPATH} /usr/bin/python3 -W ignore:setup.py install is deprecated -W ignore:easy_install command is deprecated setup.py egg_info --egg-base ../../build/pinky_slam build --build-base /home/etri/pinky_bt/src/build/pinky_slam/build install --record /home/etri/pinky_bt/src/build/pinky_slam/install.log --single-version-externally-managed install_data
[1.477s] Level 1:colcon.colcon_core.environment:checking '/home/etri/pinky_bt/src/install/pinky_slam' for CMake config files
[1.478s] Level 1:colcon.colcon_core.environment:checking '/home/etri/pinky_bt/src/install/pinky_slam/lib'
[1.478s] Level 1:colcon.colcon_core.environment:checking '/home/etri/pinky_bt/src/install/pinky_slam/bin'
[1.478s] Level 1:colcon.colcon_core.environment:checking '/home/etri/pinky_bt/src/install/pinky_slam/lib/pkgconfig/pinky_slam.pc'
[1.478s] Level 1:colcon.colcon_core.environment:checking '/home/etri/pinky_bt/src/install/pinky_slam/lib/python3.10/site-packages'
[1.478s] Level 1:colcon.colcon_core.shell:create_environment_hook('pinky_slam', 'pythonpath')
[1.479s] INFO:colcon.colcon_core.shell:Creating environment hook '/home/etri/pinky_bt/src/install/pinky_slam/share/pinky_slam/hook/pythonpath.ps1'
[1.479s] INFO:colcon.colcon_core.shell:Creating environment descriptor '/home/etri/pinky_bt/src/install/pinky_slam/share/pinky_slam/hook/pythonpath.dsv'
[1.479s] INFO:colcon.colcon_core.shell:Creating environment hook '/home/etri/pinky_bt/src/install/pinky_slam/share/pinky_slam/hook/pythonpath.sh'
[1.480s] Level 1:colcon.colcon_core.environment:checking '/home/etri/pinky_bt/src/install/pinky_slam/bin'
[1.480s] Level 1:colcon.colcon_core.environment:create_environment_scripts_only(pinky_slam)
[1.480s] INFO:colcon.colcon_core.shell:Creating package script '/home/etri/pinky_bt/src/install/pinky_slam/share/pinky_slam/package.ps1'
[1.480s] INFO:colcon.colcon_core.shell:Creating package descriptor '/home/etri/pinky_bt/src/install/pinky_slam/share/pinky_slam/package.dsv'
[1.481s] INFO:colcon.colcon_core.shell:Creating package script '/home/etri/pinky_bt/src/install/pinky_slam/share/pinky_slam/package.sh'
[1.481s] INFO:colcon.colcon_core.shell:Creating package script '/home/etri/pinky_bt/src/install/pinky_slam/share/pinky_slam/package.bash'
[1.481s] INFO:colcon.colcon_core.shell:Creating package script '/home/etri/pinky_bt/src/install/pinky_slam/share/pinky_slam/package.zsh'
[1.481s] Level 1:colcon.colcon_core.environment:create_file_with_runtime_dependencies(/home/etri/pinky_bt/src/install/pinky_slam/share/colcon-core/packages/pinky_slam)
[1.684s] DEBUG:colcon.colcon_core.event_handler.log_command:Invoked command in '/home/etri/pinky_bt/src/build/pinky_navigation' returned '0': CMAKE_PREFIX_PATH=/opt/ros/humble /usr/bin/cmake /home/etri/pinky_bt/src/pinky_behaviortree/pinky_navigation -DCMAKE_INSTALL_PREFIX=/home/etri/pinky_bt/src/install/pinky_navigation
[1.688s] DEBUG:colcon.colcon_core.event_handler.log_command:Invoking command in '/home/etri/pinky_bt/src/build/pinky_navigation': CMAKE_PREFIX_PATH=/opt/ros/humble /usr/bin/cmake --build /home/etri/pinky_bt/src/build/pinky_navigation -- -j12 -l12
[1.728s] DEBUG:colcon.colcon_core.event_handler.log_command:Invoked command in '/home/etri/pinky_bt/src/build/pinky_navigation' returned '0': CMAKE_PREFIX_PATH=/opt/ros/humble /usr/bin/cmake --build /home/etri/pinky_bt/src/build/pinky_navigation -- -j12 -l12
[1.729s] DEBUG:colcon.colcon_core.event_handler.log_command:Invoking command in '/home/etri/pinky_bt/src/build/pinky_navigation': CMAKE_PREFIX_PATH=/opt/ros/humble /usr/bin/cmake --install /home/etri/pinky_bt/src/build/pinky_navigation
[1.738s] Level 1:colcon.colcon_core.environment:create_environment_scripts_only(pinky_navigation)
[1.739s] Level 1:colcon.colcon_core.environment:checking '/home/etri/pinky_bt/src/install/pinky_navigation' for CMake module files
[1.739s] DEBUG:colcon.colcon_core.event_handler.log_command:Invoked command in '/home/etri/pinky_bt/src/build/pinky_navigation' returned '0': CMAKE_PREFIX_PATH=/opt/ros/humble /usr/bin/cmake --install /home/etri/pinky_bt/src/build/pinky_navigation
[1.739s] Level 1:colcon.colcon_core.environment:checking '/home/etri/pinky_bt/src/install/pinky_navigation' for CMake config files
[1.739s] Level 1:colcon.colcon_core.shell:create_environment_hook('pinky_navigation', 'cmake_prefix_path')
[1.739s] INFO:colcon.colcon_core.shell:Creating environment hook '/home/etri/pinky_bt/src/install/pinky_navigation/share/pinky_navigation/hook/cmake_prefix_path.ps1'
[1.740s] INFO:colcon.colcon_core.shell:Creating environment descriptor '/home/etri/pinky_bt/src/install/pinky_navigation/share/pinky_navigation/hook/cmake_prefix_path.dsv'
[1.740s] INFO:colcon.colcon_core.shell:Creating environment hook '/home/etri/pinky_bt/src/install/pinky_navigation/share/pinky_navigation/hook/cmake_prefix_path.sh'
[1.740s] Level 1:colcon.colcon_core.environment:checking '/home/etri/pinky_bt/src/install/pinky_navigation/bin'
[1.740s] Level 1:colcon.colcon_core.environment:checking '/home/etri/pinky_bt/src/install/pinky_navigation/lib/pkgconfig/pinky_navigation.pc'
[1.741s] Level 1:colcon.colcon_core.environment:checking '/home/etri/pinky_bt/src/install/pinky_navigation/lib/python3.10/site-packages'
[1.741s] Level 1:colcon.colcon_core.environment:checking '/home/etri/pinky_bt/src/install/pinky_navigation/bin'
[1.741s] INFO:colcon.colcon_core.shell:Creating package script '/home/etri/pinky_bt/src/install/pinky_navigation/share/pinky_navigation/package.ps1'
[1.741s] INFO:colcon.colcon_core.shell:Creating package descriptor '/home/etri/pinky_bt/src/install/pinky_navigation/share/pinky_navigation/package.dsv'
[1.742s] INFO:colcon.colcon_core.shell:Creating package script '/home/etri/pinky_bt/src/install/pinky_navigation/share/pinky_navigation/package.sh'
[1.742s] INFO:colcon.colcon_core.shell:Creating package script '/home/etri/pinky_bt/src/install/pinky_navigation/share/pinky_navigation/package.bash'
[1.742s] INFO:colcon.colcon_core.shell:Creating package script '/home/etri/pinky_bt/src/install/pinky_navigation/share/pinky_navigation/package.zsh'
[1.742s] Level 1:colcon.colcon_core.environment:create_file_with_runtime_dependencies(/home/etri/pinky_bt/src/install/pinky_navigation/share/colcon-core/packages/pinky_navigation)
[1.743s] Level 1:colcon.colcon_core.environment:create_environment_scripts_only(pinky_navigation)
[1.743s] Level 1:colcon.colcon_core.environment:checking '/home/etri/pinky_bt/src/install/pinky_navigation' for CMake module files
[1.744s] Level 1:colcon.colcon_core.environment:checking '/home/etri/pinky_bt/src/install/pinky_navigation' for CMake config files
[1.744s] Level 1:colcon.colcon_core.shell:create_environment_hook('pinky_navigation', 'cmake_prefix_path')
[1.744s] INFO:colcon.colcon_core.shell:Creating environment hook '/home/etri/pinky_bt/src/install/pinky_navigation/share/pinky_navigation/hook/cmake_prefix_path.ps1'
[1.744s] INFO:colcon.colcon_core.shell:Creating environment descriptor '/home/etri/pinky_bt/src/install/pinky_navigation/share/pinky_navigation/hook/cmake_prefix_path.dsv'
[1.744s] INFO:colcon.colcon_core.shell:Creating environment hook '/home/etri/pinky_bt/src/install/pinky_navigation/share/pinky_navigation/hook/cmake_prefix_path.sh'
[1.745s] Level 1:colcon.colcon_core.environment:checking '/home/etri/pinky_bt/src/install/pinky_navigation/bin'
[1.745s] Level 1:colcon.colcon_core.environment:checking '/home/etri/pinky_bt/src/install/pinky_navigation/lib/pkgconfig/pinky_navigation.pc'
[1.745s] Level 1:colcon.colcon_core.environment:checking '/home/etri/pinky_bt/src/install/pinky_navigation/lib/python3.10/site-packages'
[1.745s] Level 1:colcon.colcon_core.environment:checking '/home/etri/pinky_bt/src/install/pinky_navigation/bin'
[1.745s] INFO:colcon.colcon_core.shell:Creating package script '/home/etri/pinky_bt/src/install/pinky_navigation/share/pinky_navigation/package.ps1'
[1.746s] INFO:colcon.colcon_core.shell:Creating package descriptor '/home/etri/pinky_bt/src/install/pinky_navigation/share/pinky_navigation/package.dsv'
[1.746s] INFO:colcon.colcon_core.shell:Creating package script '/home/etri/pinky_bt/src/install/pinky_navigation/share/pinky_navigation/package.sh'
[1.746s] INFO:colcon.colcon_core.shell:Creating package script '/home/etri/pinky_bt/src/install/pinky_navigation/share/pinky_navigation/package.bash'
[1.747s] INFO:colcon.colcon_core.shell:Creating package script '/home/etri/pinky_bt/src/install/pinky_navigation/share/pinky_navigation/package.zsh'
[1.747s] Level 1:colcon.colcon_core.environment:create_file_with_runtime_dependencies(/home/etri/pinky_bt/src/install/pinky_navigation/share/colcon-core/packages/pinky_navigation)
[2.208s] DEBUG:colcon.colcon_core.event_handler.log_command:Invoked command in '/home/etri/pinky_bt/src/build/pinky_gazebo' returned '0': CMAKE_PREFIX_PATH=/opt/ros/humble /usr/bin/cmake /home/etri/pinky_bt/src/pinky_behaviortree/pinky_gazebo -DCMAKE_INSTALL_PREFIX=/home/etri/pinky_bt/src/install/pinky_gazebo
[2.209s] DEBUG:colcon.colcon_core.event_handler.log_command:Invoking command in '/home/etri/pinky_bt/src/build/pinky_gazebo': CMAKE_PREFIX_PATH=/opt/ros/humble /usr/bin/cmake --build /home/etri/pinky_bt/src/build/pinky_gazebo -- -j12 -l12
[2.245s] DEBUG:colcon.colcon_core.event_handler.log_command:Invoked command in '/home/etri/pinky_bt/src/build/pinky_gazebo' returned '0': CMAKE_PREFIX_PATH=/opt/ros/humble /usr/bin/cmake --build /home/etri/pinky_bt/src/build/pinky_gazebo -- -j12 -l12
[2.247s] DEBUG:colcon.colcon_core.event_handler.log_command:Invoking command in '/home/etri/pinky_bt/src/build/pinky_gazebo': CMAKE_PREFIX_PATH=/opt/ros/humble /usr/bin/cmake --install /home/etri/pinky_bt/src/build/pinky_gazebo
[2.293s] Level 1:colcon.colcon_core.environment:create_environment_scripts_only(pinky_gazebo)
[2.294s] Level 1:colcon.colcon_core.environment:checking '/home/etri/pinky_bt/src/install/pinky_gazebo' for CMake module files
[2.294s] DEBUG:colcon.colcon_core.event_handler.log_command:Invoked command in '/home/etri/pinky_bt/src/build/pinky_gazebo' returned '0': CMAKE_PREFIX_PATH=/opt/ros/humble /usr/bin/cmake --install /home/etri/pinky_bt/src/build/pinky_gazebo
[2.295s] Level 1:colcon.colcon_core.environment:checking '/home/etri/pinky_bt/src/install/pinky_gazebo' for CMake config files
[2.295s] Level 1:colcon.colcon_core.shell:create_environment_hook('pinky_gazebo', 'cmake_prefix_path')
[2.295s] INFO:colcon.colcon_core.shell:Creating environment hook '/home/etri/pinky_bt/src/install/pinky_gazebo/share/pinky_gazebo/hook/cmake_prefix_path.ps1'
[2.295s] INFO:colcon.colcon_core.shell:Creating environment descriptor '/home/etri/pinky_bt/src/install/pinky_gazebo/share/pinky_gazebo/hook/cmake_prefix_path.dsv'
[2.296s] INFO:colcon.colcon_core.shell:Creating environment hook '/home/etri/pinky_bt/src/install/pinky_gazebo/share/pinky_gazebo/hook/cmake_prefix_path.sh'
[2.296s] Level 1:colcon.colcon_core.environment:checking '/home/etri/pinky_bt/src/install/pinky_gazebo/bin'
[2.296s] Level 1:colcon.colcon_core.environment:checking '/home/etri/pinky_bt/src/install/pinky_gazebo/lib/pkgconfig/pinky_gazebo.pc'
[2.297s] Level 1:colcon.colcon_core.environment:checking '/home/etri/pinky_bt/src/install/pinky_gazebo/lib/python3.10/site-packages'
[2.297s] Level 1:colcon.colcon_core.environment:checking '/home/etri/pinky_bt/src/install/pinky_gazebo/bin'
[2.297s] INFO:colcon.colcon_core.shell:Creating package script '/home/etri/pinky_bt/src/install/pinky_gazebo/share/pinky_gazebo/package.ps1'
[2.297s] INFO:colcon.colcon_core.shell:Creating package descriptor '/home/etri/pinky_bt/src/install/pinky_gazebo/share/pinky_gazebo/package.dsv'
[2.298s] INFO:colcon.colcon_core.shell:Creating package script '/home/etri/pinky_bt/src/install/pinky_gazebo/share/pinky_gazebo/package.sh'
[2.298s] INFO:colcon.colcon_core.shell:Creating package script '/home/etri/pinky_bt/src/install/pinky_gazebo/share/pinky_gazebo/package.bash'
[2.298s] INFO:colcon.colcon_core.shell:Creating package script '/home/etri/pinky_bt/src/install/pinky_gazebo/share/pinky_gazebo/package.zsh'
[2.299s] Level 1:colcon.colcon_core.environment:create_file_with_runtime_dependencies(/home/etri/pinky_bt/src/install/pinky_gazebo/share/colcon-core/packages/pinky_gazebo)
[2.299s] Level 1:colcon.colcon_core.environment:create_environment_scripts_only(pinky_gazebo)
[2.299s] Level 1:colcon.colcon_core.environment:checking '/home/etri/pinky_bt/src/install/pinky_gazebo' for CMake module files
[2.300s] Level 1:colcon.colcon_core.environment:checking '/home/etri/pinky_bt/src/install/pinky_gazebo' for CMake config files
[2.300s] Level 1:colcon.colcon_core.shell:create_environment_hook('pinky_gazebo', 'cmake_prefix_path')
[2.300s] INFO:colcon.colcon_core.shell:Creating environment hook '/home/etri/pinky_bt/src/install/pinky_gazebo/share/pinky_gazebo/hook/cmake_prefix_path.ps1'
[2.300s] INFO:colcon.colcon_core.shell:Creating environment descriptor '/home/etri/pinky_bt/src/install/pinky_gazebo/share/pinky_gazebo/hook/cmake_prefix_path.dsv'
[2.301s] INFO:colcon.colcon_core.shell:Creating environment hook '/home/etri/pinky_bt/src/install/pinky_gazebo/share/pinky_gazebo/hook/cmake_prefix_path.sh'
[2.301s] Level 1:colcon.colcon_core.environment:checking '/home/etri/pinky_bt/src/install/pinky_gazebo/bin'
[2.301s] Level 1:colcon.colcon_core.environment:checking '/home/etri/pinky_bt/src/install/pinky_gazebo/lib/pkgconfig/pinky_gazebo.pc'
[2.301s] Level 1:colcon.colcon_core.environment:checking '/home/etri/pinky_bt/src/install/pinky_gazebo/lib/python3.10/site-packages'
[2.302s] Level 1:colcon.colcon_core.environment:checking '/home/etri/pinky_bt/src/install/pinky_gazebo/bin'
[2.302s] INFO:colcon.colcon_core.shell:Creating package script '/home/etri/pinky_bt/src/install/pinky_gazebo/share/pinky_gazebo/package.ps1'
[2.302s] INFO:colcon.colcon_core.shell:Creating package descriptor '/home/etri/pinky_bt/src/install/pinky_gazebo/share/pinky_gazebo/package.dsv'
[2.303s] INFO:colcon.colcon_core.shell:Creating package script '/home/etri/pinky_bt/src/install/pinky_gazebo/share/pinky_gazebo/package.sh'
[2.303s] INFO:colcon.colcon_core.shell:Creating package script '/home/etri/pinky_bt/src/install/pinky_gazebo/share/pinky_gazebo/package.bash'
[2.303s] INFO:colcon.colcon_core.shell:Creating package script '/home/etri/pinky_bt/src/install/pinky_gazebo/share/pinky_gazebo/package.zsh'
[2.304s] Level 1:colcon.colcon_core.environment:create_file_with_runtime_dependencies(/home/etri/pinky_bt/src/install/pinky_gazebo/share/colcon-core/packages/pinky_gazebo)
[2.304s] DEBUG:colcon.colcon_parallel_executor.executor.parallel:closing loop
[2.304s] DEBUG:colcon.colcon_parallel_executor.executor.parallel:loop closed
[2.304s] DEBUG:colcon.colcon_parallel_executor.executor.parallel:run_until_complete finished with '0'
[2.304s] DEBUG:colcon.colcon_core.event_reactor:joining thread
[2.309s] INFO:colcon.colcon_core.plugin_system:Skipping extension 'colcon_notification.desktop_notification.terminal_notifier': Not used on non-Darwin systems
[2.309s] INFO:colcon.colcon_core.plugin_system:Skipping extension 'colcon_notification.desktop_notification.win32': Not used on non-Windows systems
[2.309s] INFO:colcon.colcon_notification.desktop_notification:Sending desktop notification using 'notify2'
[2.327s] DEBUG:colcon.colcon_core.event_reactor:joined thread
[2.327s] INFO:colcon.colcon_core.shell:Creating prefix script '/home/etri/pinky_bt/src/install/local_setup.ps1'
[2.328s] INFO:colcon.colcon_core.shell:Creating prefix util module '/home/etri/pinky_bt/src/install/_local_setup_util_ps1.py'
[2.329s] INFO:colcon.colcon_core.shell:Creating prefix chain script '/home/etri/pinky_bt/src/install/setup.ps1'
[2.330s] INFO:colcon.colcon_core.shell:Creating prefix script '/home/etri/pinky_bt/src/install/local_setup.sh'
[2.330s] INFO:colcon.colcon_core.shell:Creating prefix util module '/home/etri/pinky_bt/src/install/_local_setup_util_sh.py'
[2.331s] INFO:colcon.colcon_core.shell:Creating prefix chain script '/home/etri/pinky_bt/src/install/setup.sh'
[2.332s] INFO:colcon.colcon_core.shell:Creating prefix script '/home/etri/pinky_bt/src/install/local_setup.bash'
[2.332s] INFO:colcon.colcon_core.shell:Creating prefix chain script '/home/etri/pinky_bt/src/install/setup.bash'
[2.333s] INFO:colcon.colcon_core.shell:Creating prefix script '/home/etri/pinky_bt/src/install/local_setup.zsh'
[2.333s] INFO:colcon.colcon_core.shell:Creating prefix chain script '/home/etri/pinky_bt/src/install/setup.zsh'
