[0.092s] DEBUG:colcon:Command line arguments: ['/usr/bin/colcon', 'build']
[0.092s] DEBUG:colcon:Parsed command line arguments: Namespace(log_base=None, log_level=None, verb_name='build', build_base='build', install_base='install', merge_install=False, symlink_install=False, test_result_base=None, continue_on_error=False, executor='parallel', parallel_workers=12, event_handlers=None, ignore_user_meta=False, metas=['./colcon.meta'], base_paths=['.'], packages_ignore=None, packages_ignore_regex=None, paths=None, packages_up_to=None, packages_up_to_regex=None, packages_above=None, packages_above_and_dependencies=None, packages_above_depth=None, packages_select_by_dep=None, packages_skip_by_dep=None, packages_skip_up_to=None, packages_select_build_failed=False, packages_skip_build_finished=False, packages_select_test_failures=False, packages_skip_test_passed=False, packages_select=None, packages_skip=None, packages_select_regex=None, packages_skip_regex=None, packages_start=None, packages_end=None, allow_overriding=[], cmake_args=None, cmake_target=None, cmake_target_skip_unavailable=False, cmake_clean_cache=False, cmake_clean_first=False, cmake_force_configure=False, ament_cmake_args=None, catkin_cmake_args=None, catkin_skip_building_tests=False, mixin_files=None, mixin=None, verb_parser=<colcon_mixin.mixin.mixin_argument.MixinArgumentDecorator object at 0x7f246df4be20>, verb_extension=<colcon_core.verb.build.BuildVerb object at 0x7f246e1793c0>, main=<bound method BuildVerb.main of <colcon_core.verb.build.BuildVerb object at 0x7f246e1793c0>>, mixin_verb=('build',))
[0.218s] Level 1:colcon.colcon_core.package_discovery:discover_packages(colcon_meta) check parameters
[0.218s] Level 1:colcon.colcon_core.package_discovery:discover_packages(recursive) check parameters
[0.218s] Level 1:colcon.colcon_core.package_discovery:discover_packages(ignore) check parameters
[0.218s] Level 1:colcon.colcon_core.package_discovery:discover_packages(path) check parameters
[0.218s] Level 1:colcon.colcon_core.package_discovery:discover_packages(colcon_meta) discover
[0.218s] Level 1:colcon.colcon_core.package_discovery:discover_packages(recursive) discover
[0.218s] INFO:colcon.colcon_core.package_discovery:Crawling recursively for packages in '/home/etri/pinky_bt/src'
[0.218s] Level 1:colcon.colcon_core.package_identification:_identify(.) by extensions ['ignore', 'ignore_ament_install']
[0.218s] Level 1:colcon.colcon_core.package_identification:_identify(.) by extension 'ignore'
[0.218s] Level 1:colcon.colcon_core.package_identification:_identify(.) by extension 'ignore_ament_install'
[0.218s] Level 1:colcon.colcon_core.package_identification:_identify(.) by extensions ['colcon_pkg']
[0.218s] Level 1:colcon.colcon_core.package_identification:_identify(.) by extension 'colcon_pkg'
[0.218s] Level 1:colcon.colcon_core.package_identification:_identify(.) by extensions ['colcon_meta']
[0.218s] Level 1:colcon.colcon_core.package_identification:_identify(.) by extension 'colcon_meta'
[0.218s] Level 1:colcon.colcon_core.package_identification:_identify(.) by extensions ['ros']
[0.218s] Level 1:colcon.colcon_core.package_identification:_identify(.) by extension 'ros'
[0.229s] Level 1:colcon.colcon_core.package_identification:_identify(.) by extensions ['cmake', 'python']
[0.229s] Level 1:colcon.colcon_core.package_identification:_identify(.) by extension 'cmake'
[0.229s] Level 1:colcon.colcon_core.package_identification:_identify(.) by extension 'python'
[0.229s] Level 1:colcon.colcon_core.package_identification:_identify(.) by extensions ['python_setup_py']
[0.229s] Level 1:colcon.colcon_core.package_identification:_identify(.) by extension 'python_setup_py'
[0.230s] Level 1:colcon.colcon_core.package_identification:_identify(build) by extensions ['ignore', 'ignore_ament_install']
[0.230s] Level 1:colcon.colcon_core.package_identification:_identify(build) by extension 'ignore'
[0.230s] Level 1:colcon.colcon_core.package_identification:_identify(build) ignored
[0.230s] Level 1:colcon.colcon_core.package_identification:_identify(install) by extensions ['ignore', 'ignore_ament_install']
[0.230s] Level 1:colcon.colcon_core.package_identification:_identify(install) by extension 'ignore'
[0.230s] Level 1:colcon.colcon_core.package_identification:_identify(install) ignored
[0.230s] Level 1:colcon.colcon_core.package_identification:_identify(log) by extensions ['ignore', 'ignore_ament_install']
[0.230s] Level 1:colcon.colcon_core.package_identification:_identify(log) by extension 'ignore'
[0.230s] Level 1:colcon.colcon_core.package_identification:_identify(log) ignored
[0.230s] Level 1:colcon.colcon_core.package_identification:_identify(pinky_behaviortree) by extensions ['ignore', 'ignore_ament_install']
[0.230s] Level 1:colcon.colcon_core.package_identification:_identify(pinky_behaviortree) by extension 'ignore'
[0.230s] Level 1:colcon.colcon_core.package_identification:_identify(pinky_behaviortree) by extension 'ignore_ament_install'
[0.230s] Level 1:colcon.colcon_core.package_identification:_identify(pinky_behaviortree) by extensions ['colcon_pkg']
[0.230s] Level 1:colcon.colcon_core.package_identification:_identify(pinky_behaviortree) by extension 'colcon_pkg'
[0.230s] Level 1:colcon.colcon_core.package_identification:_identify(pinky_behaviortree) by extensions ['colcon_meta']
[0.230s] Level 1:colcon.colcon_core.package_identification:_identify(pinky_behaviortree) by extension 'colcon_meta'
[0.230s] Level 1:colcon.colcon_core.package_identification:_identify(pinky_behaviortree) by extensions ['ros']
[0.230s] Level 1:colcon.colcon_core.package_identification:_identify(pinky_behaviortree) by extension 'ros'
[0.230s] Level 1:colcon.colcon_core.package_identification:_identify(pinky_behaviortree) by extensions ['cmake', 'python']
[0.230s] Level 1:colcon.colcon_core.package_identification:_identify(pinky_behaviortree) by extension 'cmake'
[0.230s] Level 1:colcon.colcon_core.package_identification:_identify(pinky_behaviortree) by extension 'python'
[0.230s] Level 1:colcon.colcon_core.package_identification:_identify(pinky_behaviortree) by extensions ['python_setup_py']
[0.230s] Level 1:colcon.colcon_core.package_identification:_identify(pinky_behaviortree) by extension 'python_setup_py'
[0.231s] Level 1:colcon.colcon_core.package_identification:_identify(pinky_behaviortree/build) by extensions ['ignore', 'ignore_ament_install']
[0.231s] Level 1:colcon.colcon_core.package_identification:_identify(pinky_behaviortree/build) by extension 'ignore'
[0.231s] Level 1:colcon.colcon_core.package_identification:_identify(pinky_behaviortree/build) ignored
[0.231s] Level 1:colcon.colcon_core.package_identification:_identify(pinky_behaviortree/install) by extensions ['ignore', 'ignore_ament_install']
[0.231s] Level 1:colcon.colcon_core.package_identification:_identify(pinky_behaviortree/install) by extension 'ignore'
[0.231s] Level 1:colcon.colcon_core.package_identification:_identify(pinky_behaviortree/install) ignored
[0.231s] Level 1:colcon.colcon_core.package_identification:_identify(pinky_behaviortree/log) by extensions ['ignore', 'ignore_ament_install']
[0.231s] Level 1:colcon.colcon_core.package_identification:_identify(pinky_behaviortree/log) by extension 'ignore'
[0.231s] Level 1:colcon.colcon_core.package_identification:_identify(pinky_behaviortree/log) ignored
[0.231s] Level 1:colcon.colcon_core.package_identification:_identify(pinky_behaviortree/pinky_description) by extensions ['ignore', 'ignore_ament_install']
[0.231s] Level 1:colcon.colcon_core.package_identification:_identify(pinky_behaviortree/pinky_description) by extension 'ignore'
[0.231s] Level 1:colcon.colcon_core.package_identification:_identify(pinky_behaviortree/pinky_description) by extension 'ignore_ament_install'
[0.231s] Level 1:colcon.colcon_core.package_identification:_identify(pinky_behaviortree/pinky_description) by extensions ['colcon_pkg']
[0.231s] Level 1:colcon.colcon_core.package_identification:_identify(pinky_behaviortree/pinky_description) by extension 'colcon_pkg'
[0.231s] Level 1:colcon.colcon_core.package_identification:_identify(pinky_behaviortree/pinky_description) by extensions ['colcon_meta']
[0.231s] Level 1:colcon.colcon_core.package_identification:_identify(pinky_behaviortree/pinky_description) by extension 'colcon_meta'
[0.231s] Level 1:colcon.colcon_core.package_identification:_identify(pinky_behaviortree/pinky_description) by extensions ['ros']
[0.231s] Level 1:colcon.colcon_core.package_identification:_identify(pinky_behaviortree/pinky_description) by extension 'ros'
[0.234s] DEBUG:colcon.colcon_core.package_identification:Package 'pinky_behaviortree/pinky_description' with type 'ros.ament_cmake' and name 'pinky_description'
[0.234s] Level 1:colcon.colcon_core.package_identification:_identify(pinky_behaviortree/pinky_gazebo) by extensions ['ignore', 'ignore_ament_install']
[0.234s] Level 1:colcon.colcon_core.package_identification:_identify(pinky_behaviortree/pinky_gazebo) by extension 'ignore'
[0.234s] Level 1:colcon.colcon_core.package_identification:_identify(pinky_behaviortree/pinky_gazebo) by extension 'ignore_ament_install'
[0.234s] Level 1:colcon.colcon_core.package_identification:_identify(pinky_behaviortree/pinky_gazebo) by extensions ['colcon_pkg']
[0.234s] Level 1:colcon.colcon_core.package_identification:_identify(pinky_behaviortree/pinky_gazebo) by extension 'colcon_pkg'
[0.234s] Level 1:colcon.colcon_core.package_identification:_identify(pinky_behaviortree/pinky_gazebo) by extensions ['colcon_meta']
[0.234s] Level 1:colcon.colcon_core.package_identification:_identify(pinky_behaviortree/pinky_gazebo) by extension 'colcon_meta'
[0.234s] Level 1:colcon.colcon_core.package_identification:_identify(pinky_behaviortree/pinky_gazebo) by extensions ['ros']
[0.234s] Level 1:colcon.colcon_core.package_identification:_identify(pinky_behaviortree/pinky_gazebo) by extension 'ros'
[0.235s] DEBUG:colcon.colcon_core.package_identification:Package 'pinky_behaviortree/pinky_gazebo' with type 'ros.ament_cmake' and name 'pinky_gazebo'
[0.236s] Level 1:colcon.colcon_core.package_identification:_identify(pinky_behaviortree/pinky_navigation) by extensions ['ignore', 'ignore_ament_install']
[0.236s] Level 1:colcon.colcon_core.package_identification:_identify(pinky_behaviortree/pinky_navigation) by extension 'ignore'
[0.236s] Level 1:colcon.colcon_core.package_identification:_identify(pinky_behaviortree/pinky_navigation) by extension 'ignore_ament_install'
[0.236s] Level 1:colcon.colcon_core.package_identification:_identify(pinky_behaviortree/pinky_navigation) by extensions ['colcon_pkg']
[0.236s] Level 1:colcon.colcon_core.package_identification:_identify(pinky_behaviortree/pinky_navigation) by extension 'colcon_pkg'
[0.236s] Level 1:colcon.colcon_core.package_identification:_identify(pinky_behaviortree/pinky_navigation) by extensions ['colcon_meta']
[0.236s] Level 1:colcon.colcon_core.package_identification:_identify(pinky_behaviortree/pinky_navigation) by extension 'colcon_meta'
[0.236s] Level 1:colcon.colcon_core.package_identification:_identify(pinky_behaviortree/pinky_navigation) by extensions ['ros']
[0.236s] Level 1:colcon.colcon_core.package_identification:_identify(pinky_behaviortree/pinky_navigation) by extension 'ros'
[0.237s] DEBUG:colcon.colcon_core.package_identification:Package 'pinky_behaviortree/pinky_navigation' with type 'ros.ament_cmake' and name 'pinky_navigation'
[0.237s] Level 1:colcon.colcon_core.package_identification:_identify(pinky_behaviortree/pinky_slam) by extensions ['ignore', 'ignore_ament_install']
[0.237s] Level 1:colcon.colcon_core.package_identification:_identify(pinky_behaviortree/pinky_slam) by extension 'ignore'
[0.237s] Level 1:colcon.colcon_core.package_identification:_identify(pinky_behaviortree/pinky_slam) by extension 'ignore_ament_install'
[0.237s] Level 1:colcon.colcon_core.package_identification:_identify(pinky_behaviortree/pinky_slam) by extensions ['colcon_pkg']
[0.237s] Level 1:colcon.colcon_core.package_identification:_identify(pinky_behaviortree/pinky_slam) by extension 'colcon_pkg'
[0.237s] Level 1:colcon.colcon_core.package_identification:_identify(pinky_behaviortree/pinky_slam) by extensions ['colcon_meta']
[0.237s] Level 1:colcon.colcon_core.package_identification:_identify(pinky_behaviortree/pinky_slam) by extension 'colcon_meta'
[0.237s] Level 1:colcon.colcon_core.package_identification:_identify(pinky_behaviortree/pinky_slam) by extensions ['ros']
[0.237s] Level 1:colcon.colcon_core.package_identification:_identify(pinky_behaviortree/pinky_slam) by extension 'ros'
[0.238s] DEBUG:colcon.colcon_core.package_identification:Package 'pinky_behaviortree/pinky_slam' with type 'ros.ament_python' and name 'pinky_slam'
[0.238s] Level 1:colcon.colcon_core.package_discovery:discover_packages(recursive) using defaults
[0.238s] Level 1:colcon.colcon_core.package_discovery:discover_packages(ignore) discover
[0.238s] Level 1:colcon.colcon_core.package_discovery:discover_packages(ignore) using defaults
[0.238s] Level 1:colcon.colcon_core.package_discovery:discover_packages(path) discover
[0.238s] Level 1:colcon.colcon_core.package_discovery:discover_packages(path) using defaults
[0.274s] Level 1:colcon.colcon_core.package_discovery:discover_packages(prefix_path) check parameters
[0.274s] Level 1:colcon.colcon_core.package_discovery:discover_packages(prefix_path) discover
[0.274s] Level 1:colcon.colcon_core.package_discovery:discover_packages(prefix_path) using defaults
[0.275s] Level 5:colcon.colcon_core.verb:set package 'pinky_description' build argument 'cmake_args' from command line to 'None'
[0.275s] Level 5:colcon.colcon_core.verb:set package 'pinky_description' build argument 'cmake_target' from command line to 'None'
[0.275s] Level 5:colcon.colcon_core.verb:set package 'pinky_description' build argument 'cmake_target_skip_unavailable' from command line to 'False'
[0.275s] Level 5:colcon.colcon_core.verb:set package 'pinky_description' build argument 'cmake_clean_cache' from command line to 'False'
[0.275s] Level 5:colcon.colcon_core.verb:set package 'pinky_description' build argument 'cmake_clean_first' from command line to 'False'
[0.275s] Level 5:colcon.colcon_core.verb:set package 'pinky_description' build argument 'cmake_force_configure' from command line to 'False'
[0.275s] Level 5:colcon.colcon_core.verb:set package 'pinky_description' build argument 'ament_cmake_args' from command line to 'None'
[0.275s] Level 5:colcon.colcon_core.verb:set package 'pinky_description' build argument 'catkin_cmake_args' from command line to 'None'
[0.275s] Level 5:colcon.colcon_core.verb:set package 'pinky_description' build argument 'catkin_skip_building_tests' from command line to 'False'
[0.275s] DEBUG:colcon.colcon_core.verb:Building package 'pinky_description' with the following arguments: {'ament_cmake_args': None, 'build_base': '/home/etri/pinky_bt/src/build/pinky_description', 'catkin_cmake_args': None, 'catkin_skip_building_tests': False, 'cmake_args': None, 'cmake_clean_cache': False, 'cmake_clean_first': False, 'cmake_force_configure': False, 'cmake_target': None, 'cmake_target_skip_unavailable': False, 'install_base': '/home/etri/pinky_bt/src/install/pinky_description', 'merge_install': False, 'path': '/home/etri/pinky_bt/src/pinky_behaviortree/pinky_description', 'symlink_install': False, 'test_result_base': None}
[0.276s] Level 5:colcon.colcon_core.verb:set package 'pinky_gazebo' build argument 'cmake_args' from command line to 'None'
[0.276s] Level 5:colcon.colcon_core.verb:set package 'pinky_gazebo' build argument 'cmake_target' from command line to 'None'
[0.276s] Level 5:colcon.colcon_core.verb:set package 'pinky_gazebo' build argument 'cmake_target_skip_unavailable' from command line to 'False'
[0.276s] Level 5:colcon.colcon_core.verb:set package 'pinky_gazebo' build argument 'cmake_clean_cache' from command line to 'False'
[0.276s] Level 5:colcon.colcon_core.verb:set package 'pinky_gazebo' build argument 'cmake_clean_first' from command line to 'False'
[0.276s] Level 5:colcon.colcon_core.verb:set package 'pinky_gazebo' build argument 'cmake_force_configure' from command line to 'False'
[0.276s] Level 5:colcon.colcon_core.verb:set package 'pinky_gazebo' build argument 'ament_cmake_args' from command line to 'None'
[0.276s] Level 5:colcon.colcon_core.verb:set package 'pinky_gazebo' build argument 'catkin_cmake_args' from command line to 'None'
[0.276s] Level 5:colcon.colcon_core.verb:set package 'pinky_gazebo' build argument 'catkin_skip_building_tests' from command line to 'False'
[0.276s] DEBUG:colcon.colcon_core.verb:Building package 'pinky_gazebo' with the following arguments: {'ament_cmake_args': None, 'build_base': '/home/etri/pinky_bt/src/build/pinky_gazebo', 'catkin_cmake_args': None, 'catkin_skip_building_tests': False, 'cmake_args': None, 'cmake_clean_cache': False, 'cmake_clean_first': False, 'cmake_force_configure': False, 'cmake_target': None, 'cmake_target_skip_unavailable': False, 'install_base': '/home/etri/pinky_bt/src/install/pinky_gazebo', 'merge_install': False, 'path': '/home/etri/pinky_bt/src/pinky_behaviortree/pinky_gazebo', 'symlink_install': False, 'test_result_base': None}
[0.276s] Level 5:colcon.colcon_core.verb:set package 'pinky_navigation' build argument 'cmake_args' from command line to 'None'
[0.276s] Level 5:colcon.colcon_core.verb:set package 'pinky_navigation' build argument 'cmake_target' from command line to 'None'
[0.276s] Level 5:colcon.colcon_core.verb:set package 'pinky_navigation' build argument 'cmake_target_skip_unavailable' from command line to 'False'
[0.276s] Level 5:colcon.colcon_core.verb:set package 'pinky_navigation' build argument 'cmake_clean_cache' from command line to 'False'
[0.276s] Level 5:colcon.colcon_core.verb:set package 'pinky_navigation' build argument 'cmake_clean_first' from command line to 'False'
[0.276s] Level 5:colcon.colcon_core.verb:set package 'pinky_navigation' build argument 'cmake_force_configure' from command line to 'False'
[0.276s] Level 5:colcon.colcon_core.verb:set package 'pinky_navigation' build argument 'ament_cmake_args' from command line to 'None'
[0.276s] Level 5:colcon.colcon_core.verb:set package 'pinky_navigation' build argument 'catkin_cmake_args' from command line to 'None'
[0.276s] Level 5:colcon.colcon_core.verb:set package 'pinky_navigation' build argument 'catkin_skip_building_tests' from command line to 'False'
[0.276s] DEBUG:colcon.colcon_core.verb:Building package 'pinky_navigation' with the following arguments: {'ament_cmake_args': None, 'build_base': '/home/etri/pinky_bt/src/build/pinky_navigation', 'catkin_cmake_args': None, 'catkin_skip_building_tests': False, 'cmake_args': None, 'cmake_clean_cache': False, 'cmake_clean_first': False, 'cmake_force_configure': False, 'cmake_target': None, 'cmake_target_skip_unavailable': False, 'install_base': '/home/etri/pinky_bt/src/install/pinky_navigation', 'merge_install': False, 'path': '/home/etri/pinky_bt/src/pinky_behaviortree/pinky_navigation', 'symlink_install': False, 'test_result_base': None}
[0.277s] Level 5:colcon.colcon_core.verb:set package 'pinky_slam' build argument 'cmake_args' from command line to 'None'
[0.277s] Level 5:colcon.colcon_core.verb:set package 'pinky_slam' build argument 'cmake_target' from command line to 'None'
[0.277s] Level 5:colcon.colcon_core.verb:set package 'pinky_slam' build argument 'cmake_target_skip_unavailable' from command line to 'False'
[0.277s] Level 5:colcon.colcon_core.verb:set package 'pinky_slam' build argument 'cmake_clean_cache' from command line to 'False'
[0.277s] Level 5:colcon.colcon_core.verb:set package 'pinky_slam' build argument 'cmake_clean_first' from command line to 'False'
[0.277s] Level 5:colcon.colcon_core.verb:set package 'pinky_slam' build argument 'cmake_force_configure' from command line to 'False'
[0.277s] Level 5:colcon.colcon_core.verb:set package 'pinky_slam' build argument 'ament_cmake_args' from command line to 'None'
[0.277s] Level 5:colcon.colcon_core.verb:set package 'pinky_slam' build argument 'catkin_cmake_args' from command line to 'None'
[0.277s] Level 5:colcon.colcon_core.verb:set package 'pinky_slam' build argument 'catkin_skip_building_tests' from command line to 'False'
[0.277s] DEBUG:colcon.colcon_core.verb:Building package 'pinky_slam' with the following arguments: {'ament_cmake_args': None, 'build_base': '/home/etri/pinky_bt/src/build/pinky_slam', 'catkin_cmake_args': None, 'catkin_skip_building_tests': False, 'cmake_args': None, 'cmake_clean_cache': False, 'cmake_clean_first': False, 'cmake_force_configure': False, 'cmake_target': None, 'cmake_target_skip_unavailable': False, 'install_base': '/home/etri/pinky_bt/src/install/pinky_slam', 'merge_install': False, 'path': '/home/etri/pinky_bt/src/pinky_behaviortree/pinky_slam', 'symlink_install': False, 'test_result_base': None}
[0.277s] INFO:colcon.colcon_core.executor:Executing jobs using 'parallel' executor
[0.278s] DEBUG:colcon.colcon_parallel_executor.executor.parallel:run_until_complete
[0.278s] INFO:colcon.colcon_ros.task.ament_cmake.build:Building ROS package in '/home/etri/pinky_bt/src/pinky_behaviortree/pinky_description' with build type 'ament_cmake'
[0.278s] INFO:colcon.colcon_cmake.task.cmake.build:Building CMake package in '/home/etri/pinky_bt/src/pinky_behaviortree/pinky_description'
[0.280s] INFO:colcon.colcon_core.plugin_system:Skipping extension 'colcon_core.shell.bat': Not used on non-Windows systems
[0.280s] INFO:colcon.colcon_core.shell:Skip shell extension 'powershell' for command environment: Not usable outside of PowerShell
[0.280s] DEBUG:colcon.colcon_core.shell:Skip shell extension 'dsv' for command environment
[0.284s] INFO:colcon.colcon_ros.task.ament_cmake.build:Building ROS package in '/home/etri/pinky_bt/src/pinky_behaviortree/pinky_gazebo' with build type 'ament_cmake'
[0.285s] INFO:colcon.colcon_cmake.task.cmake.build:Building CMake package in '/home/etri/pinky_bt/src/pinky_behaviortree/pinky_gazebo'
[0.285s] INFO:colcon.colcon_core.shell:Skip shell extension 'powershell' for command environment: Not usable outside of PowerShell
[0.285s] DEBUG:colcon.colcon_core.shell:Skip shell extension 'dsv' for command environment
[0.288s] INFO:colcon.colcon_ros.task.ament_cmake.build:Building ROS package in '/home/etri/pinky_bt/src/pinky_behaviortree/pinky_navigation' with build type 'ament_cmake'
[0.288s] INFO:colcon.colcon_cmake.task.cmake.build:Building CMake package in '/home/etri/pinky_bt/src/pinky_behaviortree/pinky_navigation'
[0.288s] INFO:colcon.colcon_core.shell:Skip shell extension 'powershell' for command environment: Not usable outside of PowerShell
[0.289s] DEBUG:colcon.colcon_core.shell:Skip shell extension 'dsv' for command environment
[0.289s] INFO:colcon.colcon_ros.task.ament_python.build:Building ROS package in '/home/etri/pinky_bt/src/pinky_behaviortree/pinky_slam' with build type 'ament_python'
[0.290s] Level 1:colcon.colcon_core.shell:create_environment_hook('pinky_slam', 'ament_prefix_path')
[0.290s] INFO:colcon.colcon_core.shell:Creating environment hook '/home/etri/pinky_bt/src/install/pinky_slam/share/pinky_slam/hook/ament_prefix_path.ps1'
[0.291s] INFO:colcon.colcon_core.shell:Creating environment descriptor '/home/etri/pinky_bt/src/install/pinky_slam/share/pinky_slam/hook/ament_prefix_path.dsv'
[0.291s] INFO:colcon.colcon_core.shell:Creating environment hook '/home/etri/pinky_bt/src/install/pinky_slam/share/pinky_slam/hook/ament_prefix_path.sh'
[0.292s] INFO:colcon.colcon_core.shell:Skip shell extension 'powershell' for command environment: Not usable outside of PowerShell
[0.292s] DEBUG:colcon.colcon_core.shell:Skip shell extension 'dsv' for command environment
[0.296s] DEBUG:colcon.colcon_core.event_handler.log_command:Invoking command in '/home/etri/pinky_bt/src/build/pinky_description': /usr/bin/cmake /home/etri/pinky_bt/src/pinky_behaviortree/pinky_description -DCMAKE_INSTALL_PREFIX=/home/etri/pinky_bt/src/install/pinky_description
[0.300s] DEBUG:colcon.colcon_core.event_handler.log_command:Invoking command in '/home/etri/pinky_bt/src/build/pinky_gazebo': /usr/bin/cmake /home/etri/pinky_bt/src/pinky_behaviortree/pinky_gazebo -DCMAKE_INSTALL_PREFIX=/home/etri/pinky_bt/src/install/pinky_gazebo
[0.302s] DEBUG:colcon.colcon_core.event_handler.log_command:Invoking command in '/home/etri/pinky_bt/src/build/pinky_navigation': /usr/bin/cmake /home/etri/pinky_bt/src/pinky_behaviortree/pinky_navigation -DCMAKE_INSTALL_PREFIX=/home/etri/pinky_bt/src/install/pinky_navigation
[0.484s] INFO:colcon.colcon_core.task.python.build:Building Python package in '/home/etri/pinky_bt/src/pinky_behaviortree/pinky_slam'
[0.485s] INFO:colcon.colcon_core.shell:Skip shell extension 'powershell' for command environment: Not usable outside of PowerShell
[0.485s] DEBUG:colcon.colcon_core.shell:Skip shell extension 'dsv' for command environment
[0.501s] DEBUG:colcon.colcon_core.event_handler.log_command:Invoked command in '/home/etri/pinky_bt/src/build/pinky_gazebo' returned '1': /usr/bin/cmake /home/etri/pinky_bt/src/pinky_behaviortree/pinky_gazebo -DCMAKE_INSTALL_PREFIX=/home/etri/pinky_bt/src/install/pinky_gazebo
[0.502s] DEBUG:colcon.colcon_core.event_handler.log_command:Invoked command in '/home/etri/pinky_bt/src/build/pinky_description' returned '1': /usr/bin/cmake /home/etri/pinky_bt/src/pinky_behaviortree/pinky_description -DCMAKE_INSTALL_PREFIX=/home/etri/pinky_bt/src/install/pinky_description
[0.503s] DEBUG:colcon.colcon_core.event_handler.log_command:Invoked command in '/home/etri/pinky_bt/src/build/pinky_navigation' returned '1': /usr/bin/cmake /home/etri/pinky_bt/src/pinky_behaviortree/pinky_navigation -DCMAKE_INSTALL_PREFIX=/home/etri/pinky_bt/src/install/pinky_navigation
[0.526s] Level 1:colcon.colcon_core.environment:create_environment_scripts_only(pinky_gazebo)
[0.528s] Level 1:colcon.colcon_core.environment:checking '/home/etri/pinky_bt/src/install/pinky_gazebo' for CMake module files
[0.528s] Level 1:colcon.colcon_core.environment:checking '/home/etri/pinky_bt/src/install/pinky_gazebo' for CMake config files
[0.528s] Level 1:colcon.colcon_core.environment:checking '/home/etri/pinky_bt/src/install/pinky_gazebo/bin'
[0.529s] Level 1:colcon.colcon_core.environment:checking '/home/etri/pinky_bt/src/install/pinky_gazebo/lib/pkgconfig/pinky_gazebo.pc'
[0.529s] Level 1:colcon.colcon_core.environment:checking '/home/etri/pinky_bt/src/install/pinky_gazebo/lib/python3.10/site-packages'
[0.529s] Level 1:colcon.colcon_core.environment:checking '/home/etri/pinky_bt/src/install/pinky_gazebo/bin'
[0.529s] INFO:colcon.colcon_core.shell:Creating package script '/home/etri/pinky_bt/src/install/pinky_gazebo/share/pinky_gazebo/package.ps1'
[0.530s] INFO:colcon.colcon_core.shell:Creating package descriptor '/home/etri/pinky_bt/src/install/pinky_gazebo/share/pinky_gazebo/package.dsv'
[0.530s] INFO:colcon.colcon_core.shell:Creating package script '/home/etri/pinky_bt/src/install/pinky_gazebo/share/pinky_gazebo/package.sh'
[0.531s] INFO:colcon.colcon_core.shell:Creating package script '/home/etri/pinky_bt/src/install/pinky_gazebo/share/pinky_gazebo/package.bash'
[0.531s] INFO:colcon.colcon_core.shell:Creating package script '/home/etri/pinky_bt/src/install/pinky_gazebo/share/pinky_gazebo/package.zsh'
[0.532s] Level 1:colcon.colcon_core.environment:create_file_with_runtime_dependencies(/home/etri/pinky_bt/src/install/pinky_gazebo/share/colcon-core/packages/pinky_gazebo)
[0.532s] Level 1:colcon.colcon_core.environment:create_environment_scripts_only(pinky_description)
[0.532s] Level 1:colcon.colcon_core.environment:checking '/home/etri/pinky_bt/src/install/pinky_description' for CMake module files
[0.533s] Level 1:colcon.colcon_core.environment:checking '/home/etri/pinky_bt/src/install/pinky_description' for CMake config files
[0.533s] Level 1:colcon.colcon_core.environment:checking '/home/etri/pinky_bt/src/install/pinky_description/bin'
[0.533s] Level 1:colcon.colcon_core.environment:checking '/home/etri/pinky_bt/src/install/pinky_description/lib/pkgconfig/pinky_description.pc'
[0.533s] Level 1:colcon.colcon_core.environment:checking '/home/etri/pinky_bt/src/install/pinky_description/lib/python3.10/site-packages'
[0.533s] Level 1:colcon.colcon_core.environment:checking '/home/etri/pinky_bt/src/install/pinky_description/bin'
[0.534s] INFO:colcon.colcon_core.shell:Creating package script '/home/etri/pinky_bt/src/install/pinky_description/share/pinky_description/package.ps1'
[0.534s] INFO:colcon.colcon_core.shell:Creating package descriptor '/home/etri/pinky_bt/src/install/pinky_description/share/pinky_description/package.dsv'
[0.534s] INFO:colcon.colcon_core.shell:Creating package script '/home/etri/pinky_bt/src/install/pinky_description/share/pinky_description/package.sh'
[0.535s] INFO:colcon.colcon_core.shell:Creating package script '/home/etri/pinky_bt/src/install/pinky_description/share/pinky_description/package.bash'
[0.535s] INFO:colcon.colcon_core.shell:Creating package script '/home/etri/pinky_bt/src/install/pinky_description/share/pinky_description/package.zsh'
[0.535s] Level 1:colcon.colcon_core.environment:create_file_with_runtime_dependencies(/home/etri/pinky_bt/src/install/pinky_description/share/colcon-core/packages/pinky_description)
[0.536s] Level 1:colcon.colcon_core.environment:create_environment_scripts_only(pinky_navigation)
[0.536s] Level 1:colcon.colcon_core.environment:checking '/home/etri/pinky_bt/src/install/pinky_navigation' for CMake module files
[0.536s] Level 1:colcon.colcon_core.environment:checking '/home/etri/pinky_bt/src/install/pinky_navigation' for CMake config files
[0.537s] Level 1:colcon.colcon_core.environment:checking '/home/etri/pinky_bt/src/install/pinky_navigation/bin'
[0.537s] Level 1:colcon.colcon_core.environment:checking '/home/etri/pinky_bt/src/install/pinky_navigation/lib/pkgconfig/pinky_navigation.pc'
[0.537s] Level 1:colcon.colcon_core.environment:checking '/home/etri/pinky_bt/src/install/pinky_navigation/lib/python3.10/site-packages'
[0.537s] Level 1:colcon.colcon_core.environment:checking '/home/etri/pinky_bt/src/install/pinky_navigation/bin'
[0.538s] INFO:colcon.colcon_core.shell:Creating package script '/home/etri/pinky_bt/src/install/pinky_navigation/share/pinky_navigation/package.ps1'
[0.538s] INFO:colcon.colcon_core.shell:Creating package descriptor '/home/etri/pinky_bt/src/install/pinky_navigation/share/pinky_navigation/package.dsv'
[0.538s] INFO:colcon.colcon_core.shell:Creating package script '/home/etri/pinky_bt/src/install/pinky_navigation/share/pinky_navigation/package.sh'
[0.538s] INFO:colcon.colcon_core.shell:Creating package script '/home/etri/pinky_bt/src/install/pinky_navigation/share/pinky_navigation/package.bash'
[0.539s] INFO:colcon.colcon_core.shell:Creating package script '/home/etri/pinky_bt/src/install/pinky_navigation/share/pinky_navigation/package.zsh'
[0.539s] Level 1:colcon.colcon_core.environment:create_file_with_runtime_dependencies(/home/etri/pinky_bt/src/install/pinky_navigation/share/colcon-core/packages/pinky_navigation)
[0.794s] DEBUG:colcon.colcon_parallel_executor.executor.parallel:closing loop
[0.794s] DEBUG:colcon.colcon_parallel_executor.executor.parallel:loop closed
[0.794s] DEBUG:colcon.colcon_parallel_executor.executor.parallel:run_until_complete finished with '1'
[0.794s] DEBUG:colcon.colcon_core.event_reactor:joining thread
[0.797s] INFO:colcon.colcon_core.plugin_system:Skipping extension 'colcon_notification.desktop_notification.terminal_notifier': Not used on non-Darwin systems
[0.797s] INFO:colcon.colcon_core.plugin_system:Skipping extension 'colcon_notification.desktop_notification.win32': Not used on non-Windows systems
[0.798s] INFO:colcon.colcon_notification.desktop_notification:Sending desktop notification using 'notify2'
[0.807s] DEBUG:colcon.colcon_core.event_reactor:joined thread
[0.808s] INFO:colcon.colcon_core.shell:Creating prefix script '/home/etri/pinky_bt/src/install/local_setup.ps1'
[0.808s] INFO:colcon.colcon_core.shell:Creating prefix util module '/home/etri/pinky_bt/src/install/_local_setup_util_ps1.py'
[0.809s] INFO:colcon.colcon_core.shell:Creating prefix chain script '/home/etri/pinky_bt/src/install/setup.ps1'
[0.809s] INFO:colcon.colcon_core.shell:Creating prefix script '/home/etri/pinky_bt/src/install/local_setup.sh'
[0.810s] INFO:colcon.colcon_core.shell:Creating prefix util module '/home/etri/pinky_bt/src/install/_local_setup_util_sh.py'
[0.810s] INFO:colcon.colcon_core.shell:Creating prefix chain script '/home/etri/pinky_bt/src/install/setup.sh'
[0.811s] INFO:colcon.colcon_core.shell:Creating prefix script '/home/etri/pinky_bt/src/install/local_setup.bash'
[0.812s] INFO:colcon.colcon_core.shell:Creating prefix chain script '/home/etri/pinky_bt/src/install/setup.bash'
[0.812s] INFO:colcon.colcon_core.shell:Creating prefix script '/home/etri/pinky_bt/src/install/local_setup.zsh'
[0.813s] INFO:colcon.colcon_core.shell:Creating prefix chain script '/home/etri/pinky_bt/src/install/setup.zsh'
