[0.009s] Invoking command in '/home/etri/pinky_bt/build/pinky_navigation': CMAKE_PREFIX_PATH=${CMAKE_PREFIX_PATH}:/opt/ros/humble /usr/bin/cmake /home/etri/pinky_bt/src/pinky_behaviortree/pinky_navigation -DAMENT_CMAKE_SYMLINK_INSTALL=1 -DCMAKE_INSTALL_PREFIX=/home/etri/pinky_bt/install/pinky_navigation
[0.040s] -- The C compiler identification is GNU 11.4.0
[0.068s] -- The CXX compiler identification is GNU 11.4.0
[0.072s] -- Detecting C compiler ABI info
[0.108s] -- Detecting C compiler ABI info - done
[0.116s] -- Check for working C compiler: /usr/bin/cc - skipped
[0.116s] -- Detecting C compile features
[0.117s] -- Detecting C compile features - done
[0.120s] -- Detecting CXX compiler ABI info
[0.170s] -- Detecting CXX compiler ABI info - done
[0.177s] -- Check for working CXX compiler: /usr/bin/c++ - skipped
[0.177s] -- Detecting CXX compile features
[0.178s] -- Detecting CXX compile features - done
[0.180s] -- Found ament_cmake: 1.3.11 (/opt/ros/humble/share/ament_cmake/cmake)
[0.273s] -- Found Python3: /usr/bin/python3 (found version "3.10.12") found components: Interpreter 
[0.313s] -- Override CMake install command with custom implementation using symlinks instead of copying resources
[0.335s] -- Found rclcpp: 16.0.11 (/opt/ros/humble/share/rclcpp/cmake)
[0.354s] -- Found rosidl_generator_c: 3.1.6 (/opt/ros/humble/share/rosidl_generator_c/cmake)
[0.356s] -- Found rosidl_adapter: 3.1.6 (/opt/ros/humble/share/rosidl_adapter/cmake)
[0.360s] -- Found rosidl_generator_cpp: 3.1.6 (/opt/ros/humble/share/rosidl_generator_cpp/cmake)
[0.366s] -- Using all available rosidl_typesupport_c: rosidl_typesupport_fastrtps_c;rosidl_typesupport_introspection_c
[0.373s] -- Using all available rosidl_typesupport_cpp: rosidl_typesupport_fastrtps_cpp;rosidl_typesupport_introspection_cpp
[0.394s] -- Found rmw_implementation_cmake: 6.1.2 (/opt/ros/humble/share/rmw_implementation_cmake/cmake)
[0.396s] -- Found rmw_fastrtps_cpp: 6.2.7 (/opt/ros/humble/share/rmw_fastrtps_cpp/cmake)
[0.435s] -- Found OpenSSL: /usr/lib/x86_64-linux-gnu/libcrypto.so (found version "3.0.2")  
[0.453s] -- Found FastRTPS: /opt/ros/humble/include  
[0.479s] -- Using RMW implementation 'rmw_fastrtps_cpp' as default
[0.484s] -- Looking for pthread.h
[0.525s] -- Looking for pthread.h - found
[0.526s] -- Performing Test CMAKE_HAVE_LIBC_PTHREAD
[0.565s] -- Performing Test CMAKE_HAVE_LIBC_PTHREAD - Success
[0.565s] -- Found Threads: TRUE  
[0.602s] -- Found nav2_bringup: 1.1.17 (/opt/ros/humble/share/nav2_bringup/cmake)
[0.603s] -- Found nav2_costmap_2d: 1.1.17 (/opt/ros/humble/share/nav2_costmap_2d/cmake)
[0.769s] -- Found Eigen3: TRUE (found version "3.4.0") 
[0.770s] -- Ensuring Eigen3 include directory is part of orocos-kdl CMake target
[0.839s] -- Found nav2_controller: 1.1.17 (/opt/ros/humble/share/nav2_controller/cmake)
[0.873s] -- Found nav2_planner: 1.1.17 (/opt/ros/humble/share/nav2_planner/cmake)
[0.887s] -- Found nav2_bt_navigator: 1.1.17 (/opt/ros/humble/share/nav2_bt_navigator/cmake)
[0.912s] -- Found nav2_lifecycle_manager: 1.1.17 (/opt/ros/humble/share/nav2_lifecycle_manager/cmake)
[0.936s] -- Found nav2_amcl: 1.1.17 (/opt/ros/humble/share/nav2_amcl/cmake)
[0.947s] -- Found nav2_map_server: 1.1.17 (/opt/ros/humble/share/nav2_map_server/cmake)
[0.963s] -- Found nav2_regulated_pure_pursuit_controller: 1.1.17 (/opt/ros/humble/share/nav2_regulated_pure_pursuit_controller/cmake)
[0.978s] -- Found ament_lint_auto: 0.12.11 (/opt/ros/humble/share/ament_lint_auto/cmake)
[1.028s] -- Added test 'flake8' to check Python code syntax and style conventions
[1.028s] -- Added test 'lint_cmake' to check CMake code style
[1.028s] -- Added test 'pep257' to check Python code against some of the docstring style conventions in PEP 257
[1.029s] -- Added test 'xmllint' to check XML markup files
[1.030s] -- Configuring done
[1.033s] -- Generating done
[1.035s] -- Build files have been written to: /home/etri/pinky_bt/build/pinky_navigation
[1.043s] Invoked command in '/home/etri/pinky_bt/build/pinky_navigation' returned '0': CMAKE_PREFIX_PATH=${CMAKE_PREFIX_PATH}:/opt/ros/humble /usr/bin/cmake /home/etri/pinky_bt/src/pinky_behaviortree/pinky_navigation -DAMENT_CMAKE_SYMLINK_INSTALL=1 -DCMAKE_INSTALL_PREFIX=/home/etri/pinky_bt/install/pinky_navigation
[1.045s] Invoking command in '/home/etri/pinky_bt/build/pinky_navigation': CMAKE_PREFIX_PATH=${CMAKE_PREFIX_PATH}:/opt/ros/humble /usr/bin/cmake --build /home/etri/pinky_bt/build/pinky_navigation -- -j12 -l12
[1.069s] Invoked command in '/home/etri/pinky_bt/build/pinky_navigation' returned '0': CMAKE_PREFIX_PATH=${CMAKE_PREFIX_PATH}:/opt/ros/humble /usr/bin/cmake --build /home/etri/pinky_bt/build/pinky_navigation -- -j12 -l12
[1.070s] Invoking command in '/home/etri/pinky_bt/build/pinky_navigation': CMAKE_PREFIX_PATH=${CMAKE_PREFIX_PATH}:/opt/ros/humble /usr/bin/cmake --install /home/etri/pinky_bt/build/pinky_navigation
[1.074s] -- Install configuration: ""
[1.074s] -- Execute custom install script
[1.075s] -- Symlinking: /home/etri/pinky_bt/install/pinky_navigation/share/pinky_navigation//launch/navigation2.launch.py
[1.078s] -- Symlinking: /home/etri/pinky_bt/install/pinky_navigation/share/pinky_navigation//param/nav2_param.yaml
[1.082s] -- Symlinking: /home/etri/pinky_bt/install/pinky_navigation/share/ament_index/resource_index/package_run_dependencies/pinky_navigation
[1.085s] -- Symlinking: /home/etri/pinky_bt/install/pinky_navigation/share/ament_index/resource_index/parent_prefix_path/pinky_navigation
[1.088s] -- Symlinking: /home/etri/pinky_bt/install/pinky_navigation/share/pinky_navigation/environment/ament_prefix_path.sh
[1.091s] -- Symlinking: /home/etri/pinky_bt/install/pinky_navigation/share/pinky_navigation/environment/ament_prefix_path.dsv
[1.094s] -- Symlinking: /home/etri/pinky_bt/install/pinky_navigation/share/pinky_navigation/environment/path.sh
[1.097s] -- Symlinking: /home/etri/pinky_bt/install/pinky_navigation/share/pinky_navigation/environment/path.dsv
[1.101s] -- Symlinking: /home/etri/pinky_bt/install/pinky_navigation/share/pinky_navigation/local_setup.bash
[1.104s] -- Symlinking: /home/etri/pinky_bt/install/pinky_navigation/share/pinky_navigation/local_setup.sh
[1.107s] -- Symlinking: /home/etri/pinky_bt/install/pinky_navigation/share/pinky_navigation/local_setup.zsh
[1.110s] -- Symlinking: /home/etri/pinky_bt/install/pinky_navigation/share/pinky_navigation/local_setup.dsv
[1.113s] -- Symlinking: /home/etri/pinky_bt/install/pinky_navigation/share/pinky_navigation/package.dsv
[1.116s] -- Symlinking: /home/etri/pinky_bt/install/pinky_navigation/share/ament_index/resource_index/packages/pinky_navigation
[1.119s] -- Symlinking: /home/etri/pinky_bt/install/pinky_navigation/share/pinky_navigation/cmake/pinky_navigationConfig.cmake
[1.122s] -- Symlinking: /home/etri/pinky_bt/install/pinky_navigation/share/pinky_navigation/cmake/pinky_navigationConfig-version.cmake
[1.126s] -- Symlinking: /home/etri/pinky_bt/install/pinky_navigation/share/pinky_navigation/package.xml
[1.132s] Invoked command in '/home/etri/pinky_bt/build/pinky_navigation' returned '0': CMAKE_PREFIX_PATH=${CMAKE_PREFIX_PATH}:/opt/ros/humble /usr/bin/cmake --install /home/etri/pinky_bt/build/pinky_navigation
