[0.020s] Invoking command in '/home/etri/pinky_bt/build/pinky_gazebo': CMAKE_PREFIX_PATH=${CMAKE_PREFIX_PATH}:/home/etri/pinky_bt/install/pinky_slam:/opt/ros/humble /usr/bin/cmake /home/etri/pinky_bt/src/pinky_behaviortree/pinky_gazebo -DCMAKE_INSTALL_PREFIX=/home/etri/pinky_bt/install/pinky_gazebo
[0.248s] -- Found ament_cmake: 1.3.11 (/opt/ros/humble/share/ament_cmake/cmake)
[0.248s] -- Override CMake install command with custom implementation using symlinks instead of copying resources
[0.248s] -- Found rclcpp: 16.0.11 (/opt/ros/humble/share/rclcpp/cmake)
[0.248s] -- Found rosidl_generator_c: 3.1.6 (/opt/ros/humble/share/rosidl_generator_c/cmake)
[0.248s] -- Found rosidl_adapter: 3.1.6 (/opt/ros/humble/share/rosidl_adapter/cmake)
[0.248s] -- Found rosidl_generator_cpp: 3.1.6 (/opt/ros/humble/share/rosidl_generator_cpp/cmake)
[0.248s] -- Using all available rosidl_typesupport_c: rosidl_typesupport_fastrtps_c;rosidl_typesupport_introspection_c
[0.249s] -- Using all available rosidl_typesupport_cpp: rosidl_typesupport_fastrtps_cpp;rosidl_typesupport_introspection_cpp
[0.249s] -- Found rmw_implementation_cmake: 6.1.2 (/opt/ros/humble/share/rmw_implementation_cmake/cmake)
[0.249s] -- Found rmw_fastrtps_cpp: 6.2.7 (/opt/ros/humble/share/rmw_fastrtps_cpp/cmake)
[0.316s] -- Using RMW implementation 'rmw_fastrtps_cpp' as default
[0.358s] -- Found gazebo_ros: 3.7.0 (/opt/ros/humble/share/gazebo_ros/cmake)
[0.386s] -- Found DART: /usr/include (Required is at least version "6.6") found components: dart 
[0.418s] -- Found Protobuf: /usr/lib/x86_64-linux-gnu/libprotobuf.so (found version "3.12.4") 
[0.418s] -- Looking for ignition-math6 -- found version 6.15.1
[0.420s] -- Searching for dependencies of ignition-math6
[0.422s] -- Looking for OGRE...
[0.427s] -- Found Ogre Ghadamon (1.9.0)
[0.427s] -- Found OGRE: optimized;/usr/lib/x86_64-linux-gnu/libOgreMain.so;debug;/usr/lib/x86_64-linux-gnu/libOgreMain.so
[0.440s] -- Looking for OGRE_Paging...
[0.440s] -- Found OGRE_Paging: optimized;/usr/lib/x86_64-linux-gnu/libOgrePaging.so;debug;/usr/lib/x86_64-linux-gnu/libOgrePaging.so
[0.440s] -- Looking for OGRE_Terrain...
[0.440s] -- Found OGRE_Terrain: optimized;/usr/lib/x86_64-linux-gnu/libOgreTerrain.so;debug;/usr/lib/x86_64-linux-gnu/libOgreTerrain.so
[0.440s] -- Looking for OGRE_Property...
[0.440s] -- Found OGRE_Property: optimized;/usr/lib/x86_64-linux-gnu/libOgreProperty.so;debug;/usr/lib/x86_64-linux-gnu/libOgreProperty.so
[0.440s] -- Looking for OGRE_RTShaderSystem...
[0.441s] -- Found OGRE_RTShaderSystem: optimized;/usr/lib/x86_64-linux-gnu/libOgreRTShaderSystem.so;debug;/usr/lib/x86_64-linux-gnu/libOgreRTShaderSystem.so
[0.441s] -- Looking for OGRE_Volume...
[0.441s] -- Found OGRE_Volume: optimized;/usr/lib/x86_64-linux-gnu/libOgreVolume.so;debug;/usr/lib/x86_64-linux-gnu/libOgreVolume.so
[0.441s] -- Looking for OGRE_Overlay...
[0.441s] -- Found OGRE_Overlay: optimized;/usr/lib/x86_64-linux-gnu/libOgreOverlay.so;debug;/usr/lib/x86_64-linux-gnu/libOgreOverlay.so
[0.587s] -- Looking for ignition-math6 -- found version 6.15.1
[0.588s] -- Looking for ignition-transport8 -- found version 8.2.1
[0.588s] -- Searching for dependencies of ignition-transport8
[0.603s] -- Found Protobuf: /usr/lib/x86_64-linux-gnu/libprotobuf.so (found suitable version "3.12.4", minimum required is "3") 
[0.613s] -- Config-file not installed for ZeroMQ -- checking for pkg-config
[0.617s] -- Checking for module 'libzmq >= 4'
[0.634s] --   Found libzmq , version 4.3.4
[0.713s] -- Checking for module 'uuid'
[0.722s] --   Found uuid, version 2.37.2
[0.740s] -- Looking for ignition-msgs5 -- found version 5.8.1
[0.741s] -- Searching for dependencies of ignition-msgs5
[0.759s] -- Looking for ignition-math6 -- found version 6.15.1
[0.764s] -- Checking for module 'tinyxml2'
[0.787s] --   Found tinyxml2, version 9.0.0
[0.820s] -- Looking for ignition-msgs5 -- found version 5.8.1
[0.820s] -- Looking for ignition-common3 -- found version 3.14.0
[0.820s] -- Searching for dependencies of ignition-common3
[0.820s] -- Looking for dlfcn.h - found
[0.820s] -- Looking for libdl - found
[0.834s] -- Searching for <ignition-common3> component [graphics]
[0.834s] -- Looking for ignition-common3-graphics -- found version 3.14.0
[0.835s] -- Searching for dependencies of ignition-common3-graphics
[0.835s] -- Looking for ignition-math6 -- found version 6.15.1
[0.836s] -- Looking for ignition-fuel_tools4 -- found version 4.4.0
[0.836s] -- Searching for dependencies of ignition-fuel_tools4
[0.866s] -- Checking for module 'jsoncpp'
[0.873s] --   Found jsoncpp, version 1.9.5
[0.898s] -- Checking for module 'libzip'
[0.907s] --   Found libzip, version 1.7.3
[0.927s] -- Looking for ignition-common3 -- found version 3.14.0
[0.927s] -- Looking for ignition-math6 -- found version 6.15.1
[0.927s] -- Looking for ignition-msgs5 -- found version 5.8.1
[0.928s] -- Gazebo version: 11.10
[0.934s] -- Found ament_lint_auto: 0.12.11 (/opt/ros/humble/share/ament_lint_auto/cmake)
[0.996s] -- Added test 'flake8' to check Python code syntax and style conventions
[0.997s] -- Added test 'lint_cmake' to check CMake code style
[0.998s] -- Added test 'pep257' to check Python code against some of the docstring style conventions in PEP 257
[1.003s] -- Added test 'xmllint' to check XML markup files
[1.003s] -- Configuring done
[1.007s] -- Generating done
[1.009s] -- Build files have been written to: /home/etri/pinky_bt/build/pinky_gazebo
[1.022s] Invoked command in '/home/etri/pinky_bt/build/pinky_gazebo' returned '0': CMAKE_PREFIX_PATH=${CMAKE_PREFIX_PATH}:/home/etri/pinky_bt/install/pinky_slam:/opt/ros/humble /usr/bin/cmake /home/etri/pinky_bt/src/pinky_behaviortree/pinky_gazebo -DCMAKE_INSTALL_PREFIX=/home/etri/pinky_bt/install/pinky_gazebo
[1.023s] Invoking command in '/home/etri/pinky_bt/build/pinky_gazebo': CMAKE_PREFIX_PATH=${CMAKE_PREFIX_PATH}:/home/etri/pinky_bt/install/pinky_slam:/opt/ros/humble /usr/bin/cmake --build /home/etri/pinky_bt/build/pinky_gazebo -- -j12 -l12
[1.055s] Invoked command in '/home/etri/pinky_bt/build/pinky_gazebo' returned '0': CMAKE_PREFIX_PATH=${CMAKE_PREFIX_PATH}:/home/etri/pinky_bt/install/pinky_slam:/opt/ros/humble /usr/bin/cmake --build /home/etri/pinky_bt/build/pinky_gazebo -- -j12 -l12
[1.056s] Invoking command in '/home/etri/pinky_bt/build/pinky_gazebo': CMAKE_PREFIX_PATH=${CMAKE_PREFIX_PATH}:/home/etri/pinky_bt/install/pinky_slam:/opt/ros/humble /usr/bin/cmake --install /home/etri/pinky_bt/build/pinky_gazebo
[1.064s] -- Install configuration: ""
[1.064s] -- Execute custom install script
[1.064s] -- Up-to-date symlink: /home/etri/pinky_bt/install/pinky_gazebo/share/pinky_gazebo/world/office_world.world
[1.064s] -- Up-to-date symlink: /home/etri/pinky_bt/install/pinky_gazebo/share/pinky_gazebo/world/original_office_world.world
[1.065s] -- Up-to-date symlink: /home/etri/pinky_bt/install/pinky_gazebo/share/pinky_gazebo/model/Casual female/materials/textures/brown_eye.png
[1.065s] -- Up-to-date symlink: /home/etri/pinky_bt/install/pinky_gazebo/share/pinky_gazebo/model/Casual female/materials/textures/casual_female.png
[1.065s] -- Up-to-date symlink: /home/etri/pinky_bt/install/pinky_gazebo/share/pinky_gazebo/model/Casual female/materials/textures/eyebrow002.png
[1.065s] -- Up-to-date symlink: /home/etri/pinky_bt/install/pinky_gazebo/share/pinky_gazebo/model/Casual female/materials/textures/eyelashes01.png
[1.065s] -- Up-to-date symlink: /home/etri/pinky_bt/install/pinky_gazebo/share/pinky_gazebo/model/Casual female/materials/textures/female_casualsuit01_diffuse.png
[1.065s] -- Up-to-date symlink: /home/etri/pinky_bt/install/pinky_gazebo/share/pinky_gazebo/model/Casual female/materials/textures/female_casualsuit01_normal.png
[1.065s] -- Up-to-date symlink: /home/etri/pinky_bt/install/pinky_gazebo/share/pinky_gazebo/model/Casual female/materials/textures/female_casualsuit02_diffuse.png
[1.068s] -- Up-to-date symlink: /home/etri/pinky_bt/install/pinky_gazebo/share/pinky_gazebo/model/Casual female/materials/textures/female_casualsuit02_normal.png
[1.068s] -- Up-to-date symlink: /home/etri/pinky_bt/install/pinky_gazebo/share/pinky_gazebo/model/Casual female/materials/textures/ponytail01_diffuse.png
[1.068s] -- Up-to-date symlink: /home/etri/pinky_bt/install/pinky_gazebo/share/pinky_gazebo/model/Casual female/materials/textures/shoes05_diffuse.png
[1.068s] -- Up-to-date symlink: /home/etri/pinky_bt/install/pinky_gazebo/share/pinky_gazebo/model/Casual female/materials/textures/tongue01_diffuse.png
[1.068s] -- Up-to-date symlink: /home/etri/pinky_bt/install/pinky_gazebo/share/pinky_gazebo/model/Casual female/materials/textures/young_lightskinned_female_diffuse.png
[1.068s] -- Up-to-date symlink: /home/etri/pinky_bt/install/pinky_gazebo/share/pinky_gazebo/model/Casual female/meshes/casual_female.dae
[1.068s] -- Up-to-date symlink: /home/etri/pinky_bt/install/pinky_gazebo/share/pinky_gazebo/model/Casual female/model.config
[1.068s] -- Up-to-date symlink: /home/etri/pinky_bt/install/pinky_gazebo/share/pinky_gazebo/model/Casual female/model.sdf
[1.068s] -- Up-to-date symlink: /home/etri/pinky_bt/install/pinky_gazebo/share/pinky_gazebo/model/Casual female/original_model.sdf
[1.068s] -- Up-to-date symlink: /home/etri/pinky_bt/install/pinky_gazebo/share/pinky_gazebo/model/Casual female/thumbnails/1.png
[1.068s] -- Up-to-date symlink: /home/etri/pinky_bt/install/pinky_gazebo/share/pinky_gazebo/model/Casual female/thumbnails/2.png
[1.068s] -- Up-to-date symlink: /home/etri/pinky_bt/install/pinky_gazebo/share/pinky_gazebo/model/Casual female/thumbnails/3.png
[1.068s] -- Up-to-date symlink: /home/etri/pinky_bt/install/pinky_gazebo/share/pinky_gazebo/model/Casual female/thumbnails/4.png
[1.068s] -- Up-to-date symlink: /home/etri/pinky_bt/install/pinky_gazebo/share/pinky_gazebo/model/Casual female/thumbnails/5.png
[1.068s] -- Up-to-date symlink: /home/etri/pinky_bt/install/pinky_gazebo/share/pinky_gazebo/model/Marker0/materials/textures/Marker0.png
[1.068s] -- Up-to-date symlink: /home/etri/pinky_bt/install/pinky_gazebo/share/pinky_gazebo/model/Marker0/meshes/Marker0.dae
[1.068s] -- Up-to-date symlink: /home/etri/pinky_bt/install/pinky_gazebo/share/pinky_gazebo/model/Marker0/model-1_4.sdf
[1.068s] -- Up-to-date symlink: /home/etri/pinky_bt/install/pinky_gazebo/share/pinky_gazebo/model/Marker0/model-1_5.sdf
[1.069s] -- Up-to-date symlink: /home/etri/pinky_bt/install/pinky_gazebo/share/pinky_gazebo/model/Marker0/model.config
[1.069s] -- Up-to-date symlink: /home/etri/pinky_bt/install/pinky_gazebo/share/pinky_gazebo/model/Marker0/model.sdf
[1.069s] -- Up-to-date symlink: /home/etri/pinky_bt/install/pinky_gazebo/share/pinky_gazebo/model/Marker1/materials/textures/Marker1.png
[1.069s] -- Up-to-date symlink: /home/etri/pinky_bt/install/pinky_gazebo/share/pinky_gazebo/model/Marker1/meshes/Marker1.dae
[1.069s] -- Up-to-date symlink: /home/etri/pinky_bt/install/pinky_gazebo/share/pinky_gazebo/model/Marker1/model-1_4.sdf
[1.069s] -- Up-to-date symlink: /home/etri/pinky_bt/install/pinky_gazebo/share/pinky_gazebo/model/Marker1/model-1_5.sdf
[1.069s] -- Up-to-date symlink: /home/etri/pinky_bt/install/pinky_gazebo/share/pinky_gazebo/model/Marker1/model.config
[1.069s] -- Up-to-date symlink: /home/etri/pinky_bt/install/pinky_gazebo/share/pinky_gazebo/model/Marker1/model.sdf
[1.069s] -- Up-to-date symlink: /home/etri/pinky_bt/install/pinky_gazebo/share/pinky_gazebo/model/Marker2/materials/textures/Marker2.png
[1.069s] -- Up-to-date symlink: /home/etri/pinky_bt/install/pinky_gazebo/share/pinky_gazebo/model/Marker2/meshes/Marker2.dae
[1.069s] -- Up-to-date symlink: /home/etri/pinky_bt/install/pinky_gazebo/share/pinky_gazebo/model/Marker2/model-1_4.sdf
[1.069s] -- Up-to-date symlink: /home/etri/pinky_bt/install/pinky_gazebo/share/pinky_gazebo/model/Marker2/model-1_5.sdf
[1.069s] -- Up-to-date symlink: /home/etri/pinky_bt/install/pinky_gazebo/share/pinky_gazebo/model/Marker2/model.config
[1.069s] -- Up-to-date symlink: /home/etri/pinky_bt/install/pinky_gazebo/share/pinky_gazebo/model/Marker2/model.sdf
[1.069s] -- Up-to-date symlink: /home/etri/pinky_bt/install/pinky_gazebo/share/pinky_gazebo/model/Marker3/materials/textures/Marker3.png
[1.069s] -- Up-to-date symlink: /home/etri/pinky_bt/install/pinky_gazebo/share/pinky_gazebo/model/Marker3/meshes/Marker3.dae
[1.069s] -- Up-to-date symlink: /home/etri/pinky_bt/install/pinky_gazebo/share/pinky_gazebo/model/Marker3/model-1_4.sdf
[1.069s] -- Up-to-date symlink: /home/etri/pinky_bt/install/pinky_gazebo/share/pinky_gazebo/model/Marker3/model-1_5.sdf
[1.069s] -- Up-to-date symlink: /home/etri/pinky_bt/install/pinky_gazebo/share/pinky_gazebo/model/Marker3/model.config
[1.069s] -- Up-to-date symlink: /home/etri/pinky_bt/install/pinky_gazebo/share/pinky_gazebo/model/Marker3/model.sdf
[1.069s] -- Up-to-date symlink: /home/etri/pinky_bt/install/pinky_gazebo/share/pinky_gazebo/model/Marker4/materials/textures/Marker4.png
[1.069s] -- Up-to-date symlink: /home/etri/pinky_bt/install/pinky_gazebo/share/pinky_gazebo/model/Marker4/meshes/Marker4.dae
[1.069s] -- Up-to-date symlink: /home/etri/pinky_bt/install/pinky_gazebo/share/pinky_gazebo/model/Marker4/model-1_4.sdf
[1.069s] -- Up-to-date symlink: /home/etri/pinky_bt/install/pinky_gazebo/share/pinky_gazebo/model/Marker4/model-1_5.sdf
[1.069s] -- Up-to-date symlink: /home/etri/pinky_bt/install/pinky_gazebo/share/pinky_gazebo/model/Marker4/model.config
[1.069s] -- Up-to-date symlink: /home/etri/pinky_bt/install/pinky_gazebo/share/pinky_gazebo/model/Marker4/model.sdf
[1.069s] -- Up-to-date symlink: /home/etri/pinky_bt/install/pinky_gazebo/share/pinky_gazebo/model/Table/Table_Diffuse.jpg
[1.069s] -- Up-to-date symlink: /home/etri/pinky_bt/install/pinky_gazebo/share/pinky_gazebo/model/Table/model-1_2.sdf
[1.069s] -- Up-to-date symlink: /home/etri/pinky_bt/install/pinky_gazebo/share/pinky_gazebo/model/Table/model-1_3.sdf
[1.069s] -- Up-to-date symlink: /home/etri/pinky_bt/install/pinky_gazebo/share/pinky_gazebo/model/Table/model-1_4.sdf
[1.069s] -- Up-to-date symlink: /home/etri/pinky_bt/install/pinky_gazebo/share/pinky_gazebo/model/Table/model.config
[1.069s] -- Up-to-date symlink: /home/etri/pinky_bt/install/pinky_gazebo/share/pinky_gazebo/model/Table/model.sdf
[1.069s] -- Up-to-date symlink: /home/etri/pinky_bt/install/pinky_gazebo/share/pinky_gazebo/model/Table/original_model.sdf
[1.069s] -- Up-to-date symlink: /home/etri/pinky_bt/install/pinky_gazebo/share/pinky_gazebo/model/Table/thumbnails/1.png
[1.069s] -- Up-to-date symlink: /home/etri/pinky_bt/install/pinky_gazebo/share/pinky_gazebo/model/Table/thumbnails/2.png
[1.070s] -- Up-to-date symlink: /home/etri/pinky_bt/install/pinky_gazebo/share/pinky_gazebo/model/Table/thumbnails/3.png
[1.070s] -- Up-to-date symlink: /home/etri/pinky_bt/install/pinky_gazebo/share/pinky_gazebo/model/Table/thumbnails/4.png
[1.070s] -- Up-to-date symlink: /home/etri/pinky_bt/install/pinky_gazebo/share/pinky_gazebo/model/Table/thumbnails/5.png
[1.070s] -- Up-to-date symlink: /home/etri/pinky_bt/install/pinky_gazebo/share/pinky_gazebo/model/foldable_chair/mesh/foldable_chair.dae
[1.070s] -- Up-to-date symlink: /home/etri/pinky_bt/install/pinky_gazebo/share/pinky_gazebo/model/foldable_chair/mesh/foldable_chair.png
[1.070s] -- Up-to-date symlink: /home/etri/pinky_bt/install/pinky_gazebo/share/pinky_gazebo/model/foldable_chair/model.config
[1.070s] -- Up-to-date symlink: /home/etri/pinky_bt/install/pinky_gazebo/share/pinky_gazebo/model/foldable_chair/model.sdf
[1.070s] -- Up-to-date symlink: /home/etri/pinky_bt/install/pinky_gazebo/share/pinky_gazebo/model/foldable_chair/original_model.sdf
[1.070s] -- Up-to-date symlink: /home/etri/pinky_bt/install/pinky_gazebo/share/pinky_gazebo/model/foldable_chair/thumbnails/1.png
[1.070s] -- Up-to-date symlink: /home/etri/pinky_bt/install/pinky_gazebo/share/pinky_gazebo/model/foldable_chair/thumbnails/2.png
[1.070s] -- Up-to-date symlink: /home/etri/pinky_bt/install/pinky_gazebo/share/pinky_gazebo/model/foldable_chair/thumbnails/3.png
[1.070s] -- Up-to-date symlink: /home/etri/pinky_bt/install/pinky_gazebo/share/pinky_gazebo/model/foldable_chair/thumbnails/4.png
[1.070s] -- Up-to-date symlink: /home/etri/pinky_bt/install/pinky_gazebo/share/pinky_gazebo/model/foldable_chair/thumbnails/5.png
[1.070s] -- Up-to-date symlink: /home/etri/pinky_bt/install/pinky_gazebo/share/pinky_gazebo/model/shelf/meshes/Box_paper_04_1_Base_Color.png
[1.070s] -- Up-to-date symlink: /home/etri/pinky_bt/install/pinky_gazebo/share/pinky_gazebo/model/shelf/meshes/shelf_big_movai.dae
[1.070s] -- Up-to-date symlink: /home/etri/pinky_bt/install/pinky_gazebo/share/pinky_gazebo/model/shelf/model.config
[1.070s] -- Up-to-date symlink: /home/etri/pinky_bt/install/pinky_gazebo/share/pinky_gazebo/model/shelf/model.sdf
[1.070s] -- Up-to-date symlink: /home/etri/pinky_bt/install/pinky_gazebo/share/pinky_gazebo/model/shelf/original_modl.sdf
[1.070s] -- Up-to-date symlink: /home/etri/pinky_bt/install/pinky_gazebo/share/pinky_gazebo/model/shelf/thumbnails/1.png
[1.070s] -- Up-to-date symlink: /home/etri/pinky_bt/install/pinky_gazebo/share/pinky_gazebo/model/wall/model.config
[1.070s] -- Up-to-date symlink: /home/etri/pinky_bt/install/pinky_gazebo/share/pinky_gazebo/model/wall/model.sdf
[1.070s] -- Up-to-date symlink: /home/etri/pinky_bt/install/pinky_gazebo/share/pinky_gazebo/model/wall/original_model.sdf
[1.070s] -- Up-to-date symlink: /home/etri/pinky_bt/install/pinky_gazebo/share/pinky_gazebo/launch/office_world.launch.py
[1.070s] -- Up-to-date symlink: /home/etri/pinky_bt/install/pinky_gazebo/share/pinky_gazebo/launch/pinky_upload.launch.py
[1.070s] -- Up-to-date symlink: /home/etri/pinky_bt/install/pinky_gazebo/share/pinky_gazebo/param/diff_controller.yaml
[1.071s] -- Up-to-date symlink: /home/etri/pinky_bt/install/pinky_gazebo/share/ament_index/resource_index/package_run_dependencies/pinky_gazebo
[1.071s] -- Up-to-date symlink: /home/etri/pinky_bt/install/pinky_gazebo/share/ament_index/resource_index/parent_prefix_path/pinky_gazebo
[1.071s] -- Up-to-date symlink: /home/etri/pinky_bt/install/pinky_gazebo/share/pinky_gazebo/environment/ament_prefix_path.sh
[1.071s] -- Up-to-date symlink: /home/etri/pinky_bt/install/pinky_gazebo/share/pinky_gazebo/environment/ament_prefix_path.dsv
[1.071s] -- Up-to-date symlink: /home/etri/pinky_bt/install/pinky_gazebo/share/pinky_gazebo/environment/path.sh
[1.071s] -- Up-to-date symlink: /home/etri/pinky_bt/install/pinky_gazebo/share/pinky_gazebo/environment/path.dsv
[1.071s] -- Up-to-date symlink: /home/etri/pinky_bt/install/pinky_gazebo/share/pinky_gazebo/local_setup.bash
[1.071s] -- Up-to-date symlink: /home/etri/pinky_bt/install/pinky_gazebo/share/pinky_gazebo/local_setup.sh
[1.071s] -- Up-to-date symlink: /home/etri/pinky_bt/install/pinky_gazebo/share/pinky_gazebo/local_setup.zsh
[1.071s] -- Up-to-date symlink: /home/etri/pinky_bt/install/pinky_gazebo/share/pinky_gazebo/local_setup.dsv
[1.071s] -- Symlinking: /home/etri/pinky_bt/install/pinky_gazebo/share/pinky_gazebo/package.dsv
[1.076s] -- Up-to-date symlink: /home/etri/pinky_bt/install/pinky_gazebo/share/ament_index/resource_index/packages/pinky_gazebo
[1.076s] -- Up-to-date symlink: /home/etri/pinky_bt/install/pinky_gazebo/share/pinky_gazebo/cmake/pinky_gazeboConfig.cmake
[1.076s] -- Up-to-date symlink: /home/etri/pinky_bt/install/pinky_gazebo/share/pinky_gazebo/cmake/pinky_gazeboConfig-version.cmake
[1.076s] -- Up-to-date symlink: /home/etri/pinky_bt/install/pinky_gazebo/share/pinky_gazebo/package.xml
[1.077s] Invoked command in '/home/etri/pinky_bt/build/pinky_gazebo' returned '0': CMAKE_PREFIX_PATH=${CMAKE_PREFIX_PATH}:/home/etri/pinky_bt/install/pinky_slam:/opt/ros/humble /usr/bin/cmake --install /home/etri/pinky_bt/build/pinky_gazebo
