[0.090s] DEBUG:colcon:Command line arguments: ['/usr/bin/colcon', 'build', '--symlink-install']
[0.090s] DEBUG:colcon:Parsed command line arguments: Namespace(log_base=None, log_level=None, verb_name='build', build_base='build', install_base='install', merge_install=False, symlink_install=True, test_result_base=None, continue_on_error=False, executor='parallel', parallel_workers=12, event_handlers=None, ignore_user_meta=False, metas=['./colcon.meta'], base_paths=['.'], packages_ignore=None, packages_ignore_regex=None, paths=None, packages_up_to=None, packages_up_to_regex=None, packages_above=None, packages_above_and_dependencies=None, packages_above_depth=None, packages_select_by_dep=None, packages_skip_by_dep=None, packages_skip_up_to=None, packages_select_build_failed=False, packages_skip_build_finished=False, packages_select_test_failures=False, packages_skip_test_passed=False, packages_select=None, packages_skip=None, packages_select_regex=None, packages_skip_regex=None, packages_start=None, packages_end=None, allow_overriding=[], cmake_args=None, cmake_target=None, cmake_target_skip_unavailable=False, cmake_clean_cache=False, cmake_clean_first=False, cmake_force_configure=False, ament_cmake_args=None, catkin_cmake_args=None, catkin_skip_building_tests=False, mixin_files=None, mixin=None, verb_parser=<colcon_mixin.mixin.mixin_argument.MixinArgumentDecorator object at 0x7f3dc1d1b730>, verb_extension=<colcon_core.verb.build.BuildVerb object at 0x7f3dc1f3ccd0>, main=<bound method BuildVerb.main of <colcon_core.verb.build.BuildVerb object at 0x7f3dc1f3ccd0>>, mixin_verb=('build',))
[0.215s] Level 1:colcon.colcon_core.package_discovery:discover_packages(colcon_meta) check parameters
[0.216s] Level 1:colcon.colcon_core.package_discovery:discover_packages(recursive) check parameters
[0.216s] Level 1:colcon.colcon_core.package_discovery:discover_packages(ignore) check parameters
[0.216s] Level 1:colcon.colcon_core.package_discovery:discover_packages(path) check parameters
[0.216s] Level 1:colcon.colcon_core.package_discovery:discover_packages(colcon_meta) discover
[0.216s] Level 1:colcon.colcon_core.package_discovery:discover_packages(recursive) discover
[0.216s] INFO:colcon.colcon_core.package_discovery:Crawling recursively for packages in '/home/etri/pinky_bt'
[0.216s] Level 1:colcon.colcon_core.package_identification:_identify(.) by extensions ['ignore', 'ignore_ament_install']
[0.216s] Level 1:colcon.colcon_core.package_identification:_identify(.) by extension 'ignore'
[0.216s] Level 1:colcon.colcon_core.package_identification:_identify(.) by extension 'ignore_ament_install'
[0.216s] Level 1:colcon.colcon_core.package_identification:_identify(.) by extensions ['colcon_pkg']
[0.216s] Level 1:colcon.colcon_core.package_identification:_identify(.) by extension 'colcon_pkg'
[0.216s] Level 1:colcon.colcon_core.package_identification:_identify(.) by extensions ['colcon_meta']
[0.216s] Level 1:colcon.colcon_core.package_identification:_identify(.) by extension 'colcon_meta'
[0.216s] Level 1:colcon.colcon_core.package_identification:_identify(.) by extensions ['ros']
[0.216s] Level 1:colcon.colcon_core.package_identification:_identify(.) by extension 'ros'
[0.228s] Level 1:colcon.colcon_core.package_identification:_identify(.) by extensions ['cmake', 'python']
[0.228s] Level 1:colcon.colcon_core.package_identification:_identify(.) by extension 'cmake'
[0.228s] Level 1:colcon.colcon_core.package_identification:_identify(.) by extension 'python'
[0.228s] Level 1:colcon.colcon_core.package_identification:_identify(.) by extensions ['python_setup_py']
[0.228s] Level 1:colcon.colcon_core.package_identification:_identify(.) by extension 'python_setup_py'
[0.228s] Level 1:colcon.colcon_core.package_identification:_identify(build) by extensions ['ignore', 'ignore_ament_install']
[0.228s] Level 1:colcon.colcon_core.package_identification:_identify(build) by extension 'ignore'
[0.228s] Level 1:colcon.colcon_core.package_identification:_identify(build) ignored
[0.229s] Level 1:colcon.colcon_core.package_identification:_identify(install) by extensions ['ignore', 'ignore_ament_install']
[0.229s] Level 1:colcon.colcon_core.package_identification:_identify(install) by extension 'ignore'
[0.229s] Level 1:colcon.colcon_core.package_identification:_identify(install) ignored
[0.229s] Level 1:colcon.colcon_core.package_identification:_identify(log) by extensions ['ignore', 'ignore_ament_install']
[0.229s] Level 1:colcon.colcon_core.package_identification:_identify(log) by extension 'ignore'
[0.229s] Level 1:colcon.colcon_core.package_identification:_identify(log) ignored
[0.229s] Level 1:colcon.colcon_core.package_identification:_identify(src) by extensions ['ignore', 'ignore_ament_install']
[0.229s] Level 1:colcon.colcon_core.package_identification:_identify(src) by extension 'ignore'
[0.229s] Level 1:colcon.colcon_core.package_identification:_identify(src) by extension 'ignore_ament_install'
[0.229s] Level 1:colcon.colcon_core.package_identification:_identify(src) by extensions ['colcon_pkg']
[0.229s] Level 1:colcon.colcon_core.package_identification:_identify(src) by extension 'colcon_pkg'
[0.229s] Level 1:colcon.colcon_core.package_identification:_identify(src) by extensions ['colcon_meta']
[0.229s] Level 1:colcon.colcon_core.package_identification:_identify(src) by extension 'colcon_meta'
[0.229s] Level 1:colcon.colcon_core.package_identification:_identify(src) by extensions ['ros']
[0.229s] Level 1:colcon.colcon_core.package_identification:_identify(src) by extension 'ros'
[0.229s] Level 1:colcon.colcon_core.package_identification:_identify(src) by extensions ['cmake', 'python']
[0.229s] Level 1:colcon.colcon_core.package_identification:_identify(src) by extension 'cmake'
[0.229s] Level 1:colcon.colcon_core.package_identification:_identify(src) by extension 'python'
[0.229s] Level 1:colcon.colcon_core.package_identification:_identify(src) by extensions ['python_setup_py']
[0.229s] Level 1:colcon.colcon_core.package_identification:_identify(src) by extension 'python_setup_py'
[0.229s] Level 1:colcon.colcon_core.package_identification:_identify(src/pinky_behaviortree) by extensions ['ignore', 'ignore_ament_install']
[0.230s] Level 1:colcon.colcon_core.package_identification:_identify(src/pinky_behaviortree) by extension 'ignore'
[0.230s] Level 1:colcon.colcon_core.package_identification:_identify(src/pinky_behaviortree) by extension 'ignore_ament_install'
[0.230s] Level 1:colcon.colcon_core.package_identification:_identify(src/pinky_behaviortree) by extensions ['colcon_pkg']
[0.230s] Level 1:colcon.colcon_core.package_identification:_identify(src/pinky_behaviortree) by extension 'colcon_pkg'
[0.230s] Level 1:colcon.colcon_core.package_identification:_identify(src/pinky_behaviortree) by extensions ['colcon_meta']
[0.230s] Level 1:colcon.colcon_core.package_identification:_identify(src/pinky_behaviortree) by extension 'colcon_meta'
[0.230s] Level 1:colcon.colcon_core.package_identification:_identify(src/pinky_behaviortree) by extensions ['ros']
[0.230s] Level 1:colcon.colcon_core.package_identification:_identify(src/pinky_behaviortree) by extension 'ros'
[0.230s] Level 1:colcon.colcon_core.package_identification:_identify(src/pinky_behaviortree) by extensions ['cmake', 'python']
[0.230s] Level 1:colcon.colcon_core.package_identification:_identify(src/pinky_behaviortree) by extension 'cmake'
[0.230s] Level 1:colcon.colcon_core.package_identification:_identify(src/pinky_behaviortree) by extension 'python'
[0.230s] Level 1:colcon.colcon_core.package_identification:_identify(src/pinky_behaviortree) by extensions ['python_setup_py']
[0.230s] Level 1:colcon.colcon_core.package_identification:_identify(src/pinky_behaviortree) by extension 'python_setup_py'
[0.230s] Level 1:colcon.colcon_core.package_identification:_identify(src/pinky_behaviortree/build) by extensions ['ignore', 'ignore_ament_install']
[0.230s] Level 1:colcon.colcon_core.package_identification:_identify(src/pinky_behaviortree/build) by extension 'ignore'
[0.230s] Level 1:colcon.colcon_core.package_identification:_identify(src/pinky_behaviortree/build) ignored
[0.230s] Level 1:colcon.colcon_core.package_identification:_identify(src/pinky_behaviortree/install) by extensions ['ignore', 'ignore_ament_install']
[0.230s] Level 1:colcon.colcon_core.package_identification:_identify(src/pinky_behaviortree/install) by extension 'ignore'
[0.230s] Level 1:colcon.colcon_core.package_identification:_identify(src/pinky_behaviortree/install) ignored
[0.230s] Level 1:colcon.colcon_core.package_identification:_identify(src/pinky_behaviortree/log) by extensions ['ignore', 'ignore_ament_install']
[0.230s] Level 1:colcon.colcon_core.package_identification:_identify(src/pinky_behaviortree/log) by extension 'ignore'
[0.230s] Level 1:colcon.colcon_core.package_identification:_identify(src/pinky_behaviortree/log) ignored
[0.230s] Level 1:colcon.colcon_core.package_identification:_identify(src/pinky_behaviortree/pinky_description) by extensions ['ignore', 'ignore_ament_install']
[0.230s] Level 1:colcon.colcon_core.package_identification:_identify(src/pinky_behaviortree/pinky_description) by extension 'ignore'
[0.231s] Level 1:colcon.colcon_core.package_identification:_identify(src/pinky_behaviortree/pinky_description) by extension 'ignore_ament_install'
[0.231s] Level 1:colcon.colcon_core.package_identification:_identify(src/pinky_behaviortree/pinky_description) by extensions ['colcon_pkg']
[0.231s] Level 1:colcon.colcon_core.package_identification:_identify(src/pinky_behaviortree/pinky_description) by extension 'colcon_pkg'
[0.231s] Level 1:colcon.colcon_core.package_identification:_identify(src/pinky_behaviortree/pinky_description) by extensions ['colcon_meta']
[0.231s] Level 1:colcon.colcon_core.package_identification:_identify(src/pinky_behaviortree/pinky_description) by extension 'colcon_meta'
[0.231s] Level 1:colcon.colcon_core.package_identification:_identify(src/pinky_behaviortree/pinky_description) by extensions ['ros']
[0.231s] Level 1:colcon.colcon_core.package_identification:_identify(src/pinky_behaviortree/pinky_description) by extension 'ros'
[0.234s] DEBUG:colcon.colcon_core.package_identification:Package 'src/pinky_behaviortree/pinky_description' with type 'ros.ament_cmake' and name 'pinky_description'
[0.234s] Level 1:colcon.colcon_core.package_identification:_identify(src/pinky_behaviortree/pinky_gazebo) by extensions ['ignore', 'ignore_ament_install']
[0.234s] Level 1:colcon.colcon_core.package_identification:_identify(src/pinky_behaviortree/pinky_gazebo) by extension 'ignore'
[0.234s] Level 1:colcon.colcon_core.package_identification:_identify(src/pinky_behaviortree/pinky_gazebo) by extension 'ignore_ament_install'
[0.234s] Level 1:colcon.colcon_core.package_identification:_identify(src/pinky_behaviortree/pinky_gazebo) by extensions ['colcon_pkg']
[0.234s] Level 1:colcon.colcon_core.package_identification:_identify(src/pinky_behaviortree/pinky_gazebo) by extension 'colcon_pkg'
[0.234s] Level 1:colcon.colcon_core.package_identification:_identify(src/pinky_behaviortree/pinky_gazebo) by extensions ['colcon_meta']
[0.234s] Level 1:colcon.colcon_core.package_identification:_identify(src/pinky_behaviortree/pinky_gazebo) by extension 'colcon_meta'
[0.234s] Level 1:colcon.colcon_core.package_identification:_identify(src/pinky_behaviortree/pinky_gazebo) by extensions ['ros']
[0.234s] Level 1:colcon.colcon_core.package_identification:_identify(src/pinky_behaviortree/pinky_gazebo) by extension 'ros'
[0.235s] DEBUG:colcon.colcon_core.package_identification:Package 'src/pinky_behaviortree/pinky_gazebo' with type 'ros.ament_cmake' and name 'pinky_gazebo'
[0.235s] Level 1:colcon.colcon_core.package_identification:_identify(src/pinky_behaviortree/pinky_navigation) by extensions ['ignore', 'ignore_ament_install']
[0.235s] Level 1:colcon.colcon_core.package_identification:_identify(src/pinky_behaviortree/pinky_navigation) by extension 'ignore'
[0.235s] Level 1:colcon.colcon_core.package_identification:_identify(src/pinky_behaviortree/pinky_navigation) by extension 'ignore_ament_install'
[0.235s] Level 1:colcon.colcon_core.package_identification:_identify(src/pinky_behaviortree/pinky_navigation) by extensions ['colcon_pkg']
[0.235s] Level 1:colcon.colcon_core.package_identification:_identify(src/pinky_behaviortree/pinky_navigation) by extension 'colcon_pkg'
[0.235s] Level 1:colcon.colcon_core.package_identification:_identify(src/pinky_behaviortree/pinky_navigation) by extensions ['colcon_meta']
[0.235s] Level 1:colcon.colcon_core.package_identification:_identify(src/pinky_behaviortree/pinky_navigation) by extension 'colcon_meta'
[0.235s] Level 1:colcon.colcon_core.package_identification:_identify(src/pinky_behaviortree/pinky_navigation) by extensions ['ros']
[0.235s] Level 1:colcon.colcon_core.package_identification:_identify(src/pinky_behaviortree/pinky_navigation) by extension 'ros'
[0.237s] DEBUG:colcon.colcon_core.package_identification:Package 'src/pinky_behaviortree/pinky_navigation' with type 'ros.ament_cmake' and name 'pinky_navigation'
[0.237s] Level 1:colcon.colcon_core.package_identification:_identify(src/pinky_behaviortree/pinky_slam) by extensions ['ignore', 'ignore_ament_install']
[0.237s] Level 1:colcon.colcon_core.package_identification:_identify(src/pinky_behaviortree/pinky_slam) by extension 'ignore'
[0.237s] Level 1:colcon.colcon_core.package_identification:_identify(src/pinky_behaviortree/pinky_slam) by extension 'ignore_ament_install'
[0.237s] Level 1:colcon.colcon_core.package_identification:_identify(src/pinky_behaviortree/pinky_slam) by extensions ['colcon_pkg']
[0.237s] Level 1:colcon.colcon_core.package_identification:_identify(src/pinky_behaviortree/pinky_slam) by extension 'colcon_pkg'
[0.237s] Level 1:colcon.colcon_core.package_identification:_identify(src/pinky_behaviortree/pinky_slam) by extensions ['colcon_meta']
[0.237s] Level 1:colcon.colcon_core.package_identification:_identify(src/pinky_behaviortree/pinky_slam) by extension 'colcon_meta'
[0.237s] Level 1:colcon.colcon_core.package_identification:_identify(src/pinky_behaviortree/pinky_slam) by extensions ['ros']
[0.237s] Level 1:colcon.colcon_core.package_identification:_identify(src/pinky_behaviortree/pinky_slam) by extension 'ros'
[0.238s] DEBUG:colcon.colcon_core.package_identification:Package 'src/pinky_behaviortree/pinky_slam' with type 'ros.ament_python' and name 'pinky_slam'
[0.238s] Level 1:colcon.colcon_core.package_discovery:discover_packages(recursive) using defaults
[0.238s] Level 1:colcon.colcon_core.package_discovery:discover_packages(ignore) discover
[0.238s] Level 1:colcon.colcon_core.package_discovery:discover_packages(ignore) using defaults
[0.239s] Level 1:colcon.colcon_core.package_discovery:discover_packages(path) discover
[0.239s] Level 1:colcon.colcon_core.package_discovery:discover_packages(path) using defaults
[0.272s] Level 1:colcon.colcon_core.package_discovery:discover_packages(prefix_path) check parameters
[0.272s] Level 1:colcon.colcon_core.package_discovery:discover_packages(prefix_path) discover
[0.274s] DEBUG:colcon.colcon_installed_package_information.package_discovery:Found 4 installed packages in /home/etri/pinky_bt/install
[0.275s] DEBUG:colcon.colcon_installed_package_information.package_discovery:Found 346 installed packages in /opt/ros/humble
[0.276s] Level 1:colcon.colcon_core.package_discovery:discover_packages(prefix_path) using defaults
[0.310s] Level 5:colcon.colcon_core.verb:set package 'pinky_description' build argument 'cmake_args' from command line to 'None'
[0.310s] Level 5:colcon.colcon_core.verb:set package 'pinky_description' build argument 'cmake_target' from command line to 'None'
[0.310s] Level 5:colcon.colcon_core.verb:set package 'pinky_description' build argument 'cmake_target_skip_unavailable' from command line to 'False'
[0.310s] Level 5:colcon.colcon_core.verb:set package 'pinky_description' build argument 'cmake_clean_cache' from command line to 'False'
[0.310s] Level 5:colcon.colcon_core.verb:set package 'pinky_description' build argument 'cmake_clean_first' from command line to 'False'
[0.310s] Level 5:colcon.colcon_core.verb:set package 'pinky_description' build argument 'cmake_force_configure' from command line to 'False'
[0.310s] Level 5:colcon.colcon_core.verb:set package 'pinky_description' build argument 'ament_cmake_args' from command line to 'None'
[0.310s] Level 5:colcon.colcon_core.verb:set package 'pinky_description' build argument 'catkin_cmake_args' from command line to 'None'
[0.310s] Level 5:colcon.colcon_core.verb:set package 'pinky_description' build argument 'catkin_skip_building_tests' from command line to 'False'
[0.310s] DEBUG:colcon.colcon_core.verb:Building package 'pinky_description' with the following arguments: {'ament_cmake_args': None, 'build_base': '/home/etri/pinky_bt/build/pinky_description', 'catkin_cmake_args': None, 'catkin_skip_building_tests': False, 'cmake_args': None, 'cmake_clean_cache': False, 'cmake_clean_first': False, 'cmake_force_configure': False, 'cmake_target': None, 'cmake_target_skip_unavailable': False, 'install_base': '/home/etri/pinky_bt/install/pinky_description', 'merge_install': False, 'path': '/home/etri/pinky_bt/src/pinky_behaviortree/pinky_description', 'symlink_install': True, 'test_result_base': None}
[0.310s] Level 5:colcon.colcon_core.verb:set package 'pinky_gazebo' build argument 'cmake_args' from command line to 'None'
[0.310s] Level 5:colcon.colcon_core.verb:set package 'pinky_gazebo' build argument 'cmake_target' from command line to 'None'
[0.310s] Level 5:colcon.colcon_core.verb:set package 'pinky_gazebo' build argument 'cmake_target_skip_unavailable' from command line to 'False'
[0.310s] Level 5:colcon.colcon_core.verb:set package 'pinky_gazebo' build argument 'cmake_clean_cache' from command line to 'False'
[0.310s] Level 5:colcon.colcon_core.verb:set package 'pinky_gazebo' build argument 'cmake_clean_first' from command line to 'False'
[0.310s] Level 5:colcon.colcon_core.verb:set package 'pinky_gazebo' build argument 'cmake_force_configure' from command line to 'False'
[0.310s] Level 5:colcon.colcon_core.verb:set package 'pinky_gazebo' build argument 'ament_cmake_args' from command line to 'None'
[0.310s] Level 5:colcon.colcon_core.verb:set package 'pinky_gazebo' build argument 'catkin_cmake_args' from command line to 'None'
[0.310s] Level 5:colcon.colcon_core.verb:set package 'pinky_gazebo' build argument 'catkin_skip_building_tests' from command line to 'False'
[0.310s] DEBUG:colcon.colcon_core.verb:Building package 'pinky_gazebo' with the following arguments: {'ament_cmake_args': None, 'build_base': '/home/etri/pinky_bt/build/pinky_gazebo', 'catkin_cmake_args': None, 'catkin_skip_building_tests': False, 'cmake_args': None, 'cmake_clean_cache': False, 'cmake_clean_first': False, 'cmake_force_configure': False, 'cmake_target': None, 'cmake_target_skip_unavailable': False, 'install_base': '/home/etri/pinky_bt/install/pinky_gazebo', 'merge_install': False, 'path': '/home/etri/pinky_bt/src/pinky_behaviortree/pinky_gazebo', 'symlink_install': True, 'test_result_base': None}
[0.310s] Level 5:colcon.colcon_core.verb:set package 'pinky_navigation' build argument 'cmake_args' from command line to 'None'
[0.310s] Level 5:colcon.colcon_core.verb:set package 'pinky_navigation' build argument 'cmake_target' from command line to 'None'
[0.310s] Level 5:colcon.colcon_core.verb:set package 'pinky_navigation' build argument 'cmake_target_skip_unavailable' from command line to 'False'
[0.310s] Level 5:colcon.colcon_core.verb:set package 'pinky_navigation' build argument 'cmake_clean_cache' from command line to 'False'
[0.310s] Level 5:colcon.colcon_core.verb:set package 'pinky_navigation' build argument 'cmake_clean_first' from command line to 'False'
[0.311s] Level 5:colcon.colcon_core.verb:set package 'pinky_navigation' build argument 'cmake_force_configure' from command line to 'False'
[0.311s] Level 5:colcon.colcon_core.verb:set package 'pinky_navigation' build argument 'ament_cmake_args' from command line to 'None'
[0.311s] Level 5:colcon.colcon_core.verb:set package 'pinky_navigation' build argument 'catkin_cmake_args' from command line to 'None'
[0.311s] Level 5:colcon.colcon_core.verb:set package 'pinky_navigation' build argument 'catkin_skip_building_tests' from command line to 'False'
[0.311s] DEBUG:colcon.colcon_core.verb:Building package 'pinky_navigation' with the following arguments: {'ament_cmake_args': None, 'build_base': '/home/etri/pinky_bt/build/pinky_navigation', 'catkin_cmake_args': None, 'catkin_skip_building_tests': False, 'cmake_args': None, 'cmake_clean_cache': False, 'cmake_clean_first': False, 'cmake_force_configure': False, 'cmake_target': None, 'cmake_target_skip_unavailable': False, 'install_base': '/home/etri/pinky_bt/install/pinky_navigation', 'merge_install': False, 'path': '/home/etri/pinky_bt/src/pinky_behaviortree/pinky_navigation', 'symlink_install': True, 'test_result_base': None}
[0.311s] Level 5:colcon.colcon_core.verb:set package 'pinky_slam' build argument 'cmake_args' from command line to 'None'
[0.311s] Level 5:colcon.colcon_core.verb:set package 'pinky_slam' build argument 'cmake_target' from command line to 'None'
[0.311s] Level 5:colcon.colcon_core.verb:set package 'pinky_slam' build argument 'cmake_target_skip_unavailable' from command line to 'False'
[0.311s] Level 5:colcon.colcon_core.verb:set package 'pinky_slam' build argument 'cmake_clean_cache' from command line to 'False'
[0.311s] Level 5:colcon.colcon_core.verb:set package 'pinky_slam' build argument 'cmake_clean_first' from command line to 'False'
[0.311s] Level 5:colcon.colcon_core.verb:set package 'pinky_slam' build argument 'cmake_force_configure' from command line to 'False'
[0.311s] Level 5:colcon.colcon_core.verb:set package 'pinky_slam' build argument 'ament_cmake_args' from command line to 'None'
[0.311s] Level 5:colcon.colcon_core.verb:set package 'pinky_slam' build argument 'catkin_cmake_args' from command line to 'None'
[0.311s] Level 5:colcon.colcon_core.verb:set package 'pinky_slam' build argument 'catkin_skip_building_tests' from command line to 'False'
[0.311s] DEBUG:colcon.colcon_core.verb:Building package 'pinky_slam' with the following arguments: {'ament_cmake_args': None, 'build_base': '/home/etri/pinky_bt/build/pinky_slam', 'catkin_cmake_args': None, 'catkin_skip_building_tests': False, 'cmake_args': None, 'cmake_clean_cache': False, 'cmake_clean_first': False, 'cmake_force_configure': False, 'cmake_target': None, 'cmake_target_skip_unavailable': False, 'install_base': '/home/etri/pinky_bt/install/pinky_slam', 'merge_install': False, 'path': '/home/etri/pinky_bt/src/pinky_behaviortree/pinky_slam', 'symlink_install': True, 'test_result_base': None}
[0.311s] INFO:colcon.colcon_core.executor:Executing jobs using 'parallel' executor
[0.315s] DEBUG:colcon.colcon_parallel_executor.executor.parallel:run_until_complete
[0.315s] INFO:colcon.colcon_ros.task.ament_cmake.build:Building ROS package in '/home/etri/pinky_bt/src/pinky_behaviortree/pinky_description' with build type 'ament_cmake'
[0.315s] INFO:colcon.colcon_cmake.task.cmake.build:Building CMake package in '/home/etri/pinky_bt/src/pinky_behaviortree/pinky_description'
[0.316s] INFO:colcon.colcon_core.plugin_system:Skipping extension 'colcon_core.shell.bat': Not used on non-Windows systems
[0.316s] INFO:colcon.colcon_core.shell:Skip shell extension 'powershell' for command environment: Not usable outside of PowerShell
[0.316s] DEBUG:colcon.colcon_core.shell:Skip shell extension 'dsv' for command environment
[0.318s] INFO:colcon.colcon_ros.task.ament_cmake.build:Building ROS package in '/home/etri/pinky_bt/src/pinky_behaviortree/pinky_gazebo' with build type 'ament_cmake'
[0.318s] INFO:colcon.colcon_cmake.task.cmake.build:Building CMake package in '/home/etri/pinky_bt/src/pinky_behaviortree/pinky_gazebo'
[0.318s] INFO:colcon.colcon_core.shell:Skip shell extension 'powershell' for command environment: Not usable outside of PowerShell
[0.318s] DEBUG:colcon.colcon_core.shell:Skip shell extension 'dsv' for command environment
[0.320s] INFO:colcon.colcon_ros.task.ament_cmake.build:Building ROS package in '/home/etri/pinky_bt/src/pinky_behaviortree/pinky_navigation' with build type 'ament_cmake'
[0.320s] INFO:colcon.colcon_cmake.task.cmake.build:Building CMake package in '/home/etri/pinky_bt/src/pinky_behaviortree/pinky_navigation'
[0.320s] INFO:colcon.colcon_core.shell:Skip shell extension 'powershell' for command environment: Not usable outside of PowerShell
[0.320s] DEBUG:colcon.colcon_core.shell:Skip shell extension 'dsv' for command environment
[0.322s] INFO:colcon.colcon_ros.task.ament_python.build:Building ROS package in '/home/etri/pinky_bt/src/pinky_behaviortree/pinky_slam' with build type 'ament_python'
[0.323s] Level 1:colcon.colcon_core.shell:create_environment_hook('pinky_slam', 'ament_prefix_path')
[0.323s] INFO:colcon.colcon_core.shell:Creating environment hook '/home/etri/pinky_bt/install/pinky_slam/share/pinky_slam/hook/ament_prefix_path.ps1'
[0.323s] INFO:colcon.colcon_core.shell:Creating environment descriptor '/home/etri/pinky_bt/install/pinky_slam/share/pinky_slam/hook/ament_prefix_path.dsv'
[0.324s] INFO:colcon.colcon_core.shell:Creating environment hook '/home/etri/pinky_bt/install/pinky_slam/share/pinky_slam/hook/ament_prefix_path.sh'
[0.324s] INFO:colcon.colcon_core.shell:Skip shell extension 'powershell' for command environment: Not usable outside of PowerShell
[0.324s] DEBUG:colcon.colcon_core.shell:Skip shell extension 'dsv' for command environment
[0.333s] DEBUG:colcon.colcon_core.event_handler.log_command:Invoking command in '/home/etri/pinky_bt/build/pinky_description': CMAKE_PREFIX_PATH=${CMAKE_PREFIX_PATH}:/home/etri/pinky_bt/install/pinky_slam:/opt/ros/humble /usr/bin/cmake /home/etri/pinky_bt/src/pinky_behaviortree/pinky_description -DAMENT_CMAKE_SYMLINK_INSTALL=1 -DCMAKE_INSTALL_PREFIX=/home/etri/pinky_bt/install/pinky_description
[0.349s] DEBUG:colcon.colcon_core.event_handler.log_command:Invoking command in '/home/etri/pinky_bt/build/pinky_gazebo': CMAKE_PREFIX_PATH=${CMAKE_PREFIX_PATH}:/home/etri/pinky_bt/install/pinky_slam:/opt/ros/humble /usr/bin/cmake /home/etri/pinky_bt/src/pinky_behaviortree/pinky_gazebo -DAMENT_CMAKE_SYMLINK_INSTALL=1 -DCMAKE_INSTALL_PREFIX=/home/etri/pinky_bt/install/pinky_gazebo
[0.352s] DEBUG:colcon.colcon_core.event_handler.log_command:Invoking command in '/home/etri/pinky_bt/build/pinky_navigation': CMAKE_PREFIX_PATH=${CMAKE_PREFIX_PATH}:/home/etri/pinky_bt/install/pinky_slam:/opt/ros/humble /usr/bin/cmake /home/etri/pinky_bt/src/pinky_behaviortree/pinky_navigation -DAMENT_CMAKE_SYMLINK_INSTALL=1 -DCMAKE_INSTALL_PREFIX=/home/etri/pinky_bt/install/pinky_navigation
[0.545s] INFO:colcon.colcon_core.task.python.build:Building Python package in '/home/etri/pinky_bt/src/pinky_behaviortree/pinky_slam'
[0.545s] INFO:colcon.colcon_core.shell:Skip shell extension 'powershell' for command environment: Not usable outside of PowerShell
[0.545s] DEBUG:colcon.colcon_core.shell:Skip shell extension 'dsv' for command environment
[0.558s] DEBUG:colcon.colcon_core.event_handler.log_command:Invoked command in '/home/etri/pinky_bt/build/pinky_description' returned '0': CMAKE_PREFIX_PATH=${CMAKE_PREFIX_PATH}:/home/etri/pinky_bt/install/pinky_slam:/opt/ros/humble /usr/bin/cmake /home/etri/pinky_bt/src/pinky_behaviortree/pinky_description -DAMENT_CMAKE_SYMLINK_INSTALL=1 -DCMAKE_INSTALL_PREFIX=/home/etri/pinky_bt/install/pinky_description
[0.558s] DEBUG:colcon.colcon_core.event_handler.log_command:Invoking command in '/home/etri/pinky_bt/build/pinky_description': CMAKE_PREFIX_PATH=${CMAKE_PREFIX_PATH}:/home/etri/pinky_bt/install/pinky_slam:/opt/ros/humble /usr/bin/cmake --build /home/etri/pinky_bt/build/pinky_description -- -j12 -l12
[0.596s] DEBUG:colcon.colcon_core.event_handler.log_command:Invoked command in '/home/etri/pinky_bt/build/pinky_description' returned '0': CMAKE_PREFIX_PATH=${CMAKE_PREFIX_PATH}:/home/etri/pinky_bt/install/pinky_slam:/opt/ros/humble /usr/bin/cmake --build /home/etri/pinky_bt/build/pinky_description -- -j12 -l12
[0.604s] DEBUG:colcon.colcon_core.event_handler.log_command:Invoking command in '/home/etri/pinky_bt/build/pinky_description': CMAKE_PREFIX_PATH=${CMAKE_PREFIX_PATH}:/home/etri/pinky_bt/install/pinky_slam:/opt/ros/humble /usr/bin/cmake --install /home/etri/pinky_bt/build/pinky_description
[0.624s] Level 1:colcon.colcon_core.environment:create_environment_scripts_only(pinky_description)
[0.624s] DEBUG:colcon.colcon_core.event_handler.log_command:Invoked command in '/home/etri/pinky_bt/build/pinky_description' returned '0': CMAKE_PREFIX_PATH=${CMAKE_PREFIX_PATH}:/home/etri/pinky_bt/install/pinky_slam:/opt/ros/humble /usr/bin/cmake --install /home/etri/pinky_bt/build/pinky_description
[0.626s] Level 1:colcon.colcon_core.environment:checking '/home/etri/pinky_bt/install/pinky_description' for CMake module files
[0.626s] Level 1:colcon.colcon_core.environment:checking '/home/etri/pinky_bt/install/pinky_description' for CMake config files
[0.627s] Level 1:colcon.colcon_core.shell:create_environment_hook('pinky_description', 'cmake_prefix_path')
[0.627s] INFO:colcon.colcon_core.shell:Creating environment hook '/home/etri/pinky_bt/install/pinky_description/share/pinky_description/hook/cmake_prefix_path.ps1'
[0.628s] INFO:colcon.colcon_core.shell:Creating environment descriptor '/home/etri/pinky_bt/install/pinky_description/share/pinky_description/hook/cmake_prefix_path.dsv'
[0.628s] INFO:colcon.colcon_core.shell:Creating environment hook '/home/etri/pinky_bt/install/pinky_description/share/pinky_description/hook/cmake_prefix_path.sh'
[0.629s] Level 1:colcon.colcon_core.environment:checking '/home/etri/pinky_bt/install/pinky_description/bin'
[0.629s] Level 1:colcon.colcon_core.environment:checking '/home/etri/pinky_bt/install/pinky_description/lib/pkgconfig/pinky_description.pc'
[0.629s] Level 1:colcon.colcon_core.environment:checking '/home/etri/pinky_bt/install/pinky_description/lib/python3.10/site-packages'
[0.629s] Level 1:colcon.colcon_core.environment:checking '/home/etri/pinky_bt/install/pinky_description/bin'
[0.629s] INFO:colcon.colcon_core.shell:Creating package script '/home/etri/pinky_bt/install/pinky_description/share/pinky_description/package.ps1'
[0.630s] INFO:colcon.colcon_core.shell:Creating package descriptor '/home/etri/pinky_bt/install/pinky_description/share/pinky_description/package.dsv'
[0.631s] INFO:colcon.colcon_core.shell:Creating package script '/home/etri/pinky_bt/install/pinky_description/share/pinky_description/package.sh'
[0.631s] INFO:colcon.colcon_core.shell:Creating package script '/home/etri/pinky_bt/install/pinky_description/share/pinky_description/package.bash'
[0.632s] INFO:colcon.colcon_core.shell:Creating package script '/home/etri/pinky_bt/install/pinky_description/share/pinky_description/package.zsh'
[0.632s] Level 1:colcon.colcon_core.environment:create_file_with_runtime_dependencies(/home/etri/pinky_bt/install/pinky_description/share/colcon-core/packages/pinky_description)
[0.633s] Level 1:colcon.colcon_core.environment:create_environment_scripts_only(pinky_description)
[0.633s] Level 1:colcon.colcon_core.environment:checking '/home/etri/pinky_bt/install/pinky_description' for CMake module files
[0.633s] Level 1:colcon.colcon_core.environment:checking '/home/etri/pinky_bt/install/pinky_description' for CMake config files
[0.634s] Level 1:colcon.colcon_core.shell:create_environment_hook('pinky_description', 'cmake_prefix_path')
[0.634s] INFO:colcon.colcon_core.shell:Creating environment hook '/home/etri/pinky_bt/install/pinky_description/share/pinky_description/hook/cmake_prefix_path.ps1'
[0.634s] INFO:colcon.colcon_core.shell:Creating environment descriptor '/home/etri/pinky_bt/install/pinky_description/share/pinky_description/hook/cmake_prefix_path.dsv'
[0.634s] INFO:colcon.colcon_core.shell:Creating environment hook '/home/etri/pinky_bt/install/pinky_description/share/pinky_description/hook/cmake_prefix_path.sh'
[0.635s] Level 1:colcon.colcon_core.environment:checking '/home/etri/pinky_bt/install/pinky_description/bin'
[0.635s] Level 1:colcon.colcon_core.environment:checking '/home/etri/pinky_bt/install/pinky_description/lib/pkgconfig/pinky_description.pc'
[0.635s] Level 1:colcon.colcon_core.environment:checking '/home/etri/pinky_bt/install/pinky_description/lib/python3.10/site-packages'
[0.635s] Level 1:colcon.colcon_core.environment:checking '/home/etri/pinky_bt/install/pinky_description/bin'
[0.635s] INFO:colcon.colcon_core.shell:Creating package script '/home/etri/pinky_bt/install/pinky_description/share/pinky_description/package.ps1'
[0.636s] INFO:colcon.colcon_core.shell:Creating package descriptor '/home/etri/pinky_bt/install/pinky_description/share/pinky_description/package.dsv'
[0.636s] INFO:colcon.colcon_core.shell:Creating package script '/home/etri/pinky_bt/install/pinky_description/share/pinky_description/package.sh'
[0.636s] INFO:colcon.colcon_core.shell:Creating package script '/home/etri/pinky_bt/install/pinky_description/share/pinky_description/package.bash'
[0.637s] INFO:colcon.colcon_core.shell:Creating package script '/home/etri/pinky_bt/install/pinky_description/share/pinky_description/package.zsh'
[0.637s] Level 1:colcon.colcon_core.environment:create_file_with_runtime_dependencies(/home/etri/pinky_bt/install/pinky_description/share/colcon-core/packages/pinky_description)
[0.796s] DEBUG:colcon.colcon_core.task.python.build:While undoing a previous installation files outside the Python library path are being ignored: /home/etri/pinky_bt/install/pinky_slam/share/ament_index/resource_index/packages/pinky_slam
[0.796s] DEBUG:colcon.colcon_core.task.python.build:While undoing a previous installation files outside the Python library path are being ignored: /home/etri/pinky_bt/install/pinky_slam/share/pinky_slam/package.xml
[0.796s] DEBUG:colcon.colcon_core.task.python.build:While undoing a previous installation files outside the Python library path are being ignored: /home/etri/pinky_bt/install/pinky_slam/share/pinky_slam/launch/gmapping_launch.py
[0.796s] DEBUG:colcon.colcon_core.task.python.build:While undoing a previous installation files outside the Python library path are being ignored: /home/etri/pinky_bt/install/pinky_slam/share/pinky_slam/config/slam_toolbox_params.yaml
[0.796s] DEBUG:colcon.colcon_core.task.python.build:While undoing a previous installation files outside the Python library path are being ignored: /home/etri/pinky_bt/install/pinky_slam/share/pinky_slam/rviz/gmapping.rviz
[0.798s] DEBUG:colcon.colcon_core.event_handler.log_command:Invoking command in '/home/etri/pinky_bt/build/pinky_slam': PYTHONPATH=/home/etri/pinky_bt/build/pinky_slam/prefix_override:/usr/lib/python3/dist-packages/colcon_core/task/python/colcon_distutils_commands:/home/etri/pinky_bt/install/pinky_slam/lib/python3.10/site-packages:${PYTHONPATH} /usr/bin/python3 -W ignore:setup.py install is deprecated -W ignore:easy_install command is deprecated setup.py develop --editable --build-directory /home/etri/pinky_bt/build/pinky_slam/build --no-deps symlink_data --force
[1.099s] Level 1:colcon.colcon_core.shell:create_environment_hook('pinky_slam', 'pythonpath_develop')
[1.099s] INFO:colcon.colcon_core.shell:Creating environment hook '/home/etri/pinky_bt/build/pinky_slam/share/pinky_slam/hook/pythonpath_develop.ps1'
[1.099s] DEBUG:colcon.colcon_core.event_handler.log_command:Invoked command in '/home/etri/pinky_bt/build/pinky_slam' returned '0': PYTHONPATH=/home/etri/pinky_bt/build/pinky_slam/prefix_override:/usr/lib/python3/dist-packages/colcon_core/task/python/colcon_distutils_commands:/home/etri/pinky_bt/install/pinky_slam/lib/python3.10/site-packages:${PYTHONPATH} /usr/bin/python3 -W ignore:setup.py install is deprecated -W ignore:easy_install command is deprecated setup.py develop --editable --build-directory /home/etri/pinky_bt/build/pinky_slam/build --no-deps symlink_data --force
[1.099s] INFO:colcon.colcon_core.shell:Creating environment descriptor '/home/etri/pinky_bt/build/pinky_slam/share/pinky_slam/hook/pythonpath_develop.dsv'
[1.100s] INFO:colcon.colcon_core.shell:Creating environment hook '/home/etri/pinky_bt/build/pinky_slam/share/pinky_slam/hook/pythonpath_develop.sh'
[1.100s] Level 1:colcon.colcon_core.environment:checking '/home/etri/pinky_bt/install/pinky_slam' for CMake module files
[1.100s] Level 1:colcon.colcon_core.environment:checking '/home/etri/pinky_bt/install/pinky_slam' for CMake config files
[1.101s] Level 1:colcon.colcon_core.environment:checking '/home/etri/pinky_bt/install/pinky_slam/lib'
[1.101s] Level 1:colcon.colcon_core.environment:checking '/home/etri/pinky_bt/install/pinky_slam/bin'
[1.101s] Level 1:colcon.colcon_core.environment:checking '/home/etri/pinky_bt/install/pinky_slam/lib/pkgconfig/pinky_slam.pc'
[1.101s] Level 1:colcon.colcon_core.environment:checking '/home/etri/pinky_bt/install/pinky_slam/lib/python3.10/site-packages'
[1.101s] Level 1:colcon.colcon_core.shell:create_environment_hook('pinky_slam', 'pythonpath')
[1.101s] INFO:colcon.colcon_core.shell:Creating environment hook '/home/etri/pinky_bt/install/pinky_slam/share/pinky_slam/hook/pythonpath.ps1'
[1.102s] INFO:colcon.colcon_core.shell:Creating environment descriptor '/home/etri/pinky_bt/install/pinky_slam/share/pinky_slam/hook/pythonpath.dsv'
[1.102s] INFO:colcon.colcon_core.shell:Creating environment hook '/home/etri/pinky_bt/install/pinky_slam/share/pinky_slam/hook/pythonpath.sh'
[1.103s] Level 1:colcon.colcon_core.environment:checking '/home/etri/pinky_bt/install/pinky_slam/bin'
[1.103s] Level 1:colcon.colcon_core.environment:create_environment_scripts_only(pinky_slam)
[1.103s] INFO:colcon.colcon_core.shell:Creating package script '/home/etri/pinky_bt/install/pinky_slam/share/pinky_slam/package.ps1'
[1.104s] INFO:colcon.colcon_core.shell:Creating package descriptor '/home/etri/pinky_bt/install/pinky_slam/share/pinky_slam/package.dsv'
[1.104s] INFO:colcon.colcon_core.shell:Creating package script '/home/etri/pinky_bt/install/pinky_slam/share/pinky_slam/package.sh'
[1.105s] INFO:colcon.colcon_core.shell:Creating package script '/home/etri/pinky_bt/install/pinky_slam/share/pinky_slam/package.bash'
[1.105s] INFO:colcon.colcon_core.shell:Creating package script '/home/etri/pinky_bt/install/pinky_slam/share/pinky_slam/package.zsh'
[1.105s] Level 1:colcon.colcon_core.environment:create_file_with_runtime_dependencies(/home/etri/pinky_bt/install/pinky_slam/share/colcon-core/packages/pinky_slam)
[1.106s] DEBUG:colcon.colcon_core.event_handler.log_command:Invoked command in '/home/etri/pinky_bt/build/pinky_navigation' returned '0': CMAKE_PREFIX_PATH=${CMAKE_PREFIX_PATH}:/home/etri/pinky_bt/install/pinky_slam:/opt/ros/humble /usr/bin/cmake /home/etri/pinky_bt/src/pinky_behaviortree/pinky_navigation -DAMENT_CMAKE_SYMLINK_INSTALL=1 -DCMAKE_INSTALL_PREFIX=/home/etri/pinky_bt/install/pinky_navigation
[1.107s] DEBUG:colcon.colcon_core.event_handler.log_command:Invoking command in '/home/etri/pinky_bt/build/pinky_navigation': CMAKE_PREFIX_PATH=${CMAKE_PREFIX_PATH}:/home/etri/pinky_bt/install/pinky_slam:/opt/ros/humble /usr/bin/cmake --build /home/etri/pinky_bt/build/pinky_navigation -- -j12 -l12
[1.140s] DEBUG:colcon.colcon_core.event_handler.log_command:Invoked command in '/home/etri/pinky_bt/build/pinky_navigation' returned '0': CMAKE_PREFIX_PATH=${CMAKE_PREFIX_PATH}:/home/etri/pinky_bt/install/pinky_slam:/opt/ros/humble /usr/bin/cmake --build /home/etri/pinky_bt/build/pinky_navigation -- -j12 -l12
[1.142s] DEBUG:colcon.colcon_core.event_handler.log_command:Invoking command in '/home/etri/pinky_bt/build/pinky_navigation': CMAKE_PREFIX_PATH=${CMAKE_PREFIX_PATH}:/home/etri/pinky_bt/install/pinky_slam:/opt/ros/humble /usr/bin/cmake --install /home/etri/pinky_bt/build/pinky_navigation
[1.156s] Level 1:colcon.colcon_core.environment:create_environment_scripts_only(pinky_navigation)
[1.156s] Level 1:colcon.colcon_core.environment:checking '/home/etri/pinky_bt/install/pinky_navigation' for CMake module files
[1.157s] DEBUG:colcon.colcon_core.event_handler.log_command:Invoked command in '/home/etri/pinky_bt/build/pinky_navigation' returned '0': CMAKE_PREFIX_PATH=${CMAKE_PREFIX_PATH}:/home/etri/pinky_bt/install/pinky_slam:/opt/ros/humble /usr/bin/cmake --install /home/etri/pinky_bt/build/pinky_navigation
[1.157s] Level 1:colcon.colcon_core.environment:checking '/home/etri/pinky_bt/install/pinky_navigation' for CMake config files
[1.157s] Level 1:colcon.colcon_core.shell:create_environment_hook('pinky_navigation', 'cmake_prefix_path')
[1.157s] INFO:colcon.colcon_core.shell:Creating environment hook '/home/etri/pinky_bt/install/pinky_navigation/share/pinky_navigation/hook/cmake_prefix_path.ps1'
[1.158s] INFO:colcon.colcon_core.shell:Creating environment descriptor '/home/etri/pinky_bt/install/pinky_navigation/share/pinky_navigation/hook/cmake_prefix_path.dsv'
[1.158s] INFO:colcon.colcon_core.shell:Creating environment hook '/home/etri/pinky_bt/install/pinky_navigation/share/pinky_navigation/hook/cmake_prefix_path.sh'
[1.158s] Level 1:colcon.colcon_core.environment:checking '/home/etri/pinky_bt/install/pinky_navigation/bin'
[1.158s] Level 1:colcon.colcon_core.environment:checking '/home/etri/pinky_bt/install/pinky_navigation/lib/pkgconfig/pinky_navigation.pc'
[1.159s] Level 1:colcon.colcon_core.environment:checking '/home/etri/pinky_bt/install/pinky_navigation/lib/python3.10/site-packages'
[1.159s] Level 1:colcon.colcon_core.environment:checking '/home/etri/pinky_bt/install/pinky_navigation/bin'
[1.159s] INFO:colcon.colcon_core.shell:Creating package script '/home/etri/pinky_bt/install/pinky_navigation/share/pinky_navigation/package.ps1'
[1.159s] INFO:colcon.colcon_core.shell:Creating package descriptor '/home/etri/pinky_bt/install/pinky_navigation/share/pinky_navigation/package.dsv'
[1.160s] INFO:colcon.colcon_core.shell:Creating package script '/home/etri/pinky_bt/install/pinky_navigation/share/pinky_navigation/package.sh'
[1.160s] INFO:colcon.colcon_core.shell:Creating package script '/home/etri/pinky_bt/install/pinky_navigation/share/pinky_navigation/package.bash'
[1.160s] INFO:colcon.colcon_core.shell:Creating package script '/home/etri/pinky_bt/install/pinky_navigation/share/pinky_navigation/package.zsh'
[1.160s] Level 1:colcon.colcon_core.environment:create_file_with_runtime_dependencies(/home/etri/pinky_bt/install/pinky_navigation/share/colcon-core/packages/pinky_navigation)
[1.161s] Level 1:colcon.colcon_core.environment:create_environment_scripts_only(pinky_navigation)
[1.161s] Level 1:colcon.colcon_core.environment:checking '/home/etri/pinky_bt/install/pinky_navigation' for CMake module files
[1.161s] Level 1:colcon.colcon_core.environment:checking '/home/etri/pinky_bt/install/pinky_navigation' for CMake config files
[1.161s] Level 1:colcon.colcon_core.shell:create_environment_hook('pinky_navigation', 'cmake_prefix_path')
[1.161s] INFO:colcon.colcon_core.shell:Creating environment hook '/home/etri/pinky_bt/install/pinky_navigation/share/pinky_navigation/hook/cmake_prefix_path.ps1'
[1.162s] INFO:colcon.colcon_core.shell:Creating environment descriptor '/home/etri/pinky_bt/install/pinky_navigation/share/pinky_navigation/hook/cmake_prefix_path.dsv'
[1.162s] INFO:colcon.colcon_core.shell:Creating environment hook '/home/etri/pinky_bt/install/pinky_navigation/share/pinky_navigation/hook/cmake_prefix_path.sh'
[1.162s] Level 1:colcon.colcon_core.environment:checking '/home/etri/pinky_bt/install/pinky_navigation/bin'
[1.162s] Level 1:colcon.colcon_core.environment:checking '/home/etri/pinky_bt/install/pinky_navigation/lib/pkgconfig/pinky_navigation.pc'
[1.162s] Level 1:colcon.colcon_core.environment:checking '/home/etri/pinky_bt/install/pinky_navigation/lib/python3.10/site-packages'
[1.162s] Level 1:colcon.colcon_core.environment:checking '/home/etri/pinky_bt/install/pinky_navigation/bin'
[1.163s] INFO:colcon.colcon_core.shell:Creating package script '/home/etri/pinky_bt/install/pinky_navigation/share/pinky_navigation/package.ps1'
[1.163s] INFO:colcon.colcon_core.shell:Creating package descriptor '/home/etri/pinky_bt/install/pinky_navigation/share/pinky_navigation/package.dsv'
[1.163s] INFO:colcon.colcon_core.shell:Creating package script '/home/etri/pinky_bt/install/pinky_navigation/share/pinky_navigation/package.sh'
[1.164s] INFO:colcon.colcon_core.shell:Creating package script '/home/etri/pinky_bt/install/pinky_navigation/share/pinky_navigation/package.bash'
[1.164s] INFO:colcon.colcon_core.shell:Creating package script '/home/etri/pinky_bt/install/pinky_navigation/share/pinky_navigation/package.zsh'
[1.164s] Level 1:colcon.colcon_core.environment:create_file_with_runtime_dependencies(/home/etri/pinky_bt/install/pinky_navigation/share/colcon-core/packages/pinky_navigation)
[1.209s] DEBUG:colcon.colcon_core.event_handler.log_command:Invoked command in '/home/etri/pinky_bt/build/pinky_gazebo' returned '0': CMAKE_PREFIX_PATH=${CMAKE_PREFIX_PATH}:/home/etri/pinky_bt/install/pinky_slam:/opt/ros/humble /usr/bin/cmake /home/etri/pinky_bt/src/pinky_behaviortree/pinky_gazebo -DAMENT_CMAKE_SYMLINK_INSTALL=1 -DCMAKE_INSTALL_PREFIX=/home/etri/pinky_bt/install/pinky_gazebo
[1.210s] DEBUG:colcon.colcon_core.event_handler.log_command:Invoking command in '/home/etri/pinky_bt/build/pinky_gazebo': CMAKE_PREFIX_PATH=${CMAKE_PREFIX_PATH}:/home/etri/pinky_bt/install/pinky_slam:/opt/ros/humble /usr/bin/cmake --build /home/etri/pinky_bt/build/pinky_gazebo -- -j12 -l12
[1.240s] DEBUG:colcon.colcon_core.event_handler.log_command:Invoked command in '/home/etri/pinky_bt/build/pinky_gazebo' returned '0': CMAKE_PREFIX_PATH=${CMAKE_PREFIX_PATH}:/home/etri/pinky_bt/install/pinky_slam:/opt/ros/humble /usr/bin/cmake --build /home/etri/pinky_bt/build/pinky_gazebo -- -j12 -l12
[1.241s] DEBUG:colcon.colcon_core.event_handler.log_command:Invoking command in '/home/etri/pinky_bt/build/pinky_gazebo': CMAKE_PREFIX_PATH=${CMAKE_PREFIX_PATH}:/home/etri/pinky_bt/install/pinky_slam:/opt/ros/humble /usr/bin/cmake --install /home/etri/pinky_bt/build/pinky_gazebo
[1.269s] Level 1:colcon.colcon_core.environment:create_environment_scripts_only(pinky_gazebo)
[1.269s] Level 1:colcon.colcon_core.environment:checking '/home/etri/pinky_bt/install/pinky_gazebo' for CMake module files
[1.269s] Level 1:colcon.colcon_core.environment:checking '/home/etri/pinky_bt/install/pinky_gazebo' for CMake config files
[1.270s] Level 1:colcon.colcon_core.shell:create_environment_hook('pinky_gazebo', 'cmake_prefix_path')
[1.270s] INFO:colcon.colcon_core.shell:Creating environment hook '/home/etri/pinky_bt/install/pinky_gazebo/share/pinky_gazebo/hook/cmake_prefix_path.ps1'
[1.270s] INFO:colcon.colcon_core.shell:Creating environment descriptor '/home/etri/pinky_bt/install/pinky_gazebo/share/pinky_gazebo/hook/cmake_prefix_path.dsv'
[1.271s] INFO:colcon.colcon_core.shell:Creating environment hook '/home/etri/pinky_bt/install/pinky_gazebo/share/pinky_gazebo/hook/cmake_prefix_path.sh'
[1.271s] Level 1:colcon.colcon_core.environment:checking '/home/etri/pinky_bt/install/pinky_gazebo/bin'
[1.271s] Level 1:colcon.colcon_core.environment:checking '/home/etri/pinky_bt/install/pinky_gazebo/lib/pkgconfig/pinky_gazebo.pc'
[1.271s] Level 1:colcon.colcon_core.environment:checking '/home/etri/pinky_bt/install/pinky_gazebo/lib/python3.10/site-packages'
[1.272s] Level 1:colcon.colcon_core.environment:checking '/home/etri/pinky_bt/install/pinky_gazebo/bin'
[1.272s] INFO:colcon.colcon_core.shell:Creating package script '/home/etri/pinky_bt/install/pinky_gazebo/share/pinky_gazebo/package.ps1'
[1.273s] DEBUG:colcon.colcon_core.event_handler.log_command:Invoked command in '/home/etri/pinky_bt/build/pinky_gazebo' returned '0': CMAKE_PREFIX_PATH=${CMAKE_PREFIX_PATH}:/home/etri/pinky_bt/install/pinky_slam:/opt/ros/humble /usr/bin/cmake --install /home/etri/pinky_bt/build/pinky_gazebo
[1.273s] INFO:colcon.colcon_core.shell:Creating package descriptor '/home/etri/pinky_bt/install/pinky_gazebo/share/pinky_gazebo/package.dsv'
[1.273s] INFO:colcon.colcon_core.shell:Creating package script '/home/etri/pinky_bt/install/pinky_gazebo/share/pinky_gazebo/package.sh'
[1.273s] INFO:colcon.colcon_core.shell:Creating package script '/home/etri/pinky_bt/install/pinky_gazebo/share/pinky_gazebo/package.bash'
[1.274s] INFO:colcon.colcon_core.shell:Creating package script '/home/etri/pinky_bt/install/pinky_gazebo/share/pinky_gazebo/package.zsh'
[1.274s] Level 1:colcon.colcon_core.environment:create_file_with_runtime_dependencies(/home/etri/pinky_bt/install/pinky_gazebo/share/colcon-core/packages/pinky_gazebo)
[1.274s] Level 1:colcon.colcon_core.environment:create_environment_scripts_only(pinky_gazebo)
[1.274s] Level 1:colcon.colcon_core.environment:checking '/home/etri/pinky_bt/install/pinky_gazebo' for CMake module files
[1.275s] Level 1:colcon.colcon_core.environment:checking '/home/etri/pinky_bt/install/pinky_gazebo' for CMake config files
[1.275s] Level 1:colcon.colcon_core.shell:create_environment_hook('pinky_gazebo', 'cmake_prefix_path')
[1.275s] INFO:colcon.colcon_core.shell:Creating environment hook '/home/etri/pinky_bt/install/pinky_gazebo/share/pinky_gazebo/hook/cmake_prefix_path.ps1'
[1.276s] INFO:colcon.colcon_core.shell:Creating environment descriptor '/home/etri/pinky_bt/install/pinky_gazebo/share/pinky_gazebo/hook/cmake_prefix_path.dsv'
[1.276s] INFO:colcon.colcon_core.shell:Creating environment hook '/home/etri/pinky_bt/install/pinky_gazebo/share/pinky_gazebo/hook/cmake_prefix_path.sh'
[1.276s] Level 1:colcon.colcon_core.environment:checking '/home/etri/pinky_bt/install/pinky_gazebo/bin'
[1.276s] Level 1:colcon.colcon_core.environment:checking '/home/etri/pinky_bt/install/pinky_gazebo/lib/pkgconfig/pinky_gazebo.pc'
[1.276s] Level 1:colcon.colcon_core.environment:checking '/home/etri/pinky_bt/install/pinky_gazebo/lib/python3.10/site-packages'
[1.277s] Level 1:colcon.colcon_core.environment:checking '/home/etri/pinky_bt/install/pinky_gazebo/bin'
[1.277s] INFO:colcon.colcon_core.shell:Creating package script '/home/etri/pinky_bt/install/pinky_gazebo/share/pinky_gazebo/package.ps1'
[1.278s] INFO:colcon.colcon_core.shell:Creating package descriptor '/home/etri/pinky_bt/install/pinky_gazebo/share/pinky_gazebo/package.dsv'
[1.278s] INFO:colcon.colcon_core.shell:Creating package script '/home/etri/pinky_bt/install/pinky_gazebo/share/pinky_gazebo/package.sh'
[1.279s] INFO:colcon.colcon_core.shell:Creating package script '/home/etri/pinky_bt/install/pinky_gazebo/share/pinky_gazebo/package.bash'
[1.279s] INFO:colcon.colcon_core.shell:Creating package script '/home/etri/pinky_bt/install/pinky_gazebo/share/pinky_gazebo/package.zsh'
[1.280s] Level 1:colcon.colcon_core.environment:create_file_with_runtime_dependencies(/home/etri/pinky_bt/install/pinky_gazebo/share/colcon-core/packages/pinky_gazebo)
[1.280s] DEBUG:colcon.colcon_parallel_executor.executor.parallel:closing loop
[1.280s] DEBUG:colcon.colcon_parallel_executor.executor.parallel:loop closed
[1.281s] DEBUG:colcon.colcon_parallel_executor.executor.parallel:run_until_complete finished with '0'
[1.281s] DEBUG:colcon.colcon_core.event_reactor:joining thread
[1.285s] INFO:colcon.colcon_core.plugin_system:Skipping extension 'colcon_notification.desktop_notification.terminal_notifier': Not used on non-Darwin systems
[1.285s] INFO:colcon.colcon_core.plugin_system:Skipping extension 'colcon_notification.desktop_notification.win32': Not used on non-Windows systems
[1.285s] INFO:colcon.colcon_notification.desktop_notification:Sending desktop notification using 'notify2'
[1.294s] DEBUG:colcon.colcon_core.event_reactor:joined thread
[1.295s] INFO:colcon.colcon_core.shell:Creating prefix script '/home/etri/pinky_bt/install/local_setup.ps1'
[1.295s] INFO:colcon.colcon_core.shell:Creating prefix util module '/home/etri/pinky_bt/install/_local_setup_util_ps1.py'
[1.296s] INFO:colcon.colcon_core.shell:Creating prefix chain script '/home/etri/pinky_bt/install/setup.ps1'
[1.297s] INFO:colcon.colcon_core.shell:Creating prefix script '/home/etri/pinky_bt/install/local_setup.sh'
[1.298s] INFO:colcon.colcon_core.shell:Creating prefix util module '/home/etri/pinky_bt/install/_local_setup_util_sh.py'
[1.298s] INFO:colcon.colcon_core.shell:Creating prefix chain script '/home/etri/pinky_bt/install/setup.sh'
[1.299s] INFO:colcon.colcon_core.shell:Creating prefix script '/home/etri/pinky_bt/install/local_setup.bash'
[1.299s] INFO:colcon.colcon_core.shell:Creating prefix chain script '/home/etri/pinky_bt/install/setup.bash'
[1.300s] INFO:colcon.colcon_core.shell:Creating prefix script '/home/etri/pinky_bt/install/local_setup.zsh'
[1.301s] INFO:colcon.colcon_core.shell:Creating prefix chain script '/home/etri/pinky_bt/install/setup.zsh'
